#
# There is insufficient memory for the Java Runtime Environment to continue.
# Native memory allocation (mmap) failed to map 1203765248 bytes for G1 virtual space
# Possible reasons:
#   The system is out of physical RAM or swap space
#   The process is running with CompressedOops enabled, and the Java Heap may be blocking the growth of the native heap
# Possible solutions:
#   Reduce memory load on the system
#   Increase physical memory or swap space
#   Check if swap backing store is full
#   Decrease Java heap size (-Xmx/-Xms)
#   Decrease number of Java threads
#   Decrease Java thread stack sizes (-Xss)
#   Set larger code cache with -XX:ReservedCodeCacheSize=
#   JVM is running with Zero Based Compressed Oops mode in which the Java heap is
#     placed in the first 32GB address space. The Java Heap base address is the
#     maximum limit for the native heap growth. Please use -XX:HeapBaseMinAddress
#     to set the Java Heap base and to place the Java Heap above 32GB virtual address.
# This output file may be truncated or incomplete.
#
#  Out of Memory Error (os_windows.cpp:3541), pid=3684, tid=4888
#
# JRE version: OpenJDK Runtime Environment Temurin-17.0.4.1+1 (17.0.4.1+1) (build 17.0.4.1+1)
# Java VM: OpenJDK 64-Bit Server VM Temurin-17.0.4.1+1 (17.0.4.1+1, mixed mode, sharing, tiered, compressed oops, compressed class ptrs, g1 gc, windows-amd64)
# No core dump will be written. Minidumps are not enabled by default on client versions of Windows
#

---------------  S U M M A R Y ------------

Command Line: -Dforge.enableGameTest=true -Dforge.enabledGameTestNamespaces=packetsizedoublerforge -Dforge.logging.console.level=debug -Dforge.logging.markers=REGISTRIES -DignoreList=bootstraplauncher,securejarhandler,asm-commons,asm-util,asm-analysis,asm-tree,asm,client-extra,fmlcore,javafmllanguage,lowcodelanguage,mclanguage,forge- -Djava.net.preferIPv6Addresses=system -DlegacyClassPath.file=X:\Minecraft [Mods]\PacketSizeDoublerForge\build\classpath\runClient_minecraftClasspath.txt -DmergeModules=jna-5.10.0.jar,jna-platform-5.10.0.jar,java-objc-bridge-1.0.0.jar -DnativesDirectory=X:\Minecraft [Mods]\PacketSizeDoublerForge\build\natives -Dos.version=10.0 --module-path=D:\Gradle\caches\modules-2\files-2.1\cpw.mods\bootstraplauncher\1.0.0\f55ddbb35612c6745cefc47d1a0d6dbfb25d3982\bootstraplauncher-1.0.0.jar;D:\Gradle\caches\modules-2\files-2.1\cpw.mods\securejarhandler\1.0.3\acbf5e3c8a38fb8bf824a54fe45eee121c510392\securejarhandler-1.0.3.jar;D:\Gradle\caches\modules-2\files-2.1\org.ow2.asm\asm-commons\9.2\f4d7f0fc9054386f2893b602454d48e07d4fbead\asm-commons-9.2.jar;D:\Gradle\caches\modules-2\files-2.1\org.ow2.asm\asm-util\9.2\fbc178fc5ba3dab50fd7e8a5317b8b647c8e8946\asm-util-9.2.jar;D:\Gradle\caches\modules-2\files-2.1\org.ow2.asm\asm-analysis\9.2\7487dd756daf96cab9986e44b9d7bcb796a61c10\asm-analysis-9.2.jar;D:\Gradle\caches\modules-2\files-2.1\org.ow2.asm\asm-tree\9.2\d96c99a30f5e1a19b0e609dbb19a44d8518ac01e\asm-tree-9.2.jar;D:\Gradle\caches\modules-2\files-2.1\org.ow2.asm\asm\9.2\81a03f76019c67362299c40e0ba13405f5467bff\asm-9.2.jar --add-modules=ALL-MODULE-PATH --add-opens=java.base/java.util.jar=cpw.mods.securejarhandler --add-exports=java.base/sun.security.util=cpw.mods.securejarhandler --add-exports=jdk.naming.dns/com.sun.jndi.dns=java.naming -XX:HeapDumpPath=MojangTricksIntelDriversForPerformance_javaw.exe_minecraft.exe.heapdump -Dos.name=Windows 10 -Dfile.encoding=windows-1252 -Duser.country=ES -Duser.language=es -Duser.variant cpw.mods.bootstraplauncher.BootstrapLauncher --launchTarget forgeclientuserdev --version MOD_DEV --assetIndex 1.18 --assetsDir D:\Gradle\caches\forge_gradle\assets --gameDir . --fml.forgeVersion 40.1.84 --fml.mcVersion 1.18.2 --fml.forgeGroup net.minecraftforge --fml.mcpVersion 20220404.173914

Host: AMD Ryzen 5 3600X 6-Core Processor             , 12 cores, 31G,  Windows 10 , 64 bit Build 19041 (10.0.19041.1889)
Time: Sun Oct 16 00:49:03 2022 Hora de verano romance elapsed time: 7.865359 seconds (0d 0h 0m 7s)

---------------  T H R E A D  ---------------

Current thread (0x000002cafe62f250):  VMThread "VM Thread" [stack: 0x000000f88e100000,0x000000f88e200000] [id=4888]

Stack: [0x000000f88e100000,0x000000f88e200000]
Native frames: (J=compiled Java code, j=interpreted, Vv=VM code, C=native code)
V  [jvm.dll+0x67731a]
V  [jvm.dll+0x832284]
V  [jvm.dll+0x833a2e]
V  [jvm.dll+0x834093]
V  [jvm.dll+0x245775]
V  [jvm.dll+0x674209]
V  [jvm.dll+0x668a92]
V  [jvm.dll+0x30471b]
V  [jvm.dll+0x30bc66]
V  [jvm.dll+0x35ba9e]
V  [jvm.dll+0x35bccf]
V  [jvm.dll+0x2db5b8]
V  [jvm.dll+0x2d986c]
V  [jvm.dll+0x2d8e3c]
V  [jvm.dll+0x31cd9b]
V  [jvm.dll+0x83853b]
V  [jvm.dll+0x839274]
V  [jvm.dll+0x83978c]
V  [jvm.dll+0x839b64]
V  [jvm.dll+0x839c30]
V  [jvm.dll+0x7e240a]
V  [jvm.dll+0x6761a5]
C  [ucrtbase.dll+0x21bb2]
C  [KERNEL32.DLL+0x17034]
C  [ntdll.dll+0x526a1]

VM_Operation (0x000000f8908fe270): G1CollectForAllocation, mode: safepoint, requested by thread 0x000002caa5834b00


---------------  P R O C E S S  ---------------

Threads class SMR info:
_java_thread_list=0x000002caa83561f0, length=29, elements={
0x000002caf13ca530, 0x000002cafe633d60, 0x000002cafe634ae0, 0x000002cafe649680,
0x000002cafe64d4c0, 0x000002cafe64e590, 0x000002caff0c1fe0, 0x000002cafe64ee50,
0x000002cafe65c930, 0x000002cafe65d640, 0x000002caff194250, 0x000002caff21d0b0,
0x000002caff2d3000, 0x000002caa4329030, 0x000002caa34e6500, 0x000002caa575d040,
0x000002caa5839800, 0x000002caa4f07df0, 0x000002caa5837ff0, 0x000002caa5835970,
0x000002caa583a1a0, 0x000002caa583ab40, 0x000002caa5834b00, 0x000002caa5839330,
0x000002caa5838e60, 0x000002caa5836310, 0x000002caa5834160, 0x000002caa58367e0,
0x000002caa58337c0
}

Java Threads: ( => current thread )
  0x000002caf13ca530 JavaThread "main" [_thread_blocked, id=21056, stack(0x000000f88db00000,0x000000f88dc00000)]
  0x000002cafe633d60 JavaThread "Reference Handler" daemon [_thread_blocked, id=20312, stack(0x000000f88e200000,0x000000f88e300000)]
  0x000002cafe634ae0 JavaThread "Finalizer" daemon [_thread_blocked, id=10360, stack(0x000000f88e300000,0x000000f88e400000)]
  0x000002cafe649680 JavaThread "Signal Dispatcher" daemon [_thread_blocked, id=19580, stack(0x000000f88e400000,0x000000f88e500000)]
  0x000002cafe64d4c0 JavaThread "Attach Listener" daemon [_thread_blocked, id=10368, stack(0x000000f88e500000,0x000000f88e600000)]
  0x000002cafe64e590 JavaThread "Service Thread" daemon [_thread_blocked, id=15992, stack(0x000000f88e600000,0x000000f88e700000)]
  0x000002caff0c1fe0 JavaThread "Monitor Deflation Thread" daemon [_thread_blocked, id=13368, stack(0x000000f88e700000,0x000000f88e800000)]
  0x000002cafe64ee50 JavaThread "C2 CompilerThread0" daemon [_thread_blocked, id=8532, stack(0x000000f88e800000,0x000000f88e900000)]
  0x000002cafe65c930 JavaThread "C1 CompilerThread0" daemon [_thread_blocked, id=21664, stack(0x000000f88e900000,0x000000f88ea00000)]
  0x000002cafe65d640 JavaThread "Sweeper thread" daemon [_thread_blocked, id=20432, stack(0x000000f88ea00000,0x000000f88eb00000)]
  0x000002caff194250 JavaThread "Common-Cleaner" daemon [_thread_blocked, id=2128, stack(0x000000f88eb00000,0x000000f88ec00000)]
  0x000002caff21d0b0 JavaThread "C2 CompilerThread1" daemon [_thread_blocked, id=11052, stack(0x000000f88ec00000,0x000000f88ed00000)]
  0x000002caff2d3000 JavaThread "Notification Thread" daemon [_thread_blocked, id=8740, stack(0x000000f88ed00000,0x000000f88ee00000)]
  0x000002caa4329030 JavaThread "Thread-0" daemon [_thread_blocked, id=20240, stack(0x000000f88f900000,0x000000f88fa00000)]
  0x000002caa34e6500 JavaThread "FileSystemWatchService" daemon [_thread_in_native, id=4012, stack(0x000000f88fa00000,0x000000f88fb00000)]
  0x000002caa575d040 JavaThread "pool-2-thread-1" daemon [_thread_blocked, id=1300, stack(0x000000f88fd00000,0x000000f88fe00000)]
  0x000002caa5839800 JavaThread "pool-3-thread-1" [_thread_blocked, id=17112, stack(0x000000f88ef00000,0x000000f88f000000)]
  0x000002caa4f07df0 JavaThread "C2 CompilerThread2" daemon [_thread_in_native, id=17640, stack(0x000000f890100000,0x000000f890200000)]
  0x000002caa5837ff0 JavaThread "Worker-Bootstrap-1" daemon [_thread_blocked, id=19972, stack(0x000000f890400000,0x000000f890500000)]
  0x000002caa5835970 JavaThread "Worker-Bootstrap-2" daemon [_thread_blocked, id=5716, stack(0x000000f890500000,0x000000f890600000)]
  0x000002caa583a1a0 JavaThread "Worker-Bootstrap-3" daemon [_thread_blocked, id=2028, stack(0x000000f890600000,0x000000f890700000)]
  0x000002caa583ab40 JavaThread "Worker-Bootstrap-4" daemon [_thread_blocked, id=1988, stack(0x000000f890700000,0x000000f890800000)]
  0x000002caa5834b00 JavaThread "Worker-Bootstrap-5" daemon [_thread_blocked, id=21748, stack(0x000000f890800000,0x000000f890900000)]
  0x000002caa5839330 JavaThread "Worker-Bootstrap-6" daemon [_thread_blocked, id=21956, stack(0x000000f890900000,0x000000f890a00000)]
  0x000002caa5838e60 JavaThread "Worker-Bootstrap-7" daemon [_thread_blocked, id=5732, stack(0x000000f890a00000,0x000000f890b00000)]
  0x000002caa5836310 JavaThread "Worker-Bootstrap-8" daemon [_thread_blocked, id=16920, stack(0x000000f890b00000,0x000000f890c00000)]
  0x000002caa5834160 JavaThread "Worker-Bootstrap-9" daemon [_thread_blocked, id=12408, stack(0x000000f890c00000,0x000000f890d00000)]
  0x000002caa58367e0 JavaThread "Worker-Bootstrap-10" daemon [_thread_blocked, id=15812, stack(0x000000f890d00000,0x000000f890e00000)]
  0x000002caa58337c0 JavaThread "Worker-Bootstrap-11" daemon [_thread_blocked, id=15728, stack(0x000000f890e00000,0x000000f890f00000)]

Other Threads:
=>0x000002cafe62f250 VMThread "VM Thread" [stack: 0x000000f88e100000,0x000000f88e200000] [id=4888]
  0x000002cafe476220 WatcherThread [stack: 0x000000f88ee00000,0x000000f88ef00000] [id=7660]
  0x000002caf147a2b0 GCTaskThread "GC Thread#0" [stack: 0x000000f88dc00000,0x000000f88dd00000] [id=20016]
  0x000002caa1f71ba0 GCTaskThread "GC Thread#1" [stack: 0x000000f88f000000,0x000000f88f100000] [id=8684]
  0x000002caff2e4740 GCTaskThread "GC Thread#2" [stack: 0x000000f88f100000,0x000000f88f200000] [id=21252]
  0x000002caff2e49f0 GCTaskThread "GC Thread#3" [stack: 0x000000f88f200000,0x000000f88f300000] [id=7104]
  0x000002caff2e4ca0 GCTaskThread "GC Thread#4" [stack: 0x000000f88f300000,0x000000f88f400000] [id=15124]
  0x000002caff2e4f50 GCTaskThread "GC Thread#5" [stack: 0x000000f88f400000,0x000000f88f500000] [id=6236]
  0x000002caa1dba7b0 GCTaskThread "GC Thread#6" [stack: 0x000000f88f500000,0x000000f88f600000] [id=15148]
  0x000002caa1dbaa60 GCTaskThread "GC Thread#7" [stack: 0x000000f88f600000,0x000000f88f700000] [id=20212]
  0x000002caa1dbb120 GCTaskThread "GC Thread#8" [stack: 0x000000f88f700000,0x000000f88f800000] [id=22324]
  0x000002caa1dbb3d0 GCTaskThread "GC Thread#9" [stack: 0x000000f88f800000,0x000000f88f900000] [id=17224]
  0x000002caf148b050 ConcurrentGCThread "G1 Main Marker" [stack: 0x000000f88dd00000,0x000000f88de00000] [id=7852]
  0x000002caf148c110 ConcurrentGCThread "G1 Conc#0" [stack: 0x000000f88de00000,0x000000f88df00000] [id=12816]
  0x000002caa4605570 ConcurrentGCThread "G1 Conc#1" [stack: 0x000000f88fb00000,0x000000f88fc00000] [id=10104]
  0x000002caa4606590 ConcurrentGCThread "G1 Conc#2" [stack: 0x000000f88fc00000,0x000000f88fd00000] [id=16388]
  0x000002cafe570290 ConcurrentGCThread "G1 Refine#0" [stack: 0x000000f88df00000,0x000000f88e000000] [id=19028]
  0x000002caa56ff300 ConcurrentGCThread "G1 Refine#1" [stack: 0x000000f890200000,0x000000f890300000] [id=8956]
  0x000002caa5700440 ConcurrentGCThread "G1 Refine#2" [stack: 0x000000f890300000,0x000000f890400000] [id=5332]
  0x000002caa5701580 ConcurrentGCThread "G1 Refine#3" [stack: 0x000000f890f00000,0x000000f891000000] [id=20108]
  0x000002caa56ff020 ConcurrentGCThread "G1 Refine#4" [stack: 0x000000f891000000,0x000000f891100000] [id=11072]
  0x000002caa56ffba0 ConcurrentGCThread "G1 Refine#5" [stack: 0x000000f891100000,0x000000f891200000] [id=12900]
  0x000002caa5701b40 ConcurrentGCThread "G1 Refine#6" [stack: 0x000000f891200000,0x000000f891300000] [id=5680]
  0x000002cafe570bc0 ConcurrentGCThread "G1 Service" [stack: 0x000000f88e000000,0x000000f88e100000] [id=936]

Threads with active compile tasks:
C2 CompilerThread0     7879 9777       4       org.objectweb.asm.Frame::execute (2318 bytes)
C2 CompilerThread2     7879 9766       4       com.google.common.reflect.TypeResolver$TypeMappingIntrospector::visitParameterizedType (105 bytes)

VM state: at safepoint (normal execution)

VM Mutex/Monitor currently owned by a thread:  ([mutex/lock_event])
[0x000002caf13c5af0] Threads_lock - owner thread: 0x000002cafe62f250
[0x000002caf13c5430] Heap_lock - owner thread: 0x000002caa5834b00

Heap address: 0x0000000601400000, size: 8172 MB, Compressed Oops mode: Zero based, Oop shift amount: 3

CDS archive(s) mapped at: [0x0000000800000000-0x0000000800bc0000-0x0000000800bc0000), size 12320768, SharedBaseAddress: 0x0000000800000000, ArchiveRelocationMode: 0.
Compressed class space mapped at: 0x0000000800c00000-0x0000000840c00000, reserved size: 1073741824
Narrow klass base: 0x0000000800000000, Narrow klass shift: 0, Narrow klass range: 0x100000000

GC Precious Log:
 CPUs: 12 total, 12 available
 Memory: 32684M
 Large Page Support: Disabled
 NUMA Support: Disabled
 Compressed Oops: Enabled (Zero based)
 Heap Region Size: 4M
 Heap Min Capacity: 8M
 Heap Initial Capacity: 512M
 Heap Max Capacity: 8172M
 Pre-touch: Disabled
 Parallel Workers: 10
 Concurrent Workers: 3
 Concurrent Refinement Workers: 10
 Periodic GC: Disabled

Heap:
 garbage-first heap   total 1175552K, used 244939K [0x0000000601400000, 0x0000000800000000)
  region size 4096K, 5 young (20480K), 5 survivors (20480K)
 Metaspace       used 57772K, committed 58880K, reserved 1105920K
  class space    used 8661K, committed 9152K, reserved 1048576K

Heap Regions: E=young(eden), S=young(survivor), O=old, HS=humongous(starts), HC=humongous(continues), CS=collection set, F=free, OA=open archive, CA=closed archive, TAMS=top-at-mark-start (previous, next)
|   0|0x0000000601400000, 0x0000000601800000, 0x0000000601800000|100%| O|  |TAMS 0x0000000601800000, 0x0000000601400000| Untracked 
|   1|0x0000000601800000, 0x0000000601c00000, 0x0000000601c00000|100%| O|  |TAMS 0x0000000601c00000, 0x0000000601800000| Untracked 
|   2|0x0000000601c00000, 0x0000000602000000, 0x0000000602000000|100%| O|  |TAMS 0x0000000602000000, 0x0000000601c00000| Untracked 
|   3|0x0000000602000000, 0x0000000602400000, 0x0000000602400000|100%| O|  |TAMS 0x0000000602400000, 0x0000000602000000| Untracked 
|   4|0x0000000602400000, 0x0000000602800000, 0x0000000602800000|100%| O|  |TAMS 0x0000000602800000, 0x0000000602400000| Untracked 
|   5|0x0000000602800000, 0x0000000602c00000, 0x0000000602c00000|100%| O|  |TAMS 0x0000000602c00000, 0x0000000602800000| Untracked 
|   6|0x0000000602c00000, 0x0000000603000000, 0x0000000603000000|100%| O|  |TAMS 0x0000000603000000, 0x0000000602c00000| Untracked 
|   7|0x0000000603000000, 0x0000000603400000, 0x0000000603400000|100%| O|  |TAMS 0x0000000603400000, 0x0000000603000000| Untracked 
|   8|0x0000000603400000, 0x0000000603800000, 0x0000000603800000|100%| O|  |TAMS 0x0000000603800000, 0x0000000603400000| Untracked 
|   9|0x0000000603800000, 0x0000000603c00000, 0x0000000603c00000|100%| O|  |TAMS 0x0000000603800000, 0x0000000603800000| Untracked 
|  10|0x0000000603c00000, 0x0000000604000000, 0x0000000604000000|100%| O|  |TAMS 0x0000000604000000, 0x0000000603c00000| Untracked 
|  11|0x0000000604000000, 0x0000000604400000, 0x0000000604400000|100%| O|  |TAMS 0x0000000604400000, 0x0000000604000000| Untracked 
|  12|0x0000000604400000, 0x0000000604800000, 0x0000000604800000|100%| O|  |TAMS 0x0000000604800000, 0x0000000604400000| Untracked 
|  13|0x0000000604800000, 0x0000000604c00000, 0x0000000604c00000|100%|HS|  |TAMS 0x0000000604c00000, 0x0000000604800000| Complete 
|  14|0x0000000604c00000, 0x0000000605000000, 0x0000000605000000|100%|HC|  |TAMS 0x0000000605000000, 0x0000000604c00000| Complete 
|  15|0x0000000605000000, 0x0000000605400000, 0x0000000605400000|100%|HC|  |TAMS 0x0000000605400000, 0x0000000605000000| Complete 
|  16|0x0000000605400000, 0x0000000605800000, 0x0000000605800000|100%| O|  |TAMS 0x0000000605800000, 0x0000000605400000| Untracked 
|  17|0x0000000605800000, 0x000000060589f800, 0x0000000605c00000| 15%| O|  |TAMS 0x000000060589f800, 0x0000000605800000| Untracked 
|  18|0x0000000605c00000, 0x0000000606000000, 0x0000000606000000|100%| O|  |TAMS 0x0000000605c00000, 0x0000000605c00000| Untracked 
|  19|0x0000000606000000, 0x0000000606400000, 0x0000000606400000|100%| O|  |TAMS 0x0000000606000000, 0x0000000606000000| Untracked 
|  20|0x0000000606400000, 0x0000000606800000, 0x0000000606800000|100%| O|  |TAMS 0x0000000606400000, 0x0000000606400000| Untracked 
|  21|0x0000000606800000, 0x0000000606c00000, 0x0000000606c00000|100%| O|  |TAMS 0x0000000606800000, 0x0000000606800000| Untracked 
|  22|0x0000000606c00000, 0x0000000607000000, 0x0000000607000000|100%| O|  |TAMS 0x0000000606c00000, 0x0000000606c00000| Untracked 
|  23|0x0000000607000000, 0x0000000607400000, 0x0000000607400000|100%| O|  |TAMS 0x0000000607000000, 0x0000000607000000| Untracked 
|  24|0x0000000607400000, 0x0000000607800000, 0x0000000607800000|100%| O|  |TAMS 0x0000000607400000, 0x0000000607400000| Untracked 
|  25|0x0000000607800000, 0x0000000607c00000, 0x0000000607c00000|100%| O|  |TAMS 0x0000000607800000, 0x0000000607800000| Untracked 
|  26|0x0000000607c00000, 0x0000000608000000, 0x0000000608000000|100%| O|  |TAMS 0x0000000607c00000, 0x0000000607c00000| Untracked 
|  27|0x0000000608000000, 0x0000000608400000, 0x0000000608400000|100%| O|  |TAMS 0x0000000608000000, 0x0000000608000000| Untracked 
|  28|0x0000000608400000, 0x0000000608800000, 0x0000000608800000|100%| O|  |TAMS 0x0000000608400000, 0x0000000608400000| Untracked 
|  29|0x0000000608800000, 0x0000000608c00000, 0x0000000608c00000|100%| O|  |TAMS 0x0000000608800000, 0x0000000608800000| Untracked 
|  30|0x0000000608c00000, 0x0000000609000000, 0x0000000609000000|100%| O|  |TAMS 0x0000000608c00000, 0x0000000608c00000| Untracked 
|  31|0x0000000609000000, 0x0000000609400000, 0x0000000609400000|100%| O|  |TAMS 0x0000000609000000, 0x0000000609000000| Untracked 
|  32|0x0000000609400000, 0x0000000609800000, 0x0000000609800000|100%| O|  |TAMS 0x0000000609400000, 0x0000000609400000| Untracked 
|  33|0x0000000609800000, 0x0000000609c00000, 0x0000000609c00000|100%| O|  |TAMS 0x0000000609800000, 0x0000000609800000| Untracked 
|  34|0x0000000609c00000, 0x000000060a000000, 0x000000060a000000|100%| O|  |TAMS 0x0000000609c00000, 0x0000000609c00000| Untracked 
|  35|0x000000060a000000, 0x000000060a400000, 0x000000060a400000|100%| O|  |TAMS 0x000000060a000000, 0x000000060a000000| Untracked 
|  36|0x000000060a400000, 0x000000060a800000, 0x000000060a800000|100%| O|  |TAMS 0x000000060a400000, 0x000000060a400000| Untracked 
|  37|0x000000060a800000, 0x000000060ac00000, 0x000000060ac00000|100%| O|  |TAMS 0x000000060a800000, 0x000000060a800000| Untracked 
|  38|0x000000060ac00000, 0x000000060b000000, 0x000000060b000000|100%| O|  |TAMS 0x000000060ac00000, 0x000000060ac00000| Untracked 
|  39|0x000000060b000000, 0x000000060b400000, 0x000000060b400000|100%| O|  |TAMS 0x000000060b000000, 0x000000060b000000| Untracked 
|  40|0x000000060b400000, 0x000000060b800000, 0x000000060b800000|100%| O|  |TAMS 0x000000060b400000, 0x000000060b400000| Untracked 
|  41|0x000000060b800000, 0x000000060bc00000, 0x000000060bc00000|100%| O|  |TAMS 0x000000060b800000, 0x000000060b800000| Untracked 
|  42|0x000000060bc00000, 0x000000060c000000, 0x000000060c000000|100%| O|  |TAMS 0x000000060bc00000, 0x000000060bc00000| Untracked 
|  43|0x000000060c000000, 0x000000060c400000, 0x000000060c400000|100%| O|  |TAMS 0x000000060c000000, 0x000000060c000000| Untracked 
|  44|0x000000060c400000, 0x000000060c800000, 0x000000060c800000|100%| O|  |TAMS 0x000000060c400000, 0x000000060c400000| Untracked 
|  45|0x000000060c800000, 0x000000060cc00000, 0x000000060cc00000|100%| O|  |TAMS 0x000000060c800000, 0x000000060c800000| Untracked 
|  46|0x000000060cc00000, 0x000000060d000000, 0x000000060d000000|100%| O|  |TAMS 0x000000060cc00000, 0x000000060cc00000| Untracked 
|  47|0x000000060d000000, 0x000000060d400000, 0x000000060d400000|100%|HS|  |TAMS 0x000000060d000000, 0x000000060d000000| Complete 
|  48|0x000000060d400000, 0x000000060d800000, 0x000000060d800000|100%| O|  |TAMS 0x000000060d400000, 0x000000060d400000| Untracked 
|  49|0x000000060d800000, 0x000000060dc00000, 0x000000060dc00000|100%| O|  |TAMS 0x000000060d800000, 0x000000060d800000| Untracked 
|  50|0x000000060dc00000, 0x000000060e000000, 0x000000060e000000|100%| O|  |TAMS 0x000000060dc00000, 0x000000060dc00000| Untracked 
|  51|0x000000060e000000, 0x000000060e400000, 0x000000060e400000|100%| O|  |TAMS 0x000000060e000000, 0x000000060e000000| Untracked 
|  52|0x000000060e400000, 0x000000060e800000, 0x000000060e800000|100%| O|  |TAMS 0x000000060e400000, 0x000000060e400000| Untracked 
|  53|0x000000060e800000, 0x000000060ec00000, 0x000000060ec00000|100%| O|  |TAMS 0x000000060e800000, 0x000000060e800000| Untracked 
|  54|0x000000060ec00000, 0x000000060f000000, 0x000000060f000000|100%| O|  |TAMS 0x000000060ec00000, 0x000000060ec00000| Untracked 
|  55|0x000000060f000000, 0x000000060f400000, 0x000000060f400000|100%| O|  |TAMS 0x000000060f000000, 0x000000060f000000| Untracked 
|  56|0x000000060f400000, 0x000000060f400000, 0x000000060f800000|  0%| F|  |TAMS 0x000000060f400000, 0x000000060f400000| Untracked 
|  57|0x000000060f800000, 0x000000060f800000, 0x000000060fc00000|  0%| F|  |TAMS 0x000000060f800000, 0x000000060f800000| Untracked 
|  58|0x000000060fc00000, 0x000000060fc00000, 0x0000000610000000|  0%| F|  |TAMS 0x000000060fc00000, 0x000000060fc00000| Untracked 
|  59|0x0000000610000000, 0x0000000610000000, 0x0000000610400000|  0%| F|  |TAMS 0x0000000610000000, 0x0000000610000000| Untracked 
|  60|0x0000000610400000, 0x0000000610400000, 0x0000000610800000|  0%| F|  |TAMS 0x0000000610400000, 0x0000000610400000| Untracked 
|  61|0x0000000610800000, 0x0000000610800000, 0x0000000610c00000|  0%| F|  |TAMS 0x0000000610800000, 0x0000000610800000| Untracked 
|  62|0x0000000610c00000, 0x0000000610c00000, 0x0000000611000000|  0%| F|  |TAMS 0x0000000610c00000, 0x0000000610c00000| Untracked 
|  63|0x0000000611000000, 0x0000000611000000, 0x0000000611400000|  0%| F|  |TAMS 0x0000000611000000, 0x0000000611000000| Untracked 
|  64|0x0000000611400000, 0x0000000611400000, 0x0000000611800000|  0%| F|  |TAMS 0x0000000611400000, 0x0000000611400000| Untracked 
|  65|0x0000000611800000, 0x0000000611800000, 0x0000000611c00000|  0%| F|  |TAMS 0x0000000611800000, 0x0000000611800000| Untracked 
|  66|0x0000000611c00000, 0x0000000611c00000, 0x0000000612000000|  0%| F|  |TAMS 0x0000000611c00000, 0x0000000611c00000| Untracked 
|  67|0x0000000612000000, 0x0000000612000000, 0x0000000612400000|  0%| F|  |TAMS 0x0000000612000000, 0x0000000612000000| Untracked 
|  68|0x0000000612400000, 0x0000000612400000, 0x0000000612800000|  0%| F|  |TAMS 0x0000000612400000, 0x0000000612400000| Untracked 
|  69|0x0000000612800000, 0x0000000612800000, 0x0000000612c00000|  0%| F|  |TAMS 0x0000000612800000, 0x0000000612800000| Untracked 
|  70|0x0000000612c00000, 0x0000000612c00000, 0x0000000613000000|  0%| F|  |TAMS 0x0000000612c00000, 0x0000000612c00000| Untracked 
|  71|0x0000000613000000, 0x0000000613000000, 0x0000000613400000|  0%| F|  |TAMS 0x0000000613000000, 0x0000000613000000| Untracked 
|  72|0x0000000613400000, 0x0000000613400000, 0x0000000613800000|  0%| F|  |TAMS 0x0000000613400000, 0x0000000613400000| Untracked 
|  73|0x0000000613800000, 0x0000000613800000, 0x0000000613c00000|  0%| F|  |TAMS 0x0000000613800000, 0x0000000613800000| Untracked 
|  74|0x0000000613c00000, 0x0000000613c00000, 0x0000000614000000|  0%| F|  |TAMS 0x0000000613c00000, 0x0000000613c00000| Untracked 
|  75|0x0000000614000000, 0x0000000614000000, 0x0000000614400000|  0%| F|  |TAMS 0x0000000614000000, 0x0000000614000000| Untracked 
|  76|0x0000000614400000, 0x0000000614400000, 0x0000000614800000|  0%| F|  |TAMS 0x0000000614400000, 0x0000000614400000| Untracked 
|  77|0x0000000614800000, 0x0000000614800000, 0x0000000614c00000|  0%| F|  |TAMS 0x0000000614800000, 0x0000000614800000| Untracked 
|  78|0x0000000614c00000, 0x0000000614c00000, 0x0000000615000000|  0%| F|  |TAMS 0x0000000614c00000, 0x0000000614c00000| Untracked 
|  79|0x0000000615000000, 0x0000000615000000, 0x0000000615400000|  0%| F|  |TAMS 0x0000000615000000, 0x0000000615000000| Untracked 
|  80|0x0000000615400000, 0x0000000615400000, 0x0000000615800000|  0%| F|  |TAMS 0x0000000615400000, 0x0000000615400000| Untracked 
|  81|0x0000000615800000, 0x0000000615800000, 0x0000000615c00000|  0%| F|  |TAMS 0x0000000615800000, 0x0000000615800000| Untracked 
|  82|0x0000000615c00000, 0x0000000615c00000, 0x0000000616000000|  0%| F|  |TAMS 0x0000000615c00000, 0x0000000615c00000| Untracked 
|  83|0x0000000616000000, 0x0000000616000000, 0x0000000616400000|  0%| F|  |TAMS 0x0000000616000000, 0x0000000616000000| Untracked 
|  84|0x0000000616400000, 0x0000000616400000, 0x0000000616800000|  0%| F|  |TAMS 0x0000000616400000, 0x0000000616400000| Untracked 
|  85|0x0000000616800000, 0x0000000616800000, 0x0000000616c00000|  0%| F|  |TAMS 0x0000000616800000, 0x0000000616800000| Untracked 
|  86|0x0000000616c00000, 0x0000000616c00000, 0x0000000617000000|  0%| F|  |TAMS 0x0000000616c00000, 0x0000000616c00000| Untracked 
|  87|0x0000000617000000, 0x0000000617000000, 0x0000000617400000|  0%| F|  |TAMS 0x0000000617000000, 0x0000000617000000| Untracked 
|  88|0x0000000617400000, 0x0000000617400000, 0x0000000617800000|  0%| F|  |TAMS 0x0000000617400000, 0x0000000617400000| Untracked 
|  89|0x0000000617800000, 0x0000000617800000, 0x0000000617c00000|  0%| F|  |TAMS 0x0000000617800000, 0x0000000617800000| Untracked 
|  90|0x0000000617c00000, 0x0000000617c00000, 0x0000000618000000|  0%| F|  |TAMS 0x0000000617c00000, 0x0000000617c00000| Untracked 
|  91|0x0000000618000000, 0x0000000618000000, 0x0000000618400000|  0%| F|  |TAMS 0x0000000618000000, 0x0000000618000000| Untracked 
|  92|0x0000000618400000, 0x0000000618400000, 0x0000000618800000|  0%| F|  |TAMS 0x0000000618400000, 0x0000000618400000| Untracked 
|  93|0x0000000618800000, 0x0000000618800000, 0x0000000618c00000|  0%| F|  |TAMS 0x0000000618800000, 0x0000000618800000| Untracked 
|  94|0x0000000618c00000, 0x0000000618c00000, 0x0000000619000000|  0%| F|  |TAMS 0x0000000618c00000, 0x0000000618c00000| Untracked 
|  95|0x0000000619000000, 0x0000000619000000, 0x0000000619400000|  0%| F|  |TAMS 0x0000000619000000, 0x0000000619000000| Untracked 
|  96|0x0000000619400000, 0x0000000619400000, 0x0000000619800000|  0%| F|  |TAMS 0x0000000619400000, 0x0000000619400000| Untracked 
|  97|0x0000000619800000, 0x0000000619800000, 0x0000000619c00000|  0%| F|  |TAMS 0x0000000619800000, 0x0000000619800000| Untracked 
|  98|0x0000000619c00000, 0x0000000619c00000, 0x000000061a000000|  0%| F|  |TAMS 0x0000000619c00000, 0x0000000619c00000| Untracked 
|  99|0x000000061a000000, 0x000000061a000000, 0x000000061a400000|  0%| F|  |TAMS 0x000000061a000000, 0x000000061a000000| Untracked 
| 100|0x000000061a400000, 0x000000061a400000, 0x000000061a800000|  0%| F|  |TAMS 0x000000061a400000, 0x000000061a400000| Untracked 
| 101|0x000000061a800000, 0x000000061a800000, 0x000000061ac00000|  0%| F|  |TAMS 0x000000061a800000, 0x000000061a800000| Untracked 
| 102|0x000000061ac00000, 0x000000061ac00000, 0x000000061b000000|  0%| F|  |TAMS 0x000000061ac00000, 0x000000061ac00000| Untracked 
| 103|0x000000061b000000, 0x000000061b000000, 0x000000061b400000|  0%| F|  |TAMS 0x000000061b000000, 0x000000061b000000| Untracked 
| 104|0x000000061b400000, 0x000000061b400000, 0x000000061b800000|  0%| F|  |TAMS 0x000000061b400000, 0x000000061b400000| Untracked 
| 105|0x000000061b800000, 0x000000061b800000, 0x000000061bc00000|  0%| F|  |TAMS 0x000000061b800000, 0x000000061b800000| Untracked 
| 106|0x000000061bc00000, 0x000000061bc00000, 0x000000061c000000|  0%| F|  |TAMS 0x000000061bc00000, 0x000000061bc00000| Untracked 
| 107|0x000000061c000000, 0x000000061c000000, 0x000000061c400000|  0%| F|  |TAMS 0x000000061c000000, 0x000000061c000000| Untracked 
| 108|0x000000061c400000, 0x000000061c400000, 0x000000061c800000|  0%| F|  |TAMS 0x000000061c400000, 0x000000061c400000| Untracked 
| 109|0x000000061c800000, 0x000000061c800000, 0x000000061cc00000|  0%| F|  |TAMS 0x000000061c800000, 0x000000061c800000| Untracked 
| 110|0x000000061cc00000, 0x000000061ce936c0, 0x000000061d000000| 64%| S|CS|TAMS 0x000000061cc00000, 0x000000061cc00000| Complete 
| 111|0x000000061d000000, 0x000000061d400000, 0x000000061d400000|100%| S|CS|TAMS 0x000000061d000000, 0x000000061d000000| Complete 
| 112|0x000000061d400000, 0x000000061d800000, 0x000000061d800000|100%| S|CS|TAMS 0x000000061d400000, 0x000000061d400000| Complete 
| 113|0x000000061d800000, 0x000000061dc00000, 0x000000061dc00000|100%| S|CS|TAMS 0x000000061d800000, 0x000000061d800000| Complete 
| 114|0x000000061dc00000, 0x000000061dc00000, 0x000000061e000000|  0%| F|  |TAMS 0x000000061dc00000, 0x000000061dc00000| Untracked 
| 115|0x000000061e000000, 0x000000061e000000, 0x000000061e400000|  0%| F|  |TAMS 0x000000061e000000, 0x000000061e000000| Untracked 
| 116|0x000000061e400000, 0x000000061e400000, 0x000000061e800000|  0%| F|  |TAMS 0x000000061e400000, 0x000000061e400000| Untracked 
| 117|0x000000061e800000, 0x000000061e800000, 0x000000061ec00000|  0%| F|  |TAMS 0x000000061e800000, 0x000000061e800000| Untracked 
| 118|0x000000061ec00000, 0x000000061ec00000, 0x000000061f000000|  0%| F|  |TAMS 0x000000061ec00000, 0x000000061ec00000| Untracked 
| 119|0x000000061f000000, 0x000000061f400000, 0x000000061f400000|100%| S|CS|TAMS 0x000000061f000000, 0x000000061f000000| Complete 
| 120|0x000000061f400000, 0x000000061f400000, 0x000000061f800000|  0%| F|  |TAMS 0x000000061f400000, 0x000000061f400000| Untracked 
| 121|0x000000061f800000, 0x000000061f800000, 0x000000061fc00000|  0%| F|  |TAMS 0x000000061f800000, 0x000000061f800000| Untracked 
| 122|0x000000061fc00000, 0x000000061fc00000, 0x0000000620000000|  0%| F|  |TAMS 0x000000061fc00000, 0x000000061fc00000| Untracked 
| 123|0x0000000620000000, 0x0000000620000000, 0x0000000620400000|  0%| F|  |TAMS 0x0000000620000000, 0x0000000620000000| Untracked 
| 124|0x0000000620400000, 0x0000000620400000, 0x0000000620800000|  0%| F|  |TAMS 0x0000000620400000, 0x0000000620400000| Untracked 
| 125|0x0000000620800000, 0x0000000620800000, 0x0000000620c00000|  0%| F|  |TAMS 0x0000000620800000, 0x0000000620800000| Untracked 
| 126|0x0000000620c00000, 0x0000000620c00000, 0x0000000621000000|  0%| F|  |TAMS 0x0000000620c00000, 0x0000000620c00000| Untracked 
| 127|0x0000000621000000, 0x0000000621000000, 0x0000000621400000|  0%| F|  |TAMS 0x0000000621000000, 0x0000000621000000| Untracked 
| 128|0x0000000621400000, 0x0000000621400000, 0x0000000621800000|  0%| F|  |TAMS 0x0000000621400000, 0x0000000621400000| Untracked 
| 129|0x0000000621800000, 0x0000000621800000, 0x0000000621c00000|  0%| F|  |TAMS 0x0000000621800000, 0x0000000621800000| Untracked 
| 130|0x0000000621c00000, 0x0000000621c00000, 0x0000000622000000|  0%| F|  |TAMS 0x0000000621c00000, 0x0000000621c00000| Untracked 
| 131|0x0000000622000000, 0x0000000622000000, 0x0000000622400000|  0%| F|  |TAMS 0x0000000622000000, 0x0000000622000000| Untracked 
| 132|0x0000000622400000, 0x0000000622400000, 0x0000000622800000|  0%| F|  |TAMS 0x0000000622400000, 0x0000000622400000| Untracked 
| 133|0x0000000622800000, 0x0000000622800000, 0x0000000622c00000|  0%| F|  |TAMS 0x0000000622800000, 0x0000000622800000| Untracked 
| 134|0x0000000622c00000, 0x0000000622c00000, 0x0000000623000000|  0%| F|  |TAMS 0x0000000622c00000, 0x0000000622c00000| Untracked 
| 135|0x0000000623000000, 0x0000000623000000, 0x0000000623400000|  0%| F|  |TAMS 0x0000000623000000, 0x0000000623000000| Untracked 
| 136|0x0000000623400000, 0x0000000623400000, 0x0000000623800000|  0%| F|  |TAMS 0x0000000623400000, 0x0000000623400000| Untracked 
| 137|0x0000000623800000, 0x0000000623800000, 0x0000000623c00000|  0%| F|  |TAMS 0x0000000623800000, 0x0000000623800000| Untracked 
| 138|0x0000000623c00000, 0x0000000623c00000, 0x0000000624000000|  0%| F|  |TAMS 0x0000000623c00000, 0x0000000623c00000| Untracked 
| 139|0x0000000624000000, 0x0000000624000000, 0x0000000624400000|  0%| F|  |TAMS 0x0000000624000000, 0x0000000624000000| Untracked 
| 140|0x0000000624400000, 0x0000000624400000, 0x0000000624800000|  0%| F|  |TAMS 0x0000000624400000, 0x0000000624400000| Untracked 
| 141|0x0000000624800000, 0x0000000624800000, 0x0000000624c00000|  0%| F|  |TAMS 0x0000000624800000, 0x0000000624800000| Untracked 
| 142|0x0000000624c00000, 0x0000000624c00000, 0x0000000625000000|  0%| F|  |TAMS 0x0000000624c00000, 0x0000000624c00000| Untracked 
| 143|0x0000000625000000, 0x0000000625000000, 0x0000000625400000|  0%| F|  |TAMS 0x0000000625000000, 0x0000000625000000| Untracked 
| 144|0x0000000625400000, 0x0000000625400000, 0x0000000625800000|  0%| F|  |TAMS 0x0000000625400000, 0x0000000625400000| Untracked 
| 145|0x0000000625800000, 0x0000000625800000, 0x0000000625c00000|  0%| F|  |TAMS 0x0000000625800000, 0x0000000625800000| Untracked 
| 146|0x0000000625c00000, 0x0000000625c00000, 0x0000000626000000|  0%| F|  |TAMS 0x0000000625c00000, 0x0000000625c00000| Untracked 
| 147|0x0000000626000000, 0x0000000626000000, 0x0000000626400000|  0%| F|  |TAMS 0x0000000626000000, 0x0000000626000000| Untracked 
| 148|0x0000000626400000, 0x0000000626400000, 0x0000000626800000|  0%| F|  |TAMS 0x0000000626400000, 0x0000000626400000| Untracked 
| 149|0x0000000626800000, 0x0000000626800000, 0x0000000626c00000|  0%| F|  |TAMS 0x0000000626800000, 0x0000000626800000| Untracked 
| 150|0x0000000626c00000, 0x0000000626c00000, 0x0000000627000000|  0%| F|  |TAMS 0x0000000626c00000, 0x0000000626c00000| Untracked 
| 151|0x0000000627000000, 0x0000000627000000, 0x0000000627400000|  0%| F|  |TAMS 0x0000000627000000, 0x0000000627000000| Untracked 
| 152|0x0000000627400000, 0x0000000627400000, 0x0000000627800000|  0%| F|  |TAMS 0x0000000627400000, 0x0000000627400000| Untracked 
| 153|0x0000000627800000, 0x0000000627800000, 0x0000000627c00000|  0%| F|  |TAMS 0x0000000627800000, 0x0000000627800000| Untracked 
| 154|0x0000000627c00000, 0x0000000627c00000, 0x0000000628000000|  0%| F|  |TAMS 0x0000000627c00000, 0x0000000627c00000| Untracked 
| 155|0x0000000628000000, 0x0000000628000000, 0x0000000628400000|  0%| F|  |TAMS 0x0000000628000000, 0x0000000628000000| Untracked 
| 156|0x0000000628400000, 0x0000000628400000, 0x0000000628800000|  0%| F|  |TAMS 0x0000000628400000, 0x0000000628400000| Untracked 
| 157|0x0000000628800000, 0x0000000628800000, 0x0000000628c00000|  0%| F|  |TAMS 0x0000000628800000, 0x0000000628800000| Untracked 
| 158|0x0000000628c00000, 0x0000000628c00000, 0x0000000629000000|  0%| F|  |TAMS 0x0000000628c00000, 0x0000000628c00000| Untracked 
| 159|0x0000000629000000, 0x0000000629000000, 0x0000000629400000|  0%| F|  |TAMS 0x0000000629000000, 0x0000000629000000| Untracked 
| 160|0x0000000629400000, 0x0000000629400000, 0x0000000629800000|  0%| F|  |TAMS 0x0000000629400000, 0x0000000629400000| Untracked 
| 161|0x0000000629800000, 0x0000000629800000, 0x0000000629c00000|  0%| F|  |TAMS 0x0000000629800000, 0x0000000629800000| Untracked 
| 162|0x0000000629c00000, 0x0000000629c00000, 0x000000062a000000|  0%| F|  |TAMS 0x0000000629c00000, 0x0000000629c00000| Untracked 
| 163|0x000000062a000000, 0x000000062a000000, 0x000000062a400000|  0%| F|  |TAMS 0x000000062a000000, 0x000000062a000000| Untracked 
| 164|0x000000062a400000, 0x000000062a400000, 0x000000062a800000|  0%| F|  |TAMS 0x000000062a400000, 0x000000062a400000| Untracked 
| 165|0x000000062a800000, 0x000000062a800000, 0x000000062ac00000|  0%| F|  |TAMS 0x000000062a800000, 0x000000062a800000| Untracked 
| 166|0x000000062ac00000, 0x000000062ac00000, 0x000000062b000000|  0%| F|  |TAMS 0x000000062ac00000, 0x000000062ac00000| Untracked 
| 167|0x000000062b000000, 0x000000062b000000, 0x000000062b400000|  0%| F|  |TAMS 0x000000062b000000, 0x000000062b000000| Untracked 
| 168|0x000000062b400000, 0x000000062b400000, 0x000000062b800000|  0%| F|  |TAMS 0x000000062b400000, 0x000000062b400000| Untracked 
| 169|0x000000062b800000, 0x000000062b800000, 0x000000062bc00000|  0%| F|  |TAMS 0x000000062b800000, 0x000000062b800000| Untracked 
| 170|0x000000062bc00000, 0x000000062bc00000, 0x000000062c000000|  0%| F|  |TAMS 0x000000062bc00000, 0x000000062bc00000| Untracked 
| 171|0x000000062c000000, 0x000000062c000000, 0x000000062c400000|  0%| F|  |TAMS 0x000000062c000000, 0x000000062c000000| Untracked 
| 172|0x000000062c400000, 0x000000062c400000, 0x000000062c800000|  0%| F|  |TAMS 0x000000062c400000, 0x000000062c400000| Untracked 
| 173|0x000000062c800000, 0x000000062c800000, 0x000000062cc00000|  0%| F|  |TAMS 0x000000062c800000, 0x000000062c800000| Untracked 
| 174|0x000000062cc00000, 0x000000062cc00000, 0x000000062d000000|  0%| F|  |TAMS 0x000000062cc00000, 0x000000062cc00000| Untracked 
| 175|0x000000062d000000, 0x000000062d000000, 0x000000062d400000|  0%| F|  |TAMS 0x000000062d000000, 0x000000062d000000| Untracked 
| 176|0x000000062d400000, 0x000000062d400000, 0x000000062d800000|  0%| F|  |TAMS 0x000000062d400000, 0x000000062d400000| Untracked 
| 177|0x000000062d800000, 0x000000062d800000, 0x000000062dc00000|  0%| F|  |TAMS 0x000000062d800000, 0x000000062d800000| Untracked 
| 178|0x000000062dc00000, 0x000000062dc00000, 0x000000062e000000|  0%| F|  |TAMS 0x000000062dc00000, 0x000000062dc00000| Untracked 
| 179|0x000000062e000000, 0x000000062e000000, 0x000000062e400000|  0%| F|  |TAMS 0x000000062e000000, 0x000000062e000000| Untracked 
| 180|0x000000062e400000, 0x000000062e400000, 0x000000062e800000|  0%| F|  |TAMS 0x000000062e400000, 0x000000062e400000| Untracked 
| 181|0x000000062e800000, 0x000000062e800000, 0x000000062ec00000|  0%| F|  |TAMS 0x000000062e800000, 0x000000062e800000| Untracked 
| 182|0x000000062ec00000, 0x000000062ec00000, 0x000000062f000000|  0%| F|  |TAMS 0x000000062ec00000, 0x000000062ec00000| Untracked 
| 183|0x000000062f000000, 0x000000062f000000, 0x000000062f400000|  0%| F|  |TAMS 0x000000062f000000, 0x000000062f000000| Untracked 
| 184|0x000000062f400000, 0x000000062f400000, 0x000000062f800000|  0%| F|  |TAMS 0x000000062f400000, 0x000000062f400000| Untracked 
| 185|0x000000062f800000, 0x000000062f800000, 0x000000062fc00000|  0%| F|  |TAMS 0x000000062f800000, 0x000000062f800000| Untracked 
| 186|0x000000062fc00000, 0x000000062fc00000, 0x0000000630000000|  0%| F|  |TAMS 0x000000062fc00000, 0x000000062fc00000| Untracked 
| 187|0x0000000630000000, 0x0000000630000000, 0x0000000630400000|  0%| F|  |TAMS 0x0000000630000000, 0x0000000630000000| Untracked 
| 188|0x0000000630400000, 0x0000000630400000, 0x0000000630800000|  0%| F|  |TAMS 0x0000000630400000, 0x0000000630400000| Untracked 
| 189|0x0000000630800000, 0x0000000630800000, 0x0000000630c00000|  0%| F|  |TAMS 0x0000000630800000, 0x0000000630800000| Untracked 
| 190|0x0000000630c00000, 0x0000000630c00000, 0x0000000631000000|  0%| F|  |TAMS 0x0000000630c00000, 0x0000000630c00000| Untracked 
| 191|0x0000000631000000, 0x0000000631000000, 0x0000000631400000|  0%| F|  |TAMS 0x0000000631000000, 0x0000000631000000| Untracked 
| 192|0x0000000631400000, 0x0000000631400000, 0x0000000631800000|  0%| F|  |TAMS 0x0000000631400000, 0x0000000631400000| Untracked 
| 193|0x0000000631800000, 0x0000000631800000, 0x0000000631c00000|  0%| F|  |TAMS 0x0000000631800000, 0x0000000631800000| Untracked 
| 194|0x0000000631c00000, 0x0000000631c00000, 0x0000000632000000|  0%| F|  |TAMS 0x0000000631c00000, 0x0000000631c00000| Untracked 
| 195|0x0000000632000000, 0x0000000632000000, 0x0000000632400000|  0%| F|  |TAMS 0x0000000632000000, 0x0000000632000000| Untracked 
| 196|0x0000000632400000, 0x0000000632400000, 0x0000000632800000|  0%| F|  |TAMS 0x0000000632400000, 0x0000000632400000| Untracked 
| 197|0x0000000632800000, 0x0000000632800000, 0x0000000632c00000|  0%| F|  |TAMS 0x0000000632800000, 0x0000000632800000| Untracked 
| 198|0x0000000632c00000, 0x0000000632c00000, 0x0000000633000000|  0%| F|  |TAMS 0x0000000632c00000, 0x0000000632c00000| Untracked 
| 199|0x0000000633000000, 0x0000000633000000, 0x0000000633400000|  0%| F|  |TAMS 0x0000000633000000, 0x0000000633000000| Untracked 
| 200|0x0000000633400000, 0x0000000633400000, 0x0000000633800000|  0%| F|  |TAMS 0x0000000633400000, 0x0000000633400000| Untracked 
| 201|0x0000000633800000, 0x0000000633800000, 0x0000000633c00000|  0%| F|  |TAMS 0x0000000633800000, 0x0000000633800000| Untracked 
| 202|0x0000000633c00000, 0x0000000633c00000, 0x0000000634000000|  0%| F|  |TAMS 0x0000000633c00000, 0x0000000633c00000| Untracked 
| 203|0x0000000634000000, 0x0000000634000000, 0x0000000634400000|  0%| F|  |TAMS 0x0000000634000000, 0x0000000634000000| Untracked 
| 204|0x0000000634400000, 0x0000000634400000, 0x0000000634800000|  0%| F|  |TAMS 0x0000000634400000, 0x0000000634400000| Untracked 
| 205|0x0000000634800000, 0x0000000634800000, 0x0000000634c00000|  0%| F|  |TAMS 0x0000000634800000, 0x0000000634800000| Untracked 
| 206|0x0000000634c00000, 0x0000000634c00000, 0x0000000635000000|  0%| F|  |TAMS 0x0000000634c00000, 0x0000000634c00000| Untracked 
| 207|0x0000000635000000, 0x0000000635000000, 0x0000000635400000|  0%| F|  |TAMS 0x0000000635000000, 0x0000000635000000| Untracked 
| 208|0x0000000635400000, 0x0000000635400000, 0x0000000635800000|  0%| F|  |TAMS 0x0000000635400000, 0x0000000635400000| Untracked 
| 209|0x0000000635800000, 0x0000000635800000, 0x0000000635c00000|  0%| F|  |TAMS 0x0000000635800000, 0x0000000635800000| Untracked 
| 210|0x0000000635c00000, 0x0000000635c00000, 0x0000000636000000|  0%| F|  |TAMS 0x0000000635c00000, 0x0000000635c00000| Untracked 
| 211|0x0000000636000000, 0x0000000636000000, 0x0000000636400000|  0%| F|  |TAMS 0x0000000636000000, 0x0000000636000000| Untracked 
| 212|0x0000000636400000, 0x0000000636400000, 0x0000000636800000|  0%| F|  |TAMS 0x0000000636400000, 0x0000000636400000| Untracked 
| 213|0x0000000636800000, 0x0000000636800000, 0x0000000636c00000|  0%| F|  |TAMS 0x0000000636800000, 0x0000000636800000| Untracked 
| 214|0x0000000636c00000, 0x0000000636c00000, 0x0000000637000000|  0%| F|  |TAMS 0x0000000636c00000, 0x0000000636c00000| Untracked 
| 215|0x0000000637000000, 0x0000000637000000, 0x0000000637400000|  0%| F|  |TAMS 0x0000000637000000, 0x0000000637000000| Untracked 
| 216|0x0000000637400000, 0x0000000637400000, 0x0000000637800000|  0%| F|  |TAMS 0x0000000637400000, 0x0000000637400000| Untracked 
| 217|0x0000000637800000, 0x0000000637800000, 0x0000000637c00000|  0%| F|  |TAMS 0x0000000637800000, 0x0000000637800000| Untracked 
| 218|0x0000000637c00000, 0x0000000637c00000, 0x0000000638000000|  0%| F|  |TAMS 0x0000000637c00000, 0x0000000637c00000| Untracked 
| 219|0x0000000638000000, 0x0000000638000000, 0x0000000638400000|  0%| F|  |TAMS 0x0000000638000000, 0x0000000638000000| Untracked 
| 220|0x0000000638400000, 0x0000000638400000, 0x0000000638800000|  0%| F|  |TAMS 0x0000000638400000, 0x0000000638400000| Untracked 
| 221|0x0000000638800000, 0x0000000638800000, 0x0000000638c00000|  0%| F|  |TAMS 0x0000000638800000, 0x0000000638800000| Untracked 
| 222|0x0000000638c00000, 0x0000000638c00000, 0x0000000639000000|  0%| F|  |TAMS 0x0000000638c00000, 0x0000000638c00000| Untracked 
| 223|0x0000000639000000, 0x0000000639000000, 0x0000000639400000|  0%| F|  |TAMS 0x0000000639000000, 0x0000000639000000| Untracked 
| 224|0x0000000639400000, 0x0000000639400000, 0x0000000639800000|  0%| F|  |TAMS 0x0000000639400000, 0x0000000639400000| Untracked 
| 225|0x0000000639800000, 0x0000000639800000, 0x0000000639c00000|  0%| F|  |TAMS 0x0000000639800000, 0x0000000639800000| Untracked 
| 226|0x0000000639c00000, 0x0000000639c00000, 0x000000063a000000|  0%| F|  |TAMS 0x0000000639c00000, 0x0000000639c00000| Untracked 
| 227|0x000000063a000000, 0x000000063a000000, 0x000000063a400000|  0%| F|  |TAMS 0x000000063a000000, 0x000000063a000000| Untracked 
| 228|0x000000063a400000, 0x000000063a400000, 0x000000063a800000|  0%| F|  |TAMS 0x000000063a400000, 0x000000063a400000| Untracked 
| 229|0x000000063a800000, 0x000000063a800000, 0x000000063ac00000|  0%| F|  |TAMS 0x000000063a800000, 0x000000063a800000| Untracked 
| 230|0x000000063ac00000, 0x000000063ac00000, 0x000000063b000000|  0%| F|  |TAMS 0x000000063ac00000, 0x000000063ac00000| Untracked 
| 231|0x000000063b000000, 0x000000063b000000, 0x000000063b400000|  0%| F|  |TAMS 0x000000063b000000, 0x000000063b000000| Untracked 
| 232|0x000000063b400000, 0x000000063b400000, 0x000000063b800000|  0%| F|  |TAMS 0x000000063b400000, 0x000000063b400000| Untracked 
| 233|0x000000063b800000, 0x000000063b800000, 0x000000063bc00000|  0%| F|  |TAMS 0x000000063b800000, 0x000000063b800000| Untracked 
| 234|0x000000063bc00000, 0x000000063bc00000, 0x000000063c000000|  0%| F|  |TAMS 0x000000063bc00000, 0x000000063bc00000| Untracked 
| 235|0x000000063c000000, 0x000000063c000000, 0x000000063c400000|  0%| F|  |TAMS 0x000000063c000000, 0x000000063c000000| Untracked 
| 236|0x000000063c400000, 0x000000063c400000, 0x000000063c800000|  0%| F|  |TAMS 0x000000063c400000, 0x000000063c400000| Untracked 
| 237|0x000000063c800000, 0x000000063c800000, 0x000000063cc00000|  0%| F|  |TAMS 0x000000063c800000, 0x000000063c800000| Untracked 
| 238|0x000000063cc00000, 0x000000063cc00000, 0x000000063d000000|  0%| F|  |TAMS 0x000000063cc00000, 0x000000063cc00000| Untracked 
| 239|0x000000063d000000, 0x000000063d000000, 0x000000063d400000|  0%| F|  |TAMS 0x000000063d000000, 0x000000063d000000| Untracked 
| 240|0x000000063d400000, 0x000000063d400000, 0x000000063d800000|  0%| F|  |TAMS 0x000000063d400000, 0x000000063d400000| Untracked 
| 241|0x000000063d800000, 0x000000063d800000, 0x000000063dc00000|  0%| F|  |TAMS 0x000000063d800000, 0x000000063d800000| Untracked 
| 242|0x000000063dc00000, 0x000000063dc00000, 0x000000063e000000|  0%| F|  |TAMS 0x000000063dc00000, 0x000000063dc00000| Untracked 
| 243|0x000000063e000000, 0x000000063e000000, 0x000000063e400000|  0%| F|  |TAMS 0x000000063e000000, 0x000000063e000000| Untracked 
| 244|0x000000063e400000, 0x000000063e400000, 0x000000063e800000|  0%| F|  |TAMS 0x000000063e400000, 0x000000063e400000| Untracked 
| 245|0x000000063e800000, 0x000000063e800000, 0x000000063ec00000|  0%| F|  |TAMS 0x000000063e800000, 0x000000063e800000| Untracked 
| 246|0x000000063ec00000, 0x000000063ec00000, 0x000000063f000000|  0%| F|  |TAMS 0x000000063ec00000, 0x000000063ec00000| Untracked 
| 247|0x000000063f000000, 0x000000063f000000, 0x000000063f400000|  0%| F|  |TAMS 0x000000063f000000, 0x000000063f000000| Untracked 
| 248|0x000000063f400000, 0x000000063f400000, 0x000000063f800000|  0%| F|  |TAMS 0x000000063f400000, 0x000000063f400000| Untracked 
| 249|0x000000063f800000, 0x000000063f800000, 0x000000063fc00000|  0%| F|  |TAMS 0x000000063f800000, 0x000000063f800000| Untracked 
| 250|0x000000063fc00000, 0x000000063fc00000, 0x0000000640000000|  0%| F|  |TAMS 0x000000063fc00000, 0x000000063fc00000| Untracked 
| 251|0x0000000640000000, 0x0000000640000000, 0x0000000640400000|  0%| F|  |TAMS 0x0000000640000000, 0x0000000640000000| Untracked 
| 252|0x0000000640400000, 0x0000000640400000, 0x0000000640800000|  0%| F|  |TAMS 0x0000000640400000, 0x0000000640400000| Untracked 
| 253|0x0000000640800000, 0x0000000640800000, 0x0000000640c00000|  0%| F|  |TAMS 0x0000000640800000, 0x0000000640800000| Untracked 
| 254|0x0000000640c00000, 0x0000000640c00000, 0x0000000641000000|  0%| F|  |TAMS 0x0000000640c00000, 0x0000000640c00000| Untracked 
| 255|0x0000000641000000, 0x0000000641000000, 0x0000000641400000|  0%| F|  |TAMS 0x0000000641000000, 0x0000000641000000| Untracked 
| 256|0x0000000641400000, 0x0000000641400000, 0x0000000641800000|  0%| F|  |TAMS 0x0000000641400000, 0x0000000641400000| Untracked 
| 257|0x0000000641800000, 0x0000000641800000, 0x0000000641c00000|  0%| F|  |TAMS 0x0000000641800000, 0x0000000641800000| Untracked 
| 258|0x0000000641c00000, 0x0000000641c00000, 0x0000000642000000|  0%| F|  |TAMS 0x0000000641c00000, 0x0000000641c00000| Untracked 
| 259|0x0000000642000000, 0x0000000642000000, 0x0000000642400000|  0%| F|  |TAMS 0x0000000642000000, 0x0000000642000000| Untracked 
| 260|0x0000000642400000, 0x0000000642400000, 0x0000000642800000|  0%| F|  |TAMS 0x0000000642400000, 0x0000000642400000| Untracked 
| 261|0x0000000642800000, 0x0000000642800000, 0x0000000642c00000|  0%| F|  |TAMS 0x0000000642800000, 0x0000000642800000| Untracked 
| 262|0x0000000642c00000, 0x0000000642c00000, 0x0000000643000000|  0%| F|  |TAMS 0x0000000642c00000, 0x0000000642c00000| Untracked 
| 263|0x0000000643000000, 0x0000000643000000, 0x0000000643400000|  0%| F|  |TAMS 0x0000000643000000, 0x0000000643000000| Untracked 
| 264|0x0000000643400000, 0x0000000643400000, 0x0000000643800000|  0%| F|  |TAMS 0x0000000643400000, 0x0000000643400000| Untracked 
| 265|0x0000000643800000, 0x0000000643800000, 0x0000000643c00000|  0%| F|  |TAMS 0x0000000643800000, 0x0000000643800000| Untracked 
| 266|0x0000000643c00000, 0x0000000643c00000, 0x0000000644000000|  0%| F|  |TAMS 0x0000000643c00000, 0x0000000643c00000| Untracked 
| 267|0x0000000644000000, 0x0000000644000000, 0x0000000644400000|  0%| F|  |TAMS 0x0000000644000000, 0x0000000644000000| Untracked 
| 268|0x0000000644400000, 0x0000000644400000, 0x0000000644800000|  0%| F|  |TAMS 0x0000000644400000, 0x0000000644400000| Untracked 
| 269|0x0000000644800000, 0x0000000644800000, 0x0000000644c00000|  0%| F|  |TAMS 0x0000000644800000, 0x0000000644800000| Untracked 
| 270|0x0000000644c00000, 0x0000000644c00000, 0x0000000645000000|  0%| F|  |TAMS 0x0000000644c00000, 0x0000000644c00000| Untracked 
| 271|0x0000000645000000, 0x0000000645000000, 0x0000000645400000|  0%| F|  |TAMS 0x0000000645000000, 0x0000000645000000| Untracked 
| 272|0x0000000645400000, 0x0000000645400000, 0x0000000645800000|  0%| F|  |TAMS 0x0000000645400000, 0x0000000645400000| Untracked 
| 273|0x0000000645800000, 0x0000000645800000, 0x0000000645c00000|  0%| F|  |TAMS 0x0000000645800000, 0x0000000645800000| Untracked 
| 274|0x0000000645c00000, 0x0000000645c00000, 0x0000000646000000|  0%| F|  |TAMS 0x0000000645c00000, 0x0000000645c00000| Untracked 
| 275|0x0000000646000000, 0x0000000646000000, 0x0000000646400000|  0%| F|  |TAMS 0x0000000646000000, 0x0000000646000000| Untracked 
| 276|0x0000000646400000, 0x0000000646400000, 0x0000000646800000|  0%| F|  |TAMS 0x0000000646400000, 0x0000000646400000| Untracked 
| 277|0x0000000646800000, 0x0000000646800000, 0x0000000646c00000|  0%| F|  |TAMS 0x0000000646800000, 0x0000000646800000| Untracked 
| 278|0x0000000646c00000, 0x0000000646c00000, 0x0000000647000000|  0%| F|  |TAMS 0x0000000646c00000, 0x0000000646c00000| Untracked 
| 279|0x0000000647000000, 0x0000000647000000, 0x0000000647400000|  0%| F|  |TAMS 0x0000000647000000, 0x0000000647000000| Untracked 
| 280|0x0000000647400000, 0x0000000647400000, 0x0000000647800000|  0%| F|  |TAMS 0x0000000647400000, 0x0000000647400000| Untracked 
| 281|0x0000000647800000, 0x0000000647800000, 0x0000000647c00000|  0%| F|  |TAMS 0x0000000647800000, 0x0000000647800000| Untracked 
| 282|0x0000000647c00000, 0x0000000647c00000, 0x0000000648000000|  0%| F|  |TAMS 0x0000000647c00000, 0x0000000647c00000| Untracked 
| 283|0x0000000648000000, 0x0000000648000000, 0x0000000648400000|  0%| F|  |TAMS 0x0000000648000000, 0x0000000648000000| Untracked 
| 284|0x0000000648400000, 0x0000000648400000, 0x0000000648800000|  0%| F|  |TAMS 0x0000000648400000, 0x0000000648400000| Untracked 
| 285|0x0000000648800000, 0x0000000648800000, 0x0000000648c00000|  0%| F|  |TAMS 0x0000000648800000, 0x0000000648800000| Untracked 
| 286|0x0000000648c00000, 0x0000000648c00000, 0x0000000649000000|  0%| F|  |TAMS 0x0000000648c00000, 0x0000000648c00000| Untracked 

Card table byte_map: [0x000002cafc2d0000,0x000002cafd2d0000] _byte_map_base: 0x000002caf92c6000

Marking Bits (Prev, Next): (CMBitMap*) 0x000002caf147a7d0, (CMBitMap*) 0x000002caf147a810
 Prev Bits: [0x000002ca8f000000, 0x000002ca96fb0000)
 Next Bits: [0x000002ca96fb0000, 0x000002ca9ef60000)

Polling page: 0x000002caf10b0000

Metaspace:

Usage:
  Non-class:     47.96 MB used.
      Class:      8.46 MB used.
       Both:     56.42 MB used.

Virtual space:
  Non-class space:       56.00 MB reserved,      48.56 MB ( 87%) committed,  7 nodes.
      Class space:        1.00 GB reserved,       8.94 MB ( <1%) committed,  1 nodes.
             Both:        1.05 GB reserved,      57.50 MB (  5%) committed. 

Chunk freelists:
   Non-Class:  3.09 MB
       Class:  3.00 MB
        Both:  6.09 MB

MaxMetaspaceSize: unlimited
CompressedClassSpaceSize: 1.00 GB
Initial GC threshold: 21.00 MB
Current GC threshold: 59.06 MB
CDS: on
MetaspaceReclaimPolicy: balanced
 - commit_granule_bytes: 65536.
 - commit_granule_words: 8192.
 - virtual_space_node_default_size: 1048576.
 - enlarge_chunks_in_place: 1.
 - new_chunks_are_fully_committed: 0.
 - uncommit_free_chunks: 1.
 - use_allocation_guard: 0.
 - handle_deallocations: 1.


Internal statistics:

num_allocs_failed_limit: 6.
num_arena_births: 1598.
num_arena_deaths: 0.
num_vsnodes_births: 8.
num_vsnodes_deaths: 0.
num_space_committed: 917.
num_space_uncommitted: 0.
num_chunks_returned_to_freelist: 6.
num_chunks_taken_from_freelist: 3998.
num_chunk_merges: 6.
num_chunk_splits: 2553.
num_chunks_enlarged: 1634.
num_purges: 0.
num_inconsistent_stats: 0.

CodeHeap 'non-profiled nmethods': size=120000Kb used=5869Kb max_used=5869Kb free=114130Kb
 bounds [0x000002ca87ad0000, 0x000002ca88090000, 0x000002ca8f000000]
CodeHeap 'profiled nmethods': size=120000Kb used=12127Kb max_used=13650Kb free=107872Kb
 bounds [0x000002ca805a0000, 0x000002ca81300000, 0x000002ca87ad0000]
CodeHeap 'non-nmethods': size=5760Kb used=1523Kb max_used=1597Kb free=4236Kb
 bounds [0x000002ca80000000, 0x000002ca80270000, 0x000002ca805a0000]
 total_blobs=8258 nmethods=7349 adapters=819
 compilation: enabled
              stopped_count=0, restarted_count=0
 full_count=0

Compilation events (20 events):
Event: 7.817 Thread 0x000002cafe65c930 nmethod 9772 0x000002ca80e0ba10 code [0x000002ca80e0bbe0, 0x000002ca80e0bff8]
Event: 7.818 Thread 0x000002caff21d0b0 nmethod 9764 0x000002ca88074a90 code [0x000002ca88074c20, 0x000002ca88074df8]
Event: 7.818 Thread 0x000002caff21d0b0 9767       4       net.minecraft.core.Holder$Reference::bind (81 bytes)
Event: 7.819 Thread 0x000002cafe65c930 9775       3       org.objectweb.asm.Frame::addInitializedType (77 bytes)
Event: 7.819 Thread 0x000002caff21d0b0 nmethod 9767 0x000002ca88074f10 code [0x000002ca88075080, 0x000002ca88075338]
Event: 7.819 Thread 0x000002cafe65c930 nmethod 9775 0x000002ca81113290 code [0x000002ca81113460, 0x000002ca811139a8]
Event: 7.819 Thread 0x000002caff21d0b0 9768       4       sun.reflect.generics.reflectiveObjects.ParameterizedTypeImpl::hashCode (24 bytes)
Event: 7.820 Thread 0x000002cafe65c930 9778       3       com.mojang.datafixers.types.families.RecursiveTypeFamily::lambda$fold$0 (44 bytes)
Event: 7.823 Thread 0x000002cafe64ee50 nmethod 9622 0x000002ca88075410 code [0x000002ca88075d40, 0x000002ca88080f78]
Event: 7.823 Thread 0x000002cafe64ee50 9774       4       org.objectweb.asm.Frame::push (109 bytes)
Event: 7.824 Thread 0x000002cafe65c930 nmethod 9778 0x000002ca80ac4410 code [0x000002ca80ac46c0, 0x000002ca80ac55f8]
Event: 7.828 Thread 0x000002cafe64ee50 nmethod 9774 0x000002ca88087f10 code [0x000002ca880880a0, 0x000002ca880886d8]
Event: 7.828 Thread 0x000002caff21d0b0 nmethod 9768 0x000002ca88088890 code [0x000002ca88088a40, 0x000002ca88088ea8]
Event: 7.828 Thread 0x000002cafe64ee50 9777       4       org.objectweb.asm.Frame::execute (2318 bytes)
Event: 7.828 Thread 0x000002caff21d0b0 9776       4       org.objectweb.asm.MethodWriter::visitLineNumber (50 bytes)
Event: 7.838 Thread 0x000002caff21d0b0 nmethod 9776 0x000002ca88089210 code [0x000002ca880893c0, 0x000002ca8808a118]
Event: 7.838 Thread 0x000002caff21d0b0 9779       4       java.util.AbstractCollection::toArray (144 bytes)
Event: 7.843 Thread 0x000002caff21d0b0 nmethod 9779 0x000002ca8808a590 code [0x000002ca8808a740, 0x000002ca8808aea8]
Event: 7.843 Thread 0x000002caff21d0b0 9773       4       org.objectweb.asm.ByteVector::put122 (93 bytes)
Event: 7.845 Thread 0x000002caff21d0b0 nmethod 9773 0x000002ca8808b290 code [0x000002ca8808b420, 0x000002ca8808b608]

GC Heap History (20 events):
Event: 6.702 GC heap after
{Heap after GC invocations=21 (full 0):
 garbage-first heap   total 364544K, used 158347K [0x0000000601400000, 0x0000000800000000)
  region size 4096K, 4 young (16384K), 4 survivors (16384K)
 Metaspace       used 53003K, committed 54080K, reserved 1097728K
  class space    used 7756K, committed 8256K, reserved 1048576K
}
Event: 6.855 GC heap before
{Heap before GC invocations=21 (full 0):
 garbage-first heap   total 364544K, used 289419K [0x0000000601400000, 0x0000000800000000)
  region size 4096K, 36 young (147456K), 4 survivors (16384K)
 Metaspace       used 53805K, committed 54848K, reserved 1097728K
  class space    used 7883K, committed 8384K, reserved 1048576K
}
Event: 6.870 GC heap after
{Heap after GC invocations=22 (full 0):
 garbage-first heap   total 364544K, used 175655K [0x0000000601400000, 0x0000000800000000)
  region size 4096K, 5 young (20480K), 5 survivors (20480K)
 Metaspace       used 53805K, committed 54848K, reserved 1097728K
  class space    used 7883K, committed 8384K, reserved 1048576K
}
Event: 6.946 GC heap before
{Heap before GC invocations=22 (full 0):
 garbage-first heap   total 364544K, used 282151K [0x0000000601400000, 0x0000000800000000)
  region size 4096K, 32 young (131072K), 5 survivors (20480K)
 Metaspace       used 54394K, committed 55488K, reserved 1097728K
  class space    used 7990K, committed 8512K, reserved 1048576K
}
Event: 6.962 GC heap after
{Heap after GC invocations=23 (full 0):
 garbage-first heap   total 569344K, used 191241K [0x0000000601400000, 0x0000000800000000)
  region size 4096K, 4 young (16384K), 4 survivors (16384K)
 Metaspace       used 54394K, committed 55488K, reserved 1097728K
  class space    used 7990K, committed 8512K, reserved 1048576K
}
Event: 7.158 GC heap before
{Heap before GC invocations=23 (full 0):
 garbage-first heap   total 569344K, used 437001K [0x0000000601400000, 0x0000000800000000)
  region size 4096K, 64 young (262144K), 4 survivors (16384K)
 Metaspace       used 55753K, committed 56896K, reserved 1097728K
  class space    used 8255K, committed 8768K, reserved 1048576K
}
Event: 7.179 GC heap after
{Heap after GC invocations=24 (full 0):
 garbage-first heap   total 569344K, used 221074K [0x0000000601400000, 0x0000000800000000)
  region size 4096K, 8 young (32768K), 8 survivors (32768K)
 Metaspace       used 55753K, committed 56896K, reserved 1097728K
  class space    used 8255K, committed 8768K, reserved 1048576K
}
Event: 7.299 GC heap before
{Heap before GC invocations=24 (full 0):
 garbage-first heap   total 569344K, used 446354K [0x0000000601400000, 0x0000000800000000)
  region size 4096K, 62 young (253952K), 8 survivors (32768K)
 Metaspace       used 56564K, committed 57728K, reserved 1097728K
  class space    used 8420K, committed 8960K, reserved 1048576K
}
Event: 7.317 GC heap after
{Heap after GC invocations=25 (full 0):
 garbage-first heap   total 569344K, used 237927K [0x0000000601400000, 0x0000000800000000)
  region size 4096K, 3 young (12288K), 3 survivors (12288K)
 Metaspace       used 56564K, committed 57728K, reserved 1097728K
  class space    used 8420K, committed 8960K, reserved 1048576K
}
Event: 7.362 GC heap before
{Heap before GC invocations=25 (full 0):
 garbage-first heap   total 569344K, used 450919K [0x0000000601400000, 0x0000000800000000)
  region size 4096K, 55 young (225280K), 3 survivors (12288K)
 Metaspace       used 56824K, committed 57920K, reserved 1105920K
  class space    used 8468K, committed 8960K, reserved 1048576K
}
Event: 7.370 GC heap after
{Heap after GC invocations=26 (full 0):
 garbage-first heap   total 569344K, used 239009K [0x0000000601400000, 0x0000000800000000)
  region size 4096K, 4 young (16384K), 4 survivors (16384K)
 Metaspace       used 56824K, committed 57920K, reserved 1105920K
  class space    used 8468K, committed 8960K, reserved 1048576K
}
Event: 7.401 GC heap before
{Heap before GC invocations=26 (full 0):
 garbage-first heap   total 569344K, used 456097K [0x0000000601400000, 0x0000000800000000)
  region size 4096K, 57 young (233472K), 4 survivors (16384K)
 Metaspace       used 56870K, committed 58048K, reserved 1105920K
  class space    used 8483K, committed 9024K, reserved 1048576K
}
Event: 7.410 GC heap after
{Heap after GC invocations=27 (full 0):
 garbage-first heap   total 1175552K, used 240672K [0x0000000601400000, 0x0000000800000000)
  region size 4096K, 4 young (16384K), 4 survivors (16384K)
 Metaspace       used 56870K, committed 58048K, reserved 1105920K
  class space    used 8483K, committed 9024K, reserved 1048576K
}
Event: 7.568 GC heap before
{Heap before GC invocations=27 (full 0):
 garbage-first heap   total 1175552K, used 928800K [0x0000000601400000, 0x0000000800000000)
  region size 4096K, 172 young (704512K), 4 survivors (16384K)
 Metaspace       used 57449K, committed 58624K, reserved 1105920K
  class space    used 8614K, committed 9152K, reserved 1048576K
}
Event: 7.579 GC heap after
{Heap after GC invocations=28 (full 0):
 garbage-first heap   total 1175552K, used 242569K [0x0000000601400000, 0x0000000800000000)
  region size 4096K, 5 young (20480K), 5 survivors (20480K)
 Metaspace       used 57449K, committed 58624K, reserved 1105920K
  class space    used 8614K, committed 9152K, reserved 1048576K
}
Event: 7.666 GC heap before
{Heap before GC invocations=28 (full 0):
 garbage-first heap   total 1175552K, used 926601K [0x0000000601400000, 0x0000000800000000)
  region size 4096K, 172 young (704512K), 5 survivors (20480K)
 Metaspace       used 57455K, committed 58624K, reserved 1105920K
  class space    used 8615K, committed 9152K, reserved 1048576K
}
Event: 7.676 GC heap after
{Heap after GC invocations=29 (full 0):
 garbage-first heap   total 1175552K, used 243813K [0x0000000601400000, 0x0000000800000000)
  region size 4096K, 5 young (20480K), 5 survivors (20480K)
 Metaspace       used 57455K, committed 58624K, reserved 1105920K
  class space    used 8615K, committed 9152K, reserved 1048576K
}
Event: 7.760 GC heap before
{Heap before GC invocations=29 (full 0):
 garbage-first heap   total 1175552K, used 927845K [0x0000000601400000, 0x0000000800000000)
  region size 4096K, 172 young (704512K), 5 survivors (20480K)
 Metaspace       used 57606K, committed 58752K, reserved 1105920K
  class space    used 8639K, committed 9152K, reserved 1048576K
}
Event: 7.768 GC heap after
{Heap after GC invocations=30 (full 0):
 garbage-first heap   total 1175552K, used 244212K [0x0000000601400000, 0x0000000800000000)
  region size 4096K, 5 young (20480K), 5 survivors (20480K)
 Metaspace       used 57606K, committed 58752K, reserved 1105920K
  class space    used 8639K, committed 9152K, reserved 1048576K
}
Event: 7.855 GC heap before
{Heap before GC invocations=30 (full 0):
 garbage-first heap   total 1175552K, used 928244K [0x0000000601400000, 0x0000000800000000)
  region size 4096K, 172 young (704512K), 5 survivors (20480K)
 Metaspace       used 57772K, committed 58880K, reserved 1105920K
  class space    used 8661K, committed 9152K, reserved 1048576K
}

Deoptimization events (20 events):
Event: 7.803 Thread 0x000002caa5839800 Uncommon trap: trap_request=0xffffffde fr.pc=0x000002ca87e8ad58 relative=0x0000000000000298
Event: 7.803 Thread 0x000002caa5839800 Uncommon trap: reason=class_check action=maybe_recompile pc=0x000002ca87e8ad58 method=jdk.internal.reflect.DelegatingMethodAccessorImpl.invoke(Ljava/lang/Object;[Ljava/lang/Object;)Ljava/lang/Object; @ 6 c2
Event: 7.803 Thread 0x000002caa5839800 DEOPT PACKING pc=0x000002ca87e8ad58 sp=0x000000f88effcbf0
Event: 7.803 Thread 0x000002caa5839800 DEOPT UNPACKING pc=0x000002ca800523a3 sp=0x000000f88effcb98 mode 2
Event: 7.815 Thread 0x000002caa5839800 Uncommon trap: trap_request=0xffffffbe fr.pc=0x000002ca880738a8 relative=0x0000000000000568
Event: 7.815 Thread 0x000002caa5839800 Uncommon trap: reason=profile_predicate action=maybe_recompile pc=0x000002ca880738a8 method=java.util.AbstractCollection.toArray([Ljava/lang/Object;)[Ljava/lang/Object; @ 43 c2
Event: 7.815 Thread 0x000002caa5839800 DEOPT PACKING pc=0x000002ca880738a8 sp=0x000000f88effd0f0
Event: 7.815 Thread 0x000002caa5839800 DEOPT UNPACKING pc=0x000002ca800523a3 sp=0x000000f88effd0a8 mode 2
Event: 7.815 Thread 0x000002caa5839800 Uncommon trap: trap_request=0xffffffbe fr.pc=0x000002ca880738a8 relative=0x0000000000000568
Event: 7.815 Thread 0x000002caa5839800 Uncommon trap: reason=profile_predicate action=maybe_recompile pc=0x000002ca880738a8 method=java.util.AbstractCollection.toArray([Ljava/lang/Object;)[Ljava/lang/Object; @ 43 c2
Event: 7.815 Thread 0x000002caa5839800 DEOPT PACKING pc=0x000002ca880738a8 sp=0x000000f88effd0f0
Event: 7.815 Thread 0x000002caa5839800 DEOPT UNPACKING pc=0x000002ca800523a3 sp=0x000000f88effd0a8 mode 2
Event: 7.815 Thread 0x000002caa5839800 Uncommon trap: trap_request=0xffffffbe fr.pc=0x000002ca880738a8 relative=0x0000000000000568
Event: 7.815 Thread 0x000002caa5839800 Uncommon trap: reason=profile_predicate action=maybe_recompile pc=0x000002ca880738a8 method=java.util.AbstractCollection.toArray([Ljava/lang/Object;)[Ljava/lang/Object; @ 43 c2
Event: 7.815 Thread 0x000002caa5839800 DEOPT PACKING pc=0x000002ca880738a8 sp=0x000000f88effd0f0
Event: 7.815 Thread 0x000002caa5839800 DEOPT UNPACKING pc=0x000002ca800523a3 sp=0x000000f88effd0a8 mode 2
Event: 7.815 Thread 0x000002caa5839800 Uncommon trap: trap_request=0xffffffbe fr.pc=0x000002ca880738a8 relative=0x0000000000000568
Event: 7.815 Thread 0x000002caa5839800 Uncommon trap: reason=profile_predicate action=maybe_recompile pc=0x000002ca880738a8 method=java.util.AbstractCollection.toArray([Ljava/lang/Object;)[Ljava/lang/Object; @ 43 c2
Event: 7.815 Thread 0x000002caa5839800 DEOPT PACKING pc=0x000002ca880738a8 sp=0x000000f88effd090
Event: 7.815 Thread 0x000002caa5839800 DEOPT UNPACKING pc=0x000002ca800523a3 sp=0x000000f88effd048 mode 2

Classes unloaded (0 events):
No events

Classes redefined (0 events):
No events

Internal exceptions (20 events):
Event: 6.908 Thread 0x000002caa5839800 Exception <a 'java/lang/NoSuchMethodError'{0x0000000614528798}: 'void java.lang.invoke.DirectMethodHandle$Holder.invokeStaticInit(java.lang.Object, java.lang.Object, java.lang.Object, java.lang.Object, java.lang.Object, java.lang.Object, java.lang.Object, java.lang.Object)'> (0x0000000614528798) 
thrown [s\src\hotspot\share\interpreter\linkResolver.cpp, line 759]
Event: 6.914 Thread 0x000002caa5839800 Exception <a 'java/lang/NoSuchMethodError'{0x0000000614331300}: 'java.lang.Object java.lang.invoke.DirectMethodHandle$Holder.newInvokeSpecial(java.lang.Object, java.lang.Object, java.lang.Object, int, int)'> (0x0000000614331300) 
thrown [s\src\hotspot\share\interpreter\linkResolver.cpp, line 759]
Event: 6.945 Thread 0x000002caa5839800 Exception <a 'java/lang/NoSuchMethodError'{0x000000061114c190}: 'java.lang.Object java.lang.invoke.DirectMethodHandle$Holder.newInvokeSpecial(java.lang.Object, java.lang.Object, float, float)'> (0x000000061114c190) 
thrown [s\src\hotspot\share\interpreter\linkResolver.cpp, line 759]
Event: 7.020 Thread 0x000002caa58337c0 Implicit null exception at 0x000002ca87eb7dd7 to 0x000002ca87eb7f5c
Event: 7.055 Thread 0x000002caa5839800 Exception <a 'java/lang/NoSuchMethodError'{0x000000061d0d1d68}: 'java.lang.Object java.lang.invoke.DirectMethodHandle$Holder.newInvokeSpecial(java.lang.Object, java.lang.Object, double)'> (0x000000061d0d1d68) 
thrown [s\src\hotspot\share\interpreter\linkResolver.cpp, line 759]
Event: 7.059 Thread 0x000002caa5839800 Exception <a 'java/lang/IncompatibleClassChangeError'{0x000000061d136d78}: Found class java.lang.Object, but interface was expected> (0x000000061d136d78) 
thrown [s\src\hotspot\share\interpreter\linkResolver.cpp, line 826]
Event: 7.074 Thread 0x000002caa5839800 Exception <a 'java/lang/NoSuchMethodError'{0x000000061c3140e8}: 'java.lang.Object java.lang.invoke.DirectMethodHandle$Holder.invokeStaticInit(java.lang.Object, java.lang.Object, java.lang.Object, java.lang.Object, java.lang.Object, java.lang.Object, java.lang.Object, java.lang.Object)'> (0x000000061c3140e8) 
thrown [s\src\hotspot\share\interpreter\linkResolver.cpp, line 759]
Event: 7.122 Thread 0x000002caa5839800 Exception <a 'java/lang/NoSuchMethodError'{0x00000006193c9830}: 'java.lang.Object java.lang.invoke.DirectMethodHandle$Holder.invokeStaticInit(java.lang.Object, java.lang.Object, java.lang.Object, java.lang.Object, double, double, java.lang.Object)'> (0x00000006193c9830) 
thrown [s\src\hotspot\share\interpreter\linkResolver.cpp, line 759]
Event: 7.134 Thread 0x000002caa5839800 Exception <a 'java/lang/NoSuchMethodError'{0x0000000617e9fca8}: 'java.lang.Object java.lang.invoke.DirectMethodHandle$Holder.invokeStaticInit(java.lang.Object, java.lang.Object, java.lang.Object, java.lang.Object, java.lang.Object, double, double)'> (0x0000000617e9fca8) 
thrown [s\src\hotspot\share\interpreter\linkResolver.cpp, line 759]
Event: 7.145 Thread 0x000002caa5839800 Exception <a 'java/lang/NoSuchMethodError'{0x0000000616ee9c50}: 'double java.lang.invoke.DirectMethodHandle$Holder.invokeStatic(java.lang.Object, double)'> (0x0000000616ee9c50) 
thrown [s\src\hotspot\share\interpreter\linkResolver.cpp, line 759]
Event: 7.145 Thread 0x000002caa5839800 Exception <a 'java/lang/NoSuchMethodError'{0x0000000616eed118}: 'double java.lang.invoke.DirectMethodHandle$Holder.invokeStaticInit(java.lang.Object, double)'> (0x0000000616eed118) 
thrown [s\src\hotspot\share\interpreter\linkResolver.cpp, line 759]
Event: 7.150 Thread 0x000002caa5839800 Exception <a 'java/lang/NoSuchMethodError'{0x000000061628b670}: 'java.lang.Object java.lang.invoke.DirectMethodHandle$Holder.newInvokeSpecial(java.lang.Object, java.lang.Object, double, double)'> (0x000000061628b670) 
thrown [s\src\hotspot\share\interpreter\linkResolver.cpp, line 759]
Event: 7.192 Thread 0x000002caa5839800 Exception <a 'java/lang/NoSuchMethodError'{0x0000000623374ad0}: 'float java.lang.invoke.DirectMethodHandle$Holder.invokeSpecial(java.lang.Object, java.lang.Object)'> (0x0000000623374ad0) 
thrown [s\src\hotspot\share\interpreter\linkResolver.cpp, line 759]
Event: 7.223 Thread 0x000002caa5839800 Exception <a 'java/lang/NoSuchMethodError'{0x0000000622878b80}: 'float java.lang.invoke.DirectMethodHandle$Holder.invokeStatic(java.lang.Object, java.lang.Object)'> (0x0000000622878b80) 
thrown [s\src\hotspot\share\interpreter\linkResolver.cpp, line 759]
Event: 7.223 Thread 0x000002caa5839800 Exception <a 'java/lang/NoSuchMethodError'{0x000000062287c180}: 'float java.lang.invoke.DirectMethodHandle$Holder.invokeStaticInit(java.lang.Object, java.lang.Object)'> (0x000000062287c180) 
thrown [s\src\hotspot\share\interpreter\linkResolver.cpp, line 759]
Event: 7.234 Thread 0x000002caa5839800 Exception <a 'java/lang/NoSuchMethodError'{0x000000061f8c99c0}: 'java.lang.Object java.lang.invoke.DirectMethodHandle$Holder.newInvokeSpecial(java.lang.Object, java.lang.Object, java.lang.Object, java.lang.Object, java.lang.Object, java.lang.Object, java.lang.Object, java.lang.Object, java.lang.Object, java.lang.Object, java.lang.Object, java.lang.Object, java.lang.Object, java.lang.Object, java.lang.Object, java.lang.Object)'> (0x000000061f8c99c0) 
thrown [s\src\hotspot\share\interpreter\linkResolver.cpp,
Event: 7.235 Thread 0x000002caa5839800 Exception <a 'java/lang/IncompatibleClassChangeError'{0x000000061f8d71a8}: Found class java.lang.Object, but interface was expected> (0x000000061f8d71a8) 
thrown [s\src\hotspot\share\interpreter\linkResolver.cpp, line 826]
Event: 7.273 Thread 0x000002caa5839800 Exception <a 'java/lang/NoSuchMethodError'{0x000000061bcc8d08}: 'float java.lang.invoke.DirectMethodHandle$Holder.invokeStatic(java.lang.Object, float)'> (0x000000061bcc8d08) 
thrown [s\src\hotspot\share\interpreter\linkResolver.cpp, line 759]
Event: 7.489 Thread 0x000002caa5839800 Exception <a 'java/lang/NoSuchMethodError'{0x0000000636ceb0a0}: 'java.lang.Object java.lang.invoke.DirectMethodHandle$Holder.newInvokeSpecial(java.lang.Object, java.lang.Object, int, java.lang.Object)'> (0x0000000636ceb0a0) 
thrown [s\src\hotspot\share\interpreter\linkResolver.cpp, line 759]
Event: 7.716 Thread 0x000002caa5839800 Exception <a 'java/lang/NoSuchMethodError'{0x00000006467b0c60}: 'int java.lang.invoke.DirectMethodHandle$Holder.invokeSpecialIFC(java.lang.Object, java.lang.Object, java.lang.Object, java.lang.Object)'> (0x00000006467b0c60) 
thrown [s\src\hotspot\share\interpreter\linkResolver.cpp, line 759]

VM Operations (20 events):
Event: 6.889 Executing VM operation: HandshakeAllThreads done
Event: 6.946 Executing VM operation: G1CollectForAllocation
Event: 6.962 Executing VM operation: G1CollectForAllocation done
Event: 7.070 Executing VM operation: HandshakeAllThreads
Event: 7.070 Executing VM operation: HandshakeAllThreads done
Event: 7.158 Executing VM operation: G1CollectForAllocation
Event: 7.180 Executing VM operation: G1CollectForAllocation done
Event: 7.299 Executing VM operation: G1CollectForAllocation
Event: 7.319 Executing VM operation: G1CollectForAllocation done
Event: 7.362 Executing VM operation: G1CollectForAllocation
Event: 7.371 Executing VM operation: G1CollectForAllocation done
Event: 7.400 Executing VM operation: G1CollectForAllocation
Event: 7.410 Executing VM operation: G1CollectForAllocation done
Event: 7.568 Executing VM operation: G1CollectForAllocation
Event: 7.579 Executing VM operation: G1CollectForAllocation done
Event: 7.666 Executing VM operation: G1CollectForAllocation
Event: 7.677 Executing VM operation: G1CollectForAllocation done
Event: 7.760 Executing VM operation: G1CollectForAllocation
Event: 7.769 Executing VM operation: G1CollectForAllocation done
Event: 7.855 Executing VM operation: G1CollectForAllocation

Events (20 events):
Event: 6.899 Thread 0x000002cafe65d640 flushing nmethod 0x000002ca81264990
Event: 6.899 Thread 0x000002cafe65d640 flushing nmethod 0x000002ca81269890
Event: 6.899 Thread 0x000002cafe65d640 flushing nmethod 0x000002ca8126e090
Event: 6.899 Thread 0x000002cafe65d640 flushing nmethod 0x000002ca81275910
Event: 6.899 Thread 0x000002cafe65d640 flushing nmethod 0x000002ca81277d90
Event: 6.899 Thread 0x000002cafe65d640 flushing nmethod 0x000002ca8127a190
Event: 6.899 Thread 0x000002cafe65d640 flushing nmethod 0x000002ca8128d490
Event: 6.899 Thread 0x000002cafe65d640 flushing nmethod 0x000002ca81290e10
Event: 6.899 Thread 0x000002cafe65d640 flushing nmethod 0x000002ca812b0d90
Event: 6.899 Thread 0x000002cafe65d640 flushing nmethod 0x000002ca812b1a10
Event: 6.899 Thread 0x000002cafe65d640 flushing nmethod 0x000002ca812b2610
Event: 6.899 Thread 0x000002cafe65d640 flushing nmethod 0x000002ca812b4890
Event: 6.899 Thread 0x000002cafe65d640 flushing nmethod 0x000002ca812b5490
Event: 6.899 Thread 0x000002cafe65d640 flushing nmethod 0x000002ca812b7010
Event: 6.899 Thread 0x000002cafe65d640 flushing nmethod 0x000002ca812b7910
Event: 6.899 Thread 0x000002cafe65d640 flushing nmethod 0x000002ca812b8210
Event: 6.899 Thread 0x000002cafe65d640 flushing nmethod 0x000002ca812bfa10
Event: 6.899 Thread 0x000002cafe65d640 flushing nmethod 0x000002ca812bfe90
Event: 7.066 loading class java/util/function/LongToDoubleFunction
Event: 7.066 loading class java/util/function/LongToDoubleFunction done


Dynamic libraries:
0x00007ff66a170000 - 0x00007ff66a17e000 	C:\Program Files\Eclipse Adoptium\jdk-17.0.4.101-hotspot\bin\java.exe
0x00007ff810df0000 - 0x00007ff810fe8000 	C:\WINDOWS\SYSTEM32\ntdll.dll
0x00007ff80f120000 - 0x00007ff80f1dd000 	C:\WINDOWS\System32\KERNEL32.DLL
0x00007ff80e910000 - 0x00007ff80ebe2000 	C:\WINDOWS\System32\KERNELBASE.dll
0x00007ff80ed50000 - 0x00007ff80ee50000 	C:\WINDOWS\System32\ucrtbase.dll
0x00007ffff3c50000 - 0x00007ffff3c69000 	C:\Program Files\Eclipse Adoptium\jdk-17.0.4.101-hotspot\bin\VCRUNTIME140.dll
0x00007ffff3c70000 - 0x00007ffff3c88000 	C:\Program Files\Eclipse Adoptium\jdk-17.0.4.101-hotspot\bin\jli.dll
0x00007ff810c10000 - 0x00007ff810dad000 	C:\WINDOWS\System32\USER32.dll
0x00007ffff5e80000 - 0x00007ffff611a000 	C:\WINDOWS\WinSxS\amd64_microsoft.windows.common-controls_6595b64144ccf1df_6.0.19041.1110_none_60b5254171f9507e\COMCTL32.dll
0x00007ff80e850000 - 0x00007ff80e872000 	C:\WINDOWS\System32\win32u.dll
0x00007ff80f1e0000 - 0x00007ff80f27e000 	C:\WINDOWS\System32\msvcrt.dll
0x00007ff80f290000 - 0x00007ff80f2bb000 	C:\WINDOWS\System32\GDI32.dll
0x00007ff80e710000 - 0x00007ff80e81f000 	C:\WINDOWS\System32\gdi32full.dll
0x00007ff80e500000 - 0x00007ff80e59d000 	C:\WINDOWS\System32\msvcp_win.dll
0x00007ff80f2c0000 - 0x00007ff80f2f0000 	C:\WINDOWS\System32\IMM32.DLL
0x00007ffffc6c0000 - 0x00007ffffc6cc000 	C:\Program Files\Eclipse Adoptium\jdk-17.0.4.101-hotspot\bin\vcruntime140_1.dll
0x00007fffdee30000 - 0x00007fffdeec1000 	C:\Program Files\Eclipse Adoptium\jdk-17.0.4.101-hotspot\bin\msvcp140.dll
0x00007fff8bd20000 - 0x00007fff8c966000 	C:\Program Files\Eclipse Adoptium\jdk-17.0.4.101-hotspot\bin\server\jvm.dll
0x00007ff80f2f0000 - 0x00007ff80f39e000 	C:\WINDOWS\System32\ADVAPI32.dll
0x00007ff810350000 - 0x00007ff8103ec000 	C:\WINDOWS\System32\sechost.dll
0x00007ff80f3a0000 - 0x00007ff80f4c5000 	C:\WINDOWS\System32\RPCRT4.dll
0x00007ff810ab0000 - 0x00007ff810ab8000 	C:\WINDOWS\System32\PSAPI.DLL
0x00007ff803610000 - 0x00007ff803637000 	C:\WINDOWS\SYSTEM32\WINMM.dll
0x00007ffffad10000 - 0x00007ffffad19000 	C:\WINDOWS\SYSTEM32\WSOCK32.dll
0x00007ff809320000 - 0x00007ff80932a000 	C:\WINDOWS\SYSTEM32\VERSION.dll
0x00007ff810a40000 - 0x00007ff810aab000 	C:\WINDOWS\System32\WS2_32.dll
0x00007ff80c300000 - 0x00007ff80c312000 	C:\WINDOWS\SYSTEM32\kernel.appcore.dll
0x00007ffffc190000 - 0x00007ffffc19a000 	C:\Program Files\Eclipse Adoptium\jdk-17.0.4.101-hotspot\bin\jimage.dll
0x00007ff8088b0000 - 0x00007ff808a94000 	C:\WINDOWS\SYSTEM32\DBGHELP.DLL
0x00007ff8086d0000 - 0x00007ff8086fc000 	C:\WINDOWS\SYSTEM32\dbgcore.DLL
0x00007ff80e880000 - 0x00007ff80e902000 	C:\WINDOWS\System32\bcryptPrimitives.dll
0x00007ffff3c20000 - 0x00007ffff3c45000 	C:\Program Files\Eclipse Adoptium\jdk-17.0.4.101-hotspot\bin\java.dll
0x00007fffded50000 - 0x00007fffdee26000 	C:\Program Files\Eclipse Adoptium\jdk-17.0.4.101-hotspot\bin\jsvml.dll
0x00007ff80fc00000 - 0x00007ff810343000 	C:\WINDOWS\System32\SHELL32.dll
0x00007ff80c5e0000 - 0x00007ff80cd71000 	C:\WINDOWS\SYSTEM32\windows.storage.dll
0x00007ff80f810000 - 0x00007ff80fb64000 	C:\WINDOWS\System32\combase.dll
0x00007ff80df60000 - 0x00007ff80df90000 	C:\WINDOWS\SYSTEM32\Wldp.dll
0x00007ff80f760000 - 0x00007ff80f80d000 	C:\WINDOWS\System32\SHCORE.dll
0x00007ff80ee50000 - 0x00007ff80eea5000 	C:\WINDOWS\System32\shlwapi.dll
0x00007ff80e440000 - 0x00007ff80e45f000 	C:\WINDOWS\SYSTEM32\profapi.dll
0x00007ffff3320000 - 0x00007ffff3339000 	C:\Program Files\Eclipse Adoptium\jdk-17.0.4.101-hotspot\bin\net.dll
0x00007ff8087a0000 - 0x00007ff8088ad000 	C:\WINDOWS\SYSTEM32\WINHTTP.dll
0x00007ff80dcc0000 - 0x00007ff80dd2a000 	C:\WINDOWS\system32\mswsock.dll
0x00007fffef570000 - 0x00007fffef585000 	C:\Program Files\Eclipse Adoptium\jdk-17.0.4.101-hotspot\bin\nio.dll
0x00007fffef550000 - 0x00007fffef568000 	C:\Program Files\Eclipse Adoptium\jdk-17.0.4.101-hotspot\bin\zip.dll
0x00007ffff40d0000 - 0x00007ffff40e0000 	C:\Program Files\Eclipse Adoptium\jdk-17.0.4.101-hotspot\bin\verify.dll
0x00007ffff2ec0000 - 0x00007ffff2ec9000 	C:\Program Files\Eclipse Adoptium\jdk-17.0.4.101-hotspot\bin\management.dll
0x00007ffff1d80000 - 0x00007ffff1d8b000 	C:\Program Files\Eclipse Adoptium\jdk-17.0.4.101-hotspot\bin\management_ext.dll
0x00007ff802310000 - 0x00007ff802327000 	C:\WINDOWS\system32\napinsp.dll
0x00007ff8022b0000 - 0x00007ff8022cb000 	C:\WINDOWS\system32\pnrpnsp.dll
0x00007ff802290000 - 0x00007ff8022a5000 	C:\WINDOWS\system32\wshbth.dll
0x00007ff809850000 - 0x00007ff80986d000 	C:\WINDOWS\system32\NLAapi.dll
0x00007ff80d960000 - 0x00007ff80d99b000 	C:\WINDOWS\SYSTEM32\IPHLPAPI.DLL
0x00007ff80d9b0000 - 0x00007ff80da7a000 	C:\WINDOWS\SYSTEM32\DNSAPI.dll
0x00007ff80f6d0000 - 0x00007ff80f6d8000 	C:\WINDOWS\System32\NSI.dll
0x00007ff8021e0000 - 0x00007ff8021f2000 	C:\WINDOWS\System32\winrnr.dll
0x00007ff807ff0000 - 0x00007ff807ffa000 	C:\Windows\System32\rasadhlp.dll
0x00007ff807800000 - 0x00007ff807880000 	C:\WINDOWS\System32\fwpuclnt.dll
0x00007ff80e820000 - 0x00007ff80e847000 	C:\WINDOWS\System32\bcrypt.dll
0x00007ff80deb0000 - 0x00007ff80dec8000 	C:\WINDOWS\SYSTEM32\CRYPTSP.dll
0x00007ff80d570000 - 0x00007ff80d5a4000 	C:\WINDOWS\system32\rsaenh.dll
0x00007ff80e3c0000 - 0x00007ff80e3ee000 	C:\WINDOWS\SYSTEM32\USERENV.dll
0x00007ff80ded0000 - 0x00007ff80dedc000 	C:\WINDOWS\SYSTEM32\CRYPTBASE.dll
0x00007ff809790000 - 0x00007ff8097a7000 	C:\WINDOWS\SYSTEM32\dhcpcsvc6.DLL
0x00007ff809770000 - 0x00007ff80978d000 	C:\WINDOWS\SYSTEM32\dhcpcsvc.DLL
0x00007fffdef80000 - 0x00007fffdefc5000 	C:\Users\amata\AppData\Local\Temp\jna-92925666\jna8103961194252151614.dll
0x00007ff810ac0000 - 0x00007ff810bea000 	C:\WINDOWS\System32\Ole32.dll
0x00007ff810860000 - 0x00007ff81090f000 	C:\WINDOWS\System32\clbcatq.dll
0x00007ff810970000 - 0x00007ff810a3d000 	C:\WINDOWS\System32\OleAut32.dll
0x00007ff804e70000 - 0x00007ff804e8f000 	C:\WINDOWS\SYSTEM32\amsi.dll
0x00007ff803310000 - 0x00007ff80338b000 	C:\ProgramData\Microsoft\Windows Defender\Platform\4.18.2209.7-0\MpOav.dll
0x00007ffff0d10000 - 0x00007ffff0d59000 	C:\WINDOWS\SYSTEM32\Pdh.dll
0x00007fffac580000 - 0x00007fffac58f000 	C:\WINDOWS\System32\perfos.dll

dbghelp: loaded successfully - version: 4.0.5 - missing functions: none
symbol engine: initialized successfully - sym options: 0x614 - pdb path: .;C:\Program Files\Eclipse Adoptium\jdk-17.0.4.101-hotspot\bin;C:\WINDOWS\SYSTEM32;C:\WINDOWS\WinSxS\amd64_microsoft.windows.common-controls_6595b64144ccf1df_6.0.19041.1110_none_60b5254171f9507e;C:\Program Files\Eclipse Adoptium\jdk-17.0.4.101-hotspot\bin\server;C:\Users\amata\AppData\Local\Temp\jna-92925666;C:\ProgramData\Microsoft\Windows Defender\Platform\4.18.2209.7-0

VM Arguments:
jvm_args: -Dforge.enableGameTest=true -Dforge.enabledGameTestNamespaces=packetsizedoublerforge -Dforge.logging.console.level=debug -Dforge.logging.markers=REGISTRIES -DignoreList=bootstraplauncher,securejarhandler,asm-commons,asm-util,asm-analysis,asm-tree,asm,client-extra,fmlcore,javafmllanguage,lowcodelanguage,mclanguage,forge- -Djava.net.preferIPv6Addresses=system -DlegacyClassPath.file=X:\Minecraft [Mods]\PacketSizeDoublerForge\build\classpath\runClient_minecraftClasspath.txt -DmergeModules=jna-5.10.0.jar,jna-platform-5.10.0.jar,java-objc-bridge-1.0.0.jar -DnativesDirectory=X:\Minecraft [Mods]\PacketSizeDoublerForge\build\natives -Dos.version=10.0 --module-path=D:\Gradle\caches\modules-2\files-2.1\cpw.mods\bootstraplauncher\1.0.0\f55ddbb35612c6745cefc47d1a0d6dbfb25d3982\bootstraplauncher-1.0.0.jar;D:\Gradle\caches\modules-2\files-2.1\cpw.mods\securejarhandler\1.0.3\acbf5e3c8a38fb8bf824a54fe45eee121c510392\securejarhandler-1.0.3.jar;D:\Gradle\caches\modules-2\files-2.1\org.ow2.asm\asm-commons\9.2\f4d7f0fc9054386f2893b602454d48e07d4fbead\asm-commons-9.2.jar;D:\Gradle\caches\modules-2\files-2.1\org.ow2.asm\asm-util\9.2\fbc178fc5ba3dab50fd7e8a5317b8b647c8e8946\asm-util-9.2.jar;D:\Gradle\caches\modules-2\files-2.1\org.ow2.asm\asm-analysis\9.2\7487dd756daf96cab9986e44b9d7bcb796a61c10\asm-analysis-9.2.jar;D:\Gradle\caches\modules-2\files-2.1\org.ow2.asm\asm-tree\9.2\d96c99a30f5e1a19b0e609dbb19a44d8518ac01e\asm-tree-9.2.jar;D:\Gradle\caches\modules-2\files-2.1\org.ow2.asm\asm\9.2\81a03f76019c67362299c40e0ba13405f5467bff\asm-9.2.jar --add-modules=ALL-MODULE-PATH --add-opens=java.base/java.util.jar=cpw.mods.securejarhandler --add-exports=java.base/sun.security.util=cpw.mods.securejarhandler --add-exports=jdk.naming.dns/com.sun.jndi.dns=java.naming -XX:HeapDumpPath=MojangTricksIntelDriversForPerformance_javaw.exe_minecraft.exe.heapdump -Dos.name=Windows 10 -Dfile.encoding=windows-1252 -Duser.country=ES -Duser.language=es -Duser.variant 
java_command: cpw.mods.bootstraplauncher.BootstrapLauncher --launchTarget forgeclientuserdev --version MOD_DEV --assetIndex 1.18 --assetsDir D:\Gradle\caches\forge_gradle\assets --gameDir . --fml.forgeVersion 40.1.84 --fml.mcVersion 1.18.2 --fml.forgeGroup net.minecraftforge --fml.mcpVersion 20220404.173914
java_class_path (initial): X:\Minecraft [Mods]\PacketSizeDoublerForge\build\classes\java\main;X:\Minecraft [Mods]\PacketSizeDoublerForge\build\resources\main;D:\Gradle\caches\forge_gradle\minecraft_user_repo\net\minecraftforge\forge\1.18.2-40.1.84_mapped_official_1.18.2\forge-1.18.2-40.1.84_mapped_official_1.18.2-recomp.jar;D:\Gradle\caches\forge_gradle\minecraft_repo\versions\1.18.2\client-extra.jar;D:\Gradle\caches\modules-2\files-2.1\net.minecraftforge\javafmllanguage\1.18.2-40.1.84\186c58367889d719f6bc3705ff0826712380bcea\javafmllanguage-1.18.2-40.1.84.jar;D:\Gradle\caches\modules-2\files-2.1\net.minecraftforge\lowcodelanguage\1.18.2-40.1.84\7e15a3b7746b4b3f87179e0e9f8cefefc635f83e\lowcodelanguage-1.18.2-40.1.84.jar;D:\Gradle\caches\modules-2\files-2.1\net.minecraftforge\mclanguage\1.18.2-40.1.84\33db9a422c2f7b53fec27707bb4d3f1e59b3ec55\mclanguage-1.18.2-40.1.84.jar;D:\Gradle\caches\modules-2\files-2.1\net.minecraftforge\fmlcore\1.18.2-40.1.84\747c8df870fa2fd0ca766f624ebc28d0a03ab8a5\fmlcore-1.18.2-40.1.84.jar;D:\Gradle\caches\modules-2\files-2.1\net.minecraftforge\fmlloader\1.18.2-40.1.84\89b28caf1b46254d85f138b6e7ba627bd9d18c78\fmlloader-1.18.2-40.1.84.jar;D:\Gradle\caches\modules-2\files-2.1\net.minecraftforge\JarJar\0.3.0\224dc7851fd1613b681365adcd8af636aa52e505\JarJar-0.3.0.jar;D:\Gradle\caches\modules-2\files-2.1\com.google.guava\guava\31.0.1-jre\119ea2b2bc205b138974d351777b20f02b92704b\guava-31.0.1-jre.jar;D:\Gradle\caches\modules-2\files-2.1\com.google.code.findbugs\jsr305\3.0.2\25ea2e8b0c338a877313bd4672d3fe056ea78f0d\jsr305-3.0.2.jar;D:\Gradle\caches\modules-2\files-2.1\ca.weblite\java-objc-bridge\1.0.0\6ef160c3133a78de015830860197602ca1c855d3\java-objc-bridge-1.0.0.jar;D:\Gradle\caches\modules-2\files-2.1\net.minecraftforge\mergetool\1.1.3\d7d4b6eac7f49c59255c8ac25190802c29ac9a4a\mergetool-1.1.3-api.jar;D:\Gradle\caches\modules-2\files-2.1\org.jetbrains\annotations\23.0.0\8cc20c07506ec18e0834947b84a864bfc094484e\annotations-23.0.0.jar;D:\Gradle\cach
Launcher Type: SUN_STANDARD

[Global flags]
     intx CICompilerCount                          = 4                                         {product} {ergonomic}
     uint ConcGCThreads                            = 3                                         {product} {ergonomic}
     uint G1ConcRefinementThreads                  = 10                                        {product} {ergonomic}
   size_t G1HeapRegionSize                         = 4194304                                   {product} {ergonomic}
    uintx GCDrainStackTargetSize                   = 64                                        {product} {ergonomic}
    ccstr HeapDumpPath                             = MojangTricksIntelDriversForPerformance_javaw.exe_minecraft.exe.heapdump         {manageable} {command line}
   size_t InitialHeapSize                          = 536870912                                 {product} {ergonomic}
   size_t MarkStackSize                            = 4194304                                   {product} {ergonomic}
   size_t MaxHeapSize                              = 8568963072                                {product} {ergonomic}
   size_t MaxNewSize                               = 5138022400                                {product} {ergonomic}
   size_t MinHeapDeltaBytes                        = 4194304                                   {product} {ergonomic}
   size_t MinHeapSize                              = 8388608                                   {product} {ergonomic}
    uintx NonNMethodCodeHeapSize                   = 5839372                                {pd product} {ergonomic}
    uintx NonProfiledCodeHeapSize                  = 122909434                              {pd product} {ergonomic}
    uintx ProfiledCodeHeapSize                     = 122909434                              {pd product} {ergonomic}
    uintx ReservedCodeCacheSize                    = 251658240                              {pd product} {ergonomic}
     bool SegmentedCodeCache                       = true                                      {product} {ergonomic}
   size_t SoftMaxHeapSize                          = 8568963072                             {manageable} {ergonomic}
     bool UseCompressedClassPointers               = true                           {product lp64_product} {ergonomic}
     bool UseCompressedOops                        = true                           {product lp64_product} {ergonomic}
     bool UseG1GC                                  = true                                      {product} {ergonomic}
     bool UseLargePagesIndividualAllocation        = false                                  {pd product} {ergonomic}

Logging:
Log output configuration:
 #0: stdout all=warning uptime,level,tags
 #1: stderr all=off uptime,level,tags

Environment Variables:
PATH=C:\Program Files\Eclipse Adoptium\jdk-17.0.4.101-hotspot\bin;C:\Program Files (x86)\Common Files\Oracle\Java\javapath;C:\WINDOWS\system32;C:\WINDOWS;C:\WINDOWS\System32\Wbem;C:\WINDOWS\System32\WindowsPowerShell\v1.0\;C:\WINDOWS\System32\OpenSSH\;C:\Program Files (x86)\NVIDIA Corporation\PhysX\Common;C:\Program Files\Git\cmd;C:\Program Files\NVIDIA Corporation\NVIDIA NvDLISR;C:\Users\amata\AppData\Local\Microsoft\WindowsApps;;C:\Users\amata\AppData\Local\JetBrains\Toolbox\scripts
USERNAME=amata
OS=Windows_NT
PROCESSOR_IDENTIFIER=AMD64 Family 23 Model 113 Stepping 0, AuthenticAMD
TMP=C:\Users\amata\AppData\Local\Temp
TEMP=C:\Users\amata\AppData\Local\Temp



---------------  S Y S T E M  ---------------

OS:
 Windows 10 , 64 bit Build 19041 (10.0.19041.1889)
OS uptime: 2 days 23:45 hours

CPU: total 12 (initial active 12) (12 cores per cpu, 2 threads per core) family 23 model 113 stepping 0 microcode 0x0, cx8, cmov, fxsr, ht, mmx, 3dnowpref, sse, sse2, sse3, ssse3, sse4a, sse4.1, sse4.2, popcnt, lzcnt, tsc, tscinvbit, avx, avx2, aes, clmul, bmi1, bmi2, adx, sha, fma, vzeroupper, clflush, clflushopt

Memory: 4k page, system-wide physical 32684M (4467M free)
TotalPageFile size 34712M (AvailPageFile size 308M)
current process WorkingSet (physical memory assigned to process): 1375M, peak: 1380M
current process commit charge ("private bytes"): 1449M, peak: 2596M

vm_info: OpenJDK 64-Bit Server VM (17.0.4.1+1) for windows-amd64 JRE (17.0.4.1+1), built on Aug 17 2022 07:42:43 by "temurin" with MS VC++ 16.7 (VS2019)

END.
