#
# There is insufficient memory for the Java Runtime Environment to continue.
# Native memory allocation (mmap) failed to map 1031798784 bytes for G1 virtual space
# Possible reasons:
#   The system is out of physical RAM or swap space
#   The process is running with CompressedOops enabled, and the Java Heap may be blocking the growth of the native heap
# Possible solutions:
#   Reduce memory load on the system
#   Increase physical memory or swap space
#   Check if swap backing store is full
#   Decrease Java heap size (-Xmx/-Xms)
#   Decrease number of Java threads
#   Decrease Java thread stack sizes (-Xss)
#   Set larger code cache with -XX:ReservedCodeCacheSize=
#   JVM is running with Zero Based Compressed Oops mode in which the Java heap is
#     placed in the first 32GB address space. The Java Heap base address is the
#     maximum limit for the native heap growth. Please use -XX:HeapBaseMinAddress
#     to set the Java Heap base and to place the Java Heap above 32GB virtual address.
# This output file may be truncated or incomplete.
#
#  Out of Memory Error (os_windows.cpp:3541), pid=21740, tid=8016
#
# JRE version: OpenJDK Runtime Environment Temurin-17.0.4.1+1 (17.0.4.1+1) (build 17.0.4.1+1)
# Java VM: OpenJDK 64-Bit Server VM Temurin-17.0.4.1+1 (17.0.4.1+1, mixed mode, sharing, tiered, compressed oops, compressed class ptrs, g1 gc, windows-amd64)
# No core dump will be written. Minidumps are not enabled by default on client versions of Windows
#

---------------  S U M M A R Y ------------

Command Line: -Dforge.enableGameTest=true -Dforge.enabledGameTestNamespaces=packetsizedoublerforge -Dforge.logging.console.level=debug -Dforge.logging.markers=REGISTRIES -DignoreList=bootstraplauncher,securejarhandler,asm-commons,asm-util,asm-analysis,asm-tree,asm,client-extra,fmlcore,javafmllanguage,lowcodelanguage,mclanguage,forge- -Djava.net.preferIPv6Addresses=system -DlegacyClassPath.file=X:\Minecraft [Mods]\PacketSizeDoublerForge\build\classpath\runClient_minecraftClasspath.txt -DmergeModules=jna-5.10.0.jar,jna-platform-5.10.0.jar,java-objc-bridge-1.0.0.jar -DnativesDirectory=X:\Minecraft [Mods]\PacketSizeDoublerForge\build\natives -Dos.version=10.0 --module-path=D:\Gradle\caches\modules-2\files-2.1\cpw.mods\bootstraplauncher\1.0.0\f55ddbb35612c6745cefc47d1a0d6dbfb25d3982\bootstraplauncher-1.0.0.jar;D:\Gradle\caches\modules-2\files-2.1\cpw.mods\securejarhandler\1.0.3\acbf5e3c8a38fb8bf824a54fe45eee121c510392\securejarhandler-1.0.3.jar;D:\Gradle\caches\modules-2\files-2.1\org.ow2.asm\asm-commons\9.2\f4d7f0fc9054386f2893b602454d48e07d4fbead\asm-commons-9.2.jar;D:\Gradle\caches\modules-2\files-2.1\org.ow2.asm\asm-util\9.2\fbc178fc5ba3dab50fd7e8a5317b8b647c8e8946\asm-util-9.2.jar;D:\Gradle\caches\modules-2\files-2.1\org.ow2.asm\asm-analysis\9.2\7487dd756daf96cab9986e44b9d7bcb796a61c10\asm-analysis-9.2.jar;D:\Gradle\caches\modules-2\files-2.1\org.ow2.asm\asm-tree\9.2\d96c99a30f5e1a19b0e609dbb19a44d8518ac01e\asm-tree-9.2.jar;D:\Gradle\caches\modules-2\files-2.1\org.ow2.asm\asm\9.2\81a03f76019c67362299c40e0ba13405f5467bff\asm-9.2.jar --add-modules=ALL-MODULE-PATH --add-opens=java.base/java.util.jar=cpw.mods.securejarhandler --add-exports=java.base/sun.security.util=cpw.mods.securejarhandler --add-exports=jdk.naming.dns/com.sun.jndi.dns=java.naming -XX:HeapDumpPath=MojangTricksIntelDriversForPerformance_javaw.exe_minecraft.exe.heapdump -Dos.name=Windows 10 -Dfile.encoding=windows-1252 -Duser.country=ES -Duser.language=es -Duser.variant cpw.mods.bootstraplauncher.BootstrapLauncher --launchTarget forgeclientuserdev --version MOD_DEV --assetIndex 1.18 --assetsDir D:\Gradle\caches\forge_gradle\assets --gameDir . --fml.forgeVersion 40.1.84 --fml.mcVersion 1.18.2 --fml.forgeGroup net.minecraftforge --fml.mcpVersion 20220404.173914

Host: AMD Ryzen 5 3600X 6-Core Processor             , 12 cores, 31G,  Windows 10 , 64 bit Build 19041 (10.0.19041.1889)
Time: Sun Oct 16 00:51:20 2022 Hora de verano romance elapsed time: 7.835704 seconds (0d 0h 0m 7s)

---------------  T H R E A D  ---------------

Current thread (0x000001e0fb3a07e0):  VMThread "VM Thread" [stack: 0x000000519bf00000,0x000000519c000000] [id=8016]

Stack: [0x000000519bf00000,0x000000519c000000]
Native frames: (J=compiled Java code, j=interpreted, Vv=VM code, C=native code)
V  [jvm.dll+0x67731a]
V  [jvm.dll+0x832284]
V  [jvm.dll+0x833a2e]
V  [jvm.dll+0x834093]
V  [jvm.dll+0x245775]
V  [jvm.dll+0x674209]
V  [jvm.dll+0x668a92]
V  [jvm.dll+0x30471b]
V  [jvm.dll+0x30bc66]
V  [jvm.dll+0x35ba9e]
V  [jvm.dll+0x35bccf]
V  [jvm.dll+0x2db5b8]
V  [jvm.dll+0x2d986c]
V  [jvm.dll+0x2d8e3c]
V  [jvm.dll+0x31cd9b]
V  [jvm.dll+0x83853b]
V  [jvm.dll+0x839274]
V  [jvm.dll+0x83978c]
V  [jvm.dll+0x839b64]
V  [jvm.dll+0x839c30]
V  [jvm.dll+0x7e240a]
V  [jvm.dll+0x6761a5]
C  [ucrtbase.dll+0x21bb2]
C  [KERNEL32.DLL+0x17034]
C  [ntdll.dll+0x526a1]

VM_Operation (0x000000519e9fdb50): G1CollectForAllocation, mode: safepoint, requested by thread 0x000001e0fe54fb30


---------------  P R O C E S S  ---------------

Threads class SMR info:
_java_thread_list=0x000001e0fe59eea0, length=29, elements={
0x000001e0ee1dbba0, 0x000001e0fb3a6bc0, 0x000001e0fb3a7940, 0x000001e0fb3bf850,
0x000001e0fb3e2130, 0x000001e0fb3e29f0, 0x000001e0fb3e3cd0, 0x000001e0fb3e68d0,
0x000001e0fb3fb8a0, 0x000001e0fb3fc1a0, 0x000001e0fc021130, 0x000001e0fc0764b0,
0x000001e0fc08acb0, 0x000001e0fced42b0, 0x000001e0fd347b00, 0x000001e0fd3497e0,
0x000001e0fd3484a0, 0x000001e0fe552680, 0x000001e0fe550000, 0x000001e0fe54e7f0,
0x000001e0fe554d00, 0x000001e0fe552b50, 0x000001e0fe5539c0, 0x000001e0fe553e90,
0x000001e0fe54f190, 0x000001e0fe54f660, 0x000001e0fe554830, 0x000001e0fe54fb30,
0x000001e0fe550e70
}

Java Threads: ( => current thread )
  0x000001e0ee1dbba0 JavaThread "main" [_thread_blocked, id=5296, stack(0x000000519b900000,0x000000519ba00000)]
  0x000001e0fb3a6bc0 JavaThread "Reference Handler" daemon [_thread_blocked, id=12324, stack(0x000000519c000000,0x000000519c100000)]
  0x000001e0fb3a7940 JavaThread "Finalizer" daemon [_thread_blocked, id=19832, stack(0x000000519c100000,0x000000519c200000)]
  0x000001e0fb3bf850 JavaThread "Signal Dispatcher" daemon [_thread_blocked, id=18136, stack(0x000000519c200000,0x000000519c300000)]
  0x000001e0fb3e2130 JavaThread "Attach Listener" daemon [_thread_blocked, id=19676, stack(0x000000519c300000,0x000000519c400000)]
  0x000001e0fb3e29f0 JavaThread "Service Thread" daemon [_thread_blocked, id=21488, stack(0x000000519c400000,0x000000519c500000)]
  0x000001e0fb3e3cd0 JavaThread "Monitor Deflation Thread" daemon [_thread_blocked, id=1916, stack(0x000000519c500000,0x000000519c600000)]
  0x000001e0fb3e68d0 JavaThread "C2 CompilerThread0" daemon [_thread_blocked, id=19304, stack(0x000000519c600000,0x000000519c700000)]
  0x000001e0fb3fb8a0 JavaThread "C1 CompilerThread0" daemon [_thread_blocked, id=6648, stack(0x000000519c700000,0x000000519c800000)]
  0x000001e0fb3fc1a0 JavaThread "Sweeper thread" daemon [_thread_blocked, id=9584, stack(0x000000519c800000,0x000000519c900000)]
  0x000001e0fc021130 JavaThread "Common-Cleaner" daemon [_thread_blocked, id=11372, stack(0x000000519c900000,0x000000519ca00000)]
  0x000001e0fc0764b0 JavaThread "C2 CompilerThread1" daemon [_thread_blocked, id=13612, stack(0x000000519ca00000,0x000000519cb00000)]
  0x000001e0fc08acb0 JavaThread "Notification Thread" daemon [_thread_blocked, id=21816, stack(0x000000519cb00000,0x000000519cc00000)]
  0x000001e0fced42b0 JavaThread "C2 CompilerThread2" daemon [_thread_blocked, id=16676, stack(0x000000519cd00000,0x000000519ce00000)]
  0x000001e0fd347b00 JavaThread "Thread-0" daemon [_thread_blocked, id=10028, stack(0x000000519d700000,0x000000519d800000)]
  0x000001e0fd3497e0 JavaThread "FileSystemWatchService" daemon [_thread_in_native, id=21336, stack(0x000000519d800000,0x000000519d900000)]
  0x000001e0fd3484a0 JavaThread "pool-2-thread-1" daemon [_thread_blocked, id=18580, stack(0x000000519db00000,0x000000519dc00000)]
  0x000001e0fe552680 JavaThread "pool-3-thread-1" [_thread_blocked, id=10364, stack(0x000000519df00000,0x000000519e000000)]
  0x000001e0fe550000 JavaThread "Worker-Bootstrap-1" daemon [_thread_blocked, id=12044, stack(0x000000519e000000,0x000000519e100000)]
  0x000001e0fe54e7f0 JavaThread "Worker-Bootstrap-2" daemon [_thread_blocked, id=19684, stack(0x000000519e100000,0x000000519e200000)]
  0x000001e0fe554d00 JavaThread "Worker-Bootstrap-3" daemon [_thread_blocked, id=17088, stack(0x000000519e200000,0x000000519e300000)]
  0x000001e0fe552b50 JavaThread "Worker-Bootstrap-4" daemon [_thread_blocked, id=3060, stack(0x000000519e300000,0x000000519e400000)]
  0x000001e0fe5539c0 JavaThread "Worker-Bootstrap-5" daemon [_thread_blocked, id=16280, stack(0x000000519e400000,0x000000519e500000)]
  0x000001e0fe553e90 JavaThread "Worker-Bootstrap-6" daemon [_thread_blocked, id=21052, stack(0x000000519e500000,0x000000519e600000)]
  0x000001e0fe54f190 JavaThread "Worker-Bootstrap-7" daemon [_thread_blocked, id=16992, stack(0x000000519e600000,0x000000519e700000)]
  0x000001e0fe54f660 JavaThread "Worker-Bootstrap-8" daemon [_thread_blocked, id=16368, stack(0x000000519e700000,0x000000519e800000)]
  0x000001e0fe554830 JavaThread "Worker-Bootstrap-9" daemon [_thread_blocked, id=14456, stack(0x000000519e800000,0x000000519e900000)]
  0x000001e0fe54fb30 JavaThread "Worker-Bootstrap-10" daemon [_thread_blocked, id=8552, stack(0x000000519e900000,0x000000519ea00000)]
  0x000001e0fe550e70 JavaThread "Worker-Bootstrap-11" daemon [_thread_blocked, id=6912, stack(0x000000519ea00000,0x000000519eb00000)]

Other Threads:
=>0x000001e0fb3a07e0 VMThread "VM Thread" [stack: 0x000000519bf00000,0x000000519c000000] [id=8016]
  0x000001e0fb206120 WatcherThread [stack: 0x000000519cc00000,0x000000519cd00000] [id=13856]
  0x000001e0ee28b4c0 GCTaskThread "GC Thread#0" [stack: 0x000000519ba00000,0x000000519bb00000] [id=11904]
  0x000001e0fcef7c30 GCTaskThread "GC Thread#1" [stack: 0x000000519ce00000,0x000000519cf00000] [id=12032]
  0x000001e0fd55c6b0 GCTaskThread "GC Thread#2" [stack: 0x000000519cf00000,0x000000519d000000] [id=6156]
  0x000001e0fcd7c750 GCTaskThread "GC Thread#3" [stack: 0x000000519d000000,0x000000519d100000] [id=15432]
  0x000001e0fcd7ca00 GCTaskThread "GC Thread#4" [stack: 0x000000519d100000,0x000000519d200000] [id=20776]
  0x000001e0fd576f70 GCTaskThread "GC Thread#5" [stack: 0x000000519d200000,0x000000519d300000] [id=7752]
  0x000001e0fd577220 GCTaskThread "GC Thread#6" [stack: 0x000000519d300000,0x000000519d400000] [id=9832]
  0x000001e0fd21c720 GCTaskThread "GC Thread#7" [stack: 0x000000519d400000,0x000000519d500000] [id=14864]
  0x000001e0fd21cde0 GCTaskThread "GC Thread#8" [stack: 0x000000519d500000,0x000000519d600000] [id=21948]
  0x000001e0fd53a4f0 GCTaskThread "GC Thread#9" [stack: 0x000000519d600000,0x000000519d700000] [id=22368]
  0x000001e0ee29c260 ConcurrentGCThread "G1 Main Marker" [stack: 0x000000519bb00000,0x000000519bc00000] [id=22176]
  0x000001e0ee29d320 ConcurrentGCThread "G1 Conc#0" [stack: 0x000000519bc00000,0x000000519bd00000] [id=22424]
  0x000001e0ff34cb30 ConcurrentGCThread "G1 Conc#1" [stack: 0x000000519d900000,0x000000519da00000] [id=17700]
  0x000001e0ff34de00 ConcurrentGCThread "G1 Conc#2" [stack: 0x000000519da00000,0x000000519db00000] [id=4032]
  0x000001e0fb2df740 ConcurrentGCThread "G1 Refine#0" [stack: 0x000000519bd00000,0x000000519be00000] [id=6688]
  0x000001e09f9d8610 ConcurrentGCThread "G1 Refine#1" [stack: 0x000000519eb00000,0x000000519ec00000] [id=10552]
  0x000001e09f9d88f0 ConcurrentGCThread "G1 Refine#2" [stack: 0x000000519ec00000,0x000000519ed00000] [id=9428]
  0x000001e0fecc53e0 ConcurrentGCThread "G1 Refine#3" [stack: 0x000000519ed00000,0x000000519ee00000] [id=17788]
  0x000001e0fecc3fc0 ConcurrentGCThread "G1 Refine#4" [stack: 0x000000519ee00000,0x000000519ef00000] [id=13892]
  0x000001e0fecc59a0 ConcurrentGCThread "G1 Refine#5" [stack: 0x000000519ef00000,0x000000519f000000] [id=5224]
  0x000001e0fecc56c0 ConcurrentGCThread "G1 Refine#6" [stack: 0x000000519f000000,0x000000519f100000] [id=19528]
  0x000001e0fecc42a0 ConcurrentGCThread "G1 Refine#7" [stack: 0x000000519f100000,0x000000519f200000] [id=8368]
  0x000001e0fb2dff70 ConcurrentGCThread "G1 Service" [stack: 0x000000519be00000,0x000000519bf00000] [id=20444]

Threads with active compile tasks:
C2 CompilerThread0     7849 9812       4       java.lang.invoke.MethodType::equals (56 bytes)
C1 CompilerThread0     7849 9813       3       com.mojang.datafixers.types.families.RecursiveTypeFamily::lambda$fold$0 (44 bytes)
C2 CompilerThread2     7849 9804   !   4       org.apache.commons.lang3.ObjectUtils::clone (226 bytes)

VM state: at safepoint (normal execution)

VM Mutex/Monitor currently owned by a thread:  ([mutex/lock_event])
[0x000001e0ee1d6980] Threads_lock - owner thread: 0x000001e0fb3a07e0
[0x000001e0ee1d7f70] Heap_lock - owner thread: 0x000001e0fe54fb30

Heap address: 0x0000000601400000, size: 8172 MB, Compressed Oops mode: Zero based, Oop shift amount: 3

CDS archive(s) mapped at: [0x0000000800000000-0x0000000800bc0000-0x0000000800bc0000), size 12320768, SharedBaseAddress: 0x0000000800000000, ArchiveRelocationMode: 0.
Compressed class space mapped at: 0x0000000800c00000-0x0000000840c00000, reserved size: 1073741824
Narrow klass base: 0x0000000800000000, Narrow klass shift: 0, Narrow klass range: 0x100000000

GC Precious Log:
 CPUs: 12 total, 12 available
 Memory: 32684M
 Large Page Support: Disabled
 NUMA Support: Disabled
 Compressed Oops: Enabled (Zero based)
 Heap Region Size: 4M
 Heap Min Capacity: 8M
 Heap Initial Capacity: 512M
 Heap Max Capacity: 8172M
 Pre-touch: Disabled
 Parallel Workers: 10
 Concurrent Workers: 3
 Concurrent Refinement Workers: 10
 Periodic GC: Disabled

Heap:
 garbage-first heap   total 1007616K, used 238859K [0x0000000601400000, 0x0000000800000000)
  region size 4096K, 5 young (20480K), 5 survivors (20480K)
 Metaspace       used 55369K, committed 56512K, reserved 1097728K
  class space    used 8172K, committed 8704K, reserved 1048576K

Heap Regions: E=young(eden), S=young(survivor), O=old, HS=humongous(starts), HC=humongous(continues), CS=collection set, F=free, OA=open archive, CA=closed archive, TAMS=top-at-mark-start (previous, next)
|   0|0x0000000601400000, 0x0000000601800000, 0x0000000601800000|100%| O|  |TAMS 0x0000000601800000, 0x0000000601400000| Untracked 
|   1|0x0000000601800000, 0x0000000601c00000, 0x0000000601c00000|100%| O|  |TAMS 0x0000000601800000, 0x0000000601800000| Untracked 
|   2|0x0000000601c00000, 0x0000000602000000, 0x0000000602000000|100%| O|  |TAMS 0x0000000602000000, 0x0000000601c00000| Untracked 
|   3|0x0000000602000000, 0x0000000602400000, 0x0000000602400000|100%| O|  |TAMS 0x0000000602400000, 0x0000000602000000| Untracked 
|   4|0x0000000602400000, 0x0000000602800000, 0x0000000602800000|100%| O|  |TAMS 0x0000000602800000, 0x0000000602400000| Untracked 
|   5|0x0000000602800000, 0x0000000602c00000, 0x0000000602c00000|100%| O|  |TAMS 0x0000000602c00000, 0x0000000602800000| Untracked 
|   6|0x0000000602c00000, 0x0000000603000000, 0x0000000603000000|100%| O|  |TAMS 0x0000000603000000, 0x0000000602c00000| Untracked 
|   7|0x0000000603000000, 0x0000000603400000, 0x0000000603400000|100%| O|  |TAMS 0x0000000603400000, 0x0000000603000000| Untracked 
|   8|0x0000000603400000, 0x0000000603800000, 0x0000000603800000|100%| O|  |TAMS 0x0000000603800000, 0x0000000603400000| Untracked 
|   9|0x0000000603800000, 0x0000000603bbec00, 0x0000000603c00000| 93%| O|  |TAMS 0x0000000603bbec00, 0x0000000603800000| Untracked 
|  10|0x0000000603c00000, 0x0000000604000000, 0x0000000604000000|100%| O|  |TAMS 0x0000000604000000, 0x0000000603c00000| Untracked 
|  11|0x0000000604000000, 0x0000000604400000, 0x0000000604400000|100%| O|  |TAMS 0x0000000604400000, 0x0000000604000000| Untracked 
|  12|0x0000000604400000, 0x0000000604800000, 0x0000000604800000|100%| O|  |TAMS 0x0000000604800000, 0x0000000604400000| Untracked 
|  13|0x0000000604800000, 0x0000000604c00000, 0x0000000604c00000|100%| O|  |TAMS 0x0000000604800000, 0x0000000604800000| Untracked 
|  14|0x0000000604c00000, 0x0000000605000000, 0x0000000605000000|100%|HS|  |TAMS 0x0000000605000000, 0x0000000604c00000| Complete 
|  15|0x0000000605000000, 0x0000000605400000, 0x0000000605400000|100%|HC|  |TAMS 0x0000000605400000, 0x0000000605000000| Complete 
|  16|0x0000000605400000, 0x0000000605800000, 0x0000000605800000|100%|HC|  |TAMS 0x0000000605800000, 0x0000000605400000| Complete 
|  17|0x0000000605800000, 0x0000000605c00000, 0x0000000605c00000|100%| O|  |TAMS 0x0000000605800000, 0x0000000605800000| Untracked 
|  18|0x0000000605c00000, 0x0000000606000000, 0x0000000606000000|100%| O|  |TAMS 0x0000000605c00000, 0x0000000605c00000| Untracked 
|  19|0x0000000606000000, 0x0000000606400000, 0x0000000606400000|100%| O|  |TAMS 0x0000000606000000, 0x0000000606000000| Untracked 
|  20|0x0000000606400000, 0x0000000606800000, 0x0000000606800000|100%| O|  |TAMS 0x0000000606400000, 0x0000000606400000| Untracked 
|  21|0x0000000606800000, 0x0000000606c00000, 0x0000000606c00000|100%| O|  |TAMS 0x0000000606800000, 0x0000000606800000| Untracked 
|  22|0x0000000606c00000, 0x0000000607000000, 0x0000000607000000|100%| O|  |TAMS 0x0000000606c00000, 0x0000000606c00000| Untracked 
|  23|0x0000000607000000, 0x0000000607400000, 0x0000000607400000|100%| O|  |TAMS 0x0000000607000000, 0x0000000607000000| Untracked 
|  24|0x0000000607400000, 0x0000000607800000, 0x0000000607800000|100%| O|  |TAMS 0x0000000607400000, 0x0000000607400000| Untracked 
|  25|0x0000000607800000, 0x0000000607c00000, 0x0000000607c00000|100%| O|  |TAMS 0x0000000607800000, 0x0000000607800000| Untracked 
|  26|0x0000000607c00000, 0x0000000608000000, 0x0000000608000000|100%| O|  |TAMS 0x0000000607c00000, 0x0000000607c00000| Untracked 
|  27|0x0000000608000000, 0x0000000608400000, 0x0000000608400000|100%| O|  |TAMS 0x0000000608000000, 0x0000000608000000| Untracked 
|  28|0x0000000608400000, 0x0000000608800000, 0x0000000608800000|100%| O|  |TAMS 0x0000000608400000, 0x0000000608400000| Untracked 
|  29|0x0000000608800000, 0x0000000608c00000, 0x0000000608c00000|100%| O|  |TAMS 0x0000000608800000, 0x0000000608800000| Untracked 
|  30|0x0000000608c00000, 0x0000000609000000, 0x0000000609000000|100%| O|  |TAMS 0x0000000608c00000, 0x0000000608c00000| Untracked 
|  31|0x0000000609000000, 0x0000000609400000, 0x0000000609400000|100%| O|  |TAMS 0x0000000609000000, 0x0000000609000000| Untracked 
|  32|0x0000000609400000, 0x0000000609800000, 0x0000000609800000|100%| O|  |TAMS 0x0000000609400000, 0x0000000609400000| Untracked 
|  33|0x0000000609800000, 0x0000000609c00000, 0x0000000609c00000|100%| O|  |TAMS 0x0000000609800000, 0x0000000609800000| Untracked 
|  34|0x0000000609c00000, 0x000000060a000000, 0x000000060a000000|100%| O|  |TAMS 0x0000000609c00000, 0x0000000609c00000| Untracked 
|  35|0x000000060a000000, 0x000000060a400000, 0x000000060a400000|100%| O|  |TAMS 0x000000060a000000, 0x000000060a000000| Untracked 
|  36|0x000000060a400000, 0x000000060a800000, 0x000000060a800000|100%| O|  |TAMS 0x000000060a400000, 0x000000060a400000| Untracked 
|  37|0x000000060a800000, 0x000000060ac00000, 0x000000060ac00000|100%| O|  |TAMS 0x000000060a800000, 0x000000060a800000| Untracked 
|  38|0x000000060ac00000, 0x000000060b000000, 0x000000060b000000|100%| O|  |TAMS 0x000000060ac00000, 0x000000060ac00000| Untracked 
|  39|0x000000060b000000, 0x000000060b400000, 0x000000060b400000|100%| O|  |TAMS 0x000000060b000000, 0x000000060b000000| Untracked 
|  40|0x000000060b400000, 0x000000060b800000, 0x000000060b800000|100%| O|  |TAMS 0x000000060b400000, 0x000000060b400000| Untracked 
|  41|0x000000060b800000, 0x000000060bc00000, 0x000000060bc00000|100%| O|  |TAMS 0x000000060b800000, 0x000000060b800000| Untracked 
|  42|0x000000060bc00000, 0x000000060c000000, 0x000000060c000000|100%| O|  |TAMS 0x000000060bc00000, 0x000000060bc00000| Untracked 
|  43|0x000000060c000000, 0x000000060c400000, 0x000000060c400000|100%| O|  |TAMS 0x000000060c000000, 0x000000060c000000| Untracked 
|  44|0x000000060c400000, 0x000000060c800000, 0x000000060c800000|100%| O|  |TAMS 0x000000060c400000, 0x000000060c400000| Untracked 
|  45|0x000000060c800000, 0x000000060cc00000, 0x000000060cc00000|100%| O|  |TAMS 0x000000060c800000, 0x000000060c800000| Untracked 
|  46|0x000000060cc00000, 0x000000060d000000, 0x000000060d000000|100%| O|  |TAMS 0x000000060cc00000, 0x000000060cc00000| Untracked 
|  47|0x000000060d000000, 0x000000060d400000, 0x000000060d400000|100%| O|  |TAMS 0x000000060d000000, 0x000000060d000000| Untracked 
|  48|0x000000060d400000, 0x000000060d800000, 0x000000060d800000|100%| O|  |TAMS 0x000000060d400000, 0x000000060d400000| Untracked 
|  49|0x000000060d800000, 0x000000060dc00000, 0x000000060dc00000|100%| O|  |TAMS 0x000000060d800000, 0x000000060d800000| Untracked 
|  50|0x000000060dc00000, 0x000000060e000000, 0x000000060e000000|100%| O|  |TAMS 0x000000060dc00000, 0x000000060dc00000| Untracked 
|  51|0x000000060e000000, 0x000000060e400000, 0x000000060e400000|100%| O|  |TAMS 0x000000060e000000, 0x000000060e000000| Untracked 
|  52|0x000000060e400000, 0x000000060e800000, 0x000000060e800000|100%| O|  |TAMS 0x000000060e400000, 0x000000060e400000| Untracked 
|  53|0x000000060e800000, 0x000000060e8a6e00, 0x000000060ec00000| 16%| O|  |TAMS 0x000000060e800000, 0x000000060e800000| Untracked 
|  54|0x000000060ec00000, 0x000000060f000000, 0x000000060f000000|100%|HS|  |TAMS 0x000000060ec00000, 0x000000060ec00000| Complete 
|  55|0x000000060f000000, 0x000000060f000000, 0x000000060f400000|  0%| F|  |TAMS 0x000000060f000000, 0x000000060f000000| Untracked 
|  56|0x000000060f400000, 0x000000060f400000, 0x000000060f800000|  0%| F|  |TAMS 0x000000060f400000, 0x000000060f400000| Untracked 
|  57|0x000000060f800000, 0x000000060f800000, 0x000000060fc00000|  0%| F|  |TAMS 0x000000060f800000, 0x000000060f800000| Untracked 
|  58|0x000000060fc00000, 0x000000060fc00000, 0x0000000610000000|  0%| F|  |TAMS 0x000000060fc00000, 0x000000060fc00000| Untracked 
|  59|0x0000000610000000, 0x0000000610000000, 0x0000000610400000|  0%| F|  |TAMS 0x0000000610000000, 0x0000000610000000| Untracked 
|  60|0x0000000610400000, 0x0000000610400000, 0x0000000610800000|  0%| F|  |TAMS 0x0000000610400000, 0x0000000610400000| Untracked 
|  61|0x0000000610800000, 0x0000000610800000, 0x0000000610c00000|  0%| F|  |TAMS 0x0000000610800000, 0x0000000610800000| Untracked 
|  62|0x0000000610c00000, 0x0000000610c00000, 0x0000000611000000|  0%| F|  |TAMS 0x0000000610c00000, 0x0000000610c00000| Untracked 
|  63|0x0000000611000000, 0x0000000611000000, 0x0000000611400000|  0%| F|  |TAMS 0x0000000611000000, 0x0000000611000000| Untracked 
|  64|0x0000000611400000, 0x0000000611400000, 0x0000000611800000|  0%| F|  |TAMS 0x0000000611400000, 0x0000000611400000| Untracked 
|  65|0x0000000611800000, 0x0000000611800000, 0x0000000611c00000|  0%| F|  |TAMS 0x0000000611800000, 0x0000000611800000| Untracked 
|  66|0x0000000611c00000, 0x0000000611c00000, 0x0000000612000000|  0%| F|  |TAMS 0x0000000611c00000, 0x0000000611c00000| Untracked 
|  67|0x0000000612000000, 0x0000000612000000, 0x0000000612400000|  0%| F|  |TAMS 0x0000000612000000, 0x0000000612000000| Untracked 
|  68|0x0000000612400000, 0x0000000612400000, 0x0000000612800000|  0%| F|  |TAMS 0x0000000612400000, 0x0000000612400000| Untracked 
|  69|0x0000000612800000, 0x0000000612800000, 0x0000000612c00000|  0%| F|  |TAMS 0x0000000612800000, 0x0000000612800000| Untracked 
|  70|0x0000000612c00000, 0x0000000612c00000, 0x0000000613000000|  0%| F|  |TAMS 0x0000000612c00000, 0x0000000612c00000| Untracked 
|  71|0x0000000613000000, 0x0000000613000000, 0x0000000613400000|  0%| F|  |TAMS 0x0000000613000000, 0x0000000613000000| Untracked 
|  72|0x0000000613400000, 0x0000000613400000, 0x0000000613800000|  0%| F|  |TAMS 0x0000000613400000, 0x0000000613400000| Untracked 
|  73|0x0000000613800000, 0x0000000613800000, 0x0000000613c00000|  0%| F|  |TAMS 0x0000000613800000, 0x0000000613800000| Untracked 
|  74|0x0000000613c00000, 0x0000000613c00000, 0x0000000614000000|  0%| F|  |TAMS 0x0000000613c00000, 0x0000000613c00000| Untracked 
|  75|0x0000000614000000, 0x0000000614000000, 0x0000000614400000|  0%| F|  |TAMS 0x0000000614000000, 0x0000000614000000| Untracked 
|  76|0x0000000614400000, 0x0000000614400000, 0x0000000614800000|  0%| F|  |TAMS 0x0000000614400000, 0x0000000614400000| Untracked 
|  77|0x0000000614800000, 0x0000000614800000, 0x0000000614c00000|  0%| F|  |TAMS 0x0000000614800000, 0x0000000614800000| Untracked 
|  78|0x0000000614c00000, 0x0000000614c00000, 0x0000000615000000|  0%| F|  |TAMS 0x0000000614c00000, 0x0000000614c00000| Untracked 
|  79|0x0000000615000000, 0x0000000615000000, 0x0000000615400000|  0%| F|  |TAMS 0x0000000615000000, 0x0000000615000000| Untracked 
|  80|0x0000000615400000, 0x0000000615400000, 0x0000000615800000|  0%| F|  |TAMS 0x0000000615400000, 0x0000000615400000| Untracked 
|  81|0x0000000615800000, 0x0000000615800000, 0x0000000615c00000|  0%| F|  |TAMS 0x0000000615800000, 0x0000000615800000| Untracked 
|  82|0x0000000615c00000, 0x0000000615c00000, 0x0000000616000000|  0%| F|  |TAMS 0x0000000615c00000, 0x0000000615c00000| Untracked 
|  83|0x0000000616000000, 0x0000000616000000, 0x0000000616400000|  0%| F|  |TAMS 0x0000000616000000, 0x0000000616000000| Untracked 
|  84|0x0000000616400000, 0x0000000616400000, 0x0000000616800000|  0%| F|  |TAMS 0x0000000616400000, 0x0000000616400000| Untracked 
|  85|0x0000000616800000, 0x0000000616800000, 0x0000000616c00000|  0%| F|  |TAMS 0x0000000616800000, 0x0000000616800000| Untracked 
|  86|0x0000000616c00000, 0x0000000616c00000, 0x0000000617000000|  0%| F|  |TAMS 0x0000000616c00000, 0x0000000616c00000| Untracked 
|  87|0x0000000617000000, 0x0000000617000000, 0x0000000617400000|  0%| F|  |TAMS 0x0000000617000000, 0x0000000617000000| Untracked 
|  88|0x0000000617400000, 0x0000000617400000, 0x0000000617800000|  0%| F|  |TAMS 0x0000000617400000, 0x0000000617400000| Untracked 
|  89|0x0000000617800000, 0x0000000617800000, 0x0000000617c00000|  0%| F|  |TAMS 0x0000000617800000, 0x0000000617800000| Untracked 
|  90|0x0000000617c00000, 0x0000000617c00000, 0x0000000618000000|  0%| F|  |TAMS 0x0000000617c00000, 0x0000000617c00000| Untracked 
|  91|0x0000000618000000, 0x0000000618000000, 0x0000000618400000|  0%| F|  |TAMS 0x0000000618000000, 0x0000000618000000| Untracked 
|  92|0x0000000618400000, 0x0000000618400000, 0x0000000618800000|  0%| F|  |TAMS 0x0000000618400000, 0x0000000618400000| Untracked 
|  93|0x0000000618800000, 0x0000000618800000, 0x0000000618c00000|  0%| F|  |TAMS 0x0000000618800000, 0x0000000618800000| Untracked 
|  94|0x0000000618c00000, 0x0000000618cdd298, 0x0000000619000000| 21%| S|CS|TAMS 0x0000000618c00000, 0x0000000618c00000| Complete 
|  95|0x0000000619000000, 0x0000000619000000, 0x0000000619400000|  0%| F|  |TAMS 0x0000000619000000, 0x0000000619000000| Untracked 
|  96|0x0000000619400000, 0x0000000619800000, 0x0000000619800000|100%| S|CS|TAMS 0x0000000619400000, 0x0000000619400000| Complete 
|  97|0x0000000619800000, 0x0000000619c00000, 0x0000000619c00000|100%| S|CS|TAMS 0x0000000619800000, 0x0000000619800000| Complete 
|  98|0x0000000619c00000, 0x000000061a000000, 0x000000061a000000|100%| S|CS|TAMS 0x0000000619c00000, 0x0000000619c00000| Complete 
|  99|0x000000061a000000, 0x000000061a400000, 0x000000061a400000|100%| S|CS|TAMS 0x000000061a000000, 0x000000061a000000| Complete 
| 100|0x000000061a400000, 0x000000061a400000, 0x000000061a800000|  0%| F|  |TAMS 0x000000061a400000, 0x000000061a400000| Untracked 
| 101|0x000000061a800000, 0x000000061a800000, 0x000000061ac00000|  0%| F|  |TAMS 0x000000061a800000, 0x000000061a800000| Untracked 
| 102|0x000000061ac00000, 0x000000061ac00000, 0x000000061b000000|  0%| F|  |TAMS 0x000000061ac00000, 0x000000061ac00000| Untracked 
| 103|0x000000061b000000, 0x000000061b000000, 0x000000061b400000|  0%| F|  |TAMS 0x000000061b000000, 0x000000061b000000| Untracked 
| 104|0x000000061b400000, 0x000000061b400000, 0x000000061b800000|  0%| F|  |TAMS 0x000000061b400000, 0x000000061b400000| Untracked 
| 105|0x000000061b800000, 0x000000061b800000, 0x000000061bc00000|  0%| F|  |TAMS 0x000000061b800000, 0x000000061b800000| Untracked 
| 106|0x000000061bc00000, 0x000000061bc00000, 0x000000061c000000|  0%| F|  |TAMS 0x000000061bc00000, 0x000000061bc00000| Untracked 
| 107|0x000000061c000000, 0x000000061c000000, 0x000000061c400000|  0%| F|  |TAMS 0x000000061c000000, 0x000000061c000000| Untracked 
| 108|0x000000061c400000, 0x000000061c400000, 0x000000061c800000|  0%| F|  |TAMS 0x000000061c400000, 0x000000061c400000| Untracked 
| 109|0x000000061c800000, 0x000000061c800000, 0x000000061cc00000|  0%| F|  |TAMS 0x000000061c800000, 0x000000061c800000| Untracked 
| 110|0x000000061cc00000, 0x000000061cc00000, 0x000000061d000000|  0%| F|  |TAMS 0x000000061cc00000, 0x000000061cc00000| Untracked 
| 111|0x000000061d000000, 0x000000061d000000, 0x000000061d400000|  0%| F|  |TAMS 0x000000061d000000, 0x000000061d000000| Untracked 
| 112|0x000000061d400000, 0x000000061d400000, 0x000000061d800000|  0%| F|  |TAMS 0x000000061d400000, 0x000000061d400000| Untracked 
| 113|0x000000061d800000, 0x000000061d800000, 0x000000061dc00000|  0%| F|  |TAMS 0x000000061d800000, 0x000000061d800000| Untracked 
| 114|0x000000061dc00000, 0x000000061dc00000, 0x000000061e000000|  0%| F|  |TAMS 0x000000061dc00000, 0x000000061dc00000| Untracked 
| 115|0x000000061e000000, 0x000000061e000000, 0x000000061e400000|  0%| F|  |TAMS 0x000000061e000000, 0x000000061e000000| Untracked 
| 116|0x000000061e400000, 0x000000061e400000, 0x000000061e800000|  0%| F|  |TAMS 0x000000061e400000, 0x000000061e400000| Untracked 
| 117|0x000000061e800000, 0x000000061e800000, 0x000000061ec00000|  0%| F|  |TAMS 0x000000061e800000, 0x000000061e800000| Untracked 
| 118|0x000000061ec00000, 0x000000061ec00000, 0x000000061f000000|  0%| F|  |TAMS 0x000000061ec00000, 0x000000061ec00000| Untracked 
| 119|0x000000061f000000, 0x000000061f000000, 0x000000061f400000|  0%| F|  |TAMS 0x000000061f000000, 0x000000061f000000| Untracked 
| 120|0x000000061f400000, 0x000000061f400000, 0x000000061f800000|  0%| F|  |TAMS 0x000000061f400000, 0x000000061f400000| Untracked 
| 121|0x000000061f800000, 0x000000061f800000, 0x000000061fc00000|  0%| F|  |TAMS 0x000000061f800000, 0x000000061f800000| Untracked 
| 122|0x000000061fc00000, 0x000000061fc00000, 0x0000000620000000|  0%| F|  |TAMS 0x000000061fc00000, 0x000000061fc00000| Untracked 
| 123|0x0000000620000000, 0x0000000620000000, 0x0000000620400000|  0%| F|  |TAMS 0x0000000620000000, 0x0000000620000000| Untracked 
| 124|0x0000000620400000, 0x0000000620400000, 0x0000000620800000|  0%| F|  |TAMS 0x0000000620400000, 0x0000000620400000| Untracked 
| 125|0x0000000620800000, 0x0000000620800000, 0x0000000620c00000|  0%| F|  |TAMS 0x0000000620800000, 0x0000000620800000| Untracked 
| 126|0x0000000620c00000, 0x0000000620c00000, 0x0000000621000000|  0%| F|  |TAMS 0x0000000620c00000, 0x0000000620c00000| Untracked 
| 127|0x0000000621000000, 0x0000000621000000, 0x0000000621400000|  0%| F|  |TAMS 0x0000000621000000, 0x0000000621000000| Untracked 
| 128|0x0000000621400000, 0x0000000621400000, 0x0000000621800000|  0%| F|  |TAMS 0x0000000621400000, 0x0000000621400000| Untracked 
| 129|0x0000000621800000, 0x0000000621800000, 0x0000000621c00000|  0%| F|  |TAMS 0x0000000621800000, 0x0000000621800000| Untracked 
| 130|0x0000000621c00000, 0x0000000621c00000, 0x0000000622000000|  0%| F|  |TAMS 0x0000000621c00000, 0x0000000621c00000| Untracked 
| 131|0x0000000622000000, 0x0000000622000000, 0x0000000622400000|  0%| F|  |TAMS 0x0000000622000000, 0x0000000622000000| Untracked 
| 132|0x0000000622400000, 0x0000000622400000, 0x0000000622800000|  0%| F|  |TAMS 0x0000000622400000, 0x0000000622400000| Untracked 
| 133|0x0000000622800000, 0x0000000622800000, 0x0000000622c00000|  0%| F|  |TAMS 0x0000000622800000, 0x0000000622800000| Untracked 
| 134|0x0000000622c00000, 0x0000000622c00000, 0x0000000623000000|  0%| F|  |TAMS 0x0000000622c00000, 0x0000000622c00000| Untracked 
| 135|0x0000000623000000, 0x0000000623000000, 0x0000000623400000|  0%| F|  |TAMS 0x0000000623000000, 0x0000000623000000| Untracked 
| 136|0x0000000623400000, 0x0000000623400000, 0x0000000623800000|  0%| F|  |TAMS 0x0000000623400000, 0x0000000623400000| Untracked 
| 137|0x0000000623800000, 0x0000000623800000, 0x0000000623c00000|  0%| F|  |TAMS 0x0000000623800000, 0x0000000623800000| Untracked 
| 138|0x0000000623c00000, 0x0000000623c00000, 0x0000000624000000|  0%| F|  |TAMS 0x0000000623c00000, 0x0000000623c00000| Untracked 
| 139|0x0000000624000000, 0x0000000624000000, 0x0000000624400000|  0%| F|  |TAMS 0x0000000624000000, 0x0000000624000000| Untracked 
| 140|0x0000000624400000, 0x0000000624400000, 0x0000000624800000|  0%| F|  |TAMS 0x0000000624400000, 0x0000000624400000| Untracked 
| 141|0x0000000624800000, 0x0000000624800000, 0x0000000624c00000|  0%| F|  |TAMS 0x0000000624800000, 0x0000000624800000| Untracked 
| 142|0x0000000624c00000, 0x0000000624c00000, 0x0000000625000000|  0%| F|  |TAMS 0x0000000624c00000, 0x0000000624c00000| Untracked 
| 143|0x0000000625000000, 0x0000000625000000, 0x0000000625400000|  0%| F|  |TAMS 0x0000000625000000, 0x0000000625000000| Untracked 
| 144|0x0000000625400000, 0x0000000625400000, 0x0000000625800000|  0%| F|  |TAMS 0x0000000625400000, 0x0000000625400000| Untracked 
| 145|0x0000000625800000, 0x0000000625800000, 0x0000000625c00000|  0%| F|  |TAMS 0x0000000625800000, 0x0000000625800000| Untracked 
| 146|0x0000000625c00000, 0x0000000625c00000, 0x0000000626000000|  0%| F|  |TAMS 0x0000000625c00000, 0x0000000625c00000| Untracked 
| 147|0x0000000626000000, 0x0000000626000000, 0x0000000626400000|  0%| F|  |TAMS 0x0000000626000000, 0x0000000626000000| Untracked 
| 148|0x0000000626400000, 0x0000000626400000, 0x0000000626800000|  0%| F|  |TAMS 0x0000000626400000, 0x0000000626400000| Untracked 
| 149|0x0000000626800000, 0x0000000626800000, 0x0000000626c00000|  0%| F|  |TAMS 0x0000000626800000, 0x0000000626800000| Untracked 
| 150|0x0000000626c00000, 0x0000000626c00000, 0x0000000627000000|  0%| F|  |TAMS 0x0000000626c00000, 0x0000000626c00000| Untracked 
| 151|0x0000000627000000, 0x0000000627000000, 0x0000000627400000|  0%| F|  |TAMS 0x0000000627000000, 0x0000000627000000| Untracked 
| 152|0x0000000627400000, 0x0000000627400000, 0x0000000627800000|  0%| F|  |TAMS 0x0000000627400000, 0x0000000627400000| Untracked 
| 153|0x0000000627800000, 0x0000000627800000, 0x0000000627c00000|  0%| F|  |TAMS 0x0000000627800000, 0x0000000627800000| Untracked 
| 154|0x0000000627c00000, 0x0000000627c00000, 0x0000000628000000|  0%| F|  |TAMS 0x0000000627c00000, 0x0000000627c00000| Untracked 
| 155|0x0000000628000000, 0x0000000628000000, 0x0000000628400000|  0%| F|  |TAMS 0x0000000628000000, 0x0000000628000000| Untracked 
| 156|0x0000000628400000, 0x0000000628400000, 0x0000000628800000|  0%| F|  |TAMS 0x0000000628400000, 0x0000000628400000| Untracked 
| 157|0x0000000628800000, 0x0000000628800000, 0x0000000628c00000|  0%| F|  |TAMS 0x0000000628800000, 0x0000000628800000| Untracked 
| 158|0x0000000628c00000, 0x0000000628c00000, 0x0000000629000000|  0%| F|  |TAMS 0x0000000628c00000, 0x0000000628c00000| Untracked 
| 159|0x0000000629000000, 0x0000000629000000, 0x0000000629400000|  0%| F|  |TAMS 0x0000000629000000, 0x0000000629000000| Untracked 
| 160|0x0000000629400000, 0x0000000629400000, 0x0000000629800000|  0%| F|  |TAMS 0x0000000629400000, 0x0000000629400000| Untracked 
| 161|0x0000000629800000, 0x0000000629800000, 0x0000000629c00000|  0%| F|  |TAMS 0x0000000629800000, 0x0000000629800000| Untracked 
| 162|0x0000000629c00000, 0x0000000629c00000, 0x000000062a000000|  0%| F|  |TAMS 0x0000000629c00000, 0x0000000629c00000| Untracked 
| 163|0x000000062a000000, 0x000000062a000000, 0x000000062a400000|  0%| F|  |TAMS 0x000000062a000000, 0x000000062a000000| Untracked 
| 164|0x000000062a400000, 0x000000062a400000, 0x000000062a800000|  0%| F|  |TAMS 0x000000062a400000, 0x000000062a400000| Untracked 
| 165|0x000000062a800000, 0x000000062a800000, 0x000000062ac00000|  0%| F|  |TAMS 0x000000062a800000, 0x000000062a800000| Untracked 
| 166|0x000000062ac00000, 0x000000062ac00000, 0x000000062b000000|  0%| F|  |TAMS 0x000000062ac00000, 0x000000062ac00000| Untracked 
| 167|0x000000062b000000, 0x000000062b000000, 0x000000062b400000|  0%| F|  |TAMS 0x000000062b000000, 0x000000062b000000| Untracked 
| 168|0x000000062b400000, 0x000000062b400000, 0x000000062b800000|  0%| F|  |TAMS 0x000000062b400000, 0x000000062b400000| Untracked 
| 169|0x000000062b800000, 0x000000062b800000, 0x000000062bc00000|  0%| F|  |TAMS 0x000000062b800000, 0x000000062b800000| Untracked 
| 170|0x000000062bc00000, 0x000000062bc00000, 0x000000062c000000|  0%| F|  |TAMS 0x000000062bc00000, 0x000000062bc00000| Untracked 
| 171|0x000000062c000000, 0x000000062c000000, 0x000000062c400000|  0%| F|  |TAMS 0x000000062c000000, 0x000000062c000000| Untracked 
| 172|0x000000062c400000, 0x000000062c400000, 0x000000062c800000|  0%| F|  |TAMS 0x000000062c400000, 0x000000062c400000| Untracked 
| 173|0x000000062c800000, 0x000000062c800000, 0x000000062cc00000|  0%| F|  |TAMS 0x000000062c800000, 0x000000062c800000| Untracked 
| 174|0x000000062cc00000, 0x000000062cc00000, 0x000000062d000000|  0%| F|  |TAMS 0x000000062cc00000, 0x000000062cc00000| Untracked 
| 175|0x000000062d000000, 0x000000062d000000, 0x000000062d400000|  0%| F|  |TAMS 0x000000062d000000, 0x000000062d000000| Untracked 
| 176|0x000000062d400000, 0x000000062d400000, 0x000000062d800000|  0%| F|  |TAMS 0x000000062d400000, 0x000000062d400000| Untracked 
| 177|0x000000062d800000, 0x000000062d800000, 0x000000062dc00000|  0%| F|  |TAMS 0x000000062d800000, 0x000000062d800000| Untracked 
| 178|0x000000062dc00000, 0x000000062dc00000, 0x000000062e000000|  0%| F|  |TAMS 0x000000062dc00000, 0x000000062dc00000| Untracked 
| 179|0x000000062e000000, 0x000000062e000000, 0x000000062e400000|  0%| F|  |TAMS 0x000000062e000000, 0x000000062e000000| Untracked 
| 180|0x000000062e400000, 0x000000062e400000, 0x000000062e800000|  0%| F|  |TAMS 0x000000062e400000, 0x000000062e400000| Untracked 
| 181|0x000000062e800000, 0x000000062e800000, 0x000000062ec00000|  0%| F|  |TAMS 0x000000062e800000, 0x000000062e800000| Untracked 
| 182|0x000000062ec00000, 0x000000062ec00000, 0x000000062f000000|  0%| F|  |TAMS 0x000000062ec00000, 0x000000062ec00000| Untracked 
| 183|0x000000062f000000, 0x000000062f000000, 0x000000062f400000|  0%| F|  |TAMS 0x000000062f000000, 0x000000062f000000| Untracked 
| 184|0x000000062f400000, 0x000000062f400000, 0x000000062f800000|  0%| F|  |TAMS 0x000000062f400000, 0x000000062f400000| Untracked 
| 185|0x000000062f800000, 0x000000062f800000, 0x000000062fc00000|  0%| F|  |TAMS 0x000000062f800000, 0x000000062f800000| Untracked 
| 186|0x000000062fc00000, 0x000000062fc00000, 0x0000000630000000|  0%| F|  |TAMS 0x000000062fc00000, 0x000000062fc00000| Untracked 
| 187|0x0000000630000000, 0x0000000630000000, 0x0000000630400000|  0%| F|  |TAMS 0x0000000630000000, 0x0000000630000000| Untracked 
| 188|0x0000000630400000, 0x0000000630400000, 0x0000000630800000|  0%| F|  |TAMS 0x0000000630400000, 0x0000000630400000| Untracked 
| 189|0x0000000630800000, 0x0000000630800000, 0x0000000630c00000|  0%| F|  |TAMS 0x0000000630800000, 0x0000000630800000| Untracked 
| 190|0x0000000630c00000, 0x0000000630c00000, 0x0000000631000000|  0%| F|  |TAMS 0x0000000630c00000, 0x0000000630c00000| Untracked 
| 191|0x0000000631000000, 0x0000000631000000, 0x0000000631400000|  0%| F|  |TAMS 0x0000000631000000, 0x0000000631000000| Untracked 
| 192|0x0000000631400000, 0x0000000631400000, 0x0000000631800000|  0%| F|  |TAMS 0x0000000631400000, 0x0000000631400000| Untracked 
| 193|0x0000000631800000, 0x0000000631800000, 0x0000000631c00000|  0%| F|  |TAMS 0x0000000631800000, 0x0000000631800000| Untracked 
| 194|0x0000000631c00000, 0x0000000631c00000, 0x0000000632000000|  0%| F|  |TAMS 0x0000000631c00000, 0x0000000631c00000| Untracked 
| 195|0x0000000632000000, 0x0000000632000000, 0x0000000632400000|  0%| F|  |TAMS 0x0000000632000000, 0x0000000632000000| Untracked 
| 196|0x0000000632400000, 0x0000000632400000, 0x0000000632800000|  0%| F|  |TAMS 0x0000000632400000, 0x0000000632400000| Untracked 
| 197|0x0000000632800000, 0x0000000632800000, 0x0000000632c00000|  0%| F|  |TAMS 0x0000000632800000, 0x0000000632800000| Untracked 
| 198|0x0000000632c00000, 0x0000000632c00000, 0x0000000633000000|  0%| F|  |TAMS 0x0000000632c00000, 0x0000000632c00000| Untracked 
| 199|0x0000000633000000, 0x0000000633000000, 0x0000000633400000|  0%| F|  |TAMS 0x0000000633000000, 0x0000000633000000| Untracked 
| 200|0x0000000633400000, 0x0000000633400000, 0x0000000633800000|  0%| F|  |TAMS 0x0000000633400000, 0x0000000633400000| Untracked 
| 201|0x0000000633800000, 0x0000000633800000, 0x0000000633c00000|  0%| F|  |TAMS 0x0000000633800000, 0x0000000633800000| Untracked 
| 202|0x0000000633c00000, 0x0000000633c00000, 0x0000000634000000|  0%| F|  |TAMS 0x0000000633c00000, 0x0000000633c00000| Untracked 
| 203|0x0000000634000000, 0x0000000634000000, 0x0000000634400000|  0%| F|  |TAMS 0x0000000634000000, 0x0000000634000000| Untracked 
| 204|0x0000000634400000, 0x0000000634400000, 0x0000000634800000|  0%| F|  |TAMS 0x0000000634400000, 0x0000000634400000| Untracked 
| 205|0x0000000634800000, 0x0000000634800000, 0x0000000634c00000|  0%| F|  |TAMS 0x0000000634800000, 0x0000000634800000| Untracked 
| 206|0x0000000634c00000, 0x0000000634c00000, 0x0000000635000000|  0%| F|  |TAMS 0x0000000634c00000, 0x0000000634c00000| Untracked 
| 207|0x0000000635000000, 0x0000000635000000, 0x0000000635400000|  0%| F|  |TAMS 0x0000000635000000, 0x0000000635000000| Untracked 
| 208|0x0000000635400000, 0x0000000635400000, 0x0000000635800000|  0%| F|  |TAMS 0x0000000635400000, 0x0000000635400000| Untracked 
| 209|0x0000000635800000, 0x0000000635800000, 0x0000000635c00000|  0%| F|  |TAMS 0x0000000635800000, 0x0000000635800000| Untracked 
| 210|0x0000000635c00000, 0x0000000635c00000, 0x0000000636000000|  0%| F|  |TAMS 0x0000000635c00000, 0x0000000635c00000| Untracked 
| 211|0x0000000636000000, 0x0000000636000000, 0x0000000636400000|  0%| F|  |TAMS 0x0000000636000000, 0x0000000636000000| Untracked 
| 212|0x0000000636400000, 0x0000000636400000, 0x0000000636800000|  0%| F|  |TAMS 0x0000000636400000, 0x0000000636400000| Untracked 
| 213|0x0000000636800000, 0x0000000636800000, 0x0000000636c00000|  0%| F|  |TAMS 0x0000000636800000, 0x0000000636800000| Untracked 
| 214|0x0000000636c00000, 0x0000000636c00000, 0x0000000637000000|  0%| F|  |TAMS 0x0000000636c00000, 0x0000000636c00000| Untracked 
| 215|0x0000000637000000, 0x0000000637000000, 0x0000000637400000|  0%| F|  |TAMS 0x0000000637000000, 0x0000000637000000| Untracked 
| 216|0x0000000637400000, 0x0000000637400000, 0x0000000637800000|  0%| F|  |TAMS 0x0000000637400000, 0x0000000637400000| Untracked 
| 217|0x0000000637800000, 0x0000000637800000, 0x0000000637c00000|  0%| F|  |TAMS 0x0000000637800000, 0x0000000637800000| Untracked 
| 218|0x0000000637c00000, 0x0000000637c00000, 0x0000000638000000|  0%| F|  |TAMS 0x0000000637c00000, 0x0000000637c00000| Untracked 
| 219|0x0000000638000000, 0x0000000638000000, 0x0000000638400000|  0%| F|  |TAMS 0x0000000638000000, 0x0000000638000000| Untracked 
| 220|0x0000000638400000, 0x0000000638400000, 0x0000000638800000|  0%| F|  |TAMS 0x0000000638400000, 0x0000000638400000| Untracked 
| 221|0x0000000638800000, 0x0000000638800000, 0x0000000638c00000|  0%| F|  |TAMS 0x0000000638800000, 0x0000000638800000| Untracked 
| 222|0x0000000638c00000, 0x0000000638c00000, 0x0000000639000000|  0%| F|  |TAMS 0x0000000638c00000, 0x0000000638c00000| Untracked 
| 223|0x0000000639000000, 0x0000000639000000, 0x0000000639400000|  0%| F|  |TAMS 0x0000000639000000, 0x0000000639000000| Untracked 
| 224|0x0000000639400000, 0x0000000639400000, 0x0000000639800000|  0%| F|  |TAMS 0x0000000639400000, 0x0000000639400000| Untracked 
| 225|0x0000000639800000, 0x0000000639800000, 0x0000000639c00000|  0%| F|  |TAMS 0x0000000639800000, 0x0000000639800000| Untracked 
| 226|0x0000000639c00000, 0x0000000639c00000, 0x000000063a000000|  0%| F|  |TAMS 0x0000000639c00000, 0x0000000639c00000| Untracked 
| 227|0x000000063a000000, 0x000000063a000000, 0x000000063a400000|  0%| F|  |TAMS 0x000000063a000000, 0x000000063a000000| Untracked 
| 228|0x000000063a400000, 0x000000063a400000, 0x000000063a800000|  0%| F|  |TAMS 0x000000063a400000, 0x000000063a400000| Untracked 
| 229|0x000000063a800000, 0x000000063a800000, 0x000000063ac00000|  0%| F|  |TAMS 0x000000063a800000, 0x000000063a800000| Untracked 
| 230|0x000000063ac00000, 0x000000063ac00000, 0x000000063b000000|  0%| F|  |TAMS 0x000000063ac00000, 0x000000063ac00000| Untracked 
| 231|0x000000063b000000, 0x000000063b000000, 0x000000063b400000|  0%| F|  |TAMS 0x000000063b000000, 0x000000063b000000| Untracked 
| 232|0x000000063b400000, 0x000000063b400000, 0x000000063b800000|  0%| F|  |TAMS 0x000000063b400000, 0x000000063b400000| Untracked 
| 233|0x000000063b800000, 0x000000063b800000, 0x000000063bc00000|  0%| F|  |TAMS 0x000000063b800000, 0x000000063b800000| Untracked 
| 234|0x000000063bc00000, 0x000000063bc00000, 0x000000063c000000|  0%| F|  |TAMS 0x000000063bc00000, 0x000000063bc00000| Untracked 
| 235|0x000000063c000000, 0x000000063c000000, 0x000000063c400000|  0%| F|  |TAMS 0x000000063c000000, 0x000000063c000000| Untracked 
| 236|0x000000063c400000, 0x000000063c400000, 0x000000063c800000|  0%| F|  |TAMS 0x000000063c400000, 0x000000063c400000| Untracked 
| 237|0x000000063c800000, 0x000000063c800000, 0x000000063cc00000|  0%| F|  |TAMS 0x000000063c800000, 0x000000063c800000| Untracked 
| 238|0x000000063cc00000, 0x000000063cc00000, 0x000000063d000000|  0%| F|  |TAMS 0x000000063cc00000, 0x000000063cc00000| Untracked 
| 239|0x000000063d000000, 0x000000063d000000, 0x000000063d400000|  0%| F|  |TAMS 0x000000063d000000, 0x000000063d000000| Untracked 
| 240|0x000000063d400000, 0x000000063d400000, 0x000000063d800000|  0%| F|  |TAMS 0x000000063d400000, 0x000000063d400000| Untracked 
| 241|0x000000063d800000, 0x000000063d800000, 0x000000063dc00000|  0%| F|  |TAMS 0x000000063d800000, 0x000000063d800000| Untracked 
| 242|0x000000063dc00000, 0x000000063dc00000, 0x000000063e000000|  0%| F|  |TAMS 0x000000063dc00000, 0x000000063dc00000| Untracked 
| 243|0x000000063e000000, 0x000000063e000000, 0x000000063e400000|  0%| F|  |TAMS 0x000000063e000000, 0x000000063e000000| Untracked 
| 244|0x000000063e400000, 0x000000063e400000, 0x000000063e800000|  0%| F|  |TAMS 0x000000063e400000, 0x000000063e400000| Untracked 
| 245|0x000000063e800000, 0x000000063e800000, 0x000000063ec00000|  0%| F|  |TAMS 0x000000063e800000, 0x000000063e800000| Untracked 

Card table byte_map: [0x000001e0f7200000,0x000001e0f8200000] _byte_map_base: 0x000001e0f41f6000

Marking Bits (Prev, Next): (CMBitMap*) 0x000001e0ee28b9e0, (CMBitMap*) 0x000001e0ee28ba20
 Prev Bits: [0x000001e08f000000, 0x000001e096fb0000)
 Next Bits: [0x000001e096fb0000, 0x000001e09ef60000)

Polling page: 0x000001e0ec150000

Metaspace:

Usage:
  Non-class:     46.09 MB used.
      Class:      7.98 MB used.
       Both:     54.07 MB used.

Virtual space:
  Non-class space:       48.00 MB reserved,      46.69 MB ( 97%) committed,  6 nodes.
      Class space:        1.00 GB reserved,       8.50 MB ( <1%) committed,  1 nodes.
             Both:        1.05 GB reserved,      55.19 MB (  5%) committed. 

Chunk freelists:
   Non-Class:  608.00 KB
       Class:  3.50 MB
        Both:  4.09 MB

MaxMetaspaceSize: unlimited
CompressedClassSpaceSize: 1.00 GB
Initial GC threshold: 21.00 MB
Current GC threshold: 58.88 MB
CDS: on
MetaspaceReclaimPolicy: balanced
 - commit_granule_bytes: 65536.
 - commit_granule_words: 8192.
 - virtual_space_node_default_size: 1048576.
 - enlarge_chunks_in_place: 1.
 - new_chunks_are_fully_committed: 0.
 - uncommit_free_chunks: 1.
 - use_allocation_guard: 0.
 - handle_deallocations: 1.


Internal statistics:

num_allocs_failed_limit: 6.
num_arena_births: 1546.
num_arena_deaths: 0.
num_vsnodes_births: 7.
num_vsnodes_deaths: 0.
num_space_committed: 881.
num_space_uncommitted: 0.
num_chunks_returned_to_freelist: 6.
num_chunks_taken_from_freelist: 3816.
num_chunk_merges: 6.
num_chunk_splits: 2475.
num_chunks_enlarged: 1590.
num_purges: 0.
num_inconsistent_stats: 0.

CodeHeap 'non-profiled nmethods': size=120000Kb used=5904Kb max_used=5904Kb free=114095Kb
 bounds [0x000001e087ad0000, 0x000001e0880a0000, 0x000001e08f000000]
CodeHeap 'profiled nmethods': size=120000Kb used=11854Kb max_used=13498Kb free=108145Kb
 bounds [0x000001e0805a0000, 0x000001e0812e0000, 0x000001e087ad0000]
CodeHeap 'non-nmethods': size=5760Kb used=1503Kb max_used=1571Kb free=4256Kb
 bounds [0x000001e080000000, 0x000001e080270000, 0x000001e0805a0000]
 total_blobs=8167 nmethods=7287 adapters=792
 compilation: enabled
              stopped_count=0, restarted_count=0
 full_count=0

Compilation events (20 events):
Event: 7.785 Thread 0x000001e0fb3e68d0 nmethod 9800 0x000001e087e9ae90 code [0x000001e087e9b060, 0x000001e087e9b448]
Event: 7.785 Thread 0x000001e0fb3e68d0 9807       4       java.lang.Class::getMethodsRecursive (99 bytes)
Event: 7.787 Thread 0x000001e0fced42b0 nmethod 9801 0x000001e087e99810 code [0x000001e087e99a40, 0x000001e087e9a650]
Event: 7.787 Thread 0x000001e0fced42b0 9805       4       jdk.internal.reflect.DelegatingMethodAccessorImpl::invoke (10 bytes)
Event: 7.790 Thread 0x000001e0fced42b0 nmethod 9805 0x000001e087eaf590 code [0x000001e087eaf740, 0x000001e087eafa98]
Event: 7.790 Thread 0x000001e0fced42b0 9808       4       java.lang.Class::getMethod0 (31 bytes)
Event: 7.799 Thread 0x000001e0fb3e68d0 nmethod 9807 0x000001e087eadd90 code [0x000001e087eadf80, 0x000001e087eaecb8]
Event: 7.799 Thread 0x000001e0fb3e68d0 9806   !   4       jdk.internal.reflect.GeneratedMethodAccessor2::invoke (61 bytes)
Event: 7.802 Thread 0x000001e0fb3e68d0 nmethod 9806 0x000001e087ead690 code [0x000001e087ead820, 0x000001e087eadb38]
Event: 7.802 Thread 0x000001e0fb3e68d0 9810       4       java.lang.Class::getMethod (59 bytes)
Event: 7.805 Thread 0x000001e0fb3e68d0 nmethod 9810 0x000001e087eacd10 code [0x000001e087eacec0, 0x000001e087ead328]
Event: 7.805 Thread 0x000001e0fb3e68d0 9809       4       java.lang.PublicMethods$MethodList::getMostSpecific (63 bytes)
Event: 7.805 Thread 0x000001e0fced42b0 nmethod 9808 0x000001e087eab690 code [0x000001e087eab880, 0x000001e087eac498]
Event: 7.805 Thread 0x000001e0fced42b0 9804   !   4       org.apache.commons.lang3.ObjectUtils::clone (226 bytes)
Event: 7.805 Thread 0x000001e0fb3e68d0 nmethod 9809 0x000001e087e99510 code [0x000001e087e99680, 0x000001e087e99738]
Event: 7.825 Thread 0x000001e0fc0764b0 nmethod 9795 0x000001e088093990 code [0x000001e088093d20, 0x000001e088095bc8]
Event: 7.825 Thread 0x000001e0fb3fb8a0 9811       3       java.util.OptionalInt::empty (4 bytes)
Event: 7.825 Thread 0x000001e0fb3fb8a0 nmethod 9811 0x000001e080c71690 code [0x000001e080c71820, 0x000001e080c71918]
Event: 7.826 Thread 0x000001e0fb3e68d0 9812       4       java.lang.invoke.MethodType::equals (56 bytes)
Event: 7.826 Thread 0x000001e0fb3fb8a0 9813       3       com.mojang.datafixers.types.families.RecursiveTypeFamily::lambda$fold$0 (44 bytes)

GC Heap History (20 events):
Event: 5.308 GC heap after
{Heap after GC invocations=18 (full 0):
 garbage-first heap   total 274432K, used 85752K [0x0000000601400000, 0x0000000800000000)
  region size 4096K, 1 young (4096K), 1 survivors (4096K)
 Metaspace       used 40729K, committed 41728K, reserved 1089536K
  class space    used 5338K, committed 5760K, reserved 1048576K
}
Event: 5.589 GC heap before
{Heap before GC invocations=18 (full 0):
 garbage-first heap   total 274432K, used 220920K [0x0000000601400000, 0x0000000800000000)
  region size 4096K, 34 young (139264K), 1 survivors (4096K)
 Metaspace       used 41653K, committed 42624K, reserved 1089536K
  class space    used 5497K, committed 5888K, reserved 1048576K
}
Event: 5.597 GC heap after
{Heap after GC invocations=19 (full 0):
 garbage-first heap   total 274432K, used 97819K [0x0000000601400000, 0x0000000800000000)
  region size 4096K, 4 young (16384K), 4 survivors (16384K)
 Metaspace       used 41653K, committed 42624K, reserved 1089536K
  class space    used 5497K, committed 5888K, reserved 1048576K
}
Event: 5.798 GC heap before
{Heap before GC invocations=19 (full 0):
 garbage-first heap   total 274432K, used 216603K [0x0000000601400000, 0x0000000800000000)
  region size 4096K, 33 young (135168K), 4 survivors (16384K)
 Metaspace       used 42756K, committed 43712K, reserved 1089536K
  class space    used 5672K, committed 6080K, reserved 1048576K
}
Event: 5.809 GC heap after
{Heap after GC invocations=20 (full 0):
 garbage-first heap   total 548864K, used 109545K [0x0000000601400000, 0x0000000800000000)
  region size 4096K, 3 young (12288K), 3 survivors (12288K)
 Metaspace       used 42756K, committed 43712K, reserved 1089536K
  class space    used 5672K, committed 6080K, reserved 1048576K
}
Event: 6.848 GC heap before
{Heap before GC invocations=20 (full 0):
 garbage-first heap   total 548864K, used 424937K [0x0000000601400000, 0x0000000800000000)
  region size 4096K, 80 young (327680K), 3 survivors (12288K)
 Metaspace       used 52219K, committed 53248K, reserved 1097728K
  class space    used 7577K, committed 8064K, reserved 1048576K
}
Event: 6.865 GC heap after
{Heap after GC invocations=21 (full 0):
 garbage-first heap   total 548864K, used 146901K [0x0000000601400000, 0x0000000800000000)
  region size 4096K, 10 young (40960K), 10 survivors (40960K)
 Metaspace       used 52219K, committed 53248K, reserved 1097728K
  class space    used 7577K, committed 8064K, reserved 1048576K
}
Event: 7.127 GC heap before
{Heap before GC invocations=21 (full 0):
 garbage-first heap   total 548864K, used 421333K [0x0000000601400000, 0x0000000800000000)
  region size 4096K, 78 young (319488K), 10 survivors (40960K)
 Metaspace       used 53756K, committed 54848K, reserved 1097728K
  class space    used 7874K, committed 8384K, reserved 1048576K
}
Event: 7.154 GC heap after
{Heap after GC invocations=22 (full 0):
 garbage-first heap   total 548864K, used 186463K [0x0000000601400000, 0x0000000800000000)
  region size 4096K, 10 young (40960K), 10 survivors (40960K)
 Metaspace       used 53756K, committed 54848K, reserved 1097728K
  class space    used 7874K, committed 8384K, reserved 1048576K
}
Event: 7.314 GC heap before
{Heap before GC invocations=22 (full 0):
 garbage-first heap   total 548864K, used 428127K [0x0000000601400000, 0x0000000800000000)
  region size 4096K, 69 young (282624K), 10 survivors (40960K)
 Metaspace       used 54643K, committed 55744K, reserved 1097728K
  class space    used 8042K, committed 8512K, reserved 1048576K
}
Event: 7.339 GC heap after
{Heap after GC invocations=23 (full 0):
 garbage-first heap   total 548864K, used 218788K [0x0000000601400000, 0x0000000800000000)
  region size 4096K, 9 young (36864K), 9 survivors (36864K)
 Metaspace       used 54643K, committed 55744K, reserved 1097728K
  class space    used 8042K, committed 8512K, reserved 1048576K
}
Event: 7.404 GC heap before
{Heap before GC invocations=23 (full 0):
 garbage-first heap   total 548864K, used 427684K [0x0000000601400000, 0x0000000800000000)
  region size 4096K, 60 young (245760K), 9 survivors (36864K)
 Metaspace       used 54719K, committed 55872K, reserved 1097728K
  class space    used 8051K, committed 8576K, reserved 1048576K
}
Event: 7.419 GC heap after
{Heap after GC invocations=24 (full 0):
 garbage-first heap   total 1007616K, used 224041K [0x0000000601400000, 0x0000000800000000)
  region size 4096K, 2 young (8192K), 2 survivors (8192K)
 Metaspace       used 54719K, committed 55872K, reserved 1097728K
  class space    used 8051K, committed 8576K, reserved 1048576K
}
Event: 7.566 GC heap before
{Heap before GC invocations=24 (full 0):
 garbage-first heap   total 1007616K, used 785193K [0x0000000601400000, 0x0000000800000000)
  region size 4096K, 138 young (565248K), 2 survivors (8192K)
 Metaspace       used 55029K, committed 56128K, reserved 1097728K
  class space    used 8119K, committed 8640K, reserved 1048576K
}
Event: 7.574 GC heap after
{Heap after GC invocations=25 (full 0):
 garbage-first heap   total 1007616K, used 235586K [0x0000000601400000, 0x0000000800000000)
  region size 4096K, 4 young (16384K), 4 survivors (16384K)
 Metaspace       used 55029K, committed 56128K, reserved 1097728K
  class space    used 8119K, committed 8640K, reserved 1048576K
}
Event: 7.654 GC heap before
{Heap before GC invocations=25 (full 0):
 garbage-first heap   total 1007616K, used 817218K [0x0000000601400000, 0x0000000800000000)
  region size 4096K, 146 young (598016K), 4 survivors (16384K)
 Metaspace       used 55217K, committed 56320K, reserved 1097728K
  class space    used 8153K, committed 8640K, reserved 1048576K
}
Event: 7.661 GC heap after
{Heap after GC invocations=26 (full 0):
 garbage-first heap   total 1007616K, used 237055K [0x0000000601400000, 0x0000000800000000)
  region size 4096K, 4 young (16384K), 4 survivors (16384K)
 Metaspace       used 55217K, committed 56320K, reserved 1097728K
  class space    used 8153K, committed 8640K, reserved 1048576K
}
Event: 7.742 GC heap before
{Heap before GC invocations=26 (full 0):
 garbage-first heap   total 1007616K, used 822783K [0x0000000601400000, 0x0000000800000000)
  region size 4096K, 147 young (602112K), 4 survivors (16384K)
 Metaspace       used 55347K, committed 56512K, reserved 1097728K
  class space    used 8170K, committed 8704K, reserved 1048576K
}
Event: 7.750 GC heap after
{Heap after GC invocations=27 (full 0):
 garbage-first heap   total 1007616K, used 237974K [0x0000000601400000, 0x0000000800000000)
  region size 4096K, 4 young (16384K), 4 survivors (16384K)
 Metaspace       used 55347K, committed 56512K, reserved 1097728K
  class space    used 8170K, committed 8704K, reserved 1048576K
}
Event: 7.827 GC heap before
{Heap before GC invocations=27 (full 0):
 garbage-first heap   total 1007616K, used 823702K [0x0000000601400000, 0x0000000800000000)
  region size 4096K, 147 young (602112K), 4 survivors (16384K)
 Metaspace       used 55369K, committed 56512K, reserved 1097728K
  class space    used 8172K, committed 8704K, reserved 1048576K
}

Deoptimization events (20 events):
Event: 7.621 Thread 0x000001e0fe5539c0 Uncommon trap: trap_request=0xffffffde fr.pc=0x000001e087e89be0 relative=0x0000000000000060
Event: 7.622 Thread 0x000001e0fe5539c0 Uncommon trap: reason=class_check action=maybe_recompile pc=0x000001e087e89be0 method=com.mojang.datafixers.optics.IdAdapter.equals(Ljava/lang/Object;)Z @ 1 c2
Event: 7.622 Thread 0x000001e0fe5539c0 DEOPT PACKING pc=0x000001e087e89be0 sp=0x000000519e4fe830
Event: 7.622 Thread 0x000001e0fe5539c0 DEOPT UNPACKING pc=0x000001e0800523a3 sp=0x000000519e4fe7b0 mode 2
Event: 7.622 Thread 0x000001e0fe5539c0 Uncommon trap: trap_request=0xffffffde fr.pc=0x000001e087e89be0 relative=0x0000000000000060
Event: 7.622 Thread 0x000001e0fe5539c0 Uncommon trap: reason=class_check action=maybe_recompile pc=0x000001e087e89be0 method=com.mojang.datafixers.optics.IdAdapter.equals(Ljava/lang/Object;)Z @ 1 c2
Event: 7.622 Thread 0x000001e0fe5539c0 DEOPT PACKING pc=0x000001e087e89be0 sp=0x000000519e4fe830
Event: 7.622 Thread 0x000001e0fe5539c0 DEOPT UNPACKING pc=0x000001e0800523a3 sp=0x000000519e4fe7b0 mode 2
Event: 7.622 Thread 0x000001e0fe5539c0 Uncommon trap: trap_request=0xffffffde fr.pc=0x000001e087e89be0 relative=0x0000000000000060
Event: 7.622 Thread 0x000001e0fe5539c0 Uncommon trap: reason=class_check action=maybe_recompile pc=0x000001e087e89be0 method=com.mojang.datafixers.optics.IdAdapter.equals(Ljava/lang/Object;)Z @ 1 c2
Event: 7.622 Thread 0x000001e0fe5539c0 DEOPT PACKING pc=0x000001e087e89be0 sp=0x000000519e4fe830
Event: 7.622 Thread 0x000001e0fe5539c0 DEOPT UNPACKING pc=0x000001e0800523a3 sp=0x000000519e4fe7b0 mode 2
Event: 7.622 Thread 0x000001e0fe5539c0 Uncommon trap: trap_request=0xffffffde fr.pc=0x000001e087e89be0 relative=0x0000000000000060
Event: 7.622 Thread 0x000001e0fe5539c0 Uncommon trap: reason=class_check action=maybe_recompile pc=0x000001e087e89be0 method=com.mojang.datafixers.optics.IdAdapter.equals(Ljava/lang/Object;)Z @ 1 c2
Event: 7.622 Thread 0x000001e0fe5539c0 DEOPT PACKING pc=0x000001e087e89be0 sp=0x000000519e4fe830
Event: 7.622 Thread 0x000001e0fe5539c0 DEOPT UNPACKING pc=0x000001e0800523a3 sp=0x000000519e4fe7b0 mode 2
Event: 7.758 Thread 0x000001e0fe552680 Uncommon trap: trap_request=0xffffffc6 fr.pc=0x000001e087ebb2a4 relative=0x0000000000000c04
Event: 7.758 Thread 0x000001e0fe552680 Uncommon trap: reason=bimorphic_or_optimized_type_check action=maybe_recompile pc=0x000001e087ebb2a4 method=com.google.common.collect.RegularImmutableMap.fromEntryArray(I[Ljava/util/Map$Entry;)Lcom/google/common/collect/ImmutableMap; @ 75 c2
Event: 7.758 Thread 0x000001e0fe552680 DEOPT PACKING pc=0x000001e087ebb2a4 sp=0x000000519dffc940
Event: 7.758 Thread 0x000001e0fe552680 DEOPT UNPACKING pc=0x000001e0800523a3 sp=0x000000519dffc900 mode 2

Classes unloaded (0 events):
No events

Classes redefined (0 events):
No events

Internal exceptions (20 events):
Event: 6.833 Thread 0x000001e0fe552680 Exception <a 'java/lang/NoSuchMethodError'{0x000000060fc47758}: 'java.lang.Object java.lang.invoke.DirectMethodHandle$Holder.newInvokeSpecial(java.lang.Object, java.lang.Object, int, float)'> (0x000000060fc47758) 
thrown [s\src\hotspot\share\interpreter\linkResolver.cpp, line 759]
Event: 6.926 Thread 0x000001e0fe552680 Exception <a 'java/lang/IncompatibleClassChangeError'{0x00000006204f75c8}: Found class java.lang.Object, but interface was expected> (0x00000006204f75c8) 
thrown [s\src\hotspot\share\interpreter\linkResolver.cpp, line 826]
Event: 7.027 Thread 0x000001e0fe5539c0 Implicit null exception at 0x000001e087f3f558 to 0x000001e087f3f65a
Event: 7.027 Thread 0x000001e0fe550e70 Implicit null exception at 0x000001e087f3f558 to 0x000001e087f3f65a
Event: 7.067 Thread 0x000001e0fe54e7f0 Implicit null exception at 0x000001e08803d04c to 0x000001e08803d0dd
Event: 7.067 Thread 0x000001e0fe550000 Implicit null exception at 0x000001e08803d04c to 0x000001e08803d0dd
Event: 7.067 Thread 0x000001e0fe54f660 Implicit null exception at 0x000001e08803d04c to 0x000001e08803d0dd
Event: 7.067 Thread 0x000001e0fe54f190 Implicit null exception at 0x000001e08803d04c to 0x000001e08803d0dd
Event: 7.085 Thread 0x000001e0fe552680 Exception <a 'java/lang/NoSuchMethodError'{0x00000006167ab2f8}: 'java.lang.Object java.lang.invoke.DirectMethodHandle$Holder.newInvokeSpecial(java.lang.Object, double)'> (0x00000006167ab2f8) 
thrown [s\src\hotspot\share\interpreter\linkResolver.cpp, line 759]
Event: 7.156 Thread 0x000001e0fe552680 Implicit null exception at 0x000001e087fd029b to 0x000001e087fd04e0
Event: 7.180 Thread 0x000001e0fe554830 Implicit null exception at 0x000001e087f12fd7 to 0x000001e087f1315c
Event: 7.221 Thread 0x000001e0fe552680 Exception <a 'java/lang/NoSuchMethodError'{0x000000061d7ba418}: 'java.lang.Object java.lang.invoke.DirectMethodHandle$Holder.invokeStatic(java.lang.Object, java.lang.Object, int, int, int, java.lang.Object)'> (0x000000061d7ba418) 
thrown [s\src\hotspot\share\interpreter\linkResolver.cpp, line 759]
Event: 7.221 Thread 0x000001e0fe552680 Exception <a 'java/lang/NoSuchMethodError'{0x000000061d7c1b88}: 'java.lang.Object java.lang.invoke.DirectMethodHandle$Holder.newInvokeSpecial(java.lang.Object, java.lang.Object, int, int, int)'> (0x000000061d7c1b88) 
thrown [s\src\hotspot\share\interpreter\linkResolver.cpp, line 759]
Event: 7.221 Thread 0x000001e0fe552680 Exception <a 'java/lang/NoSuchMethodError'{0x000000061d7c9218}: 'java.lang.Object java.lang.invoke.Invokers$Holder.linkToTargetMethod(java.lang.Object, int, int, int, java.lang.Object)'> (0x000000061d7c9218) 
thrown [s\src\hotspot\share\interpreter\linkResolver.cpp, line 759]
Event: 7.225 Thread 0x000001e0fe552680 Exception <a 'java/lang/NoSuchMethodError'{0x000000061c9a5268}: 'void java.lang.invoke.DirectMethodHandle$Holder.invokeStaticInit(java.lang.Object, java.lang.Object, java.lang.Object, java.lang.Object, java.lang.Object, java.lang.Object, java.lang.Object, java.lang.Object)'> (0x000000061c9a5268) 
thrown [s\src\hotspot\share\interpreter\linkResolver.cpp, line 759]
Event: 7.238 Thread 0x000001e0fe552680 Exception <a 'java/lang/NoSuchMethodError'{0x000000061ca6a7e8}: 'java.lang.Object java.lang.invoke.DirectMethodHandle$Holder.newInvokeSpecial(java.lang.Object, java.lang.Object, java.lang.Object, int, int)'> (0x000000061ca6a7e8) 
thrown [s\src\hotspot\share\interpreter\linkResolver.cpp, line 759]
Event: 7.271 Thread 0x000001e0fe552680 Exception <a 'java/lang/NoSuchMethodError'{0x0000000619719cc8}: 'java.lang.Object java.lang.invoke.DirectMethodHandle$Holder.newInvokeSpecial(java.lang.Object, java.lang.Object, float, float)'> (0x0000000619719cc8) 
thrown [s\src\hotspot\share\interpreter\linkResolver.cpp, line 759]
Event: 7.574 Thread 0x000001e0fe552680 Exception <a 'java/lang/NoSuchMethodError'{0x000000061c8001a8}: 'java.lang.Object java.lang.invoke.DirectMethodHandle$Holder.newInvokeSpecial(java.lang.Object, java.lang.Object, double)'> (0x000000061c8001a8) 
thrown [s\src\hotspot\share\interpreter\linkResolver.cpp, line 759]
Event: 7.584 Thread 0x000001e0fe552680 Exception <a 'java/lang/IncompatibleClassChangeError'{0x000000063e19a250}: Found class java.lang.Object, but interface was expected> (0x000000063e19a250) 
thrown [s\src\hotspot\share\interpreter\linkResolver.cpp, line 826]
Event: 7.708 Thread 0x000001e0fe552680 Exception <a 'java/lang/NoSuchMethodError'{0x000000063d83aeb0}: 'java.lang.Object java.lang.invoke.DirectMethodHandle$Holder.invokeStaticInit(java.lang.Object, java.lang.Object, java.lang.Object, java.lang.Object, java.lang.Object, java.lang.Object, java.lang.Object, java.lang.Object)'> (0x000000063d83aeb0) 
thrown [s\src\hotspot\share\interpreter\linkResolver.cpp, line 759]

VM Operations (20 events):
Event: 6.912 Executing VM operation: HandshakeAllThreads done
Event: 6.945 Executing VM operation: HandshakeAllThreads
Event: 6.945 Executing VM operation: HandshakeAllThreads done
Event: 7.048 Executing VM operation: ICBufferFull
Event: 7.049 Executing VM operation: ICBufferFull done
Event: 7.127 Executing VM operation: G1CollectForAllocation
Event: 7.156 Executing VM operation: G1CollectForAllocation done
Event: 7.314 Executing VM operation: G1CollectForAllocation
Event: 7.340 Executing VM operation: G1CollectForAllocation done
Event: 7.404 Executing VM operation: G1CollectForAllocation
Event: 7.420 Executing VM operation: G1CollectForAllocation done
Event: 7.566 Executing VM operation: G1CollectForAllocation
Event: 7.574 Executing VM operation: G1CollectForAllocation done
Event: 7.617 Executing VM operation: HandshakeAllThreads
Event: 7.617 Executing VM operation: HandshakeAllThreads done
Event: 7.654 Executing VM operation: G1CollectForAllocation
Event: 7.661 Executing VM operation: G1CollectForAllocation done
Event: 7.742 Executing VM operation: G1CollectForAllocation
Event: 7.751 Executing VM operation: G1CollectForAllocation done
Event: 7.827 Executing VM operation: G1CollectForAllocation

Events (20 events):
Event: 6.954 Thread 0x000001e0fb3fc1a0 flushing nmethod 0x000001e08126e210
Event: 6.954 Thread 0x000001e0fb3fc1a0 flushing nmethod 0x000001e08126ee90
Event: 6.954 Thread 0x000001e0fb3fc1a0 flushing nmethod 0x000001e081270490
Event: 6.954 Thread 0x000001e0fb3fc1a0 flushing nmethod 0x000001e081271710
Event: 6.954 Thread 0x000001e0fb3fc1a0 flushing nmethod 0x000001e081272610
Event: 6.954 Thread 0x000001e0fb3fc1a0 flushing nmethod 0x000001e081274c10
Event: 6.954 Thread 0x000001e0fb3fc1a0 flushing nmethod 0x000001e081278590
Event: 6.954 Thread 0x000001e0fb3fc1a0 flushing nmethod 0x000001e08127ed10
Event: 6.954 Thread 0x000001e0fb3fc1a0 flushing nmethod 0x000001e08127fa10
Event: 6.954 Thread 0x000001e0fb3fc1a0 flushing nmethod 0x000001e08127fd90
Event: 6.954 Thread 0x000001e0fb3fc1a0 flushing nmethod 0x000001e081280690
Event: 6.954 Thread 0x000001e0fb3fc1a0 flushing nmethod 0x000001e081281010
Event: 6.954 Thread 0x000001e0fb3fc1a0 flushing nmethod 0x000001e081281990
Event: 6.954 Thread 0x000001e0fb3fc1a0 flushing nmethod 0x000001e081289e90
Event: 7.069 loading class java/util/concurrent/ConcurrentHashMap$TreeNode
Event: 7.069 loading class java/util/concurrent/ConcurrentHashMap$TreeNode done
Event: 7.069 loading class java/util/concurrent/ConcurrentHashMap$TreeBin
Event: 7.070 loading class java/util/concurrent/ConcurrentHashMap$TreeBin done
Event: 7.592 loading class java/util/function/LongToDoubleFunction
Event: 7.592 loading class java/util/function/LongToDoubleFunction done


Dynamic libraries:
0x00007ff66a170000 - 0x00007ff66a17e000 	C:\Program Files\Eclipse Adoptium\jdk-17.0.4.101-hotspot\bin\java.exe
0x00007ff810df0000 - 0x00007ff810fe8000 	C:\WINDOWS\SYSTEM32\ntdll.dll
0x00007ff80f120000 - 0x00007ff80f1dd000 	C:\WINDOWS\System32\KERNEL32.DLL
0x00007ff80e910000 - 0x00007ff80ebe2000 	C:\WINDOWS\System32\KERNELBASE.dll
0x00007ff80ed50000 - 0x00007ff80ee50000 	C:\WINDOWS\System32\ucrtbase.dll
0x00007ffff3c50000 - 0x00007ffff3c69000 	C:\Program Files\Eclipse Adoptium\jdk-17.0.4.101-hotspot\bin\VCRUNTIME140.dll
0x00007ffff3c70000 - 0x00007ffff3c88000 	C:\Program Files\Eclipse Adoptium\jdk-17.0.4.101-hotspot\bin\jli.dll
0x00007ff810c10000 - 0x00007ff810dad000 	C:\WINDOWS\System32\USER32.dll
0x00007ffff5e80000 - 0x00007ffff611a000 	C:\WINDOWS\WinSxS\amd64_microsoft.windows.common-controls_6595b64144ccf1df_6.0.19041.1110_none_60b5254171f9507e\COMCTL32.dll
0x00007ff80e850000 - 0x00007ff80e872000 	C:\WINDOWS\System32\win32u.dll
0x00007ff80f1e0000 - 0x00007ff80f27e000 	C:\WINDOWS\System32\msvcrt.dll
0x00007ff80f290000 - 0x00007ff80f2bb000 	C:\WINDOWS\System32\GDI32.dll
0x00007ff80e710000 - 0x00007ff80e81f000 	C:\WINDOWS\System32\gdi32full.dll
0x00007ff80e500000 - 0x00007ff80e59d000 	C:\WINDOWS\System32\msvcp_win.dll
0x00007ff80f2c0000 - 0x00007ff80f2f0000 	C:\WINDOWS\System32\IMM32.DLL
0x00007ffffc6c0000 - 0x00007ffffc6cc000 	C:\Program Files\Eclipse Adoptium\jdk-17.0.4.101-hotspot\bin\vcruntime140_1.dll
0x00007fffdee30000 - 0x00007fffdeec1000 	C:\Program Files\Eclipse Adoptium\jdk-17.0.4.101-hotspot\bin\msvcp140.dll
0x00007fff8bd20000 - 0x00007fff8c966000 	C:\Program Files\Eclipse Adoptium\jdk-17.0.4.101-hotspot\bin\server\jvm.dll
0x00007ff80f2f0000 - 0x00007ff80f39e000 	C:\WINDOWS\System32\ADVAPI32.dll
0x00007ff810350000 - 0x00007ff8103ec000 	C:\WINDOWS\System32\sechost.dll
0x00007ff80f3a0000 - 0x00007ff80f4c5000 	C:\WINDOWS\System32\RPCRT4.dll
0x00007ff810ab0000 - 0x00007ff810ab8000 	C:\WINDOWS\System32\PSAPI.DLL
0x00007ffffad10000 - 0x00007ffffad19000 	C:\WINDOWS\SYSTEM32\WSOCK32.dll
0x00007ff809320000 - 0x00007ff80932a000 	C:\WINDOWS\SYSTEM32\VERSION.dll
0x00007ff810a40000 - 0x00007ff810aab000 	C:\WINDOWS\System32\WS2_32.dll
0x00007ff803610000 - 0x00007ff803637000 	C:\WINDOWS\SYSTEM32\WINMM.dll
0x00007ff80c300000 - 0x00007ff80c312000 	C:\WINDOWS\SYSTEM32\kernel.appcore.dll
0x00007ffffc190000 - 0x00007ffffc19a000 	C:\Program Files\Eclipse Adoptium\jdk-17.0.4.101-hotspot\bin\jimage.dll
0x00007ff8088b0000 - 0x00007ff808a94000 	C:\WINDOWS\SYSTEM32\DBGHELP.DLL
0x00007ff8086d0000 - 0x00007ff8086fc000 	C:\WINDOWS\SYSTEM32\dbgcore.DLL
0x00007ff80e880000 - 0x00007ff80e902000 	C:\WINDOWS\System32\bcryptPrimitives.dll
0x00007ffff3c20000 - 0x00007ffff3c45000 	C:\Program Files\Eclipse Adoptium\jdk-17.0.4.101-hotspot\bin\java.dll
0x00007fffded50000 - 0x00007fffdee26000 	C:\Program Files\Eclipse Adoptium\jdk-17.0.4.101-hotspot\bin\jsvml.dll
0x00007ff80fc00000 - 0x00007ff810343000 	C:\WINDOWS\System32\SHELL32.dll
0x00007ff80c5e0000 - 0x00007ff80cd71000 	C:\WINDOWS\SYSTEM32\windows.storage.dll
0x00007ff80f810000 - 0x00007ff80fb64000 	C:\WINDOWS\System32\combase.dll
0x00007ff80df60000 - 0x00007ff80df90000 	C:\WINDOWS\SYSTEM32\Wldp.dll
0x00007ff80f760000 - 0x00007ff80f80d000 	C:\WINDOWS\System32\SHCORE.dll
0x00007ff80ee50000 - 0x00007ff80eea5000 	C:\WINDOWS\System32\shlwapi.dll
0x00007ff80e440000 - 0x00007ff80e45f000 	C:\WINDOWS\SYSTEM32\profapi.dll
0x00007ffff3320000 - 0x00007ffff3339000 	C:\Program Files\Eclipse Adoptium\jdk-17.0.4.101-hotspot\bin\net.dll
0x00007ff8087a0000 - 0x00007ff8088ad000 	C:\WINDOWS\SYSTEM32\WINHTTP.dll
0x00007ff80dcc0000 - 0x00007ff80dd2a000 	C:\WINDOWS\system32\mswsock.dll
0x00007fffef570000 - 0x00007fffef585000 	C:\Program Files\Eclipse Adoptium\jdk-17.0.4.101-hotspot\bin\nio.dll
0x00007fffef550000 - 0x00007fffef568000 	C:\Program Files\Eclipse Adoptium\jdk-17.0.4.101-hotspot\bin\zip.dll
0x00007ffff40d0000 - 0x00007ffff40e0000 	C:\Program Files\Eclipse Adoptium\jdk-17.0.4.101-hotspot\bin\verify.dll
0x00007ffff2ec0000 - 0x00007ffff2ec9000 	C:\Program Files\Eclipse Adoptium\jdk-17.0.4.101-hotspot\bin\management.dll
0x00007ffff1d80000 - 0x00007ffff1d8b000 	C:\Program Files\Eclipse Adoptium\jdk-17.0.4.101-hotspot\bin\management_ext.dll
0x00007ff802310000 - 0x00007ff802327000 	C:\WINDOWS\system32\napinsp.dll
0x00007ff8022b0000 - 0x00007ff8022cb000 	C:\WINDOWS\system32\pnrpnsp.dll
0x00007ff802290000 - 0x00007ff8022a5000 	C:\WINDOWS\system32\wshbth.dll
0x00007ff809850000 - 0x00007ff80986d000 	C:\WINDOWS\system32\NLAapi.dll
0x00007ff80d960000 - 0x00007ff80d99b000 	C:\WINDOWS\SYSTEM32\IPHLPAPI.DLL
0x00007ff80d9b0000 - 0x00007ff80da7a000 	C:\WINDOWS\SYSTEM32\DNSAPI.dll
0x00007ff80f6d0000 - 0x00007ff80f6d8000 	C:\WINDOWS\System32\NSI.dll
0x00007ff8021e0000 - 0x00007ff8021f2000 	C:\WINDOWS\System32\winrnr.dll
0x00007ff807ff0000 - 0x00007ff807ffa000 	C:\Windows\System32\rasadhlp.dll
0x00007ff807800000 - 0x00007ff807880000 	C:\WINDOWS\System32\fwpuclnt.dll
0x00007ff80e820000 - 0x00007ff80e847000 	C:\WINDOWS\System32\bcrypt.dll
0x00007ff80deb0000 - 0x00007ff80dec8000 	C:\WINDOWS\SYSTEM32\CRYPTSP.dll
0x00007ff80d570000 - 0x00007ff80d5a4000 	C:\WINDOWS\system32\rsaenh.dll
0x00007ff80e3c0000 - 0x00007ff80e3ee000 	C:\WINDOWS\SYSTEM32\USERENV.dll
0x00007ff80ded0000 - 0x00007ff80dedc000 	C:\WINDOWS\SYSTEM32\CRYPTBASE.dll
0x00007ff809790000 - 0x00007ff8097a7000 	C:\WINDOWS\SYSTEM32\dhcpcsvc6.DLL
0x00007ff809770000 - 0x00007ff80978d000 	C:\WINDOWS\SYSTEM32\dhcpcsvc.DLL
0x00007fffdef80000 - 0x00007fffdefc5000 	C:\Users\amata\AppData\Local\Temp\jna-92925666\jna14807093503337251270.dll
0x00007ff810ac0000 - 0x00007ff810bea000 	C:\WINDOWS\System32\Ole32.dll
0x00007ff810860000 - 0x00007ff81090f000 	C:\WINDOWS\System32\clbcatq.dll
0x00007ff810970000 - 0x00007ff810a3d000 	C:\WINDOWS\System32\OleAut32.dll
0x00007ff804e70000 - 0x00007ff804e8f000 	C:\WINDOWS\SYSTEM32\amsi.dll
0x00007ff803310000 - 0x00007ff80338b000 	C:\ProgramData\Microsoft\Windows Defender\Platform\4.18.2209.7-0\MpOav.dll
0x00007ffff0d10000 - 0x00007ffff0d59000 	C:\WINDOWS\SYSTEM32\Pdh.dll
0x00007fffac580000 - 0x00007fffac58f000 	C:\WINDOWS\System32\perfos.dll

dbghelp: loaded successfully - version: 4.0.5 - missing functions: none
symbol engine: initialized successfully - sym options: 0x614 - pdb path: .;C:\Program Files\Eclipse Adoptium\jdk-17.0.4.101-hotspot\bin;C:\WINDOWS\SYSTEM32;C:\WINDOWS\WinSxS\amd64_microsoft.windows.common-controls_6595b64144ccf1df_6.0.19041.1110_none_60b5254171f9507e;C:\Program Files\Eclipse Adoptium\jdk-17.0.4.101-hotspot\bin\server;C:\Users\amata\AppData\Local\Temp\jna-92925666;C:\ProgramData\Microsoft\Windows Defender\Platform\4.18.2209.7-0

VM Arguments:
jvm_args: -Dforge.enableGameTest=true -Dforge.enabledGameTestNamespaces=packetsizedoublerforge -Dforge.logging.console.level=debug -Dforge.logging.markers=REGISTRIES -DignoreList=bootstraplauncher,securejarhandler,asm-commons,asm-util,asm-analysis,asm-tree,asm,client-extra,fmlcore,javafmllanguage,lowcodelanguage,mclanguage,forge- -Djava.net.preferIPv6Addresses=system -DlegacyClassPath.file=X:\Minecraft [Mods]\PacketSizeDoublerForge\build\classpath\runClient_minecraftClasspath.txt -DmergeModules=jna-5.10.0.jar,jna-platform-5.10.0.jar,java-objc-bridge-1.0.0.jar -DnativesDirectory=X:\Minecraft [Mods]\PacketSizeDoublerForge\build\natives -Dos.version=10.0 --module-path=D:\Gradle\caches\modules-2\files-2.1\cpw.mods\bootstraplauncher\1.0.0\f55ddbb35612c6745cefc47d1a0d6dbfb25d3982\bootstraplauncher-1.0.0.jar;D:\Gradle\caches\modules-2\files-2.1\cpw.mods\securejarhandler\1.0.3\acbf5e3c8a38fb8bf824a54fe45eee121c510392\securejarhandler-1.0.3.jar;D:\Gradle\caches\modules-2\files-2.1\org.ow2.asm\asm-commons\9.2\f4d7f0fc9054386f2893b602454d48e07d4fbead\asm-commons-9.2.jar;D:\Gradle\caches\modules-2\files-2.1\org.ow2.asm\asm-util\9.2\fbc178fc5ba3dab50fd7e8a5317b8b647c8e8946\asm-util-9.2.jar;D:\Gradle\caches\modules-2\files-2.1\org.ow2.asm\asm-analysis\9.2\7487dd756daf96cab9986e44b9d7bcb796a61c10\asm-analysis-9.2.jar;D:\Gradle\caches\modules-2\files-2.1\org.ow2.asm\asm-tree\9.2\d96c99a30f5e1a19b0e609dbb19a44d8518ac01e\asm-tree-9.2.jar;D:\Gradle\caches\modules-2\files-2.1\org.ow2.asm\asm\9.2\81a03f76019c67362299c40e0ba13405f5467bff\asm-9.2.jar --add-modules=ALL-MODULE-PATH --add-opens=java.base/java.util.jar=cpw.mods.securejarhandler --add-exports=java.base/sun.security.util=cpw.mods.securejarhandler --add-exports=jdk.naming.dns/com.sun.jndi.dns=java.naming -XX:HeapDumpPath=MojangTricksIntelDriversForPerformance_javaw.exe_minecraft.exe.heapdump -Dos.name=Windows 10 -Dfile.encoding=windows-1252 -Duser.country=ES -Duser.language=es -Duser.variant 
java_command: cpw.mods.bootstraplauncher.BootstrapLauncher --launchTarget forgeclientuserdev --version MOD_DEV --assetIndex 1.18 --assetsDir D:\Gradle\caches\forge_gradle\assets --gameDir . --fml.forgeVersion 40.1.84 --fml.mcVersion 1.18.2 --fml.forgeGroup net.minecraftforge --fml.mcpVersion 20220404.173914
java_class_path (initial): X:\Minecraft [Mods]\PacketSizeDoublerForge\build\classes\java\main;X:\Minecraft [Mods]\PacketSizeDoublerForge\build\resources\main;D:\Gradle\caches\forge_gradle\minecraft_user_repo\net\minecraftforge\forge\1.18.2-40.1.84_mapped_official_1.18.2\forge-1.18.2-40.1.84_mapped_official_1.18.2-recomp.jar;D:\Gradle\caches\forge_gradle\minecraft_repo\versions\1.18.2\client-extra.jar;D:\Gradle\caches\modules-2\files-2.1\net.minecraftforge\javafmllanguage\1.18.2-40.1.84\186c58367889d719f6bc3705ff0826712380bcea\javafmllanguage-1.18.2-40.1.84.jar;D:\Gradle\caches\modules-2\files-2.1\net.minecraftforge\lowcodelanguage\1.18.2-40.1.84\7e15a3b7746b4b3f87179e0e9f8cefefc635f83e\lowcodelanguage-1.18.2-40.1.84.jar;D:\Gradle\caches\modules-2\files-2.1\net.minecraftforge\mclanguage\1.18.2-40.1.84\33db9a422c2f7b53fec27707bb4d3f1e59b3ec55\mclanguage-1.18.2-40.1.84.jar;D:\Gradle\caches\modules-2\files-2.1\net.minecraftforge\fmlcore\1.18.2-40.1.84\747c8df870fa2fd0ca766f624ebc28d0a03ab8a5\fmlcore-1.18.2-40.1.84.jar;D:\Gradle\caches\modules-2\files-2.1\net.minecraftforge\fmlloader\1.18.2-40.1.84\89b28caf1b46254d85f138b6e7ba627bd9d18c78\fmlloader-1.18.2-40.1.84.jar;D:\Gradle\caches\modules-2\files-2.1\net.minecraftforge\JarJar\0.3.0\224dc7851fd1613b681365adcd8af636aa52e505\JarJar-0.3.0.jar;D:\Gradle\caches\modules-2\files-2.1\com.google.guava\guava\31.0.1-jre\119ea2b2bc205b138974d351777b20f02b92704b\guava-31.0.1-jre.jar;D:\Gradle\caches\modules-2\files-2.1\com.google.code.findbugs\jsr305\3.0.2\25ea2e8b0c338a877313bd4672d3fe056ea78f0d\jsr305-3.0.2.jar;D:\Gradle\caches\modules-2\files-2.1\ca.weblite\java-objc-bridge\1.0.0\6ef160c3133a78de015830860197602ca1c855d3\java-objc-bridge-1.0.0.jar;D:\Gradle\caches\modules-2\files-2.1\net.minecraftforge\mergetool\1.1.3\d7d4b6eac7f49c59255c8ac25190802c29ac9a4a\mergetool-1.1.3-api.jar;D:\Gradle\caches\modules-2\files-2.1\org.jetbrains\annotations\23.0.0\8cc20c07506ec18e0834947b84a864bfc094484e\annotations-23.0.0.jar;D:\Gradle\cach
Launcher Type: SUN_STANDARD

[Global flags]
     intx CICompilerCount                          = 4                                         {product} {ergonomic}
     uint ConcGCThreads                            = 3                                         {product} {ergonomic}
     uint G1ConcRefinementThreads                  = 10                                        {product} {ergonomic}
   size_t G1HeapRegionSize                         = 4194304                                   {product} {ergonomic}
    uintx GCDrainStackTargetSize                   = 64                                        {product} {ergonomic}
    ccstr HeapDumpPath                             = MojangTricksIntelDriversForPerformance_javaw.exe_minecraft.exe.heapdump         {manageable} {command line}
   size_t InitialHeapSize                          = 536870912                                 {product} {ergonomic}
   size_t MarkStackSize                            = 4194304                                   {product} {ergonomic}
   size_t MaxHeapSize                              = 8568963072                                {product} {ergonomic}
   size_t MaxNewSize                               = 5138022400                                {product} {ergonomic}
   size_t MinHeapDeltaBytes                        = 4194304                                   {product} {ergonomic}
   size_t MinHeapSize                              = 8388608                                   {product} {ergonomic}
    uintx NonNMethodCodeHeapSize                   = 5839372                                {pd product} {ergonomic}
    uintx NonProfiledCodeHeapSize                  = 122909434                              {pd product} {ergonomic}
    uintx ProfiledCodeHeapSize                     = 122909434                              {pd product} {ergonomic}
    uintx ReservedCodeCacheSize                    = 251658240                              {pd product} {ergonomic}
     bool SegmentedCodeCache                       = true                                      {product} {ergonomic}
   size_t SoftMaxHeapSize                          = 8568963072                             {manageable} {ergonomic}
     bool UseCompressedClassPointers               = true                           {product lp64_product} {ergonomic}
     bool UseCompressedOops                        = true                           {product lp64_product} {ergonomic}
     bool UseG1GC                                  = true                                      {product} {ergonomic}
     bool UseLargePagesIndividualAllocation        = false                                  {pd product} {ergonomic}

Logging:
Log output configuration:
 #0: stdout all=warning uptime,level,tags
 #1: stderr all=off uptime,level,tags

Environment Variables:
PATH=C:\Program Files\Eclipse Adoptium\jdk-17.0.4.101-hotspot\bin;C:\Program Files (x86)\Common Files\Oracle\Java\javapath;C:\WINDOWS\system32;C:\WINDOWS;C:\WINDOWS\System32\Wbem;C:\WINDOWS\System32\WindowsPowerShell\v1.0\;C:\WINDOWS\System32\OpenSSH\;C:\Program Files (x86)\NVIDIA Corporation\PhysX\Common;C:\Program Files\Git\cmd;C:\Program Files\NVIDIA Corporation\NVIDIA NvDLISR;C:\Users\amata\AppData\Local\Microsoft\WindowsApps;;C:\Users\amata\AppData\Local\JetBrains\Toolbox\scripts
USERNAME=amata
OS=Windows_NT
PROCESSOR_IDENTIFIER=AMD64 Family 23 Model 113 Stepping 0, AuthenticAMD
TMP=C:\Users\amata\AppData\Local\Temp
TEMP=C:\Users\amata\AppData\Local\Temp



---------------  S Y S T E M  ---------------

OS:
 Windows 10 , 64 bit Build 19041 (10.0.19041.1889)
OS uptime: 2 days 23:48 hours

CPU: total 12 (initial active 12) (12 cores per cpu, 2 threads per core) family 23 model 113 stepping 0 microcode 0x0, cx8, cmov, fxsr, ht, mmx, 3dnowpref, sse, sse2, sse3, ssse3, sse4a, sse4.1, sse4.2, popcnt, lzcnt, tsc, tscinvbit, avx, avx2, aes, clmul, bmi1, bmi2, adx, sha, fma, vzeroupper, clflush, clflushopt

Memory: 4k page, system-wide physical 32684M (4402M free)
TotalPageFile size 34712M (AvailPageFile size 659M)
current process WorkingSet (physical memory assigned to process): 1194M, peak: 1203M
current process commit charge ("private bytes"): 1261M, peak: 2245M

vm_info: OpenJDK 64-Bit Server VM (17.0.4.1+1) for windows-amd64 JRE (17.0.4.1+1), built on Aug 17 2022 07:42:43 by "temurin" with MS VC++ 16.7 (VS2019)

END.
