#
# There is insufficient memory for the Java Runtime Environment to continue.
# Native memory allocation (mmap) failed to map 1006632960 bytes for G1 virtual space
# Possible reasons:
#   The system is out of physical RAM or swap space
#   The process is running with CompressedOops enabled, and the Java Heap may be blocking the growth of the native heap
# Possible solutions:
#   Reduce memory load on the system
#   Increase physical memory or swap space
#   Check if swap backing store is full
#   Decrease Java heap size (-Xmx/-Xms)
#   Decrease number of Java threads
#   Decrease Java thread stack sizes (-Xss)
#   Set larger code cache with -XX:ReservedCodeCacheSize=
#   JVM is running with Zero Based Compressed Oops mode in which the Java heap is
#     placed in the first 32GB address space. The Java Heap base address is the
#     maximum limit for the native heap growth. Please use -XX:HeapBaseMinAddress
#     to set the Java Heap base and to place the Java Heap above 32GB virtual address.
# This output file may be truncated or incomplete.
#
#  Out of Memory Error (os_windows.cpp:3541), pid=18016, tid=21036
#
# JRE version: OpenJDK Runtime Environment Temurin-17.0.4.1+1 (17.0.4.1+1) (build 17.0.4.1+1)
# Java VM: OpenJDK 64-Bit Server VM Temurin-17.0.4.1+1 (17.0.4.1+1, mixed mode, sharing, tiered, compressed oops, compressed class ptrs, g1 gc, windows-amd64)
# No core dump will be written. Minidumps are not enabled by default on client versions of Windows
#

---------------  S U M M A R Y ------------

Command Line: -Dforge.enableGameTest=true -Dforge.enabledGameTestNamespaces=packetsizedoublerforge -Dforge.logging.console.level=debug -Dforge.logging.markers=REGISTRIES -DignoreList=bootstraplauncher,securejarhandler,asm-commons,asm-util,asm-analysis,asm-tree,asm,client-extra,fmlcore,javafmllanguage,lowcodelanguage,mclanguage,forge- -Djava.net.preferIPv6Addresses=system -DlegacyClassPath.file=X:\Minecraft [Mods]\PacketSizeDoublerForge\build\classpath\runClient_minecraftClasspath.txt -DmergeModules=jna-5.10.0.jar,jna-platform-5.10.0.jar,java-objc-bridge-1.0.0.jar -DnativesDirectory=X:\Minecraft [Mods]\PacketSizeDoublerForge\build\natives -Dos.version=10.0 --module-path=D:\Gradle\caches\modules-2\files-2.1\cpw.mods\bootstraplauncher\1.0.0\f55ddbb35612c6745cefc47d1a0d6dbfb25d3982\bootstraplauncher-1.0.0.jar;D:\Gradle\caches\modules-2\files-2.1\cpw.mods\securejarhandler\1.0.3\acbf5e3c8a38fb8bf824a54fe45eee121c510392\securejarhandler-1.0.3.jar;D:\Gradle\caches\modules-2\files-2.1\org.ow2.asm\asm-commons\9.2\f4d7f0fc9054386f2893b602454d48e07d4fbead\asm-commons-9.2.jar;D:\Gradle\caches\modules-2\files-2.1\org.ow2.asm\asm-util\9.2\fbc178fc5ba3dab50fd7e8a5317b8b647c8e8946\asm-util-9.2.jar;D:\Gradle\caches\modules-2\files-2.1\org.ow2.asm\asm-analysis\9.2\7487dd756daf96cab9986e44b9d7bcb796a61c10\asm-analysis-9.2.jar;D:\Gradle\caches\modules-2\files-2.1\org.ow2.asm\asm-tree\9.2\d96c99a30f5e1a19b0e609dbb19a44d8518ac01e\asm-tree-9.2.jar;D:\Gradle\caches\modules-2\files-2.1\org.ow2.asm\asm\9.2\81a03f76019c67362299c40e0ba13405f5467bff\asm-9.2.jar --add-modules=ALL-MODULE-PATH --add-opens=java.base/java.util.jar=cpw.mods.securejarhandler --add-exports=java.base/sun.security.util=cpw.mods.securejarhandler --add-exports=jdk.naming.dns/com.sun.jndi.dns=java.naming -XX:HeapDumpPath=MojangTricksIntelDriversForPerformance_javaw.exe_minecraft.exe.heapdump -Dos.name=Windows 10 -Dfile.encoding=windows-1252 -Duser.country=ES -Duser.language=es -Duser.variant cpw.mods.bootstraplauncher.BootstrapLauncher --launchTarget forgeclientuserdev --version MOD_DEV --assetIndex 1.18 --assetsDir D:\Gradle\caches\forge_gradle\assets --gameDir . --fml.forgeVersion 40.1.84 --fml.mcVersion 1.18.2 --fml.forgeGroup net.minecraftforge --fml.mcpVersion 20220404.173914

Host: AMD Ryzen 5 3600X 6-Core Processor             , 12 cores, 31G,  Windows 10 , 64 bit Build 19041 (10.0.19041.1889)
Time: Sun Oct 16 00:50:48 2022 Hora de verano romance elapsed time: 7.622929 seconds (0d 0h 0m 7s)

---------------  T H R E A D  ---------------

Current thread (0x000001e97b6df140):  VMThread "VM Thread" [stack: 0x0000009109900000,0x0000009109a00000] [id=21036]

Stack: [0x0000009109900000,0x0000009109a00000]
Native frames: (J=compiled Java code, j=interpreted, Vv=VM code, C=native code)
V  [jvm.dll+0x67731a]
V  [jvm.dll+0x832284]
V  [jvm.dll+0x833a2e]
V  [jvm.dll+0x834093]
V  [jvm.dll+0x245775]
V  [jvm.dll+0x674209]
V  [jvm.dll+0x668a92]
V  [jvm.dll+0x30471b]
V  [jvm.dll+0x30bc66]
V  [jvm.dll+0x35ba9e]
V  [jvm.dll+0x35bccf]
V  [jvm.dll+0x2db5b8]
V  [jvm.dll+0x2d986c]
V  [jvm.dll+0x2d8e3c]
V  [jvm.dll+0x31cd9b]
V  [jvm.dll+0x83853b]
V  [jvm.dll+0x839274]
V  [jvm.dll+0x83978c]
V  [jvm.dll+0x839b64]
V  [jvm.dll+0x839c30]
V  [jvm.dll+0x7e240a]
V  [jvm.dll+0x6761a5]
C  [ucrtbase.dll+0x21bb2]
C  [KERNEL32.DLL+0x17034]
C  [ntdll.dll+0x526a1]

VM_Operation (0x000000910c6fc750): G1CollectForAllocation, mode: safepoint, requested by thread 0x000001e97ecfd1f0


---------------  P R O C E S S  ---------------

Threads class SMR info:
_java_thread_list=0x000001e9209cc7b0, length=29, elements={
0x000001e96e3f73a0, 0x000001e97b6e4050, 0x000001e97b6e4dd0, 0x000001e97b6fb0d0,
0x000001e97b6fd9a0, 0x000001e97b6fe260, 0x000001e97b6ff540, 0x000001e97b702b70,
0x000001e97b7353e0, 0x000001e97b7388e0, 0x000001e97c24cad0, 0x000001e97c25dd00,
0x000001e97c35ae10, 0x000001e97d4f8a80, 0x000001e91f13aa40, 0x000001e91f13af10,
0x000001e91f365df0, 0x000001e9203f8c90, 0x000001e9203f9160, 0x000001e97ecff870,
0x000001e97ecfe060, 0x000001e97ecfea00, 0x000001e97ecff3a0, 0x000001e97ecfb040,
0x000001e97ecfb510, 0x000001e97ecffd40, 0x000001e97ecfeed0, 0x000001e97ed006e0,
0x000001e97ecfd1f0
}

Java Threads: ( => current thread )
  0x000001e96e3f73a0 JavaThread "main" [_thread_blocked, id=4916, stack(0x0000009109300000,0x0000009109400000)]
  0x000001e97b6e4050 JavaThread "Reference Handler" daemon [_thread_blocked, id=10640, stack(0x0000009109a00000,0x0000009109b00000)]
  0x000001e97b6e4dd0 JavaThread "Finalizer" daemon [_thread_blocked, id=3360, stack(0x0000009109b00000,0x0000009109c00000)]
  0x000001e97b6fb0d0 JavaThread "Signal Dispatcher" daemon [_thread_blocked, id=20236, stack(0x0000009109c00000,0x0000009109d00000)]
  0x000001e97b6fd9a0 JavaThread "Attach Listener" daemon [_thread_blocked, id=2572, stack(0x0000009109d00000,0x0000009109e00000)]
  0x000001e97b6fe260 JavaThread "Service Thread" daemon [_thread_blocked, id=20508, stack(0x0000009109e00000,0x0000009109f00000)]
  0x000001e97b6ff540 JavaThread "Monitor Deflation Thread" daemon [_thread_blocked, id=19756, stack(0x0000009109f00000,0x000000910a000000)]
  0x000001e97b702b70 JavaThread "C2 CompilerThread0" daemon [_thread_blocked, id=13064, stack(0x000000910a000000,0x000000910a100000)]
  0x000001e97b7353e0 JavaThread "C1 CompilerThread0" daemon [_thread_blocked, id=5916, stack(0x000000910a100000,0x000000910a200000)]
  0x000001e97b7388e0 JavaThread "Sweeper thread" daemon [_thread_blocked, id=14220, stack(0x000000910a200000,0x000000910a300000)]
  0x000001e97c24cad0 JavaThread "Common-Cleaner" daemon [_thread_blocked, id=14624, stack(0x000000910a300000,0x000000910a400000)]
  0x000001e97c25dd00 JavaThread "C2 CompilerThread1" daemon [_thread_blocked, id=9868, stack(0x000000910a400000,0x000000910a500000)]
  0x000001e97c35ae10 JavaThread "Notification Thread" daemon [_thread_blocked, id=20520, stack(0x000000910a500000,0x000000910a600000)]
  0x000001e97d4f8a80 JavaThread "C2 CompilerThread2" daemon [_thread_blocked, id=6712, stack(0x000000910a700000,0x000000910a800000)]
  0x000001e91f13aa40 JavaThread "Thread-0" daemon [_thread_blocked, id=19228, stack(0x000000910b200000,0x000000910b300000)]
  0x000001e91f13af10 JavaThread "FileSystemWatchService" daemon [_thread_in_native, id=19948, stack(0x000000910b300000,0x000000910b400000)]
  0x000001e91f365df0 JavaThread "pool-2-thread-1" daemon [_thread_blocked, id=19720, stack(0x000000910b600000,0x000000910b700000)]
  0x000001e9203f8c90 JavaThread "pool-3-thread-1" [_thread_blocked, id=18708, stack(0x000000910ba00000,0x000000910bb00000)]
  0x000001e9203f9160 JavaThread "Worker-Bootstrap-1" daemon [_thread_blocked, id=17144, stack(0x000000910bc00000,0x000000910bd00000)]
  0x000001e97ecff870 JavaThread "Worker-Bootstrap-2" daemon [_thread_blocked, id=3752, stack(0x000000910bd00000,0x000000910be00000)]
  0x000001e97ecfe060 JavaThread "Worker-Bootstrap-3" daemon [_thread_blocked, id=15004, stack(0x000000910be00000,0x000000910bf00000)]
  0x000001e97ecfea00 JavaThread "Worker-Bootstrap-4" daemon [_thread_blocked, id=15104, stack(0x000000910bf00000,0x000000910c000000)]
  0x000001e97ecff3a0 JavaThread "Worker-Bootstrap-5" daemon [_thread_blocked, id=16408, stack(0x000000910c000000,0x000000910c100000)]
  0x000001e97ecfb040 JavaThread "Worker-Bootstrap-6" daemon [_thread_blocked, id=15784, stack(0x000000910c100000,0x000000910c200000)]
  0x000001e97ecfb510 JavaThread "Worker-Bootstrap-7" daemon [_thread_blocked, id=12468, stack(0x000000910c200000,0x000000910c300000)]
  0x000001e97ecffd40 JavaThread "Worker-Bootstrap-8" daemon [_thread_blocked, id=13924, stack(0x000000910c300000,0x000000910c400000)]
  0x000001e97ecfeed0 JavaThread "Worker-Bootstrap-9" daemon [_thread_blocked, id=20392, stack(0x000000910c400000,0x000000910c500000)]
  0x000001e97ed006e0 JavaThread "Worker-Bootstrap-10" daemon [_thread_blocked, id=7656, stack(0x000000910c500000,0x000000910c600000)]
  0x000001e97ecfd1f0 JavaThread "Worker-Bootstrap-11" daemon [_thread_blocked, id=14476, stack(0x000000910c600000,0x000000910c700000)]

Other Threads:
=>0x000001e97b6df140 VMThread "VM Thread" [stack: 0x0000009109900000,0x0000009109a00000] [id=21036]
  0x000001e97b54a130 WatcherThread [stack: 0x000000910a600000,0x000000910a700000] [id=8056]
  0x000001e96e4a7ff0 GCTaskThread "GC Thread#0" [stack: 0x0000009109400000,0x0000009109500000] [id=22452]
  0x000001e97d16e440 GCTaskThread "GC Thread#1" [stack: 0x000000910a800000,0x000000910a900000] [id=18880]
  0x000001e97d16e6f0 GCTaskThread "GC Thread#2" [stack: 0x000000910a900000,0x000000910aa00000] [id=10156]
  0x000001e97d16e9a0 GCTaskThread "GC Thread#3" [stack: 0x000000910aa00000,0x000000910ab00000] [id=17328]
  0x000001e97d16ec50 GCTaskThread "GC Thread#4" [stack: 0x000000910ab00000,0x000000910ac00000] [id=1140]
  0x000001e97d63f640 GCTaskThread "GC Thread#5" [stack: 0x000000910ac00000,0x000000910ad00000] [id=12440]
  0x000001e97d63fd00 GCTaskThread "GC Thread#6" [stack: 0x000000910ad00000,0x000000910ae00000] [id=7176]
  0x000001e97d6407d0 GCTaskThread "GC Thread#7" [stack: 0x000000910ae00000,0x000000910af00000] [id=19732]
  0x000001e97d5ba670 GCTaskThread "GC Thread#8" [stack: 0x000000910af00000,0x000000910b000000] [id=20384]
  0x000001e97d512ba0 GCTaskThread "GC Thread#9" [stack: 0x000000910b000000,0x000000910b100000] [id=11380]
  0x000001e96e4b95a0 ConcurrentGCThread "G1 Main Marker" [stack: 0x0000009109500000,0x0000009109600000] [id=3992]
  0x000001e96e4ba660 ConcurrentGCThread "G1 Conc#0" [stack: 0x0000009109600000,0x0000009109700000] [id=21176]
  0x000001e97d513bc0 ConcurrentGCThread "G1 Conc#1" [stack: 0x000000910b400000,0x000000910b500000] [id=13464]
  0x000001e97d513e70 ConcurrentGCThread "G1 Conc#2" [stack: 0x000000910b500000,0x000000910b600000] [id=19224]
  0x000001e96e4be000 ConcurrentGCThread "G1 Refine#0" [stack: 0x0000009109700000,0x0000009109800000] [id=6584]
  0x000001e97d5ba920 ConcurrentGCThread "G1 Refine#1" [stack: 0x000000910b100000,0x000000910b200000] [id=11908]
  0x000001e92072fd70 ConcurrentGCThread "G1 Refine#2" [stack: 0x000000910bb00000,0x000000910bc00000] [id=5368]
  0x000001e92072d810 ConcurrentGCThread "G1 Refine#3" [stack: 0x000000910c700000,0x000000910c800000] [id=21084]
  0x000001e92072c9b0 ConcurrentGCThread "G1 Refine#4" [stack: 0x000000910c800000,0x000000910c900000] [id=15880]
  0x000001e92072ddd0 ConcurrentGCThread "G1 Refine#5" [stack: 0x000000910c900000,0x000000910ca00000] [id=8136]
  0x000001e920730050 ConcurrentGCThread "G1 Refine#6" [stack: 0x000000910ca00000,0x000000910cb00000] [id=4284]
  0x000001e92072cc90 ConcurrentGCThread "G1 Refine#7" [stack: 0x000000910cb00000,0x000000910cc00000] [id=7196]
  0x000001e92072c3f0 ConcurrentGCThread "G1 Refine#8" [stack: 0x000000910cc00000,0x000000910cd00000] [id=1112]
  0x000001e96e4be930 ConcurrentGCThread "G1 Service" [stack: 0x0000009109800000,0x0000009109900000] [id=21856]

Threads with active compile tasks:
C2 CompilerThread0     7637 9702       4       org.objectweb.asm.ClassReader::readCode (5109 bytes)
C2 CompilerThread1     7638 9739       4       java.net.URI::appendSchemeSpecificPart (185 bytes)
C2 CompilerThread2     7638 9717   !   4       com.google.common.reflect.TypeVisitor::visit (244 bytes)

VM state: at safepoint (normal execution)

VM Mutex/Monitor currently owned by a thread:  ([mutex/lock_event])
[0x000001e96e3f31d0] Threads_lock - owner thread: 0x000001e97b6df140
[0x000001e96e3f3c80] Heap_lock - owner thread: 0x000001e97ecfd1f0

Heap address: 0x0000000601400000, size: 8172 MB, Compressed Oops mode: Zero based, Oop shift amount: 3

CDS archive(s) mapped at: [0x0000000800000000-0x0000000800bc0000-0x0000000800bc0000), size 12320768, SharedBaseAddress: 0x0000000800000000, ArchiveRelocationMode: 0.
Compressed class space mapped at: 0x0000000800c00000-0x0000000840c00000, reserved size: 1073741824
Narrow klass base: 0x0000000800000000, Narrow klass shift: 0, Narrow klass range: 0x100000000

GC Precious Log:
 CPUs: 12 total, 12 available
 Memory: 32684M
 Large Page Support: Disabled
 NUMA Support: Disabled
 Compressed Oops: Enabled (Zero based)
 Heap Region Size: 4M
 Heap Min Capacity: 8M
 Heap Initial Capacity: 512M
 Heap Max Capacity: 8172M
 Pre-touch: Disabled
 Parallel Workers: 10
 Concurrent Workers: 3
 Concurrent Refinement Workers: 10
 Periodic GC: Disabled

Heap:
 garbage-first heap   total 770048K, used 241731K [0x0000000601400000, 0x0000000800000000)
  region size 4096K, 7 young (28672K), 7 survivors (28672K)
 Metaspace       used 56534K, committed 57664K, reserved 1097728K
  class space    used 8414K, committed 8896K, reserved 1048576K

Heap Regions: E=young(eden), S=young(survivor), O=old, HS=humongous(starts), HC=humongous(continues), CS=collection set, F=free, OA=open archive, CA=closed archive, TAMS=top-at-mark-start (previous, next)
|   0|0x0000000601400000, 0x0000000601800000, 0x0000000601800000|100%| O|  |TAMS 0x0000000601800000, 0x0000000601400000| Untracked 
|   1|0x0000000601800000, 0x0000000601c00000, 0x0000000601c00000|100%| O|  |TAMS 0x0000000601c00000, 0x0000000601800000| Untracked 
|   2|0x0000000601c00000, 0x0000000602000000, 0x0000000602000000|100%| O|  |TAMS 0x0000000602000000, 0x0000000601c00000| Untracked 
|   3|0x0000000602000000, 0x0000000602400000, 0x0000000602400000|100%| O|  |TAMS 0x0000000602400000, 0x0000000602000000| Untracked 
|   4|0x0000000602400000, 0x0000000602800000, 0x0000000602800000|100%| O|  |TAMS 0x0000000602800000, 0x0000000602400000| Untracked 
|   5|0x0000000602800000, 0x0000000602c00000, 0x0000000602c00000|100%| O|  |TAMS 0x0000000602c00000, 0x0000000602800000| Untracked 
|   6|0x0000000602c00000, 0x0000000603000000, 0x0000000603000000|100%| O|  |TAMS 0x0000000603000000, 0x0000000602c00000| Untracked 
|   7|0x0000000603000000, 0x0000000603400000, 0x0000000603400000|100%| O|  |TAMS 0x0000000603400000, 0x0000000603000000| Untracked 
|   8|0x0000000603400000, 0x0000000603800000, 0x0000000603800000|100%| O|  |TAMS 0x0000000603800000, 0x0000000603400000| Untracked 
|   9|0x0000000603800000, 0x0000000603c00000, 0x0000000603c00000|100%| O|  |TAMS 0x0000000603c00000, 0x0000000603800000| Untracked 
|  10|0x0000000603c00000, 0x0000000604000000, 0x0000000604000000|100%| O|  |TAMS 0x0000000603c00000, 0x0000000603c00000| Untracked 
|  11|0x0000000604000000, 0x0000000604400000, 0x0000000604400000|100%| O|  |TAMS 0x0000000604400000, 0x0000000604000000| Untracked 
|  12|0x0000000604400000, 0x0000000604800000, 0x0000000604800000|100%| O|  |TAMS 0x0000000604800000, 0x0000000604400000| Untracked 
|  13|0x0000000604800000, 0x0000000604c00000, 0x0000000604c00000|100%| O|  |TAMS 0x0000000604c00000, 0x0000000604800000| Untracked 
|  14|0x0000000604c00000, 0x0000000604c28400, 0x0000000605000000|  3%| O|  |TAMS 0x0000000604c28400, 0x0000000604c00000| Untracked 
|  15|0x0000000605000000, 0x0000000605400000, 0x0000000605400000|100%|HS|  |TAMS 0x0000000605400000, 0x0000000605000000| Complete 
|  16|0x0000000605400000, 0x0000000605800000, 0x0000000605800000|100%|HC|  |TAMS 0x0000000605800000, 0x0000000605400000| Complete 
|  17|0x0000000605800000, 0x0000000605c00000, 0x0000000605c00000|100%|HC|  |TAMS 0x0000000605c00000, 0x0000000605800000| Complete 
|  18|0x0000000605c00000, 0x0000000606000000, 0x0000000606000000|100%| O|  |TAMS 0x0000000605c00000, 0x0000000605c00000| Untracked 
|  19|0x0000000606000000, 0x0000000606400000, 0x0000000606400000|100%| O|  |TAMS 0x0000000606000000, 0x0000000606000000| Untracked 
|  20|0x0000000606400000, 0x0000000606800000, 0x0000000606800000|100%| O|  |TAMS 0x0000000606400000, 0x0000000606400000| Untracked 
|  21|0x0000000606800000, 0x0000000606c00000, 0x0000000606c00000|100%| O|  |TAMS 0x0000000606800000, 0x0000000606800000| Untracked 
|  22|0x0000000606c00000, 0x0000000607000000, 0x0000000607000000|100%| O|  |TAMS 0x0000000606c00000, 0x0000000606c00000| Untracked 
|  23|0x0000000607000000, 0x0000000607400000, 0x0000000607400000|100%| O|  |TAMS 0x0000000607000000, 0x0000000607000000| Untracked 
|  24|0x0000000607400000, 0x0000000607800000, 0x0000000607800000|100%| O|  |TAMS 0x0000000607400000, 0x0000000607400000| Untracked 
|  25|0x0000000607800000, 0x0000000607c00000, 0x0000000607c00000|100%| O|  |TAMS 0x0000000607800000, 0x0000000607800000| Untracked 
|  26|0x0000000607c00000, 0x0000000608000000, 0x0000000608000000|100%| O|  |TAMS 0x0000000607c00000, 0x0000000607c00000| Untracked 
|  27|0x0000000608000000, 0x0000000608400000, 0x0000000608400000|100%| O|  |TAMS 0x0000000608000000, 0x0000000608000000| Untracked 
|  28|0x0000000608400000, 0x0000000608800000, 0x0000000608800000|100%| O|  |TAMS 0x0000000608400000, 0x0000000608400000| Untracked 
|  29|0x0000000608800000, 0x0000000608c00000, 0x0000000608c00000|100%| O|  |TAMS 0x0000000608800000, 0x0000000608800000| Untracked 
|  30|0x0000000608c00000, 0x0000000609000000, 0x0000000609000000|100%| O|  |TAMS 0x0000000608c00000, 0x0000000608c00000| Untracked 
|  31|0x0000000609000000, 0x0000000609400000, 0x0000000609400000|100%| O|  |TAMS 0x0000000609000000, 0x0000000609000000| Untracked 
|  32|0x0000000609400000, 0x0000000609800000, 0x0000000609800000|100%| O|  |TAMS 0x0000000609400000, 0x0000000609400000| Untracked 
|  33|0x0000000609800000, 0x0000000609c00000, 0x0000000609c00000|100%| O|  |TAMS 0x0000000609800000, 0x0000000609800000| Untracked 
|  34|0x0000000609c00000, 0x000000060a000000, 0x000000060a000000|100%| O|  |TAMS 0x0000000609c00000, 0x0000000609c00000| Untracked 
|  35|0x000000060a000000, 0x000000060a400000, 0x000000060a400000|100%| O|  |TAMS 0x000000060a000000, 0x000000060a000000| Untracked 
|  36|0x000000060a400000, 0x000000060a800000, 0x000000060a800000|100%| O|  |TAMS 0x000000060a400000, 0x000000060a400000| Untracked 
|  37|0x000000060a800000, 0x000000060ac00000, 0x000000060ac00000|100%| O|  |TAMS 0x000000060a800000, 0x000000060a800000| Untracked 
|  38|0x000000060ac00000, 0x000000060b000000, 0x000000060b000000|100%| O|  |TAMS 0x000000060ac00000, 0x000000060ac00000| Untracked 
|  39|0x000000060b000000, 0x000000060b400000, 0x000000060b400000|100%| O|  |TAMS 0x000000060b000000, 0x000000060b000000| Untracked 
|  40|0x000000060b400000, 0x000000060b800000, 0x000000060b800000|100%| O|  |TAMS 0x000000060b400000, 0x000000060b400000| Untracked 
|  41|0x000000060b800000, 0x000000060bc00000, 0x000000060bc00000|100%| O|  |TAMS 0x000000060b800000, 0x000000060b800000| Untracked 
|  42|0x000000060bc00000, 0x000000060c000000, 0x000000060c000000|100%| O|  |TAMS 0x000000060bc00000, 0x000000060bc00000| Untracked 
|  43|0x000000060c000000, 0x000000060c400000, 0x000000060c400000|100%| O|  |TAMS 0x000000060c000000, 0x000000060c000000| Untracked 
|  44|0x000000060c400000, 0x000000060c800000, 0x000000060c800000|100%| O|  |TAMS 0x000000060c400000, 0x000000060c400000| Untracked 
|  45|0x000000060c800000, 0x000000060cc00000, 0x000000060cc00000|100%| O|  |TAMS 0x000000060c800000, 0x000000060c800000| Untracked 
|  46|0x000000060cc00000, 0x000000060d000000, 0x000000060d000000|100%| O|  |TAMS 0x000000060cc00000, 0x000000060cc00000| Untracked 
|  47|0x000000060d000000, 0x000000060d400000, 0x000000060d400000|100%| O|  |TAMS 0x000000060d000000, 0x000000060d000000| Untracked 
|  48|0x000000060d400000, 0x000000060d800000, 0x000000060d800000|100%| O|  |TAMS 0x000000060d400000, 0x000000060d400000| Untracked 
|  49|0x000000060d800000, 0x000000060dc00000, 0x000000060dc00000|100%|HS|  |TAMS 0x000000060d800000, 0x000000060d800000| Complete 
|  50|0x000000060dc00000, 0x000000060e000000, 0x000000060e000000|100%| O|  |TAMS 0x000000060dc00000, 0x000000060dc00000| Untracked 
|  51|0x000000060e000000, 0x000000060e400000, 0x000000060e400000|100%| O|  |TAMS 0x000000060e000000, 0x000000060e000000| Untracked 
|  52|0x000000060e400000, 0x000000060e7e8800, 0x000000060e800000| 97%| O|  |TAMS 0x000000060e400000, 0x000000060e400000| Untracked 
|  53|0x000000060e800000, 0x000000060e800000, 0x000000060ec00000|  0%| F|  |TAMS 0x000000060e800000, 0x000000060e800000| Untracked 
|  54|0x000000060ec00000, 0x000000060ec00000, 0x000000060f000000|  0%| F|  |TAMS 0x000000060ec00000, 0x000000060ec00000| Untracked 
|  55|0x000000060f000000, 0x000000060f000000, 0x000000060f400000|  0%| F|  |TAMS 0x000000060f000000, 0x000000060f000000| Untracked 
|  56|0x000000060f400000, 0x000000060f400000, 0x000000060f800000|  0%| F|  |TAMS 0x000000060f400000, 0x000000060f400000| Untracked 
|  57|0x000000060f800000, 0x000000060f800000, 0x000000060fc00000|  0%| F|  |TAMS 0x000000060f800000, 0x000000060f800000| Untracked 
|  58|0x000000060fc00000, 0x000000060fc00000, 0x0000000610000000|  0%| F|  |TAMS 0x000000060fc00000, 0x000000060fc00000| Untracked 
|  59|0x0000000610000000, 0x0000000610000000, 0x0000000610400000|  0%| F|  |TAMS 0x0000000610000000, 0x0000000610000000| Untracked 
|  60|0x0000000610400000, 0x0000000610400000, 0x0000000610800000|  0%| F|  |TAMS 0x0000000610400000, 0x0000000610400000| Untracked 
|  61|0x0000000610800000, 0x0000000610800000, 0x0000000610c00000|  0%| F|  |TAMS 0x0000000610800000, 0x0000000610800000| Untracked 
|  62|0x0000000610c00000, 0x0000000610c00000, 0x0000000611000000|  0%| F|  |TAMS 0x0000000610c00000, 0x0000000610c00000| Untracked 
|  63|0x0000000611000000, 0x0000000611000000, 0x0000000611400000|  0%| F|  |TAMS 0x0000000611000000, 0x0000000611000000| Untracked 
|  64|0x0000000611400000, 0x0000000611400000, 0x0000000611800000|  0%| F|  |TAMS 0x0000000611400000, 0x0000000611400000| Untracked 
|  65|0x0000000611800000, 0x0000000611800000, 0x0000000611c00000|  0%| F|  |TAMS 0x0000000611800000, 0x0000000611800000| Untracked 
|  66|0x0000000611c00000, 0x0000000611c00000, 0x0000000612000000|  0%| F|  |TAMS 0x0000000611c00000, 0x0000000611c00000| Untracked 
|  67|0x0000000612000000, 0x0000000612000000, 0x0000000612400000|  0%| F|  |TAMS 0x0000000612000000, 0x0000000612000000| Untracked 
|  68|0x0000000612400000, 0x0000000612400000, 0x0000000612800000|  0%| F|  |TAMS 0x0000000612400000, 0x0000000612400000| Untracked 
|  69|0x0000000612800000, 0x0000000612800000, 0x0000000612c00000|  0%| F|  |TAMS 0x0000000612800000, 0x0000000612800000| Untracked 
|  70|0x0000000612c00000, 0x0000000612c00000, 0x0000000613000000|  0%| F|  |TAMS 0x0000000612c00000, 0x0000000612c00000| Untracked 
|  71|0x0000000613000000, 0x0000000613000000, 0x0000000613400000|  0%| F|  |TAMS 0x0000000613000000, 0x0000000613000000| Untracked 
|  72|0x0000000613400000, 0x0000000613400000, 0x0000000613800000|  0%| F|  |TAMS 0x0000000613400000, 0x0000000613400000| Untracked 
|  73|0x0000000613800000, 0x0000000613800000, 0x0000000613c00000|  0%| F|  |TAMS 0x0000000613800000, 0x0000000613800000| Untracked 
|  74|0x0000000613c00000, 0x0000000613c00000, 0x0000000614000000|  0%| F|  |TAMS 0x0000000613c00000, 0x0000000613c00000| Untracked 
|  75|0x0000000614000000, 0x0000000614000000, 0x0000000614400000|  0%| F|  |TAMS 0x0000000614000000, 0x0000000614000000| Untracked 
|  76|0x0000000614400000, 0x0000000614400000, 0x0000000614800000|  0%| F|  |TAMS 0x0000000614400000, 0x0000000614400000| Untracked 
|  77|0x0000000614800000, 0x0000000614800000, 0x0000000614c00000|  0%| F|  |TAMS 0x0000000614800000, 0x0000000614800000| Untracked 
|  78|0x0000000614c00000, 0x0000000614c00000, 0x0000000615000000|  0%| F|  |TAMS 0x0000000614c00000, 0x0000000614c00000| Untracked 
|  79|0x0000000615000000, 0x0000000615000000, 0x0000000615400000|  0%| F|  |TAMS 0x0000000615000000, 0x0000000615000000| Untracked 
|  80|0x0000000615400000, 0x0000000615400000, 0x0000000615800000|  0%| F|  |TAMS 0x0000000615400000, 0x0000000615400000| Untracked 
|  81|0x0000000615800000, 0x0000000615800000, 0x0000000615c00000|  0%| F|  |TAMS 0x0000000615800000, 0x0000000615800000| Untracked 
|  82|0x0000000615c00000, 0x0000000616000000, 0x0000000616000000|100%| S|CS|TAMS 0x0000000615c00000, 0x0000000615c00000| Complete 
|  83|0x0000000616000000, 0x0000000616400000, 0x0000000616400000|100%| S|CS|TAMS 0x0000000616000000, 0x0000000616000000| Complete 
|  84|0x0000000616400000, 0x0000000616800000, 0x0000000616800000|100%| S|CS|TAMS 0x0000000616400000, 0x0000000616400000| Complete 
|  85|0x0000000616800000, 0x0000000616c00000, 0x0000000616c00000|100%| S|CS|TAMS 0x0000000616800000, 0x0000000616800000| Complete 
|  86|0x0000000616c00000, 0x0000000616c00000, 0x0000000617000000|  0%| F|  |TAMS 0x0000000616c00000, 0x0000000616c00000| Untracked 
|  87|0x0000000617000000, 0x0000000617400000, 0x0000000617400000|100%| S|CS|TAMS 0x0000000617000000, 0x0000000617000000| Complete 
|  88|0x0000000617400000, 0x0000000617800000, 0x0000000617800000|100%| S|CS|TAMS 0x0000000617400000, 0x0000000617400000| Complete 
|  89|0x0000000617800000, 0x0000000617c00000, 0x0000000617c00000|100%| S|CS|TAMS 0x0000000617800000, 0x0000000617800000| Complete 
|  90|0x0000000617c00000, 0x0000000617c00000, 0x0000000618000000|  0%| F|  |TAMS 0x0000000617c00000, 0x0000000617c00000| Untracked 
|  91|0x0000000618000000, 0x0000000618000000, 0x0000000618400000|  0%| F|  |TAMS 0x0000000618000000, 0x0000000618000000| Untracked 
|  92|0x0000000618400000, 0x0000000618400000, 0x0000000618800000|  0%| F|  |TAMS 0x0000000618400000, 0x0000000618400000| Untracked 
|  93|0x0000000618800000, 0x0000000618800000, 0x0000000618c00000|  0%| F|  |TAMS 0x0000000618800000, 0x0000000618800000| Untracked 
|  94|0x0000000618c00000, 0x0000000618c00000, 0x0000000619000000|  0%| F|  |TAMS 0x0000000618c00000, 0x0000000618c00000| Untracked 
|  95|0x0000000619000000, 0x0000000619000000, 0x0000000619400000|  0%| F|  |TAMS 0x0000000619000000, 0x0000000619000000| Untracked 
|  96|0x0000000619400000, 0x0000000619400000, 0x0000000619800000|  0%| F|  |TAMS 0x0000000619400000, 0x0000000619400000| Untracked 
|  97|0x0000000619800000, 0x0000000619800000, 0x0000000619c00000|  0%| F|  |TAMS 0x0000000619800000, 0x0000000619800000| Untracked 
|  98|0x0000000619c00000, 0x0000000619c00000, 0x000000061a000000|  0%| F|  |TAMS 0x0000000619c00000, 0x0000000619c00000| Untracked 
|  99|0x000000061a000000, 0x000000061a000000, 0x000000061a400000|  0%| F|  |TAMS 0x000000061a000000, 0x000000061a000000| Untracked 
| 100|0x000000061a400000, 0x000000061a400000, 0x000000061a800000|  0%| F|  |TAMS 0x000000061a400000, 0x000000061a400000| Untracked 
| 101|0x000000061a800000, 0x000000061a800000, 0x000000061ac00000|  0%| F|  |TAMS 0x000000061a800000, 0x000000061a800000| Untracked 
| 102|0x000000061ac00000, 0x000000061ac00000, 0x000000061b000000|  0%| F|  |TAMS 0x000000061ac00000, 0x000000061ac00000| Untracked 
| 103|0x000000061b000000, 0x000000061b000000, 0x000000061b400000|  0%| F|  |TAMS 0x000000061b000000, 0x000000061b000000| Untracked 
| 104|0x000000061b400000, 0x000000061b400000, 0x000000061b800000|  0%| F|  |TAMS 0x000000061b400000, 0x000000061b400000| Untracked 
| 105|0x000000061b800000, 0x000000061b800000, 0x000000061bc00000|  0%| F|  |TAMS 0x000000061b800000, 0x000000061b800000| Untracked 
| 106|0x000000061bc00000, 0x000000061bc00000, 0x000000061c000000|  0%| F|  |TAMS 0x000000061bc00000, 0x000000061bc00000| Untracked 
| 107|0x000000061c000000, 0x000000061c000000, 0x000000061c400000|  0%| F|  |TAMS 0x000000061c000000, 0x000000061c000000| Untracked 
| 108|0x000000061c400000, 0x000000061c400000, 0x000000061c800000|  0%| F|  |TAMS 0x000000061c400000, 0x000000061c400000| Untracked 
| 109|0x000000061c800000, 0x000000061c800000, 0x000000061cc00000|  0%| F|  |TAMS 0x000000061c800000, 0x000000061c800000| Untracked 
| 110|0x000000061cc00000, 0x000000061cc00000, 0x000000061d000000|  0%| F|  |TAMS 0x000000061cc00000, 0x000000061cc00000| Untracked 
| 111|0x000000061d000000, 0x000000061d000000, 0x000000061d400000|  0%| F|  |TAMS 0x000000061d000000, 0x000000061d000000| Untracked 
| 112|0x000000061d400000, 0x000000061d400000, 0x000000061d800000|  0%| F|  |TAMS 0x000000061d400000, 0x000000061d400000| Untracked 
| 113|0x000000061d800000, 0x000000061d800000, 0x000000061dc00000|  0%| F|  |TAMS 0x000000061d800000, 0x000000061d800000| Untracked 
| 114|0x000000061dc00000, 0x000000061dc00000, 0x000000061e000000|  0%| F|  |TAMS 0x000000061dc00000, 0x000000061dc00000| Untracked 
| 115|0x000000061e000000, 0x000000061e000000, 0x000000061e400000|  0%| F|  |TAMS 0x000000061e000000, 0x000000061e000000| Untracked 
| 116|0x000000061e400000, 0x000000061e400000, 0x000000061e800000|  0%| F|  |TAMS 0x000000061e400000, 0x000000061e400000| Untracked 
| 117|0x000000061e800000, 0x000000061e800000, 0x000000061ec00000|  0%| F|  |TAMS 0x000000061e800000, 0x000000061e800000| Untracked 
| 118|0x000000061ec00000, 0x000000061ec00000, 0x000000061f000000|  0%| F|  |TAMS 0x000000061ec00000, 0x000000061ec00000| Untracked 
| 119|0x000000061f000000, 0x000000061f000000, 0x000000061f400000|  0%| F|  |TAMS 0x000000061f000000, 0x000000061f000000| Untracked 
| 120|0x000000061f400000, 0x000000061f400000, 0x000000061f800000|  0%| F|  |TAMS 0x000000061f400000, 0x000000061f400000| Untracked 
| 121|0x000000061f800000, 0x000000061f800000, 0x000000061fc00000|  0%| F|  |TAMS 0x000000061f800000, 0x000000061f800000| Untracked 
| 122|0x000000061fc00000, 0x000000061fc00000, 0x0000000620000000|  0%| F|  |TAMS 0x000000061fc00000, 0x000000061fc00000| Untracked 
| 123|0x0000000620000000, 0x0000000620000000, 0x0000000620400000|  0%| F|  |TAMS 0x0000000620000000, 0x0000000620000000| Untracked 
| 124|0x0000000620400000, 0x0000000620400000, 0x0000000620800000|  0%| F|  |TAMS 0x0000000620400000, 0x0000000620400000| Untracked 
| 125|0x0000000620800000, 0x0000000620800000, 0x0000000620c00000|  0%| F|  |TAMS 0x0000000620800000, 0x0000000620800000| Untracked 
| 126|0x0000000620c00000, 0x0000000620c00000, 0x0000000621000000|  0%| F|  |TAMS 0x0000000620c00000, 0x0000000620c00000| Untracked 
| 127|0x0000000621000000, 0x0000000621000000, 0x0000000621400000|  0%| F|  |TAMS 0x0000000621000000, 0x0000000621000000| Untracked 
| 128|0x0000000621400000, 0x0000000621400000, 0x0000000621800000|  0%| F|  |TAMS 0x0000000621400000, 0x0000000621400000| Untracked 
| 129|0x0000000621800000, 0x0000000621800000, 0x0000000621c00000|  0%| F|  |TAMS 0x0000000621800000, 0x0000000621800000| Untracked 
| 130|0x0000000621c00000, 0x0000000621c00000, 0x0000000622000000|  0%| F|  |TAMS 0x0000000621c00000, 0x0000000621c00000| Untracked 
| 131|0x0000000622000000, 0x0000000622000000, 0x0000000622400000|  0%| F|  |TAMS 0x0000000622000000, 0x0000000622000000| Untracked 
| 132|0x0000000622400000, 0x0000000622400000, 0x0000000622800000|  0%| F|  |TAMS 0x0000000622400000, 0x0000000622400000| Untracked 
| 133|0x0000000622800000, 0x0000000622800000, 0x0000000622c00000|  0%| F|  |TAMS 0x0000000622800000, 0x0000000622800000| Untracked 
| 134|0x0000000622c00000, 0x0000000622c00000, 0x0000000623000000|  0%| F|  |TAMS 0x0000000622c00000, 0x0000000622c00000| Untracked 
| 135|0x0000000623000000, 0x0000000623000000, 0x0000000623400000|  0%| F|  |TAMS 0x0000000623000000, 0x0000000623000000| Untracked 
| 136|0x0000000623400000, 0x0000000623400000, 0x0000000623800000|  0%| F|  |TAMS 0x0000000623400000, 0x0000000623400000| Untracked 
| 137|0x0000000623800000, 0x0000000623800000, 0x0000000623c00000|  0%| F|  |TAMS 0x0000000623800000, 0x0000000623800000| Untracked 
| 138|0x0000000623c00000, 0x0000000623c00000, 0x0000000624000000|  0%| F|  |TAMS 0x0000000623c00000, 0x0000000623c00000| Untracked 
| 139|0x0000000624000000, 0x0000000624000000, 0x0000000624400000|  0%| F|  |TAMS 0x0000000624000000, 0x0000000624000000| Untracked 
| 140|0x0000000624400000, 0x0000000624400000, 0x0000000624800000|  0%| F|  |TAMS 0x0000000624400000, 0x0000000624400000| Untracked 
| 141|0x0000000624800000, 0x0000000624800000, 0x0000000624c00000|  0%| F|  |TAMS 0x0000000624800000, 0x0000000624800000| Untracked 
| 142|0x0000000624c00000, 0x0000000624c00000, 0x0000000625000000|  0%| F|  |TAMS 0x0000000624c00000, 0x0000000624c00000| Untracked 
| 143|0x0000000625000000, 0x0000000625000000, 0x0000000625400000|  0%| F|  |TAMS 0x0000000625000000, 0x0000000625000000| Untracked 
| 144|0x0000000625400000, 0x0000000625400000, 0x0000000625800000|  0%| F|  |TAMS 0x0000000625400000, 0x0000000625400000| Untracked 
| 145|0x0000000625800000, 0x0000000625800000, 0x0000000625c00000|  0%| F|  |TAMS 0x0000000625800000, 0x0000000625800000| Untracked 
| 146|0x0000000625c00000, 0x0000000625c00000, 0x0000000626000000|  0%| F|  |TAMS 0x0000000625c00000, 0x0000000625c00000| Untracked 
| 147|0x0000000626000000, 0x0000000626000000, 0x0000000626400000|  0%| F|  |TAMS 0x0000000626000000, 0x0000000626000000| Untracked 
| 148|0x0000000626400000, 0x0000000626400000, 0x0000000626800000|  0%| F|  |TAMS 0x0000000626400000, 0x0000000626400000| Untracked 
| 149|0x0000000626800000, 0x0000000626800000, 0x0000000626c00000|  0%| F|  |TAMS 0x0000000626800000, 0x0000000626800000| Untracked 
| 150|0x0000000626c00000, 0x0000000626c00000, 0x0000000627000000|  0%| F|  |TAMS 0x0000000626c00000, 0x0000000626c00000| Untracked 
| 151|0x0000000627000000, 0x0000000627000000, 0x0000000627400000|  0%| F|  |TAMS 0x0000000627000000, 0x0000000627000000| Untracked 
| 152|0x0000000627400000, 0x0000000627400000, 0x0000000627800000|  0%| F|  |TAMS 0x0000000627400000, 0x0000000627400000| Untracked 
| 153|0x0000000627800000, 0x0000000627800000, 0x0000000627c00000|  0%| F|  |TAMS 0x0000000627800000, 0x0000000627800000| Untracked 
| 154|0x0000000627c00000, 0x0000000627c00000, 0x0000000628000000|  0%| F|  |TAMS 0x0000000627c00000, 0x0000000627c00000| Untracked 
| 155|0x0000000628000000, 0x0000000628000000, 0x0000000628400000|  0%| F|  |TAMS 0x0000000628000000, 0x0000000628000000| Untracked 
| 156|0x0000000628400000, 0x0000000628400000, 0x0000000628800000|  0%| F|  |TAMS 0x0000000628400000, 0x0000000628400000| Untracked 
| 157|0x0000000628800000, 0x0000000628800000, 0x0000000628c00000|  0%| F|  |TAMS 0x0000000628800000, 0x0000000628800000| Untracked 
| 158|0x0000000628c00000, 0x0000000628c00000, 0x0000000629000000|  0%| F|  |TAMS 0x0000000628c00000, 0x0000000628c00000| Untracked 
| 159|0x0000000629000000, 0x0000000629000000, 0x0000000629400000|  0%| F|  |TAMS 0x0000000629000000, 0x0000000629000000| Untracked 
| 160|0x0000000629400000, 0x0000000629400000, 0x0000000629800000|  0%| F|  |TAMS 0x0000000629400000, 0x0000000629400000| Untracked 
| 161|0x0000000629800000, 0x0000000629800000, 0x0000000629c00000|  0%| F|  |TAMS 0x0000000629800000, 0x0000000629800000| Untracked 
| 162|0x0000000629c00000, 0x0000000629c00000, 0x000000062a000000|  0%| F|  |TAMS 0x0000000629c00000, 0x0000000629c00000| Untracked 
| 163|0x000000062a000000, 0x000000062a000000, 0x000000062a400000|  0%| F|  |TAMS 0x000000062a000000, 0x000000062a000000| Untracked 
| 164|0x000000062a400000, 0x000000062a400000, 0x000000062a800000|  0%| F|  |TAMS 0x000000062a400000, 0x000000062a400000| Untracked 
| 165|0x000000062a800000, 0x000000062a800000, 0x000000062ac00000|  0%| F|  |TAMS 0x000000062a800000, 0x000000062a800000| Untracked 
| 166|0x000000062ac00000, 0x000000062ac00000, 0x000000062b000000|  0%| F|  |TAMS 0x000000062ac00000, 0x000000062ac00000| Untracked 
| 167|0x000000062b000000, 0x000000062b000000, 0x000000062b400000|  0%| F|  |TAMS 0x000000062b000000, 0x000000062b000000| Untracked 
| 168|0x000000062b400000, 0x000000062b400000, 0x000000062b800000|  0%| F|  |TAMS 0x000000062b400000, 0x000000062b400000| Untracked 
| 169|0x000000062b800000, 0x000000062b800000, 0x000000062bc00000|  0%| F|  |TAMS 0x000000062b800000, 0x000000062b800000| Untracked 
| 170|0x000000062bc00000, 0x000000062bc00000, 0x000000062c000000|  0%| F|  |TAMS 0x000000062bc00000, 0x000000062bc00000| Untracked 
| 171|0x000000062c000000, 0x000000062c000000, 0x000000062c400000|  0%| F|  |TAMS 0x000000062c000000, 0x000000062c000000| Untracked 
| 172|0x000000062c400000, 0x000000062c400000, 0x000000062c800000|  0%| F|  |TAMS 0x000000062c400000, 0x000000062c400000| Untracked 
| 173|0x000000062c800000, 0x000000062c800000, 0x000000062cc00000|  0%| F|  |TAMS 0x000000062c800000, 0x000000062c800000| Untracked 
| 174|0x000000062cc00000, 0x000000062cc00000, 0x000000062d000000|  0%| F|  |TAMS 0x000000062cc00000, 0x000000062cc00000| Untracked 
| 175|0x000000062d000000, 0x000000062d000000, 0x000000062d400000|  0%| F|  |TAMS 0x000000062d000000, 0x000000062d000000| Untracked 
| 176|0x000000062d400000, 0x000000062d400000, 0x000000062d800000|  0%| F|  |TAMS 0x000000062d400000, 0x000000062d400000| Untracked 
| 177|0x000000062d800000, 0x000000062d800000, 0x000000062dc00000|  0%| F|  |TAMS 0x000000062d800000, 0x000000062d800000| Untracked 
| 178|0x000000062dc00000, 0x000000062dc00000, 0x000000062e000000|  0%| F|  |TAMS 0x000000062dc00000, 0x000000062dc00000| Untracked 
| 179|0x000000062e000000, 0x000000062e000000, 0x000000062e400000|  0%| F|  |TAMS 0x000000062e000000, 0x000000062e000000| Untracked 
| 180|0x000000062e400000, 0x000000062e400000, 0x000000062e800000|  0%| F|  |TAMS 0x000000062e400000, 0x000000062e400000| Untracked 
| 181|0x000000062e800000, 0x000000062e800000, 0x000000062ec00000|  0%| F|  |TAMS 0x000000062e800000, 0x000000062e800000| Untracked 
| 182|0x000000062ec00000, 0x000000062ec00000, 0x000000062f000000|  0%| F|  |TAMS 0x000000062ec00000, 0x000000062ec00000| Untracked 
| 183|0x000000062f000000, 0x000000062f000000, 0x000000062f400000|  0%| F|  |TAMS 0x000000062f000000, 0x000000062f000000| Untracked 
| 184|0x000000062f400000, 0x000000062f400000, 0x000000062f800000|  0%| F|  |TAMS 0x000000062f400000, 0x000000062f400000| Untracked 
| 185|0x000000062f800000, 0x000000062f800000, 0x000000062fc00000|  0%| F|  |TAMS 0x000000062f800000, 0x000000062f800000| Untracked 
| 186|0x000000062fc00000, 0x000000062fc00000, 0x0000000630000000|  0%| F|  |TAMS 0x000000062fc00000, 0x000000062fc00000| Untracked 
| 187|0x0000000630000000, 0x0000000630000000, 0x0000000630400000|  0%| F|  |TAMS 0x0000000630000000, 0x0000000630000000| Untracked 

Card table byte_map: [0x000001e977430000,0x000001e978430000] _byte_map_base: 0x000001e974426000

Marking Bits (Prev, Next): (CMBitMap*) 0x000001e96e4a8510, (CMBitMap*) 0x000001e96e4a8550
 Prev Bits: [0x000001e90f000000, 0x000001e916fb0000)
 Next Bits: [0x000001e916fb0000, 0x000001e91ef60000)

Polling page: 0x000001e96c330000

Metaspace:

Usage:
  Non-class:     46.99 MB used.
      Class:      8.22 MB used.
       Both:     55.21 MB used.

Virtual space:
  Non-class space:       48.00 MB reserved,      47.62 MB (>99%) committed,  6 nodes.
      Class space:        1.00 GB reserved,       8.69 MB ( <1%) committed,  1 nodes.
             Both:        1.05 GB reserved,      56.31 MB (  5%) committed. 

Chunk freelists:
   Non-Class:  160.00 KB
       Class:  3.26 MB
        Both:  3.41 MB

MaxMetaspaceSize: unlimited
CompressedClassSpaceSize: 1.00 GB
Initial GC threshold: 21.00 MB
Current GC threshold: 59.00 MB
CDS: on
MetaspaceReclaimPolicy: balanced
 - commit_granule_bytes: 65536.
 - commit_granule_words: 8192.
 - virtual_space_node_default_size: 1048576.
 - enlarge_chunks_in_place: 1.
 - new_chunks_are_fully_committed: 0.
 - uncommit_free_chunks: 1.
 - use_allocation_guard: 0.
 - handle_deallocations: 1.


Internal statistics:

num_allocs_failed_limit: 6.
num_arena_births: 1588.
num_arena_deaths: 0.
num_vsnodes_births: 7.
num_vsnodes_deaths: 0.
num_space_committed: 899.
num_space_uncommitted: 0.
num_chunks_returned_to_freelist: 6.
num_chunks_taken_from_freelist: 3907.
num_chunk_merges: 6.
num_chunk_splits: 2505.
num_chunks_enlarged: 1637.
num_purges: 0.
num_inconsistent_stats: 0.

CodeHeap 'non-profiled nmethods': size=120000Kb used=5726Kb max_used=5828Kb free=114273Kb
 bounds [0x000001e907ad0000, 0x000001e9080a0000, 0x000001e90f000000]
CodeHeap 'profiled nmethods': size=120000Kb used=11972Kb max_used=13089Kb free=108027Kb
 bounds [0x000001e9005a0000, 0x000001e901270000, 0x000001e907ad0000]
CodeHeap 'non-nmethods': size=5760Kb used=1515Kb max_used=1584Kb free=4244Kb
 bounds [0x000001e900000000, 0x000001e900270000, 0x000001e9005a0000]
 total_blobs=8273 nmethods=7372 adapters=813
 compilation: enabled
              stopped_count=0, restarted_count=0
 full_count=0

Compilation events (20 events):
Event: 7.587 Thread 0x000001e97b7353e0 9730       3       it.unimi.dsi.fastutil.floats.FloatArrays::ensureOffsetLength (8 bytes)
Event: 7.587 Thread 0x000001e97b7353e0 nmethod 9730 0x000001e900b67010 code [0x000001e900b671a0, 0x000001e900b672c8]
Event: 7.587 Thread 0x000001e97b7353e0 9731       3       it.unimi.dsi.fastutil.floats.FloatArrays::forceCapacity (14 bytes)
Event: 7.587 Thread 0x000001e97b7353e0 nmethod 9731 0x000001e900e5bf10 code [0x000001e900e5c0c0, 0x000001e900e5c308]
Event: 7.587 Thread 0x000001e97b7353e0 9732       3       net.minecraft.world.level.levelgen.SurfaceRules::ifTrue (10 bytes)
Event: 7.588 Thread 0x000001e97b7353e0 nmethod 9732 0x000001e900f31110 code [0x000001e900f312c0, 0x000001e900f315f8]
Event: 7.588 Thread 0x000001e97c25dd00 nmethod 9720 0x000001e907df4890 code [0x000001e907df4a40, 0x000001e907df4f38]
Event: 7.590 Thread 0x000001e97c25dd00 9733       4       com.mojang.datafixers.types.templates.CompoundList$CompoundListType::equals (55 bytes)
Event: 7.591 Thread 0x000001e97b7353e0 9734       3       com.mojang.datafixers.DSL::hook (11 bytes)
Event: 7.592 Thread 0x000001e97b7353e0 nmethod 9734 0x000001e900f5ea10 code [0x000001e900f5ebc0, 0x000001e900f5ef58]
Event: 7.592 Thread 0x000001e97c25dd00 nmethod 9733 0x000001e907df4010 code [0x000001e907df41c0, 0x000001e907df45b8]
Event: 7.597 Thread 0x000001e97c25dd00 9735       4       org.objectweb.asm.AnnotationWriter::putAnnotations (67 bytes)
Event: 7.598 Thread 0x000001e97c25dd00 nmethod 9735 0x000001e907dd5210 code [0x000001e907dd53c0, 0x000001e907dd5570]
Event: 7.599 Thread 0x000001e97c25dd00 9736       4       java.util.TreeMap::get (19 bytes)
Event: 7.599 Thread 0x000001e97c25dd00 nmethod 9736 0x000001e907df3d10 code [0x000001e907df3ea0, 0x000001e907df3f48]
Event: 7.599 Thread 0x000001e97c25dd00 9737       4       com.mojang.datafixers.types.templates.Hook::apply (8 bytes)
Event: 7.600 Thread 0x000001e97c25dd00 nmethod 9737 0x000001e907df3990 code [0x000001e907df3b20, 0x000001e907df3c18]
Event: 7.602 Thread 0x000001e97b7353e0 9738       3       java.util.Collections$EmptyList::iterator (4 bytes)
Event: 7.603 Thread 0x000001e97b7353e0 nmethod 9738 0x000001e9010c3e10 code [0x000001e9010c3fa0, 0x000001e9010c4118]
Event: 7.603 Thread 0x000001e97c25dd00 9739       4       java.net.URI::appendSchemeSpecificPart (185 bytes)

GC Heap History (20 events):
Event: 5.570 GC heap after
{Heap after GC invocations=17 (full 0):
 garbage-first heap   total 303104K, used 101132K [0x0000000601400000, 0x0000000800000000)
  region size 4096K, 6 young (24576K), 6 survivors (24576K)
 Metaspace       used 41657K, committed 42624K, reserved 1089536K
  class space    used 5499K, committed 5888K, reserved 1048576K
}
Event: 5.927 GC heap before
{Heap before GC invocations=17 (full 0):
 garbage-first heap   total 303104K, used 236300K [0x0000000601400000, 0x0000000800000000)
  region size 4096K, 39 young (159744K), 6 survivors (24576K)
 Metaspace       used 45612K, committed 46528K, reserved 1089536K
  class space    used 6106K, committed 6528K, reserved 1048576K
}
Event: 5.940 GC heap after
{Heap after GC invocations=18 (full 0):
 garbage-first heap   total 303104K, used 113976K [0x0000000601400000, 0x0000000800000000)
  region size 4096K, 3 young (12288K), 3 survivors (12288K)
 Metaspace       used 45612K, committed 46528K, reserved 1089536K
  class space    used 6106K, committed 6528K, reserved 1048576K
}
Event: 6.390 GC heap before
{Heap before GC invocations=18 (full 0):
 garbage-first heap   total 303104K, used 236856K [0x0000000601400000, 0x0000000800000000)
  region size 4096K, 33 young (135168K), 3 survivors (12288K)
 Metaspace       used 50884K, committed 51968K, reserved 1097728K
  class space    used 7263K, committed 7744K, reserved 1048576K
}
Event: 6.402 GC heap after
{Heap after GC invocations=19 (full 0):
 garbage-first heap   total 401408K, used 134097K [0x0000000601400000, 0x0000000800000000)
  region size 4096K, 5 young (20480K), 5 survivors (20480K)
 Metaspace       used 50884K, committed 51968K, reserved 1097728K
  class space    used 7263K, committed 7744K, reserved 1048576K
}
Event: 6.808 GC heap before
{Heap before GC invocations=19 (full 0):
 garbage-first heap   total 401408K, used 302033K [0x0000000601400000, 0x0000000800000000)
  region size 4096K, 46 young (188416K), 5 survivors (20480K)
 Metaspace       used 52820K, committed 53888K, reserved 1097728K
  class space    used 7709K, committed 8192K, reserved 1048576K
}
Event: 6.823 GC heap after
{Heap after GC invocations=20 (full 0):
 garbage-first heap   total 401408K, used 152850K [0x0000000601400000, 0x0000000800000000)
  region size 4096K, 6 young (24576K), 6 survivors (24576K)
 Metaspace       used 52820K, committed 53888K, reserved 1097728K
  class space    used 7709K, committed 8192K, reserved 1048576K
}
Event: 6.986 GC heap before
{Heap before GC invocations=20 (full 0):
 garbage-first heap   total 401408K, used 304402K [0x0000000601400000, 0x0000000800000000)
  region size 4096K, 43 young (176128K), 6 survivors (24576K)
 Metaspace       used 53864K, committed 54912K, reserved 1097728K
  class space    used 7899K, committed 8384K, reserved 1048576K
}
Event: 7.004 GC heap after
{Heap after GC invocations=21 (full 0):
 garbage-first heap   total 401408K, used 175231K [0x0000000601400000, 0x0000000800000000)
  region size 4096K, 6 young (24576K), 6 survivors (24576K)
 Metaspace       used 53864K, committed 54912K, reserved 1097728K
  class space    used 7899K, committed 8384K, reserved 1048576K
}
Event: 7.092 GC heap before
{Heap before GC invocations=21 (full 0):
 garbage-first heap   total 401408K, used 306303K [0x0000000601400000, 0x0000000800000000)
  region size 4096K, 38 young (155648K), 6 survivors (24576K)
 Metaspace       used 54427K, committed 55488K, reserved 1097728K
  class space    used 8002K, committed 8512K, reserved 1048576K
}
Event: 7.109 GC heap after
{Heap after GC invocations=22 (full 0):
 garbage-first heap   total 401408K, used 192974K [0x0000000601400000, 0x0000000800000000)
  region size 4096K, 5 young (20480K), 5 survivors (20480K)
 Metaspace       used 54427K, committed 55488K, reserved 1097728K
  class space    used 8002K, committed 8512K, reserved 1048576K
}
Event: 7.182 GC heap before
{Heap before GC invocations=22 (full 0):
 garbage-first heap   total 401408K, used 311758K [0x0000000601400000, 0x0000000800000000)
  region size 4096K, 34 young (139264K), 5 survivors (20480K)
 Metaspace       used 54772K, committed 55872K, reserved 1097728K
  class space    used 8073K, committed 8576K, reserved 1048576K
}
Event: 7.199 GC heap after
{Heap after GC invocations=23 (full 0):
 garbage-first heap   total 770048K, used 210258K [0x0000000601400000, 0x0000000800000000)
  region size 4096K, 5 young (20480K), 5 survivors (20480K)
 Metaspace       used 54772K, committed 55872K, reserved 1097728K
  class space    used 8073K, committed 8576K, reserved 1048576K
}
Event: 7.416 GC heap before
{Heap before GC invocations=23 (full 0):
 garbage-first heap   total 770048K, used 574802K [0x0000000601400000, 0x0000000800000000)
  region size 4096K, 94 young (385024K), 5 survivors (20480K)
 Metaspace       used 55926K, committed 57088K, reserved 1097728K
  class space    used 8300K, committed 8832K, reserved 1048576K
}
Event: 7.432 GC heap after
{Heap after GC invocations=24 (full 0):
 garbage-first heap   total 770048K, used 228135K [0x0000000601400000, 0x0000000800000000)
  region size 4096K, 9 young (36864K), 9 survivors (36864K)
 Metaspace       used 55926K, committed 57088K, reserved 1097728K
  class space    used 8300K, committed 8832K, reserved 1048576K
}
Event: 7.482 GC heap before
{Heap before GC invocations=24 (full 0):
 garbage-first heap   total 770048K, used 580391K [0x0000000601400000, 0x0000000800000000)
  region size 4096K, 94 young (385024K), 9 survivors (36864K)
 Metaspace       used 56281K, committed 57408K, reserved 1097728K
  class space    used 8351K, committed 8832K, reserved 1048576K
}
Event: 7.498 GC heap after
{Heap after GC invocations=25 (full 0):
 garbage-first heap   total 770048K, used 238786K [0x0000000601400000, 0x0000000800000000)
  region size 4096K, 7 young (28672K), 7 survivors (28672K)
 Metaspace       used 56281K, committed 57408K, reserved 1097728K
  class space    used 8351K, committed 8832K, reserved 1048576K
}
Event: 7.545 GC heap before
{Heap before GC invocations=25 (full 0):
 garbage-first heap   total 770048K, used 599234K [0x0000000601400000, 0x0000000800000000)
  region size 4096K, 95 young (389120K), 7 survivors (28672K)
 Metaspace       used 56396K, committed 57536K, reserved 1097728K
  class space    used 8380K, committed 8896K, reserved 1048576K
}
Event: 7.556 GC heap after
{Heap after GC invocations=26 (full 0):
 garbage-first heap   total 770048K, used 241013K [0x0000000601400000, 0x0000000800000000)
  region size 4096K, 7 young (28672K), 7 survivors (28672K)
 Metaspace       used 56396K, committed 57536K, reserved 1097728K
  class space    used 8380K, committed 8896K, reserved 1048576K
}
Event: 7.610 GC heap before
{Heap before GC invocations=26 (full 0):
 garbage-first heap   total 770048K, used 617845K [0x0000000601400000, 0x0000000800000000)
  region size 4096K, 99 young (405504K), 7 survivors (28672K)
 Metaspace       used 56534K, committed 57664K, reserved 1097728K
  class space    used 8414K, committed 8896K, reserved 1048576K
}

Deoptimization events (20 events):
Event: 7.589 Thread 0x000001e9203f8c90 Uncommon trap: trap_request=0xffffffc6 fr.pc=0x000001e907eee084 relative=0x00000000000007e4
Event: 7.589 Thread 0x000001e9203f8c90 Uncommon trap: reason=bimorphic_or_optimized_type_check action=maybe_recompile pc=0x000001e907eee084 method=com.google.common.collect.TransformedIterator.next()Ljava/lang/Object; @ 5 c2
Event: 7.589 Thread 0x000001e9203f8c90 DEOPT PACKING pc=0x000001e907eee084 sp=0x000000910bafd630
Event: 7.589 Thread 0x000001e9203f8c90 DEOPT UNPACKING pc=0x000001e9000523a3 sp=0x000000910bafd600 mode 2
Event: 7.589 Thread 0x000001e9203f8c90 Uncommon trap: trap_request=0xffffffc6 fr.pc=0x000001e907eed1dc relative=0x00000000000000bc
Event: 7.589 Thread 0x000001e9203f8c90 Uncommon trap: reason=bimorphic_or_optimized_type_check action=maybe_recompile pc=0x000001e907eed1dc method=com.google.common.collect.TransformedIterator.hasNext()Z @ 4 c2
Event: 7.589 Thread 0x000001e9203f8c90 DEOPT PACKING pc=0x000001e907eed1dc sp=0x000000910bafd680
Event: 7.589 Thread 0x000001e9203f8c90 DEOPT UNPACKING pc=0x000001e9000523a3 sp=0x000000910bafd608 mode 2
Event: 7.589 Thread 0x000001e9203f8c90 Uncommon trap: trap_request=0xffffffc6 fr.pc=0x000001e907eee084 relative=0x00000000000007e4
Event: 7.589 Thread 0x000001e9203f8c90 Uncommon trap: reason=bimorphic_or_optimized_type_check action=maybe_recompile pc=0x000001e907eee084 method=com.google.common.collect.TransformedIterator.next()Ljava/lang/Object; @ 5 c2
Event: 7.589 Thread 0x000001e9203f8c90 DEOPT PACKING pc=0x000001e907eee084 sp=0x000000910bafd630
Event: 7.589 Thread 0x000001e9203f8c90 DEOPT UNPACKING pc=0x000001e9000523a3 sp=0x000000910bafd600 mode 2
Event: 7.589 Thread 0x000001e9203f8c90 Uncommon trap: trap_request=0xffffffc6 fr.pc=0x000001e907eed1dc relative=0x00000000000000bc
Event: 7.589 Thread 0x000001e9203f8c90 Uncommon trap: reason=bimorphic_or_optimized_type_check action=maybe_recompile pc=0x000001e907eed1dc method=com.google.common.collect.TransformedIterator.hasNext()Z @ 4 c2
Event: 7.589 Thread 0x000001e9203f8c90 DEOPT PACKING pc=0x000001e907eed1dc sp=0x000000910bafd680
Event: 7.589 Thread 0x000001e9203f8c90 DEOPT UNPACKING pc=0x000001e9000523a3 sp=0x000000910bafd608 mode 2
Event: 7.589 Thread 0x000001e9203f8c90 Uncommon trap: trap_request=0xffffffc6 fr.pc=0x000001e907eee084 relative=0x00000000000007e4
Event: 7.589 Thread 0x000001e9203f8c90 Uncommon trap: reason=bimorphic_or_optimized_type_check action=maybe_recompile pc=0x000001e907eee084 method=com.google.common.collect.TransformedIterator.next()Ljava/lang/Object; @ 5 c2
Event: 7.589 Thread 0x000001e9203f8c90 DEOPT PACKING pc=0x000001e907eee084 sp=0x000000910bafd630
Event: 7.589 Thread 0x000001e9203f8c90 DEOPT UNPACKING pc=0x000001e9000523a3 sp=0x000000910bafd600 mode 2

Classes unloaded (0 events):
No events

Classes redefined (0 events):
No events

Internal exceptions (20 events):
Event: 7.034 Thread 0x000001e9203f8c90 Exception <a 'java/lang/NoSuchMethodError'{0x00000006177a9eb0}: 'java.lang.Object java.lang.invoke.DirectMethodHandle$Holder.newInvokeSpecial(java.lang.Object, java.lang.Object, int, int, int)'> (0x00000006177a9eb0) 
thrown [s\src\hotspot\share\interpreter\linkResolver.cpp, line 759]
Event: 7.034 Thread 0x000001e9203f8c90 Exception <a 'java/lang/NoSuchMethodError'{0x00000006177b1540}: 'java.lang.Object java.lang.invoke.Invokers$Holder.linkToTargetMethod(java.lang.Object, int, int, int, java.lang.Object)'> (0x00000006177b1540) 
thrown [s\src\hotspot\share\interpreter\linkResolver.cpp, line 759]
Event: 7.038 Thread 0x000001e9203f8c90 Exception <a 'java/lang/NoSuchMethodError'{0x0000000616851b20}: 'void java.lang.invoke.DirectMethodHandle$Holder.invokeStaticInit(java.lang.Object, java.lang.Object, java.lang.Object, java.lang.Object, java.lang.Object, java.lang.Object, java.lang.Object, java.lang.Object)'> (0x0000000616851b20) 
thrown [s\src\hotspot\share\interpreter\linkResolver.cpp, line 759]
Event: 7.051 Thread 0x000001e9203f8c90 Exception <a 'java/lang/NoSuchMethodError'{0x00000006154ab0d0}: 'java.lang.Object java.lang.invoke.DirectMethodHandle$Holder.newInvokeSpecial(java.lang.Object, java.lang.Object, java.lang.Object, int, int)'> (0x00000006154ab0d0) 
thrown [s\src\hotspot\share\interpreter\linkResolver.cpp, line 759]
Event: 7.090 Thread 0x000001e9203f8c90 Exception <a 'java/lang/NoSuchMethodError'{0x00000006127d9610}: 'java.lang.Object java.lang.invoke.DirectMethodHandle$Holder.newInvokeSpecial(java.lang.Object, java.lang.Object, float, float)'> (0x00000006127d9610) 
thrown [s\src\hotspot\share\interpreter\linkResolver.cpp, line 759]
Event: 7.112 Thread 0x000001e97ecff3a0 Implicit null exception at 0x000001e907b207d7 to 0x000001e907b20958
Event: 7.231 Thread 0x000001e9203f8c90 Exception <a 'java/lang/NoSuchMethodError'{0x000000062f122870}: 'java.lang.Object java.lang.invoke.DirectMethodHandle$Holder.newInvokeSpecial(java.lang.Object, java.lang.Object, double)'> (0x000000062f122870) 
thrown [s\src\hotspot\share\interpreter\linkResolver.cpp, line 759]
Event: 7.237 Thread 0x000001e9203f8c90 Exception <a 'java/lang/IncompatibleClassChangeError'{0x000000062d823618}: Found class java.lang.Object, but interface was expected> (0x000000062d823618) 
thrown [s\src\hotspot\share\interpreter\linkResolver.cpp, line 826]
Event: 7.252 Thread 0x000001e9203f8c90 Exception <a 'java/lang/NoSuchMethodError'{0x000000062d951d40}: 'java.lang.Object java.lang.invoke.DirectMethodHandle$Holder.invokeStaticInit(java.lang.Object, java.lang.Object, java.lang.Object, java.lang.Object, java.lang.Object, java.lang.Object, java.lang.Object, java.lang.Object)'> (0x000000062d951d40) 
thrown [s\src\hotspot\share\interpreter\linkResolver.cpp, line 759]
Event: 7.330 Thread 0x000001e9203f8c90 Exception <a 'java/lang/NoSuchMethodError'{0x000000062997ac18}: 'java.lang.Object java.lang.invoke.DirectMethodHandle$Holder.invokeStaticInit(java.lang.Object, java.lang.Object, java.lang.Object, java.lang.Object, double, double, java.lang.Object)'> (0x000000062997ac18) 
thrown [s\src\hotspot\share\interpreter\linkResolver.cpp, line 759]
Event: 7.350 Thread 0x000001e9203f8c90 Exception <a 'java/lang/NoSuchMethodError'{0x00000006269a1120}: 'java.lang.Object java.lang.invoke.DirectMethodHandle$Holder.invokeStaticInit(java.lang.Object, java.lang.Object, java.lang.Object, java.lang.Object, java.lang.Object, double, double)'> (0x00000006269a1120) 
thrown [s\src\hotspot\share\interpreter\linkResolver.cpp, line 759]
Event: 7.383 Thread 0x000001e9203f8c90 Exception <a 'java/lang/NoSuchMethodError'{0x0000000624325c48}: 'double java.lang.invoke.DirectMethodHandle$Holder.invokeStatic(java.lang.Object, double)'> (0x0000000624325c48) 
thrown [s\src\hotspot\share\interpreter\linkResolver.cpp, line 759]
Event: 7.384 Thread 0x000001e9203f8c90 Exception <a 'java/lang/NoSuchMethodError'{0x0000000624329110}: 'double java.lang.invoke.DirectMethodHandle$Holder.invokeStaticInit(java.lang.Object, double)'> (0x0000000624329110) 
thrown [s\src\hotspot\share\interpreter\linkResolver.cpp, line 759]
Event: 7.395 Thread 0x000001e9203f8c90 Exception <a 'java/lang/NoSuchMethodError'{0x00000006243a29b8}: 'java.lang.Object java.lang.invoke.DirectMethodHandle$Holder.newInvokeSpecial(java.lang.Object, java.lang.Object, double, double)'> (0x00000006243a29b8) 
thrown [s\src\hotspot\share\interpreter\linkResolver.cpp, line 759]
Event: 7.404 Thread 0x000001e9203f8c90 Exception <a 'java/lang/NoSuchMethodError'{0x000000061d8913b0}: 'float java.lang.invoke.DirectMethodHandle$Holder.invokeSpecial(java.lang.Object, java.lang.Object)'> (0x000000061d8913b0) 
thrown [s\src\hotspot\share\interpreter\linkResolver.cpp, line 759]
Event: 7.414 Thread 0x000001e9203f8c90 Exception <a 'java/lang/NoSuchMethodError'{0x000000061af2a878}: 'float java.lang.invoke.DirectMethodHandle$Holder.invokeStatic(java.lang.Object, java.lang.Object)'> (0x000000061af2a878) 
thrown [s\src\hotspot\share\interpreter\linkResolver.cpp, line 759]
Event: 7.415 Thread 0x000001e9203f8c90 Exception <a 'java/lang/NoSuchMethodError'{0x000000061af2de78}: 'float java.lang.invoke.DirectMethodHandle$Holder.invokeStaticInit(java.lang.Object, java.lang.Object)'> (0x000000061af2de78) 
thrown [s\src\hotspot\share\interpreter\linkResolver.cpp, line 759]
Event: 7.458 Thread 0x000001e9203f8c90 Exception <a 'java/lang/NoSuchMethodError'{0x000000062f35ac60}: 'java.lang.Object java.lang.invoke.DirectMethodHandle$Holder.newInvokeSpecial(java.lang.Object, java.lang.Object, java.lang.Object, java.lang.Object, java.lang.Object, java.lang.Object, java.lang.Object, java.lang.Object, java.lang.Object, java.lang.Object, java.lang.Object, java.lang.Object, java.lang.Object, java.lang.Object, java.lang.Object, java.lang.Object)'> (0x000000062f35ac60) 
thrown [s\src\hotspot\share\interpreter\linkResolver.cpp,
Event: 7.459 Thread 0x000001e9203f8c90 Exception <a 'java/lang/IncompatibleClassChangeError'{0x000000062f368448}: Found class java.lang.Object, but interface was expected> (0x000000062f368448) 
thrown [s\src\hotspot\share\interpreter\linkResolver.cpp, line 826]
Event: 7.585 Thread 0x000001e9203f8c90 Exception <a 'java/lang/NoSuchMethodError'{0x000000062e971d18}: 'float java.lang.invoke.DirectMethodHandle$Holder.invokeStatic(java.lang.Object, float)'> (0x000000062e971d18) 
thrown [s\src\hotspot\share\interpreter\linkResolver.cpp, line 759]

VM Operations (20 events):
Event: 6.823 Executing VM operation: G1CollectForAllocation done
Event: 6.986 Executing VM operation: G1CollectForAllocation
Event: 7.004 Executing VM operation: G1CollectForAllocation done
Event: 7.092 Executing VM operation: G1CollectForAllocation
Event: 7.092 Executing VM operation: G1CollectForAllocation done
Event: 7.092 Executing VM operation: G1CollectForAllocation
Event: 7.109 Executing VM operation: G1CollectForAllocation done
Event: 7.182 Executing VM operation: G1CollectForAllocation
Event: 7.199 Executing VM operation: G1CollectForAllocation done
Event: 7.247 Executing VM operation: HandshakeAllThreads
Event: 7.248 Executing VM operation: HandshakeAllThreads done
Event: 7.416 Executing VM operation: G1CollectForAllocation
Event: 7.433 Executing VM operation: G1CollectForAllocation done
Event: 7.481 Executing VM operation: G1CollectForAllocation
Event: 7.482 Executing VM operation: G1CollectForAllocation done
Event: 7.482 Executing VM operation: G1CollectForAllocation
Event: 7.498 Executing VM operation: G1CollectForAllocation done
Event: 7.545 Executing VM operation: G1CollectForAllocation
Event: 7.557 Executing VM operation: G1CollectForAllocation done
Event: 7.610 Executing VM operation: G1CollectForAllocation

Events (20 events):
Event: 6.767 Thread 0x000001e97b7388e0 flushing nmethod 0x000001e9011dfb90
Event: 6.767 Thread 0x000001e97b7388e0 flushing nmethod 0x000001e9011e2690
Event: 6.767 Thread 0x000001e97b7388e0 flushing nmethod 0x000001e9011e3490
Event: 6.767 Thread 0x000001e97b7388e0 flushing nmethod 0x000001e9011e5190
Event: 6.767 Thread 0x000001e97b7388e0 flushing nmethod 0x000001e9011e5e10
Event: 6.767 Thread 0x000001e97b7388e0 flushing nmethod 0x000001e9011e6810
Event: 6.767 Thread 0x000001e97b7388e0 flushing nmethod 0x000001e9011e7190
Event: 6.767 Thread 0x000001e97b7388e0 flushing nmethod 0x000001e9011e7b10
Event: 6.767 Thread 0x000001e97b7388e0 flushing nmethod 0x000001e9011e8b10
Event: 6.767 Thread 0x000001e97b7388e0 flushing nmethod 0x000001e9011f0d90
Event: 6.767 Thread 0x000001e97b7388e0 flushing nmethod 0x000001e9011f1110
Event: 6.767 Thread 0x000001e97b7388e0 flushing nmethod 0x000001e9011f1510
Event: 6.767 Thread 0x000001e97b7388e0 flushing nmethod 0x000001e9011f5490
Event: 6.767 Thread 0x000001e97b7388e0 flushing nmethod 0x000001e901205610
Event: 6.767 Thread 0x000001e97b7388e0 flushing nmethod 0x000001e901207790
Event: 6.767 Thread 0x000001e97b7388e0 flushing nmethod 0x000001e90120df90
Event: 6.767 Thread 0x000001e97b7388e0 flushing nmethod 0x000001e901220390
Event: 6.767 Thread 0x000001e97b7388e0 flushing nmethod 0x000001e90124b210
Event: 7.244 loading class java/util/function/LongToDoubleFunction
Event: 7.244 loading class java/util/function/LongToDoubleFunction done


Dynamic libraries:
0x00007ff66a170000 - 0x00007ff66a17e000 	C:\Program Files\Eclipse Adoptium\jdk-17.0.4.101-hotspot\bin\java.exe
0x00007ff810df0000 - 0x00007ff810fe8000 	C:\WINDOWS\SYSTEM32\ntdll.dll
0x00007ff80f120000 - 0x00007ff80f1dd000 	C:\WINDOWS\System32\KERNEL32.DLL
0x00007ff80e910000 - 0x00007ff80ebe2000 	C:\WINDOWS\System32\KERNELBASE.dll
0x00007ff80ed50000 - 0x00007ff80ee50000 	C:\WINDOWS\System32\ucrtbase.dll
0x00007ffff3c70000 - 0x00007ffff3c88000 	C:\Program Files\Eclipse Adoptium\jdk-17.0.4.101-hotspot\bin\jli.dll
0x00007ffff3c50000 - 0x00007ffff3c69000 	C:\Program Files\Eclipse Adoptium\jdk-17.0.4.101-hotspot\bin\VCRUNTIME140.dll
0x00007ff810c10000 - 0x00007ff810dad000 	C:\WINDOWS\System32\USER32.dll
0x00007ffff5e80000 - 0x00007ffff611a000 	C:\WINDOWS\WinSxS\amd64_microsoft.windows.common-controls_6595b64144ccf1df_6.0.19041.1110_none_60b5254171f9507e\COMCTL32.dll
0x00007ff80e850000 - 0x00007ff80e872000 	C:\WINDOWS\System32\win32u.dll
0x00007ff80f1e0000 - 0x00007ff80f27e000 	C:\WINDOWS\System32\msvcrt.dll
0x00007ff80f290000 - 0x00007ff80f2bb000 	C:\WINDOWS\System32\GDI32.dll
0x00007ff80e710000 - 0x00007ff80e81f000 	C:\WINDOWS\System32\gdi32full.dll
0x00007ff80e500000 - 0x00007ff80e59d000 	C:\WINDOWS\System32\msvcp_win.dll
0x00007ff80f2c0000 - 0x00007ff80f2f0000 	C:\WINDOWS\System32\IMM32.DLL
0x00007ffffc6c0000 - 0x00007ffffc6cc000 	C:\Program Files\Eclipse Adoptium\jdk-17.0.4.101-hotspot\bin\vcruntime140_1.dll
0x00007fffdee30000 - 0x00007fffdeec1000 	C:\Program Files\Eclipse Adoptium\jdk-17.0.4.101-hotspot\bin\msvcp140.dll
0x00007fff8bd20000 - 0x00007fff8c966000 	C:\Program Files\Eclipse Adoptium\jdk-17.0.4.101-hotspot\bin\server\jvm.dll
0x00007ff80f2f0000 - 0x00007ff80f39e000 	C:\WINDOWS\System32\ADVAPI32.dll
0x00007ff810350000 - 0x00007ff8103ec000 	C:\WINDOWS\System32\sechost.dll
0x00007ff80f3a0000 - 0x00007ff80f4c5000 	C:\WINDOWS\System32\RPCRT4.dll
0x00007ff810ab0000 - 0x00007ff810ab8000 	C:\WINDOWS\System32\PSAPI.DLL
0x00007ff803610000 - 0x00007ff803637000 	C:\WINDOWS\SYSTEM32\WINMM.dll
0x00007ffffad10000 - 0x00007ffffad19000 	C:\WINDOWS\SYSTEM32\WSOCK32.dll
0x00007ff809320000 - 0x00007ff80932a000 	C:\WINDOWS\SYSTEM32\VERSION.dll
0x00007ff810a40000 - 0x00007ff810aab000 	C:\WINDOWS\System32\WS2_32.dll
0x00007ff80c300000 - 0x00007ff80c312000 	C:\WINDOWS\SYSTEM32\kernel.appcore.dll
0x00007ffffc190000 - 0x00007ffffc19a000 	C:\Program Files\Eclipse Adoptium\jdk-17.0.4.101-hotspot\bin\jimage.dll
0x00007ff8088b0000 - 0x00007ff808a94000 	C:\WINDOWS\SYSTEM32\DBGHELP.DLL
0x00007ff8086d0000 - 0x00007ff8086fc000 	C:\WINDOWS\SYSTEM32\dbgcore.DLL
0x00007ff80e880000 - 0x00007ff80e902000 	C:\WINDOWS\System32\bcryptPrimitives.dll
0x00007ffff3c20000 - 0x00007ffff3c45000 	C:\Program Files\Eclipse Adoptium\jdk-17.0.4.101-hotspot\bin\java.dll
0x00007fffded50000 - 0x00007fffdee26000 	C:\Program Files\Eclipse Adoptium\jdk-17.0.4.101-hotspot\bin\jsvml.dll
0x00007ff80fc00000 - 0x00007ff810343000 	C:\WINDOWS\System32\SHELL32.dll
0x00007ff80c5e0000 - 0x00007ff80cd71000 	C:\WINDOWS\SYSTEM32\windows.storage.dll
0x00007ff80f810000 - 0x00007ff80fb64000 	C:\WINDOWS\System32\combase.dll
0x00007ff80df60000 - 0x00007ff80df90000 	C:\WINDOWS\SYSTEM32\Wldp.dll
0x00007ff80f760000 - 0x00007ff80f80d000 	C:\WINDOWS\System32\SHCORE.dll
0x00007ff80ee50000 - 0x00007ff80eea5000 	C:\WINDOWS\System32\shlwapi.dll
0x00007ff80e440000 - 0x00007ff80e45f000 	C:\WINDOWS\SYSTEM32\profapi.dll
0x00007ffff3320000 - 0x00007ffff3339000 	C:\Program Files\Eclipse Adoptium\jdk-17.0.4.101-hotspot\bin\net.dll
0x00007ff8087a0000 - 0x00007ff8088ad000 	C:\WINDOWS\SYSTEM32\WINHTTP.dll
0x00007ff80dcc0000 - 0x00007ff80dd2a000 	C:\WINDOWS\system32\mswsock.dll
0x00007fffef570000 - 0x00007fffef585000 	C:\Program Files\Eclipse Adoptium\jdk-17.0.4.101-hotspot\bin\nio.dll
0x00007fffef550000 - 0x00007fffef568000 	C:\Program Files\Eclipse Adoptium\jdk-17.0.4.101-hotspot\bin\zip.dll
0x00007ffff40d0000 - 0x00007ffff40e0000 	C:\Program Files\Eclipse Adoptium\jdk-17.0.4.101-hotspot\bin\verify.dll
0x00007ffff2ec0000 - 0x00007ffff2ec9000 	C:\Program Files\Eclipse Adoptium\jdk-17.0.4.101-hotspot\bin\management.dll
0x00007ffff1d80000 - 0x00007ffff1d8b000 	C:\Program Files\Eclipse Adoptium\jdk-17.0.4.101-hotspot\bin\management_ext.dll
0x00007ff802310000 - 0x00007ff802327000 	C:\WINDOWS\system32\napinsp.dll
0x00007ff8022b0000 - 0x00007ff8022cb000 	C:\WINDOWS\system32\pnrpnsp.dll
0x00007ff802290000 - 0x00007ff8022a5000 	C:\WINDOWS\system32\wshbth.dll
0x00007ff809850000 - 0x00007ff80986d000 	C:\WINDOWS\system32\NLAapi.dll
0x00007ff80d960000 - 0x00007ff80d99b000 	C:\WINDOWS\SYSTEM32\IPHLPAPI.DLL
0x00007ff80d9b0000 - 0x00007ff80da7a000 	C:\WINDOWS\SYSTEM32\DNSAPI.dll
0x00007ff80f6d0000 - 0x00007ff80f6d8000 	C:\WINDOWS\System32\NSI.dll
0x00007ff8021e0000 - 0x00007ff8021f2000 	C:\WINDOWS\System32\winrnr.dll
0x00007ff807ff0000 - 0x00007ff807ffa000 	C:\Windows\System32\rasadhlp.dll
0x00007ff807800000 - 0x00007ff807880000 	C:\WINDOWS\System32\fwpuclnt.dll
0x00007ff80e820000 - 0x00007ff80e847000 	C:\WINDOWS\System32\bcrypt.dll
0x00007ff80deb0000 - 0x00007ff80dec8000 	C:\WINDOWS\SYSTEM32\CRYPTSP.dll
0x00007ff80d570000 - 0x00007ff80d5a4000 	C:\WINDOWS\system32\rsaenh.dll
0x00007ff80e3c0000 - 0x00007ff80e3ee000 	C:\WINDOWS\SYSTEM32\USERENV.dll
0x00007ff80ded0000 - 0x00007ff80dedc000 	C:\WINDOWS\SYSTEM32\CRYPTBASE.dll
0x00007ff809790000 - 0x00007ff8097a7000 	C:\WINDOWS\SYSTEM32\dhcpcsvc6.DLL
0x00007ff809770000 - 0x00007ff80978d000 	C:\WINDOWS\SYSTEM32\dhcpcsvc.DLL
0x00007fffdef80000 - 0x00007fffdefc5000 	C:\Users\amata\AppData\Local\Temp\jna-92925666\jna5987026713896396490.dll
0x00007ff810ac0000 - 0x00007ff810bea000 	C:\WINDOWS\System32\Ole32.dll
0x00007ff810860000 - 0x00007ff81090f000 	C:\WINDOWS\System32\clbcatq.dll
0x00007ff810970000 - 0x00007ff810a3d000 	C:\WINDOWS\System32\OleAut32.dll
0x00007ff804e70000 - 0x00007ff804e8f000 	C:\WINDOWS\SYSTEM32\amsi.dll
0x00007ff803310000 - 0x00007ff80338b000 	C:\ProgramData\Microsoft\Windows Defender\Platform\4.18.2209.7-0\MpOav.dll
0x00007ffff0d10000 - 0x00007ffff0d59000 	C:\WINDOWS\SYSTEM32\Pdh.dll
0x00007fffac580000 - 0x00007fffac58f000 	C:\WINDOWS\System32\perfos.dll

dbghelp: loaded successfully - version: 4.0.5 - missing functions: none
symbol engine: initialized successfully - sym options: 0x614 - pdb path: .;C:\Program Files\Eclipse Adoptium\jdk-17.0.4.101-hotspot\bin;C:\WINDOWS\SYSTEM32;C:\WINDOWS\WinSxS\amd64_microsoft.windows.common-controls_6595b64144ccf1df_6.0.19041.1110_none_60b5254171f9507e;C:\Program Files\Eclipse Adoptium\jdk-17.0.4.101-hotspot\bin\server;C:\Users\amata\AppData\Local\Temp\jna-92925666;C:\ProgramData\Microsoft\Windows Defender\Platform\4.18.2209.7-0

VM Arguments:
jvm_args: -Dforge.enableGameTest=true -Dforge.enabledGameTestNamespaces=packetsizedoublerforge -Dforge.logging.console.level=debug -Dforge.logging.markers=REGISTRIES -DignoreList=bootstraplauncher,securejarhandler,asm-commons,asm-util,asm-analysis,asm-tree,asm,client-extra,fmlcore,javafmllanguage,lowcodelanguage,mclanguage,forge- -Djava.net.preferIPv6Addresses=system -DlegacyClassPath.file=X:\Minecraft [Mods]\PacketSizeDoublerForge\build\classpath\runClient_minecraftClasspath.txt -DmergeModules=jna-5.10.0.jar,jna-platform-5.10.0.jar,java-objc-bridge-1.0.0.jar -DnativesDirectory=X:\Minecraft [Mods]\PacketSizeDoublerForge\build\natives -Dos.version=10.0 --module-path=D:\Gradle\caches\modules-2\files-2.1\cpw.mods\bootstraplauncher\1.0.0\f55ddbb35612c6745cefc47d1a0d6dbfb25d3982\bootstraplauncher-1.0.0.jar;D:\Gradle\caches\modules-2\files-2.1\cpw.mods\securejarhandler\1.0.3\acbf5e3c8a38fb8bf824a54fe45eee121c510392\securejarhandler-1.0.3.jar;D:\Gradle\caches\modules-2\files-2.1\org.ow2.asm\asm-commons\9.2\f4d7f0fc9054386f2893b602454d48e07d4fbead\asm-commons-9.2.jar;D:\Gradle\caches\modules-2\files-2.1\org.ow2.asm\asm-util\9.2\fbc178fc5ba3dab50fd7e8a5317b8b647c8e8946\asm-util-9.2.jar;D:\Gradle\caches\modules-2\files-2.1\org.ow2.asm\asm-analysis\9.2\7487dd756daf96cab9986e44b9d7bcb796a61c10\asm-analysis-9.2.jar;D:\Gradle\caches\modules-2\files-2.1\org.ow2.asm\asm-tree\9.2\d96c99a30f5e1a19b0e609dbb19a44d8518ac01e\asm-tree-9.2.jar;D:\Gradle\caches\modules-2\files-2.1\org.ow2.asm\asm\9.2\81a03f76019c67362299c40e0ba13405f5467bff\asm-9.2.jar --add-modules=ALL-MODULE-PATH --add-opens=java.base/java.util.jar=cpw.mods.securejarhandler --add-exports=java.base/sun.security.util=cpw.mods.securejarhandler --add-exports=jdk.naming.dns/com.sun.jndi.dns=java.naming -XX:HeapDumpPath=MojangTricksIntelDriversForPerformance_javaw.exe_minecraft.exe.heapdump -Dos.name=Windows 10 -Dfile.encoding=windows-1252 -Duser.country=ES -Duser.language=es -Duser.variant 
java_command: cpw.mods.bootstraplauncher.BootstrapLauncher --launchTarget forgeclientuserdev --version MOD_DEV --assetIndex 1.18 --assetsDir D:\Gradle\caches\forge_gradle\assets --gameDir . --fml.forgeVersion 40.1.84 --fml.mcVersion 1.18.2 --fml.forgeGroup net.minecraftforge --fml.mcpVersion 20220404.173914
java_class_path (initial): X:\Minecraft [Mods]\PacketSizeDoublerForge\build\classes\java\main;X:\Minecraft [Mods]\PacketSizeDoublerForge\build\resources\main;D:\Gradle\caches\forge_gradle\minecraft_user_repo\net\minecraftforge\forge\1.18.2-40.1.84_mapped_official_1.18.2\forge-1.18.2-40.1.84_mapped_official_1.18.2-recomp.jar;D:\Gradle\caches\forge_gradle\minecraft_repo\versions\1.18.2\client-extra.jar;D:\Gradle\caches\modules-2\files-2.1\net.minecraftforge\javafmllanguage\1.18.2-40.1.84\186c58367889d719f6bc3705ff0826712380bcea\javafmllanguage-1.18.2-40.1.84.jar;D:\Gradle\caches\modules-2\files-2.1\net.minecraftforge\lowcodelanguage\1.18.2-40.1.84\7e15a3b7746b4b3f87179e0e9f8cefefc635f83e\lowcodelanguage-1.18.2-40.1.84.jar;D:\Gradle\caches\modules-2\files-2.1\net.minecraftforge\mclanguage\1.18.2-40.1.84\33db9a422c2f7b53fec27707bb4d3f1e59b3ec55\mclanguage-1.18.2-40.1.84.jar;D:\Gradle\caches\modules-2\files-2.1\net.minecraftforge\fmlcore\1.18.2-40.1.84\747c8df870fa2fd0ca766f624ebc28d0a03ab8a5\fmlcore-1.18.2-40.1.84.jar;D:\Gradle\caches\modules-2\files-2.1\net.minecraftforge\fmlloader\1.18.2-40.1.84\89b28caf1b46254d85f138b6e7ba627bd9d18c78\fmlloader-1.18.2-40.1.84.jar;D:\Gradle\caches\modules-2\files-2.1\net.minecraftforge\JarJar\0.3.0\224dc7851fd1613b681365adcd8af636aa52e505\JarJar-0.3.0.jar;D:\Gradle\caches\modules-2\files-2.1\com.google.guava\guava\31.0.1-jre\119ea2b2bc205b138974d351777b20f02b92704b\guava-31.0.1-jre.jar;D:\Gradle\caches\modules-2\files-2.1\com.google.code.findbugs\jsr305\3.0.2\25ea2e8b0c338a877313bd4672d3fe056ea78f0d\jsr305-3.0.2.jar;D:\Gradle\caches\modules-2\files-2.1\ca.weblite\java-objc-bridge\1.0.0\6ef160c3133a78de015830860197602ca1c855d3\java-objc-bridge-1.0.0.jar;D:\Gradle\caches\modules-2\files-2.1\net.minecraftforge\mergetool\1.1.3\d7d4b6eac7f49c59255c8ac25190802c29ac9a4a\mergetool-1.1.3-api.jar;D:\Gradle\caches\modules-2\files-2.1\org.jetbrains\annotations\23.0.0\8cc20c07506ec18e0834947b84a864bfc094484e\annotations-23.0.0.jar;D:\Gradle\cach
Launcher Type: SUN_STANDARD

[Global flags]
     intx CICompilerCount                          = 4                                         {product} {ergonomic}
     uint ConcGCThreads                            = 3                                         {product} {ergonomic}
     uint G1ConcRefinementThreads                  = 10                                        {product} {ergonomic}
   size_t G1HeapRegionSize                         = 4194304                                   {product} {ergonomic}
    uintx GCDrainStackTargetSize                   = 64                                        {product} {ergonomic}
    ccstr HeapDumpPath                             = MojangTricksIntelDriversForPerformance_javaw.exe_minecraft.exe.heapdump         {manageable} {command line}
   size_t InitialHeapSize                          = 536870912                                 {product} {ergonomic}
   size_t MarkStackSize                            = 4194304                                   {product} {ergonomic}
   size_t MaxHeapSize                              = 8568963072                                {product} {ergonomic}
   size_t MaxNewSize                               = 5138022400                                {product} {ergonomic}
   size_t MinHeapDeltaBytes                        = 4194304                                   {product} {ergonomic}
   size_t MinHeapSize                              = 8388608                                   {product} {ergonomic}
    uintx NonNMethodCodeHeapSize                   = 5839372                                {pd product} {ergonomic}
    uintx NonProfiledCodeHeapSize                  = 122909434                              {pd product} {ergonomic}
    uintx ProfiledCodeHeapSize                     = 122909434                              {pd product} {ergonomic}
    uintx ReservedCodeCacheSize                    = 251658240                              {pd product} {ergonomic}
     bool SegmentedCodeCache                       = true                                      {product} {ergonomic}
   size_t SoftMaxHeapSize                          = 8568963072                             {manageable} {ergonomic}
     bool UseCompressedClassPointers               = true                           {product lp64_product} {ergonomic}
     bool UseCompressedOops                        = true                           {product lp64_product} {ergonomic}
     bool UseG1GC                                  = true                                      {product} {ergonomic}
     bool UseLargePagesIndividualAllocation        = false                                  {pd product} {ergonomic}

Logging:
Log output configuration:
 #0: stdout all=warning uptime,level,tags
 #1: stderr all=off uptime,level,tags

Environment Variables:
PATH=C:\Program Files\Eclipse Adoptium\jdk-17.0.4.101-hotspot\bin;C:\Program Files (x86)\Common Files\Oracle\Java\javapath;C:\WINDOWS\system32;C:\WINDOWS;C:\WINDOWS\System32\Wbem;C:\WINDOWS\System32\WindowsPowerShell\v1.0\;C:\WINDOWS\System32\OpenSSH\;C:\Program Files (x86)\NVIDIA Corporation\PhysX\Common;C:\Program Files\Git\cmd;C:\Program Files\NVIDIA Corporation\NVIDIA NvDLISR;C:\Users\amata\AppData\Local\Microsoft\WindowsApps;;C:\Users\amata\AppData\Local\JetBrains\Toolbox\scripts
USERNAME=amata
OS=Windows_NT
PROCESSOR_IDENTIFIER=AMD64 Family 23 Model 113 Stepping 0, AuthenticAMD
TMP=C:\Users\amata\AppData\Local\Temp
TEMP=C:\Users\amata\AppData\Local\Temp



---------------  S Y S T E M  ---------------

OS:
 Windows 10 , 64 bit Build 19041 (10.0.19041.1889)
OS uptime: 2 days 23:47 hours

CPU: total 12 (initial active 12) (12 cores per cpu, 2 threads per core) family 23 model 113 stepping 0 microcode 0x0, cx8, cmov, fxsr, ht, mmx, 3dnowpref, sse, sse2, sse3, ssse3, sse4a, sse4.1, sse4.2, popcnt, lzcnt, tsc, tscinvbit, avx, avx2, aes, clmul, bmi1, bmi2, adx, sha, fma, vzeroupper, clflush, clflushopt

Memory: 4k page, system-wide physical 32684M (4728M free)
TotalPageFile size 34712M (AvailPageFile size 871M)
current process WorkingSet (physical memory assigned to process): 967M, peak: 967M
current process commit charge ("private bytes"): 1029M, peak: 1989M

vm_info: OpenJDK 64-Bit Server VM (17.0.4.1+1) for windows-amd64 JRE (17.0.4.1+1), built on Aug 17 2022 07:42:43 by "temurin" with MS VC++ 16.7 (VS2019)

END.
