#
# There is insufficient memory for the Java Runtime Environment to continue.
# Native memory allocation (mmap) failed to map 952107008 bytes for G1 virtual space
# Possible reasons:
#   The system is out of physical RAM or swap space
#   The process is running with CompressedOops enabled, and the Java Heap may be blocking the growth of the native heap
# Possible solutions:
#   Reduce memory load on the system
#   Increase physical memory or swap space
#   Check if swap backing store is full
#   Decrease Java heap size (-Xmx/-Xms)
#   Decrease number of Java threads
#   Decrease Java thread stack sizes (-Xss)
#   Set larger code cache with -XX:ReservedCodeCacheSize=
#   JVM is running with Zero Based Compressed Oops mode in which the Java heap is
#     placed in the first 32GB address space. The Java Heap base address is the
#     maximum limit for the native heap growth. Please use -XX:HeapBaseMinAddress
#     to set the Java Heap base and to place the Java Heap above 32GB virtual address.
# This output file may be truncated or incomplete.
#
#  Out of Memory Error (os_windows.cpp:3541), pid=20280, tid=13296
#
# JRE version: OpenJDK Runtime Environment Temurin-17.0.4.1+1 (17.0.4.1+1) (build 17.0.4.1+1)
# Java VM: OpenJDK 64-Bit Server VM Temurin-17.0.4.1+1 (17.0.4.1+1, mixed mode, sharing, tiered, compressed oops, compressed class ptrs, g1 gc, windows-amd64)
# No core dump will be written. Minidumps are not enabled by default on client versions of Windows
#

---------------  S U M M A R Y ------------

Command Line: -Dforge.enableGameTest=true -Dforge.enabledGameTestNamespaces=packetsizedoublerforge -Dforge.logging.console.level=debug -Dforge.logging.markers=REGISTRIES -DignoreList=bootstraplauncher,securejarhandler,asm-commons,asm-util,asm-analysis,asm-tree,asm,client-extra,fmlcore,javafmllanguage,lowcodelanguage,mclanguage,forge- -Djava.net.preferIPv6Addresses=system -DlegacyClassPath.file=X:\Minecraft [Mods]\PacketSizeDoublerForge\build\classpath\runClient_minecraftClasspath.txt -DmergeModules=jna-5.10.0.jar,jna-platform-5.10.0.jar,java-objc-bridge-1.0.0.jar -DnativesDirectory=X:\Minecraft [Mods]\PacketSizeDoublerForge\build\natives -Dos.version=10.0 --module-path=D:\Gradle\caches\modules-2\files-2.1\cpw.mods\bootstraplauncher\1.0.0\f55ddbb35612c6745cefc47d1a0d6dbfb25d3982\bootstraplauncher-1.0.0.jar;D:\Gradle\caches\modules-2\files-2.1\cpw.mods\securejarhandler\1.0.3\acbf5e3c8a38fb8bf824a54fe45eee121c510392\securejarhandler-1.0.3.jar;D:\Gradle\caches\modules-2\files-2.1\org.ow2.asm\asm-commons\9.2\f4d7f0fc9054386f2893b602454d48e07d4fbead\asm-commons-9.2.jar;D:\Gradle\caches\modules-2\files-2.1\org.ow2.asm\asm-util\9.2\fbc178fc5ba3dab50fd7e8a5317b8b647c8e8946\asm-util-9.2.jar;D:\Gradle\caches\modules-2\files-2.1\org.ow2.asm\asm-analysis\9.2\7487dd756daf96cab9986e44b9d7bcb796a61c10\asm-analysis-9.2.jar;D:\Gradle\caches\modules-2\files-2.1\org.ow2.asm\asm-tree\9.2\d96c99a30f5e1a19b0e609dbb19a44d8518ac01e\asm-tree-9.2.jar;D:\Gradle\caches\modules-2\files-2.1\org.ow2.asm\asm\9.2\81a03f76019c67362299c40e0ba13405f5467bff\asm-9.2.jar --add-modules=ALL-MODULE-PATH --add-opens=java.base/java.util.jar=cpw.mods.securejarhandler --add-exports=java.base/sun.security.util=cpw.mods.securejarhandler --add-exports=jdk.naming.dns/com.sun.jndi.dns=java.naming -XX:HeapDumpPath=MojangTricksIntelDriversForPerformance_javaw.exe_minecraft.exe.heapdump -Dos.name=Windows 10 -Dfile.encoding=windows-1252 -Duser.country=ES -Duser.language=es -Duser.variant cpw.mods.bootstraplauncher.BootstrapLauncher --launchTarget forgeclientuserdev --version MOD_DEV --assetIndex 1.18 --assetsDir D:\Gradle\caches\forge_gradle\assets --gameDir . --fml.forgeVersion 40.1.84 --fml.mcVersion 1.18.2 --fml.forgeGroup net.minecraftforge --fml.mcpVersion 20220404.173914

Host: AMD Ryzen 5 3600X 6-Core Processor             , 12 cores, 31G,  Windows 10 , 64 bit Build 19041 (10.0.19041.1889)
Time: Sun Oct 16 00:49:34 2022 Hora de verano romance elapsed time: 7.022755 seconds (0d 0h 0m 7s)

---------------  T H R E A D  ---------------

Current thread (0x000001f96336c500):  VMThread "VM Thread" [stack: 0x000000ae86100000,0x000000ae86200000] [id=13296]

Stack: [0x000000ae86100000,0x000000ae86200000]
Native frames: (J=compiled Java code, j=interpreted, Vv=VM code, C=native code)
V  [jvm.dll+0x67731a]
V  [jvm.dll+0x832284]
V  [jvm.dll+0x833a2e]
V  [jvm.dll+0x834093]
V  [jvm.dll+0x245775]
V  [jvm.dll+0x674209]
V  [jvm.dll+0x668a92]
V  [jvm.dll+0x30471b]
V  [jvm.dll+0x30bc66]
V  [jvm.dll+0x35ba9e]
V  [jvm.dll+0x35bccf]
V  [jvm.dll+0x2db5b8]
V  [jvm.dll+0x2d986c]
V  [jvm.dll+0x2d8e3c]
V  [jvm.dll+0x31cd9b]
V  [jvm.dll+0x83853b]
V  [jvm.dll+0x839274]
V  [jvm.dll+0x83978c]
V  [jvm.dll+0x839b64]
V  [jvm.dll+0x839c30]
V  [jvm.dll+0x7e240a]
V  [jvm.dll+0x6761a5]
C  [ucrtbase.dll+0x21bb2]
C  [KERNEL32.DLL+0x17034]
C  [ntdll.dll+0x526a1]

VM_Operation (0x000000ae883fc1f0): G1CollectForAllocation, mode: safepoint, requested by thread 0x000001f967f9e080


---------------  P R O C E S S  ---------------

Threads class SMR info:
_java_thread_list=0x000001f966aa1490, length=29, elements={
0x000001f9351690c0, 0x000001f963376430, 0x000001f9633771b0, 0x000001f96338cec0,
0x000001f96338f8f0, 0x000001f9633901b0, 0x000001f963391a80, 0x000001f963397b60,
0x000001f9633a1670, 0x000001f9633a2380, 0x000001f963361100, 0x000001f963efba50,
0x000001f963fa7240, 0x000001f96513f7e0, 0x000001f967b2f350, 0x000001f966ee1980,
0x000001f9666a6420, 0x000001f967f9dbb0, 0x000001f967f9e080, 0x000001f967f9e550,
0x000001f967f9c3a0, 0x000001f967f9b060, 0x000001f967f9ea20, 0x000001f967f9fd60,
0x000001f967f9bed0, 0x000001f967fa28b0, 0x000001f967f9b530, 0x000001f967fa0700,
0x000001f967f9cd40
}

Java Threads: ( => current thread )
  0x000001f9351690c0 JavaThread "main" [_thread_blocked, id=20164, stack(0x000000ae85b00000,0x000000ae85c00000)]
  0x000001f963376430 JavaThread "Reference Handler" daemon [_thread_blocked, id=6112, stack(0x000000ae86200000,0x000000ae86300000)]
  0x000001f9633771b0 JavaThread "Finalizer" daemon [_thread_blocked, id=2324, stack(0x000000ae86300000,0x000000ae86400000)]
  0x000001f96338cec0 JavaThread "Signal Dispatcher" daemon [_thread_blocked, id=18628, stack(0x000000ae86400000,0x000000ae86500000)]
  0x000001f96338f8f0 JavaThread "Attach Listener" daemon [_thread_blocked, id=5484, stack(0x000000ae86500000,0x000000ae86600000)]
  0x000001f9633901b0 JavaThread "Service Thread" daemon [_thread_blocked, id=16464, stack(0x000000ae86600000,0x000000ae86700000)]
  0x000001f963391a80 JavaThread "Monitor Deflation Thread" daemon [_thread_blocked, id=7812, stack(0x000000ae86700000,0x000000ae86800000)]
  0x000001f963397b60 JavaThread "C2 CompilerThread0" daemon [_thread_blocked, id=11948, stack(0x000000ae86800000,0x000000ae86900000)]
  0x000001f9633a1670 JavaThread "C1 CompilerThread0" daemon [_thread_blocked, id=20860, stack(0x000000ae86900000,0x000000ae86a00000)]
  0x000001f9633a2380 JavaThread "Sweeper thread" daemon [_thread_blocked, id=21064, stack(0x000000ae86a00000,0x000000ae86b00000)]
  0x000001f963361100 JavaThread "Common-Cleaner" daemon [_thread_blocked, id=15244, stack(0x000000ae86b00000,0x000000ae86c00000)]
  0x000001f963efba50 JavaThread "C2 CompilerThread1" daemon [_thread_blocked, id=2232, stack(0x000000ae86c00000,0x000000ae86d00000)]
  0x000001f963fa7240 JavaThread "Notification Thread" daemon [_thread_blocked, id=16036, stack(0x000000ae86d00000,0x000000ae86e00000)]
  0x000001f96513f7e0 JavaThread "C2 CompilerThread2" daemon [_thread_blocked, id=9364, stack(0x000000ae86f00000,0x000000ae87000000)]
  0x000001f967b2f350 JavaThread "Thread-0" daemon [_thread_blocked, id=4340, stack(0x000000ae87900000,0x000000ae87a00000)]
  0x000001f966ee1980 JavaThread "FileSystemWatchService" daemon [_thread_in_native, id=7412, stack(0x000000ae87a00000,0x000000ae87b00000)]
  0x000001f9666a6420 JavaThread "pool-2-thread-1" daemon [_thread_blocked, id=14732, stack(0x000000ae87d00000,0x000000ae87e00000)]
  0x000001f967f9dbb0 JavaThread "pool-3-thread-1" [_thread_blocked, id=17644, stack(0x000000ae88100000,0x000000ae88200000)]
  0x000001f967f9e080 JavaThread "Worker-Bootstrap-1" daemon [_thread_blocked, id=6040, stack(0x000000ae88300000,0x000000ae88400000)]
  0x000001f967f9e550 JavaThread "Worker-Bootstrap-2" daemon [_thread_blocked, id=19976, stack(0x000000ae88400000,0x000000ae88500000)]
  0x000001f967f9c3a0 JavaThread "Worker-Bootstrap-3" daemon [_thread_blocked, id=7112, stack(0x000000ae88500000,0x000000ae88600000)]
  0x000001f967f9b060 JavaThread "Worker-Bootstrap-4" daemon [_thread_blocked, id=18680, stack(0x000000ae88600000,0x000000ae88700000)]
  0x000001f967f9ea20 JavaThread "Worker-Bootstrap-5" daemon [_thread_blocked, id=6056, stack(0x000000ae88700000,0x000000ae88800000)]
  0x000001f967f9fd60 JavaThread "Worker-Bootstrap-6" daemon [_thread_blocked, id=1996, stack(0x000000ae88800000,0x000000ae88900000)]
  0x000001f967f9bed0 JavaThread "Worker-Bootstrap-7" daemon [_thread_blocked, id=22492, stack(0x000000ae88900000,0x000000ae88a00000)]
  0x000001f967fa28b0 JavaThread "Worker-Bootstrap-8" daemon [_thread_blocked, id=10892, stack(0x000000ae88a00000,0x000000ae88b00000)]
  0x000001f967f9b530 JavaThread "Worker-Bootstrap-9" daemon [_thread_blocked, id=5720, stack(0x000000ae88b00000,0x000000ae88c00000)]
  0x000001f967fa0700 JavaThread "Worker-Bootstrap-10" daemon [_thread_blocked, id=1100, stack(0x000000ae88c00000,0x000000ae88d00000)]
  0x000001f967f9cd40 JavaThread "Worker-Bootstrap-11" daemon [_thread_blocked, id=18696, stack(0x000000ae88d00000,0x000000ae88e00000)]

Other Threads:
=>0x000001f96336c500 VMThread "VM Thread" [stack: 0x000000ae86100000,0x000000ae86200000] [id=13296]
  0x000001f963fa8740 WatcherThread [stack: 0x000000ae86e00000,0x000000ae86f00000] [id=15140]
  0x000001f935219f80 GCTaskThread "GC Thread#0" [stack: 0x000000ae85c00000,0x000000ae85d00000] [id=5908]
  0x000001f965593470 GCTaskThread "GC Thread#1" [stack: 0x000000ae87000000,0x000000ae87100000] [id=17228]
  0x000001f9655d8f30 GCTaskThread "GC Thread#2" [stack: 0x000000ae87100000,0x000000ae87200000] [id=3092]
  0x000001f9654a1740 GCTaskThread "GC Thread#3" [stack: 0x000000ae87200000,0x000000ae87300000] [id=17696]
  0x000001f9654a1c00 GCTaskThread "GC Thread#4" [stack: 0x000000ae87300000,0x000000ae87400000] [id=12456]
  0x000001f965247fd0 GCTaskThread "GC Thread#5" [stack: 0x000000ae87400000,0x000000ae87500000] [id=7280]
  0x000001f965248490 GCTaskThread "GC Thread#6" [stack: 0x000000ae87500000,0x000000ae87600000] [id=17676]
  0x000001f965248950 GCTaskThread "GC Thread#7" [stack: 0x000000ae87600000,0x000000ae87700000] [id=22308]
  0x000001f965248e10 GCTaskThread "GC Thread#8" [stack: 0x000000ae87700000,0x000000ae87800000] [id=1372]
  0x000001f9653fe7a0 GCTaskThread "GC Thread#9" [stack: 0x000000ae87800000,0x000000ae87900000] [id=19264]
  0x000001f93522ad20 ConcurrentGCThread "G1 Main Marker" [stack: 0x000000ae85d00000,0x000000ae85e00000] [id=22152]
  0x000001f93522bde0 ConcurrentGCThread "G1 Conc#0" [stack: 0x000000ae85e00000,0x000000ae85f00000] [id=14428]
  0x000001f9661859e0 ConcurrentGCThread "G1 Conc#1" [stack: 0x000000ae87b00000,0x000000ae87c00000] [id=2800]
  0x000001f966187210 ConcurrentGCThread "G1 Conc#2" [stack: 0x000000ae87c00000,0x000000ae87d00000] [id=11916]
  0x000001f9632ad820 ConcurrentGCThread "G1 Refine#0" [stack: 0x000000ae85f00000,0x000000ae86000000] [id=2356]
  0x000001f968260070 ConcurrentGCThread "G1 Refine#1" [stack: 0x000000ae88200000,0x000000ae88300000] [id=14444]
  0x000001f96a4635b0 ConcurrentGCThread "G1 Refine#2" [stack: 0x000000ae88e00000,0x000000ae88f00000] [id=14352]
  0x000001f96a185b70 ConcurrentGCThread "G1 Refine#3" [stack: 0x000000ae88f00000,0x000000ae89000000] [id=14828]
  0x000001f96a464130 ConcurrentGCThread "G1 Refine#4" [stack: 0x000000ae89000000,0x000000ae89100000] [id=18684]
  0x000001f969dd3700 ConcurrentGCThread "G1 Refine#5" [stack: 0x000000ae89100000,0x000000ae89200000] [id=19252]
  0x000001f96a463b70 ConcurrentGCThread "G1 Refine#6" [stack: 0x000000ae89200000,0x000000ae89300000] [id=17992]
  0x000001f968260910 ConcurrentGCThread "G1 Refine#7" [stack: 0x000000ae89300000,0x000000ae89400000] [id=11708]
  0x000001f9632ae050 ConcurrentGCThread "G1 Service" [stack: 0x000000ae86000000,0x000000ae86100000] [id=4468]

Threads with active compile tasks:
C2 CompilerThread0     7036 9622       4       java.lang.invoke.InvokerBytecodeGenerator::emitPushArgument (150 bytes)
C2 CompilerThread2     7036 9623   !   4       cpw.mods.cl.ModuleClassLoader::loadClass (143 bytes)

VM state: at safepoint (normal execution)

VM Mutex/Monitor currently owned by a thread:  ([mutex/lock_event])
[0x000001f935164600] Threads_lock - owner thread: 0x000001f96336c500
[0x000001f935164a80] Heap_lock - owner thread: 0x000001f967f9e080

Heap address: 0x0000000601400000, size: 8172 MB, Compressed Oops mode: Zero based, Oop shift amount: 3

CDS archive(s) mapped at: [0x0000000800000000-0x0000000800bc0000-0x0000000800bc0000), size 12320768, SharedBaseAddress: 0x0000000800000000, ArchiveRelocationMode: 0.
Compressed class space mapped at: 0x0000000800c00000-0x0000000840c00000, reserved size: 1073741824
Narrow klass base: 0x0000000800000000, Narrow klass shift: 0, Narrow klass range: 0x100000000

GC Precious Log:
 CPUs: 12 total, 12 available
 Memory: 32684M
 Large Page Support: Disabled
 NUMA Support: Disabled
 Compressed Oops: Enabled (Zero based)
 Heap Region Size: 4M
 Heap Min Capacity: 8M
 Heap Initial Capacity: 512M
 Heap Max Capacity: 8172M
 Pre-touch: Disabled
 Parallel Workers: 10
 Concurrent Workers: 3
 Concurrent Refinement Workers: 10
 Periodic GC: Disabled

Heap:
 garbage-first heap   total 753664K, used 241834K [0x0000000601400000, 0x0000000800000000)
  region size 4096K, 4 young (16384K), 4 survivors (16384K)
 Metaspace       used 55181K, committed 56192K, reserved 1097728K
  class space    used 8161K, committed 8640K, reserved 1048576K

Heap Regions: E=young(eden), S=young(survivor), O=old, HS=humongous(starts), HC=humongous(continues), CS=collection set, F=free, OA=open archive, CA=closed archive, TAMS=top-at-mark-start (previous, next)
|   0|0x0000000601400000, 0x0000000601800000, 0x0000000601800000|100%| O|  |TAMS 0x0000000601800000, 0x0000000601400000| Untracked 
|   1|0x0000000601800000, 0x0000000601c00000, 0x0000000601c00000|100%| O|  |TAMS 0x0000000601c00000, 0x0000000601800000| Untracked 
|   2|0x0000000601c00000, 0x0000000602000000, 0x0000000602000000|100%| O|  |TAMS 0x0000000602000000, 0x0000000601c00000| Untracked 
|   3|0x0000000602000000, 0x0000000602400000, 0x0000000602400000|100%| O|  |TAMS 0x0000000602400000, 0x0000000602000000| Untracked 
|   4|0x0000000602400000, 0x0000000602800000, 0x0000000602800000|100%| O|  |TAMS 0x0000000602800000, 0x0000000602400000| Untracked 
|   5|0x0000000602800000, 0x0000000602c00000, 0x0000000602c00000|100%| O|  |TAMS 0x0000000602c00000, 0x0000000602800000| Untracked 
|   6|0x0000000602c00000, 0x0000000603000000, 0x0000000603000000|100%| O|  |TAMS 0x0000000603000000, 0x0000000602c00000| Untracked 
|   7|0x0000000603000000, 0x0000000603400000, 0x0000000603400000|100%| O|  |TAMS 0x0000000603400000, 0x0000000603000000| Untracked 
|   8|0x0000000603400000, 0x0000000603800000, 0x0000000603800000|100%| O|  |TAMS 0x0000000603800000, 0x0000000603400000| Untracked 
|   9|0x0000000603800000, 0x0000000603c00000, 0x0000000603c00000|100%| O|  |TAMS 0x0000000603c00000, 0x0000000603800000| Untracked 
|  10|0x0000000603c00000, 0x0000000604000000, 0x0000000604000000|100%| O|  |TAMS 0x0000000604000000, 0x0000000603c00000| Untracked 
|  11|0x0000000604000000, 0x0000000604400000, 0x0000000604400000|100%| O|  |TAMS 0x0000000604400000, 0x0000000604000000| Untracked 
|  12|0x0000000604400000, 0x0000000604800000, 0x0000000604800000|100%| O|  |TAMS 0x0000000604800000, 0x0000000604400000| Untracked 
|  13|0x0000000604800000, 0x0000000604c00000, 0x0000000604c00000|100%| O|  |TAMS 0x0000000604c00000, 0x0000000604800000| Untracked 
|  14|0x0000000604c00000, 0x0000000605000000, 0x0000000605000000|100%|HS|  |TAMS 0x0000000605000000, 0x0000000604c00000| Complete 
|  15|0x0000000605000000, 0x0000000605400000, 0x0000000605400000|100%|HC|  |TAMS 0x0000000605400000, 0x0000000605000000| Complete 
|  16|0x0000000605400000, 0x0000000605800000, 0x0000000605800000|100%|HC|  |TAMS 0x0000000605800000, 0x0000000605400000| Complete 
|  17|0x0000000605800000, 0x0000000605c00000, 0x0000000605c00000|100%| O|  |TAMS 0x0000000605c00000, 0x0000000605800000| Untracked 
|  18|0x0000000605c00000, 0x0000000605d32000, 0x0000000606000000| 29%| O|  |TAMS 0x0000000605d32000, 0x0000000605c00000| Untracked 
|  19|0x0000000606000000, 0x0000000606400000, 0x0000000606400000|100%| O|  |TAMS 0x0000000606400000, 0x0000000606000000| Untracked 
|  20|0x0000000606400000, 0x0000000606800000, 0x0000000606800000|100%| O|  |TAMS 0x0000000606800000, 0x0000000606400000| Untracked 
|  21|0x0000000606800000, 0x0000000606c00000, 0x0000000606c00000|100%| O|  |TAMS 0x0000000606c00000, 0x0000000606800000| Untracked 
|  22|0x0000000606c00000, 0x0000000607000000, 0x0000000607000000|100%| O|  |TAMS 0x0000000607000000, 0x0000000606c00000| Untracked 
|  23|0x0000000607000000, 0x0000000607400000, 0x0000000607400000|100%| O|  |TAMS 0x0000000607400000, 0x0000000607000000| Untracked 
|  24|0x0000000607400000, 0x0000000607800000, 0x0000000607800000|100%| O|  |TAMS 0x0000000607800000, 0x0000000607400000| Untracked 
|  25|0x0000000607800000, 0x0000000607c00000, 0x0000000607c00000|100%| O|  |TAMS 0x0000000607c00000, 0x0000000607800000| Untracked 
|  26|0x0000000607c00000, 0x0000000608000000, 0x0000000608000000|100%| O|  |TAMS 0x0000000608000000, 0x0000000607c00000| Untracked 
|  27|0x0000000608000000, 0x0000000608400000, 0x0000000608400000|100%| O|  |TAMS 0x0000000608400000, 0x0000000608000000| Untracked 
|  28|0x0000000608400000, 0x0000000608800000, 0x0000000608800000|100%| O|  |TAMS 0x0000000608800000, 0x0000000608400000| Untracked 
|  29|0x0000000608800000, 0x0000000608c00000, 0x0000000608c00000|100%| O|  |TAMS 0x0000000608c00000, 0x0000000608800000| Untracked 
|  30|0x0000000608c00000, 0x0000000609000000, 0x0000000609000000|100%| O|  |TAMS 0x0000000609000000, 0x0000000608c00000| Untracked 
|  31|0x0000000609000000, 0x0000000609400000, 0x0000000609400000|100%| O|  |TAMS 0x0000000609400000, 0x0000000609000000| Untracked 
|  32|0x0000000609400000, 0x0000000609800000, 0x0000000609800000|100%| O|  |TAMS 0x0000000609800000, 0x0000000609400000| Untracked 
|  33|0x0000000609800000, 0x0000000609c00000, 0x0000000609c00000|100%| O|  |TAMS 0x0000000609c00000, 0x0000000609800000| Untracked 
|  34|0x0000000609c00000, 0x000000060a000000, 0x000000060a000000|100%| O|  |TAMS 0x000000060a000000, 0x0000000609c00000| Untracked 
|  35|0x000000060a000000, 0x000000060a400000, 0x000000060a400000|100%| O|  |TAMS 0x000000060a400000, 0x000000060a000000| Untracked 
|  36|0x000000060a400000, 0x000000060a800000, 0x000000060a800000|100%| O|  |TAMS 0x000000060a800000, 0x000000060a400000| Untracked 
|  37|0x000000060a800000, 0x000000060ac00000, 0x000000060ac00000|100%| O|  |TAMS 0x000000060ac00000, 0x000000060a800000| Untracked 
|  38|0x000000060ac00000, 0x000000060b000000, 0x000000060b000000|100%| O|  |TAMS 0x000000060b000000, 0x000000060ac00000| Untracked 
|  39|0x000000060b000000, 0x000000060b400000, 0x000000060b400000|100%| O|  |TAMS 0x000000060b400000, 0x000000060b000000| Untracked 
|  40|0x000000060b400000, 0x000000060b800000, 0x000000060b800000|100%| O|  |TAMS 0x000000060b800000, 0x000000060b400000| Untracked 
|  41|0x000000060b800000, 0x000000060bc00000, 0x000000060bc00000|100%| O|  |TAMS 0x000000060bbff000, 0x000000060b800000| Untracked 
|  42|0x000000060bc00000, 0x000000060c000000, 0x000000060c000000|100%| O|  |TAMS 0x000000060bc00000, 0x000000060bc00000| Untracked 
|  43|0x000000060c000000, 0x000000060c400000, 0x000000060c400000|100%| O|  |TAMS 0x000000060c000000, 0x000000060c000000| Untracked 
|  44|0x000000060c400000, 0x000000060c800000, 0x000000060c800000|100%| O|  |TAMS 0x000000060c400000, 0x000000060c400000| Untracked 
|  45|0x000000060c800000, 0x000000060cc00000, 0x000000060cc00000|100%| O|  |TAMS 0x000000060c800000, 0x000000060c800000| Untracked 
|  46|0x000000060cc00000, 0x000000060d000000, 0x000000060d000000|100%| O|  |TAMS 0x000000060cc00000, 0x000000060cc00000| Untracked 
|  47|0x000000060d000000, 0x000000060d400000, 0x000000060d400000|100%| O|  |TAMS 0x000000060d000000, 0x000000060d000000| Untracked 
|  48|0x000000060d400000, 0x000000060d800000, 0x000000060d800000|100%| O|  |TAMS 0x000000060d400000, 0x000000060d400000| Untracked 
|  49|0x000000060d800000, 0x000000060dc00000, 0x000000060dc00000|100%| O|  |TAMS 0x000000060d800000, 0x000000060d800000| Untracked 
|  50|0x000000060dc00000, 0x000000060e000000, 0x000000060e000000|100%|HS|  |TAMS 0x000000060dc00000, 0x000000060dc00000| Complete 
|  51|0x000000060e000000, 0x000000060e400000, 0x000000060e400000|100%| O|  |TAMS 0x000000060e000000, 0x000000060e000000| Untracked 
|  52|0x000000060e400000, 0x000000060e800000, 0x000000060e800000|100%| O|  |TAMS 0x000000060e400000, 0x000000060e400000| Untracked 
|  53|0x000000060e800000, 0x000000060ec00000, 0x000000060ec00000|100%| O|  |TAMS 0x000000060e800000, 0x000000060e800000| Untracked 
|  54|0x000000060ec00000, 0x000000060f000000, 0x000000060f000000|100%| O|  |TAMS 0x000000060ec00000, 0x000000060ec00000| Untracked 
|  55|0x000000060f000000, 0x000000060f400000, 0x000000060f400000|100%| O|  |TAMS 0x000000060f000000, 0x000000060f000000| Untracked 
|  56|0x000000060f400000, 0x000000060f5eb800, 0x000000060f800000| 47%| O|  |TAMS 0x000000060f400000, 0x000000060f400000| Untracked 
|  57|0x000000060f800000, 0x000000060f800000, 0x000000060fc00000|  0%| F|  |TAMS 0x000000060f800000, 0x000000060f800000| Untracked 
|  58|0x000000060fc00000, 0x000000060fc00000, 0x0000000610000000|  0%| F|  |TAMS 0x000000060fc00000, 0x000000060fc00000| Untracked 
|  59|0x0000000610000000, 0x0000000610000000, 0x0000000610400000|  0%| F|  |TAMS 0x0000000610000000, 0x0000000610000000| Untracked 
|  60|0x0000000610400000, 0x0000000610400000, 0x0000000610800000|  0%| F|  |TAMS 0x0000000610400000, 0x0000000610400000| Untracked 
|  61|0x0000000610800000, 0x0000000610800000, 0x0000000610c00000|  0%| F|  |TAMS 0x0000000610800000, 0x0000000610800000| Untracked 
|  62|0x0000000610c00000, 0x0000000610c00000, 0x0000000611000000|  0%| F|  |TAMS 0x0000000610c00000, 0x0000000610c00000| Untracked 
|  63|0x0000000611000000, 0x0000000611000000, 0x0000000611400000|  0%| F|  |TAMS 0x0000000611000000, 0x0000000611000000| Untracked 
|  64|0x0000000611400000, 0x0000000611400000, 0x0000000611800000|  0%| F|  |TAMS 0x0000000611400000, 0x0000000611400000| Untracked 
|  65|0x0000000611800000, 0x0000000611800000, 0x0000000611c00000|  0%| F|  |TAMS 0x0000000611800000, 0x0000000611800000| Untracked 
|  66|0x0000000611c00000, 0x0000000611c00000, 0x0000000612000000|  0%| F|  |TAMS 0x0000000611c00000, 0x0000000611c00000| Untracked 
|  67|0x0000000612000000, 0x0000000612000000, 0x0000000612400000|  0%| F|  |TAMS 0x0000000612000000, 0x0000000612000000| Untracked 
|  68|0x0000000612400000, 0x0000000612400000, 0x0000000612800000|  0%| F|  |TAMS 0x0000000612400000, 0x0000000612400000| Untracked 
|  69|0x0000000612800000, 0x0000000612800000, 0x0000000612c00000|  0%| F|  |TAMS 0x0000000612800000, 0x0000000612800000| Untracked 
|  70|0x0000000612c00000, 0x0000000612c00000, 0x0000000613000000|  0%| F|  |TAMS 0x0000000612c00000, 0x0000000612c00000| Untracked 
|  71|0x0000000613000000, 0x0000000613000000, 0x0000000613400000|  0%| F|  |TAMS 0x0000000613000000, 0x0000000613000000| Untracked 
|  72|0x0000000613400000, 0x0000000613400000, 0x0000000613800000|  0%| F|  |TAMS 0x0000000613400000, 0x0000000613400000| Untracked 
|  73|0x0000000613800000, 0x0000000613800000, 0x0000000613c00000|  0%| F|  |TAMS 0x0000000613800000, 0x0000000613800000| Untracked 
|  74|0x0000000613c00000, 0x0000000613c00000, 0x0000000614000000|  0%| F|  |TAMS 0x0000000613c00000, 0x0000000613c00000| Untracked 
|  75|0x0000000614000000, 0x0000000614000000, 0x0000000614400000|  0%| F|  |TAMS 0x0000000614000000, 0x0000000614000000| Untracked 
|  76|0x0000000614400000, 0x0000000614400000, 0x0000000614800000|  0%| F|  |TAMS 0x0000000614400000, 0x0000000614400000| Untracked 
|  77|0x0000000614800000, 0x0000000614800000, 0x0000000614c00000|  0%| F|  |TAMS 0x0000000614800000, 0x0000000614800000| Untracked 
|  78|0x0000000614c00000, 0x0000000614c00000, 0x0000000615000000|  0%| F|  |TAMS 0x0000000614c00000, 0x0000000614c00000| Untracked 
|  79|0x0000000615000000, 0x0000000615000000, 0x0000000615400000|  0%| F|  |TAMS 0x0000000615000000, 0x0000000615000000| Untracked 
|  80|0x0000000615400000, 0x0000000615400000, 0x0000000615800000|  0%| F|  |TAMS 0x0000000615400000, 0x0000000615400000| Untracked 
|  81|0x0000000615800000, 0x0000000615800000, 0x0000000615c00000|  0%| F|  |TAMS 0x0000000615800000, 0x0000000615800000| Untracked 
|  82|0x0000000615c00000, 0x0000000615c00000, 0x0000000616000000|  0%| F|  |TAMS 0x0000000615c00000, 0x0000000615c00000| Untracked 
|  83|0x0000000616000000, 0x0000000616000000, 0x0000000616400000|  0%| F|  |TAMS 0x0000000616000000, 0x0000000616000000| Untracked 
|  84|0x0000000616400000, 0x0000000616400000, 0x0000000616800000|  0%| F|  |TAMS 0x0000000616400000, 0x0000000616400000| Untracked 
|  85|0x0000000616800000, 0x0000000616800000, 0x0000000616c00000|  0%| F|  |TAMS 0x0000000616800000, 0x0000000616800000| Untracked 
|  86|0x0000000616c00000, 0x0000000616d0d100, 0x0000000617000000| 26%| S|CS|TAMS 0x0000000616c00000, 0x0000000616c00000| Complete 
|  87|0x0000000617000000, 0x0000000617400000, 0x0000000617400000|100%| S|CS|TAMS 0x0000000617000000, 0x0000000617000000| Complete 
|  88|0x0000000617400000, 0x0000000617800000, 0x0000000617800000|100%| S|CS|TAMS 0x0000000617400000, 0x0000000617400000| Complete 
|  89|0x0000000617800000, 0x0000000617c00000, 0x0000000617c00000|100%| S|CS|TAMS 0x0000000617800000, 0x0000000617800000| Complete 
|  90|0x0000000617c00000, 0x0000000617c00000, 0x0000000618000000|  0%| F|  |TAMS 0x0000000617c00000, 0x0000000617c00000| Untracked 
|  91|0x0000000618000000, 0x0000000618000000, 0x0000000618400000|  0%| F|  |TAMS 0x0000000618000000, 0x0000000618000000| Untracked 
|  92|0x0000000618400000, 0x0000000618400000, 0x0000000618800000|  0%| F|  |TAMS 0x0000000618400000, 0x0000000618400000| Untracked 
|  93|0x0000000618800000, 0x0000000618800000, 0x0000000618c00000|  0%| F|  |TAMS 0x0000000618800000, 0x0000000618800000| Untracked 
|  94|0x0000000618c00000, 0x0000000618c00000, 0x0000000619000000|  0%| F|  |TAMS 0x0000000618c00000, 0x0000000618c00000| Untracked 
|  95|0x0000000619000000, 0x0000000619000000, 0x0000000619400000|  0%| F|  |TAMS 0x0000000619000000, 0x0000000619000000| Untracked 
|  96|0x0000000619400000, 0x0000000619400000, 0x0000000619800000|  0%| F|  |TAMS 0x0000000619400000, 0x0000000619400000| Untracked 
|  97|0x0000000619800000, 0x0000000619800000, 0x0000000619c00000|  0%| F|  |TAMS 0x0000000619800000, 0x0000000619800000| Untracked 
|  98|0x0000000619c00000, 0x0000000619c00000, 0x000000061a000000|  0%| F|  |TAMS 0x0000000619c00000, 0x0000000619c00000| Untracked 
|  99|0x000000061a000000, 0x000000061a000000, 0x000000061a400000|  0%| F|  |TAMS 0x000000061a000000, 0x000000061a000000| Untracked 
| 100|0x000000061a400000, 0x000000061a400000, 0x000000061a800000|  0%| F|  |TAMS 0x000000061a400000, 0x000000061a400000| Untracked 
| 101|0x000000061a800000, 0x000000061a800000, 0x000000061ac00000|  0%| F|  |TAMS 0x000000061a800000, 0x000000061a800000| Untracked 
| 102|0x000000061ac00000, 0x000000061ac00000, 0x000000061b000000|  0%| F|  |TAMS 0x000000061ac00000, 0x000000061ac00000| Untracked 
| 103|0x000000061b000000, 0x000000061b000000, 0x000000061b400000|  0%| F|  |TAMS 0x000000061b000000, 0x000000061b000000| Untracked 
| 104|0x000000061b400000, 0x000000061b400000, 0x000000061b800000|  0%| F|  |TAMS 0x000000061b400000, 0x000000061b400000| Untracked 
| 105|0x000000061b800000, 0x000000061b800000, 0x000000061bc00000|  0%| F|  |TAMS 0x000000061b800000, 0x000000061b800000| Untracked 
| 106|0x000000061bc00000, 0x000000061bc00000, 0x000000061c000000|  0%| F|  |TAMS 0x000000061bc00000, 0x000000061bc00000| Untracked 
| 107|0x000000061c000000, 0x000000061c000000, 0x000000061c400000|  0%| F|  |TAMS 0x000000061c000000, 0x000000061c000000| Untracked 
| 108|0x000000061c400000, 0x000000061c400000, 0x000000061c800000|  0%| F|  |TAMS 0x000000061c400000, 0x000000061c400000| Untracked 
| 109|0x000000061c800000, 0x000000061c800000, 0x000000061cc00000|  0%| F|  |TAMS 0x000000061c800000, 0x000000061c800000| Untracked 
| 110|0x000000061cc00000, 0x000000061cc00000, 0x000000061d000000|  0%| F|  |TAMS 0x000000061cc00000, 0x000000061cc00000| Untracked 
| 111|0x000000061d000000, 0x000000061d000000, 0x000000061d400000|  0%| F|  |TAMS 0x000000061d000000, 0x000000061d000000| Untracked 
| 112|0x000000061d400000, 0x000000061d400000, 0x000000061d800000|  0%| F|  |TAMS 0x000000061d400000, 0x000000061d400000| Untracked 
| 113|0x000000061d800000, 0x000000061d800000, 0x000000061dc00000|  0%| F|  |TAMS 0x000000061d800000, 0x000000061d800000| Untracked 
| 114|0x000000061dc00000, 0x000000061dc00000, 0x000000061e000000|  0%| F|  |TAMS 0x000000061dc00000, 0x000000061dc00000| Untracked 
| 115|0x000000061e000000, 0x000000061e000000, 0x000000061e400000|  0%| F|  |TAMS 0x000000061e000000, 0x000000061e000000| Untracked 
| 116|0x000000061e400000, 0x000000061e400000, 0x000000061e800000|  0%| F|  |TAMS 0x000000061e400000, 0x000000061e400000| Untracked 
| 117|0x000000061e800000, 0x000000061e800000, 0x000000061ec00000|  0%| F|  |TAMS 0x000000061e800000, 0x000000061e800000| Untracked 
| 118|0x000000061ec00000, 0x000000061ec00000, 0x000000061f000000|  0%| F|  |TAMS 0x000000061ec00000, 0x000000061ec00000| Untracked 
| 119|0x000000061f000000, 0x000000061f000000, 0x000000061f400000|  0%| F|  |TAMS 0x000000061f000000, 0x000000061f000000| Untracked 
| 120|0x000000061f400000, 0x000000061f400000, 0x000000061f800000|  0%| F|  |TAMS 0x000000061f400000, 0x000000061f400000| Untracked 
| 121|0x000000061f800000, 0x000000061f800000, 0x000000061fc00000|  0%| F|  |TAMS 0x000000061f800000, 0x000000061f800000| Untracked 
| 122|0x000000061fc00000, 0x000000061fc00000, 0x0000000620000000|  0%| F|  |TAMS 0x000000061fc00000, 0x000000061fc00000| Untracked 
| 123|0x0000000620000000, 0x0000000620000000, 0x0000000620400000|  0%| F|  |TAMS 0x0000000620000000, 0x0000000620000000| Untracked 
| 124|0x0000000620400000, 0x0000000620400000, 0x0000000620800000|  0%| F|  |TAMS 0x0000000620400000, 0x0000000620400000| Untracked 
| 125|0x0000000620800000, 0x0000000620800000, 0x0000000620c00000|  0%| F|  |TAMS 0x0000000620800000, 0x0000000620800000| Untracked 
| 126|0x0000000620c00000, 0x0000000620c00000, 0x0000000621000000|  0%| F|  |TAMS 0x0000000620c00000, 0x0000000620c00000| Untracked 
| 127|0x0000000621000000, 0x0000000621000000, 0x0000000621400000|  0%| F|  |TAMS 0x0000000621000000, 0x0000000621000000| Untracked 
| 128|0x0000000621400000, 0x0000000621400000, 0x0000000621800000|  0%| F|  |TAMS 0x0000000621400000, 0x0000000621400000| Untracked 
| 129|0x0000000621800000, 0x0000000621800000, 0x0000000621c00000|  0%| F|  |TAMS 0x0000000621800000, 0x0000000621800000| Untracked 
| 130|0x0000000621c00000, 0x0000000621c00000, 0x0000000622000000|  0%| F|  |TAMS 0x0000000621c00000, 0x0000000621c00000| Untracked 
| 131|0x0000000622000000, 0x0000000622000000, 0x0000000622400000|  0%| F|  |TAMS 0x0000000622000000, 0x0000000622000000| Untracked 
| 132|0x0000000622400000, 0x0000000622400000, 0x0000000622800000|  0%| F|  |TAMS 0x0000000622400000, 0x0000000622400000| Untracked 
| 133|0x0000000622800000, 0x0000000622800000, 0x0000000622c00000|  0%| F|  |TAMS 0x0000000622800000, 0x0000000622800000| Untracked 
| 134|0x0000000622c00000, 0x0000000622c00000, 0x0000000623000000|  0%| F|  |TAMS 0x0000000622c00000, 0x0000000622c00000| Untracked 
| 135|0x0000000623000000, 0x0000000623000000, 0x0000000623400000|  0%| F|  |TAMS 0x0000000623000000, 0x0000000623000000| Untracked 
| 136|0x0000000623400000, 0x0000000623400000, 0x0000000623800000|  0%| F|  |TAMS 0x0000000623400000, 0x0000000623400000| Untracked 
| 137|0x0000000623800000, 0x0000000623800000, 0x0000000623c00000|  0%| F|  |TAMS 0x0000000623800000, 0x0000000623800000| Untracked 
| 138|0x0000000623c00000, 0x0000000623c00000, 0x0000000624000000|  0%| F|  |TAMS 0x0000000623c00000, 0x0000000623c00000| Untracked 
| 139|0x0000000624000000, 0x0000000624000000, 0x0000000624400000|  0%| F|  |TAMS 0x0000000624000000, 0x0000000624000000| Untracked 
| 140|0x0000000624400000, 0x0000000624400000, 0x0000000624800000|  0%| F|  |TAMS 0x0000000624400000, 0x0000000624400000| Untracked 
| 141|0x0000000624800000, 0x0000000624800000, 0x0000000624c00000|  0%| F|  |TAMS 0x0000000624800000, 0x0000000624800000| Untracked 
| 142|0x0000000624c00000, 0x0000000624c00000, 0x0000000625000000|  0%| F|  |TAMS 0x0000000624c00000, 0x0000000624c00000| Untracked 
| 143|0x0000000625000000, 0x0000000625000000, 0x0000000625400000|  0%| F|  |TAMS 0x0000000625000000, 0x0000000625000000| Untracked 
| 144|0x0000000625400000, 0x0000000625400000, 0x0000000625800000|  0%| F|  |TAMS 0x0000000625400000, 0x0000000625400000| Untracked 
| 145|0x0000000625800000, 0x0000000625800000, 0x0000000625c00000|  0%| F|  |TAMS 0x0000000625800000, 0x0000000625800000| Untracked 
| 146|0x0000000625c00000, 0x0000000625c00000, 0x0000000626000000|  0%| F|  |TAMS 0x0000000625c00000, 0x0000000625c00000| Untracked 
| 147|0x0000000626000000, 0x0000000626000000, 0x0000000626400000|  0%| F|  |TAMS 0x0000000626000000, 0x0000000626000000| Untracked 
| 148|0x0000000626400000, 0x0000000626400000, 0x0000000626800000|  0%| F|  |TAMS 0x0000000626400000, 0x0000000626400000| Untracked 
| 149|0x0000000626800000, 0x0000000626800000, 0x0000000626c00000|  0%| F|  |TAMS 0x0000000626800000, 0x0000000626800000| Untracked 
| 150|0x0000000626c00000, 0x0000000626c00000, 0x0000000627000000|  0%| F|  |TAMS 0x0000000626c00000, 0x0000000626c00000| Untracked 
| 151|0x0000000627000000, 0x0000000627000000, 0x0000000627400000|  0%| F|  |TAMS 0x0000000627000000, 0x0000000627000000| Untracked 
| 152|0x0000000627400000, 0x0000000627400000, 0x0000000627800000|  0%| F|  |TAMS 0x0000000627400000, 0x0000000627400000| Untracked 
| 153|0x0000000627800000, 0x0000000627800000, 0x0000000627c00000|  0%| F|  |TAMS 0x0000000627800000, 0x0000000627800000| Untracked 
| 154|0x0000000627c00000, 0x0000000627c00000, 0x0000000628000000|  0%| F|  |TAMS 0x0000000627c00000, 0x0000000627c00000| Untracked 
| 155|0x0000000628000000, 0x0000000628000000, 0x0000000628400000|  0%| F|  |TAMS 0x0000000628000000, 0x0000000628000000| Untracked 
| 156|0x0000000628400000, 0x0000000628400000, 0x0000000628800000|  0%| F|  |TAMS 0x0000000628400000, 0x0000000628400000| Untracked 
| 157|0x0000000628800000, 0x0000000628800000, 0x0000000628c00000|  0%| F|  |TAMS 0x0000000628800000, 0x0000000628800000| Untracked 
| 158|0x0000000628c00000, 0x0000000628c00000, 0x0000000629000000|  0%| F|  |TAMS 0x0000000628c00000, 0x0000000628c00000| Untracked 
| 159|0x0000000629000000, 0x0000000629000000, 0x0000000629400000|  0%| F|  |TAMS 0x0000000629000000, 0x0000000629000000| Untracked 
| 160|0x0000000629400000, 0x0000000629400000, 0x0000000629800000|  0%| F|  |TAMS 0x0000000629400000, 0x0000000629400000| Untracked 
| 161|0x0000000629800000, 0x0000000629800000, 0x0000000629c00000|  0%| F|  |TAMS 0x0000000629800000, 0x0000000629800000| Untracked 
| 162|0x0000000629c00000, 0x0000000629c00000, 0x000000062a000000|  0%| F|  |TAMS 0x0000000629c00000, 0x0000000629c00000| Untracked 
| 163|0x000000062a000000, 0x000000062a000000, 0x000000062a400000|  0%| F|  |TAMS 0x000000062a000000, 0x000000062a000000| Untracked 
| 164|0x000000062a400000, 0x000000062a400000, 0x000000062a800000|  0%| F|  |TAMS 0x000000062a400000, 0x000000062a400000| Untracked 
| 165|0x000000062a800000, 0x000000062a800000, 0x000000062ac00000|  0%| F|  |TAMS 0x000000062a800000, 0x000000062a800000| Untracked 
| 166|0x000000062ac00000, 0x000000062ac00000, 0x000000062b000000|  0%| F|  |TAMS 0x000000062ac00000, 0x000000062ac00000| Untracked 
| 167|0x000000062b000000, 0x000000062b000000, 0x000000062b400000|  0%| F|  |TAMS 0x000000062b000000, 0x000000062b000000| Untracked 
| 168|0x000000062b400000, 0x000000062b400000, 0x000000062b800000|  0%| F|  |TAMS 0x000000062b400000, 0x000000062b400000| Untracked 
| 169|0x000000062b800000, 0x000000062b800000, 0x000000062bc00000|  0%| F|  |TAMS 0x000000062b800000, 0x000000062b800000| Untracked 
| 170|0x000000062bc00000, 0x000000062bc00000, 0x000000062c000000|  0%| F|  |TAMS 0x000000062bc00000, 0x000000062bc00000| Untracked 
| 171|0x000000062c000000, 0x000000062c000000, 0x000000062c400000|  0%| F|  |TAMS 0x000000062c000000, 0x000000062c000000| Untracked 
| 172|0x000000062c400000, 0x000000062c400000, 0x000000062c800000|  0%| F|  |TAMS 0x000000062c400000, 0x000000062c400000| Untracked 
| 173|0x000000062c800000, 0x000000062c800000, 0x000000062cc00000|  0%| F|  |TAMS 0x000000062c800000, 0x000000062c800000| Untracked 
| 174|0x000000062cc00000, 0x000000062cc00000, 0x000000062d000000|  0%| F|  |TAMS 0x000000062cc00000, 0x000000062cc00000| Untracked 
| 175|0x000000062d000000, 0x000000062d000000, 0x000000062d400000|  0%| F|  |TAMS 0x000000062d000000, 0x000000062d000000| Untracked 
| 176|0x000000062d400000, 0x000000062d400000, 0x000000062d800000|  0%| F|  |TAMS 0x000000062d400000, 0x000000062d400000| Untracked 
| 177|0x000000062d800000, 0x000000062d800000, 0x000000062dc00000|  0%| F|  |TAMS 0x000000062d800000, 0x000000062d800000| Untracked 
| 178|0x000000062dc00000, 0x000000062dc00000, 0x000000062e000000|  0%| F|  |TAMS 0x000000062dc00000, 0x000000062dc00000| Untracked 
| 179|0x000000062e000000, 0x000000062e000000, 0x000000062e400000|  0%| F|  |TAMS 0x000000062e000000, 0x000000062e000000| Untracked 
| 180|0x000000062e400000, 0x000000062e400000, 0x000000062e800000|  0%| F|  |TAMS 0x000000062e400000, 0x000000062e400000| Untracked 
| 181|0x000000062e800000, 0x000000062e800000, 0x000000062ec00000|  0%| F|  |TAMS 0x000000062e800000, 0x000000062e800000| Untracked 
| 182|0x000000062ec00000, 0x000000062ec00000, 0x000000062f000000|  0%| F|  |TAMS 0x000000062ec00000, 0x000000062ec00000| Untracked 
| 183|0x000000062f000000, 0x000000062f000000, 0x000000062f400000|  0%| F|  |TAMS 0x000000062f000000, 0x000000062f000000| Untracked 

Card table byte_map: [0x000001f94f0c0000,0x000001f9500c0000] _byte_map_base: 0x000001f94c0b6000

Marking Bits (Prev, Next): (CMBitMap*) 0x000001f93521a4e0, (CMBitMap*) 0x000001f93521a4a0
 Prev Bits: [0x000001f959070000, 0x000001f961020000)
 Next Bits: [0x000001f9510c0000, 0x000001f959070000)

Polling page: 0x000001f935230000

Metaspace:

Usage:
  Non-class:     45.92 MB used.
      Class:      7.97 MB used.
       Both:     53.89 MB used.

Virtual space:
  Non-class space:       48.00 MB reserved,      46.44 MB ( 97%) committed,  6 nodes.
      Class space:        1.00 GB reserved,       8.44 MB ( <1%) committed,  1 nodes.
             Both:        1.05 GB reserved,      54.88 MB (  5%) committed. 

Chunk freelists:
   Non-Class:  1.38 MB
       Class:  3.51 MB
        Both:  4.88 MB

MaxMetaspaceSize: unlimited
CompressedClassSpaceSize: 1.00 GB
Initial GC threshold: 21.00 MB
Current GC threshold: 89.69 MB
CDS: on
MetaspaceReclaimPolicy: balanced
 - commit_granule_bytes: 65536.
 - commit_granule_words: 8192.
 - virtual_space_node_default_size: 1048576.
 - enlarge_chunks_in_place: 1.
 - new_chunks_are_fully_committed: 0.
 - uncommit_free_chunks: 1.
 - use_allocation_guard: 0.
 - handle_deallocations: 1.


Internal statistics:

num_allocs_failed_limit: 6.
num_arena_births: 1546.
num_arena_deaths: 34.
num_vsnodes_births: 7.
num_vsnodes_deaths: 0.
num_space_committed: 876.
num_space_uncommitted: 0.
num_chunks_returned_to_freelist: 54.
num_chunks_taken_from_freelist: 3772.
num_chunk_merges: 27.
num_chunk_splits: 2454.
num_chunks_enlarged: 1607.
num_purges: 2.
num_inconsistent_stats: 0.

CodeHeap 'non-profiled nmethods': size=120000Kb used=5822Kb max_used=6103Kb free=114178Kb
 bounds [0x000001f945ef0000, 0x000001f9464f0000, 0x000001f94d420000]
CodeHeap 'profiled nmethods': size=120000Kb used=10957Kb max_used=13441Kb free=109043Kb
 bounds [0x000001f93e9c0000, 0x000001f93f6f0000, 0x000001f945ef0000]
CodeHeap 'non-nmethods': size=5760Kb used=1497Kb max_used=1545Kb free=4263Kb
 bounds [0x000001f93e420000, 0x000001f93e690000, 0x000001f93e9c0000]
 total_blobs=7921 nmethods=7041 adapters=792
 compilation: enabled
              stopped_count=0, restarted_count=0
 full_count=0

Compilation events (20 events):
Event: 6.981 Thread 0x000001f963efba50 nmethod 9614 0x000001f94619c290 code [0x000001f94619c400, 0x000001f94619c498]
Event: 6.982 Thread 0x000001f963efba50 9615       4       java.util.BitSet::or (105 bytes)
Event: 6.984 Thread 0x000001f963efba50 nmethod 9615 0x000001f9461ad290 code [0x000001f9461ad420, 0x000001f9461ad5d8]
Event: 6.996 Thread 0x000001f963efba50 9616       4       com.mojang.datafixers.types.templates.Check::size (19 bytes)
Event: 6.997 Thread 0x000001f963efba50 nmethod 9616 0x000001f9461e2390 code [0x000001f9461e2520, 0x000001f9461e25f8]
Event: 7.001 Thread 0x000001f963efba50 9617       4       com.mojang.datafixers.types.templates.CompoundList$CompoundListType::equals (55 bytes)
Event: 7.002 Thread 0x000001f96513f7e0 nmethod 9605 0x000001f94645b690 code [0x000001f94645b8c0, 0x000001f94645d1a8]
Event: 7.003 Thread 0x000001f96513f7e0 9618       4       com.mojang.datafixers.types.templates.Hook::apply (8 bytes)
Event: 7.004 Thread 0x000001f963efba50 nmethod 9617 0x000001f9463e0d90 code [0x000001f9463e0f40, 0x000001f9463e1338]
Event: 7.004 Thread 0x000001f96513f7e0 nmethod 9618 0x000001f9463ba390 code [0x000001f9463ba520, 0x000001f9463ba618]
Event: 7.005 Thread 0x000001f963397b60 9619       4       com.mojang.datafixers.optics.Traversal::eval (8 bytes)
Event: 7.006 Thread 0x000001f963397b60 nmethod 9619 0x000001f946468510 code [0x000001f9464686a0, 0x000001f9464687d8]
Event: 7.007 Thread 0x000001f9633a1670 9621       3       java.lang.NoSuchMethodError::<init> (6 bytes)
Event: 7.007 Thread 0x000001f963397b60 9622       4       java.lang.invoke.InvokerBytecodeGenerator::emitPushArgument (150 bytes)
Event: 7.007 Thread 0x000001f9633a1670 nmethod 9621 0x000001f93ea89710 code [0x000001f93ea898c0, 0x000001f93ea89b28]
Event: 7.010 Thread 0x000001f96513f7e0 9623   !   4       cpw.mods.cl.ModuleClassLoader::loadClass (143 bytes)
Event: 7.011 Thread 0x000001f9633a1670 9624       3       net.minecraft.world.level.levelgen.WorldgenRandom::next (49 bytes)
Event: 7.011 Thread 0x000001f9633a1670 nmethod 9624 0x000001f93eca9010 code [0x000001f93eca91e0, 0x000001f93eca9678]
Event: 7.012 Thread 0x000001f9633a1670 9625       3       java.util.Random::nextInt (74 bytes)
Event: 7.012 Thread 0x000001f9633a1670 nmethod 9625 0x000001f93e9c9b90 code [0x000001f93e9c9d60, 0x000001f93e9ca268]

GC Heap History (20 events):
Event: 5.481 GC heap after
{Heap after GC invocations=19 (full 0):
 garbage-first heap   total 286720K, used 113192K [0x0000000601400000, 0x0000000800000000)
  region size 4096K, 3 young (12288K), 3 survivors (12288K)
 Metaspace       used 44079K, committed 45056K, reserved 1089536K
  class space    used 5898K, committed 6336K, reserved 1048576K
}
Event: 5.906 GC heap before
{Heap before GC invocations=19 (full 0):
 garbage-first heap   total 286720K, used 223784K [0x0000000601400000, 0x0000000800000000)
  region size 4096K, 31 young (126976K), 3 survivors (12288K)
 Metaspace       used 49349K, committed 50432K, reserved 1097728K
  class space    used 6848K, committed 7360K, reserved 1048576K
}
Event: 5.919 GC heap after
{Heap after GC invocations=20 (full 0):
 garbage-first heap   total 376832K, used 133630K [0x0000000601400000, 0x0000000800000000)
  region size 4096K, 4 young (16384K), 4 survivors (16384K)
 Metaspace       used 49349K, committed 50432K, reserved 1097728K
  class space    used 6848K, committed 7360K, reserved 1048576K
}
Event: 6.176 GC heap before
{Heap before GC invocations=20 (full 0):
 garbage-first heap   total 376832K, used 289278K [0x0000000601400000, 0x0000000800000000)
  region size 4096K, 42 young (172032K), 4 survivors (16384K)
 Metaspace       used 51816K, committed 52928K, reserved 1097728K
  class space    used 7481K, committed 8000K, reserved 1048576K
}
Event: 6.190 GC heap after
{Heap after GC invocations=21 (full 0):
 garbage-first heap   total 376832K, used 151140K [0x0000000601400000, 0x0000000800000000)
  region size 4096K, 4 young (16384K), 4 survivors (16384K)
 Metaspace       used 51816K, committed 52928K, reserved 1097728K
  class space    used 7481K, committed 8000K, reserved 1048576K
}
Event: 6.333 GC heap before
{Heap before GC invocations=21 (full 0):
 garbage-first heap   total 376832K, used 290404K [0x0000000601400000, 0x0000000800000000)
  region size 4096K, 38 young (155648K), 4 survivors (16384K)
 Metaspace       used 52849K, committed 53888K, reserved 1097728K
  class space    used 7712K, committed 8192K, reserved 1048576K
}
Event: 6.348 GC heap after
{Heap after GC invocations=22 (full 0):
 garbage-first heap   total 376832K, used 170122K [0x0000000601400000, 0x0000000800000000)
  region size 4096K, 5 young (20480K), 5 survivors (20480K)
 Metaspace       used 52849K, committed 53888K, reserved 1097728K
  class space    used 7712K, committed 8192K, reserved 1048576K
}
Event: 6.417 GC heap before
{Heap before GC invocations=22 (full 0):
 garbage-first heap   total 376832K, used 288906K [0x0000000601400000, 0x0000000800000000)
  region size 4096K, 34 young (139264K), 5 survivors (20480K)
 Metaspace       used 53324K, committed 54400K, reserved 1097728K
  class space    used 7794K, committed 8320K, reserved 1048576K
}
Event: 6.432 GC heap after
{Heap after GC invocations=23 (full 0):
 garbage-first heap   total 376832K, used 186759K [0x0000000601400000, 0x0000000800000000)
  region size 4096K, 5 young (20480K), 5 survivors (20480K)
 Metaspace       used 53324K, committed 54400K, reserved 1097728K
  class space    used 7794K, committed 8320K, reserved 1048576K
}
Event: 6.494 GC heap before
{Heap before GC invocations=23 (full 0):
 garbage-first heap   total 376832K, used 293255K [0x0000000601400000, 0x0000000800000000)
  region size 4096K, 31 young (126976K), 5 survivors (20480K)
 Metaspace       used 53749K, committed 54848K, reserved 1097728K
  class space    used 7873K, committed 8384K, reserved 1048576K
}
Event: 6.509 GC heap after
{Heap after GC invocations=24 (full 0):
 garbage-first heap   total 753664K, used 202850K [0x0000000601400000, 0x0000000800000000)
  region size 4096K, 4 young (16384K), 4 survivors (16384K)
 Metaspace       used 53749K, committed 54848K, reserved 1097728K
  class space    used 7873K, committed 8384K, reserved 1048576K
}
Event: 6.775 GC heap before
{Heap before GC invocations=25 (full 0):
 garbage-first heap   total 753664K, used 563298K [0x0000000601400000, 0x0000000800000000)
  region size 4096K, 92 young (376832K), 4 survivors (16384K)
 Metaspace       used 54149K, committed 55168K, reserved 1097728K
  class space    used 7950K, committed 8448K, reserved 1048576K
}
Event: 6.791 GC heap after
{Heap after GC invocations=26 (full 0):
 garbage-first heap   total 753664K, used 224405K [0x0000000601400000, 0x0000000800000000)
  region size 4096K, 9 young (36864K), 9 survivors (36864K)
 Metaspace       used 54149K, committed 55168K, reserved 1097728K
  class space    used 7950K, committed 8448K, reserved 1048576K
}
Event: 6.844 GC heap before
{Heap before GC invocations=26 (full 0):
 garbage-first heap   total 753664K, used 564373K [0x0000000601400000, 0x0000000800000000)
  region size 4096K, 92 young (376832K), 9 survivors (36864K)
 Metaspace       used 54473K, committed 55488K, reserved 1097728K
  class space    used 8020K, committed 8512K, reserved 1048576K
}
Event: 6.856 GC heap after
{Heap after GC invocations=27 (full 0):
 garbage-first heap   total 753664K, used 229552K [0x0000000601400000, 0x0000000800000000)
  region size 4096K, 7 young (28672K), 7 survivors (28672K)
 Metaspace       used 54473K, committed 55488K, reserved 1097728K
  class space    used 8020K, committed 8512K, reserved 1048576K
}
Event: 6.910 GC heap before
{Heap before GC invocations=27 (full 0):
 garbage-first heap   total 753664K, used 590000K [0x0000000601400000, 0x0000000800000000)
  region size 4096K, 94 young (385024K), 7 survivors (28672K)
 Metaspace       used 54700K, committed 55808K, reserved 1097728K
  class space    used 8063K, committed 8576K, reserved 1048576K
}
Event: 6.922 GC heap after
{Heap after GC invocations=28 (full 0):
 garbage-first heap   total 753664K, used 237183K [0x0000000601400000, 0x0000000800000000)
  region size 4096K, 3 young (12288K), 3 survivors (12288K)
 Metaspace       used 54700K, committed 55808K, reserved 1097728K
  class space    used 8063K, committed 8576K, reserved 1048576K
}
Event: 6.969 GC heap before
{Heap before GC invocations=28 (full 0):
 garbage-first heap   total 753664K, used 597631K [0x0000000601400000, 0x0000000800000000)
  region size 4096K, 91 young (372736K), 3 survivors (12288K)
 Metaspace       used 54964K, committed 56064K, reserved 1097728K
  class space    used 8123K, committed 8640K, reserved 1048576K
}
Event: 6.975 GC heap after
{Heap after GC invocations=29 (full 0):
 garbage-first heap   total 753664K, used 239948K [0x0000000601400000, 0x0000000800000000)
  region size 4096K, 3 young (12288K), 3 survivors (12288K)
 Metaspace       used 54964K, committed 56064K, reserved 1097728K
  class space    used 8123K, committed 8640K, reserved 1048576K
}
Event: 7.015 GC heap before
{Heap before GC invocations=29 (full 0):
 garbage-first heap   total 753664K, used 612684K [0x0000000601400000, 0x0000000800000000)
  region size 4096K, 94 young (385024K), 3 survivors (12288K)
 Metaspace       used 55181K, committed 56192K, reserved 1097728K
  class space    used 8161K, committed 8640K, reserved 1048576K
}

Deoptimization events (20 events):
Event: 6.894 Thread 0x000001f967f9dbb0 Uncommon trap: trap_request=0xffffffc6 fr.pc=0x000001f9460eb384 relative=0x0000000000000724
Event: 6.894 Thread 0x000001f967f9dbb0 Uncommon trap: reason=bimorphic_or_optimized_type_check action=maybe_recompile pc=0x000001f9460eb384 method=com.google.common.collect.CollectCollectors.lambda$toImmutableMap$6(Ljava/util/function/Function;Ljava/util/function/Function;Lcom/google/common/co
Event: 6.894 Thread 0x000001f967f9dbb0 DEOPT PACKING pc=0x000001f9460eb384 sp=0x000000ae881fc130
Event: 6.894 Thread 0x000001f967f9dbb0 DEOPT UNPACKING pc=0x000001f93e4723a3 sp=0x000000ae881fc090 mode 2
Event: 6.894 Thread 0x000001f967f9dbb0 Uncommon trap: trap_request=0xffffffc6 fr.pc=0x000001f9460eb384 relative=0x0000000000000724
Event: 6.894 Thread 0x000001f967f9dbb0 Uncommon trap: reason=bimorphic_or_optimized_type_check action=maybe_recompile pc=0x000001f9460eb384 method=com.google.common.collect.CollectCollectors.lambda$toImmutableMap$6(Ljava/util/function/Function;Ljava/util/function/Function;Lcom/google/common/co
Event: 6.894 Thread 0x000001f967f9dbb0 DEOPT PACKING pc=0x000001f9460eb384 sp=0x000000ae881fc130
Event: 6.894 Thread 0x000001f967f9dbb0 DEOPT UNPACKING pc=0x000001f93e4723a3 sp=0x000000ae881fc090 mode 2
Event: 6.894 Thread 0x000001f967f9dbb0 Uncommon trap: trap_request=0xffffffc6 fr.pc=0x000001f9460eb384 relative=0x0000000000000724
Event: 6.894 Thread 0x000001f967f9dbb0 Uncommon trap: reason=bimorphic_or_optimized_type_check action=maybe_recompile pc=0x000001f9460eb384 method=com.google.common.collect.CollectCollectors.lambda$toImmutableMap$6(Ljava/util/function/Function;Ljava/util/function/Function;Lcom/google/common/co
Event: 6.894 Thread 0x000001f967f9dbb0 DEOPT PACKING pc=0x000001f9460eb384 sp=0x000000ae881fc130
Event: 6.894 Thread 0x000001f967f9dbb0 DEOPT UNPACKING pc=0x000001f93e4723a3 sp=0x000000ae881fc090 mode 2
Event: 6.894 Thread 0x000001f967f9dbb0 Uncommon trap: trap_request=0xffffffc6 fr.pc=0x000001f9460eb384 relative=0x0000000000000724
Event: 6.894 Thread 0x000001f967f9dbb0 Uncommon trap: reason=bimorphic_or_optimized_type_check action=maybe_recompile pc=0x000001f9460eb384 method=com.google.common.collect.CollectCollectors.lambda$toImmutableMap$6(Ljava/util/function/Function;Ljava/util/function/Function;Lcom/google/common/co
Event: 6.894 Thread 0x000001f967f9dbb0 DEOPT PACKING pc=0x000001f9460eb384 sp=0x000000ae881fc130
Event: 6.894 Thread 0x000001f967f9dbb0 DEOPT UNPACKING pc=0x000001f93e4723a3 sp=0x000000ae881fc090 mode 2
Event: 7.012 Thread 0x000001f967f9dbb0 Uncommon trap: trap_request=0xffffff45 fr.pc=0x000001f946368fdc relative=0x000000000000653c
Event: 7.012 Thread 0x000001f967f9dbb0 Uncommon trap: reason=unstable_if action=reinterpret pc=0x000001f946368fdc method=com.google.common.reflect.TypeVisitor.visit([Ljava/lang/reflect/Type;)V @ 36 c2
Event: 7.012 Thread 0x000001f967f9dbb0 DEOPT PACKING pc=0x000001f946368fdc sp=0x000000ae881fc780
Event: 7.012 Thread 0x000001f967f9dbb0 DEOPT UNPACKING pc=0x000001f93e4723a3 sp=0x000000ae881fc6b0 mode 2

Classes unloaded (17 events):
Event: 6.627 Thread 0x000001f96336c500 Unloading class 0x00000008012c2000 'java/lang/invoke/LambdaForm$DMH+0x00000008012c2000'
Event: 6.627 Thread 0x000001f96336c500 Unloading class 0x00000008012c1c00 'java/lang/invoke/LambdaForm$DMH+0x00000008012c1c00'
Event: 6.627 Thread 0x000001f96336c500 Unloading class 0x00000008012c1800 'java/lang/invoke/LambdaForm$DMH+0x00000008012c1800'
Event: 6.627 Thread 0x000001f96336c500 Unloading class 0x00000008012c1400 'java/lang/invoke/LambdaForm$DMH+0x00000008012c1400'
Event: 6.627 Thread 0x000001f96336c500 Unloading class 0x00000008012c1000 'java/lang/invoke/LambdaForm$DMH+0x00000008012c1000'
Event: 6.627 Thread 0x000001f96336c500 Unloading class 0x00000008012c0c00 'java/lang/invoke/LambdaForm$DMH+0x00000008012c0c00'
Event: 6.627 Thread 0x000001f96336c500 Unloading class 0x00000008012c0800 'java/lang/invoke/LambdaForm$DMH+0x00000008012c0800'
Event: 6.627 Thread 0x000001f96336c500 Unloading class 0x00000008012c0400 'java/lang/invoke/LambdaForm$DMH+0x00000008012c0400'
Event: 6.627 Thread 0x000001f96336c500 Unloading class 0x00000008012c0000 'java/lang/invoke/LambdaForm$DMH+0x00000008012c0000'
Event: 6.627 Thread 0x000001f96336c500 Unloading class 0x00000008012ba800 'java/lang/invoke/LambdaForm$DMH+0x00000008012ba800'
Event: 6.627 Thread 0x000001f96336c500 Unloading class 0x00000008012ba400 'java/lang/invoke/LambdaForm$DMH+0x00000008012ba400'
Event: 6.627 Thread 0x000001f96336c500 Unloading class 0x00000008012ba000 'java/lang/invoke/LambdaForm$DMH+0x00000008012ba000'
Event: 6.627 Thread 0x000001f96336c500 Unloading class 0x00000008012b9c00 'java/lang/invoke/LambdaForm$DMH+0x00000008012b9c00'
Event: 6.627 Thread 0x000001f96336c500 Unloading class 0x00000008012b9800 'java/lang/invoke/LambdaForm$DMH+0x00000008012b9800'
Event: 6.627 Thread 0x000001f96336c500 Unloading class 0x00000008012b9400 'java/lang/invoke/LambdaForm$DMH+0x00000008012b9400'
Event: 6.627 Thread 0x000001f96336c500 Unloading class 0x00000008012b9000 'java/lang/invoke/LambdaForm$DMH+0x00000008012b9000'
Event: 6.627 Thread 0x000001f96336c500 Unloading class 0x00000008012b8c00 'java/lang/invoke/LambdaForm$DMH+0x00000008012b8c00'

Classes redefined (0 events):
No events

Internal exceptions (20 events):
Event: 6.220 Thread 0x000001f967f9dbb0 Exception <a 'java/lang/NoSuchMethodError'{0x0000000616f48878}: 'java.lang.Object java.lang.invoke.DirectMethodHandle$Holder.newInvokeSpecial(java.lang.Object, java.lang.Object, int, float)'> (0x0000000616f48878) 
thrown [s\src\hotspot\share\interpreter\linkResolver.cpp, line 759]
Event: 6.279 Thread 0x000001f967f9dbb0 Exception <a 'java/lang/IncompatibleClassChangeError'{0x00000006143475c8}: Found class java.lang.Object, but interface was expected> (0x00000006143475c8) 
thrown [s\src\hotspot\share\interpreter\linkResolver.cpp, line 826]
Event: 6.331 Thread 0x000001f967fa28b0 Implicit null exception at 0x000001f94647e958 to 0x000001f94647ea5a
Event: 6.331 Thread 0x000001f967f9bed0 Implicit null exception at 0x000001f94647e958 to 0x000001f94647ea5a
Event: 6.331 Thread 0x000001f967f9e550 Implicit null exception at 0x000001f94647e958 to 0x000001f94647ea5a
Event: 6.331 Thread 0x000001f967fa0700 Implicit null exception at 0x000001f94647e958 to 0x000001f94647ea5a
Event: 6.383 Thread 0x000001f967f9bed0 Implicit null exception at 0x000001f94644356c to 0x000001f94644378c
Event: 6.383 Thread 0x000001f967fa28b0 Implicit null exception at 0x000001f94644356c to 0x000001f94644378c
Event: 6.383 Thread 0x000001f967fa0700 Implicit null exception at 0x000001f94644356c to 0x000001f94644378c
Event: 6.459 Thread 0x000001f967f9dbb0 Exception <a 'java/lang/NoSuchMethodError'{0x0000000614efdd48}: 'java.lang.Object java.lang.invoke.DirectMethodHandle$Holder.newInvokeSpecial(java.lang.Object, double)'> (0x0000000614efdd48) 
thrown [s\src\hotspot\share\interpreter\linkResolver.cpp, line 759]
Event: 6.493 Thread 0x000001f967f9cd40 Implicit null exception at 0x000001f94648e1d7 to 0x000001f94648e358
Event: 6.696 Thread 0x000001f967f9dbb0 Exception <a 'java/lang/NoSuchMethodError'{0x0000000627ca7940}: 'java.lang.Object java.lang.invoke.DirectMethodHandle$Holder.invokeStatic(java.lang.Object, java.lang.Object, int, int, int, java.lang.Object)'> (0x0000000627ca7940) 
thrown [s\src\hotspot\share\interpreter\linkResolver.cpp, line 759]
Event: 6.697 Thread 0x000001f967f9dbb0 Exception <a 'java/lang/NoSuchMethodError'{0x0000000627caf0b0}: 'java.lang.Object java.lang.invoke.DirectMethodHandle$Holder.newInvokeSpecial(java.lang.Object, java.lang.Object, int, int, int)'> (0x0000000627caf0b0) 
thrown [s\src\hotspot\share\interpreter\linkResolver.cpp, line 759]
Event: 6.697 Thread 0x000001f967f9dbb0 Exception <a 'java/lang/NoSuchMethodError'{0x0000000627cb6740}: 'java.lang.Object java.lang.invoke.Invokers$Holder.linkToTargetMethod(java.lang.Object, int, int, int, java.lang.Object)'> (0x0000000627cb6740) 
thrown [s\src\hotspot\share\interpreter\linkResolver.cpp, line 759]
Event: 6.727 Thread 0x000001f967f9dbb0 Exception <a 'java/lang/NoSuchMethodError'{0x0000000627d55190}: 'void java.lang.invoke.DirectMethodHandle$Holder.invokeStaticInit(java.lang.Object, java.lang.Object, java.lang.Object, java.lang.Object, java.lang.Object, java.lang.Object, java.lang.Object, java.lang.Object)'> (0x0000000627d55190) 
thrown [s\src\hotspot\share\interpreter\linkResolver.cpp, line 759]
Event: 6.733 Thread 0x000001f967f9dbb0 Exception <a 'java/lang/NoSuchMethodError'{0x000000061ffe8778}: 'java.lang.Object java.lang.invoke.DirectMethodHandle$Holder.newInvokeSpecial(java.lang.Object, java.lang.Object, java.lang.Object, int, int)'> (0x000000061ffe8778) 
thrown [s\src\hotspot\share\interpreter\linkResolver.cpp, line 759]
Event: 6.828 Thread 0x000001f967f9dbb0 Exception <a 'java/lang/NoSuchMethodError'{0x0000000622b12978}: 'java.lang.Object java.lang.invoke.DirectMethodHandle$Holder.newInvokeSpecial(java.lang.Object, java.lang.Object, float, float)'> (0x0000000622b12978) 
thrown [s\src\hotspot\share\interpreter\linkResolver.cpp, line 759]
Event: 6.959 Thread 0x000001f967f9dbb0 Exception <a 'java/lang/NoSuchMethodError'{0x000000061fd8aa58}: 'java.lang.Object java.lang.invoke.DirectMethodHandle$Holder.newInvokeSpecial(java.lang.Object, java.lang.Object, double)'> (0x000000061fd8aa58) 
thrown [s\src\hotspot\share\interpreter\linkResolver.cpp, line 759]
Event: 6.963 Thread 0x000001f967f9dbb0 Exception <a 'java/lang/IncompatibleClassChangeError'{0x000000061d4bce78}: Found class java.lang.Object, but interface was expected> (0x000000061d4bce78) 
thrown [s\src\hotspot\share\interpreter\linkResolver.cpp, line 826]
Event: 7.007 Thread 0x000001f967f9dbb0 Exception <a 'java/lang/NoSuchMethodError'{0x0000000627eb4478}: 'java.lang.Object java.lang.invoke.DirectMethodHandle$Holder.invokeStaticInit(java.lang.Object, java.lang.Object, java.lang.Object, java.lang.Object, java.lang.Object, java.lang.Object, java.lang.Object, java.lang.Object)'> (0x0000000627eb4478) 
thrown [s\src\hotspot\share\interpreter\linkResolver.cpp, line 759]

VM Operations (20 events):
Event: 6.633 Executing VM operation: G1Concurrent done
Event: 6.692 Executing VM operation: G1Concurrent
Event: 6.695 Executing VM operation: G1Concurrent done
Event: 6.732 Executing VM operation: HandshakeAllThreads
Event: 6.743 Executing VM operation: HandshakeAllThreads done
Event: 6.758 Executing VM operation: HandshakeAllThreads
Event: 6.774 Executing VM operation: HandshakeAllThreads done
Event: 6.775 Executing VM operation: G1CollectForAllocation
Event: 6.792 Executing VM operation: G1CollectForAllocation done
Event: 6.843 Executing VM operation: G1CollectForAllocation
Event: 6.857 Executing VM operation: G1CollectForAllocation done
Event: 6.862 Executing VM operation: HandshakeAllThreads
Event: 6.863 Executing VM operation: HandshakeAllThreads done
Event: 6.910 Executing VM operation: G1CollectForAllocation
Event: 6.922 Executing VM operation: G1CollectForAllocation done
Event: 6.969 Executing VM operation: G1CollectForAllocation
Event: 6.975 Executing VM operation: G1CollectForAllocation done
Event: 6.988 Executing VM operation: HandshakeAllThreads
Event: 6.989 Executing VM operation: HandshakeAllThreads done
Event: 7.014 Executing VM operation: G1CollectForAllocation

Events (20 events):
Event: 6.873 Thread 0x000001f9633a2380 flushing nmethod 0x000001f93f688510
Event: 6.873 Thread 0x000001f9633a2380 flushing nmethod 0x000001f93f688f10
Event: 6.873 Thread 0x000001f9633a2380 flushing nmethod 0x000001f93f68bb90
Event: 6.873 Thread 0x000001f9633a2380 flushing nmethod 0x000001f93f68c190
Event: 6.873 Thread 0x000001f9633a2380 flushing nmethod 0x000001f93f68ca90
Event: 6.873 Thread 0x000001f9633a2380 flushing nmethod 0x000001f93f68e310
Event: 6.873 Thread 0x000001f9633a2380 flushing nmethod 0x000001f93f68eb90
Event: 6.873 Thread 0x000001f9633a2380 flushing nmethod 0x000001f93f68f890
Event: 6.873 Thread 0x000001f9633a2380 flushing nmethod 0x000001f93f694d90
Event: 6.873 Thread 0x000001f9633a2380 flushing nmethod 0x000001f93f695b10
Event: 6.873 Thread 0x000001f9633a2380 flushing nmethod 0x000001f93f69c110
Event: 6.873 Thread 0x000001f9633a2380 flushing nmethod 0x000001f93f6a5990
Event: 6.873 Thread 0x000001f9633a2380 flushing nmethod 0x000001f93f6a6710
Event: 6.873 Thread 0x000001f9633a2380 flushing nmethod 0x000001f93f6b7a10
Event: 6.873 Thread 0x000001f9633a2380 flushing nmethod 0x000001f93f6c9d10
Event: 6.873 Thread 0x000001f9633a2380 flushing nmethod 0x000001f93f6cb010
Event: 6.873 Thread 0x000001f9633a2380 flushing nmethod 0x000001f93f6d2090
Event: 6.873 Thread 0x000001f9633a2380 flushing nmethod 0x000001f93f6d3290
Event: 6.985 loading class java/util/function/LongToDoubleFunction
Event: 6.985 loading class java/util/function/LongToDoubleFunction done


Dynamic libraries:
0x00007ff66a170000 - 0x00007ff66a17e000 	C:\Program Files\Eclipse Adoptium\jdk-17.0.4.101-hotspot\bin\java.exe
0x00007ff810df0000 - 0x00007ff810fe8000 	C:\WINDOWS\SYSTEM32\ntdll.dll
0x00007ff80f120000 - 0x00007ff80f1dd000 	C:\WINDOWS\System32\KERNEL32.DLL
0x00007ff80e910000 - 0x00007ff80ebe2000 	C:\WINDOWS\System32\KERNELBASE.dll
0x00007ff80ed50000 - 0x00007ff80ee50000 	C:\WINDOWS\System32\ucrtbase.dll
0x00007ffff3c70000 - 0x00007ffff3c88000 	C:\Program Files\Eclipse Adoptium\jdk-17.0.4.101-hotspot\bin\jli.dll
0x00007ffff3c50000 - 0x00007ffff3c69000 	C:\Program Files\Eclipse Adoptium\jdk-17.0.4.101-hotspot\bin\VCRUNTIME140.dll
0x00007ff810c10000 - 0x00007ff810dad000 	C:\WINDOWS\System32\USER32.dll
0x00007ffff5e80000 - 0x00007ffff611a000 	C:\WINDOWS\WinSxS\amd64_microsoft.windows.common-controls_6595b64144ccf1df_6.0.19041.1110_none_60b5254171f9507e\COMCTL32.dll
0x00007ff80e850000 - 0x00007ff80e872000 	C:\WINDOWS\System32\win32u.dll
0x00007ff80f1e0000 - 0x00007ff80f27e000 	C:\WINDOWS\System32\msvcrt.dll
0x00007ff80f290000 - 0x00007ff80f2bb000 	C:\WINDOWS\System32\GDI32.dll
0x00007ff80e710000 - 0x00007ff80e81f000 	C:\WINDOWS\System32\gdi32full.dll
0x00007ff80e500000 - 0x00007ff80e59d000 	C:\WINDOWS\System32\msvcp_win.dll
0x00007ff80f2c0000 - 0x00007ff80f2f0000 	C:\WINDOWS\System32\IMM32.DLL
0x00007ffffc6c0000 - 0x00007ffffc6cc000 	C:\Program Files\Eclipse Adoptium\jdk-17.0.4.101-hotspot\bin\vcruntime140_1.dll
0x00007fffdee30000 - 0x00007fffdeec1000 	C:\Program Files\Eclipse Adoptium\jdk-17.0.4.101-hotspot\bin\msvcp140.dll
0x00007fff8bd20000 - 0x00007fff8c966000 	C:\Program Files\Eclipse Adoptium\jdk-17.0.4.101-hotspot\bin\server\jvm.dll
0x00007ff80f2f0000 - 0x00007ff80f39e000 	C:\WINDOWS\System32\ADVAPI32.dll
0x00007ff810350000 - 0x00007ff8103ec000 	C:\WINDOWS\System32\sechost.dll
0x00007ff80f3a0000 - 0x00007ff80f4c5000 	C:\WINDOWS\System32\RPCRT4.dll
0x00007ff810ab0000 - 0x00007ff810ab8000 	C:\WINDOWS\System32\PSAPI.DLL
0x00007ffffad10000 - 0x00007ffffad19000 	C:\WINDOWS\SYSTEM32\WSOCK32.dll
0x00007ff803610000 - 0x00007ff803637000 	C:\WINDOWS\SYSTEM32\WINMM.dll
0x00007ff809320000 - 0x00007ff80932a000 	C:\WINDOWS\SYSTEM32\VERSION.dll
0x00007ff810a40000 - 0x00007ff810aab000 	C:\WINDOWS\System32\WS2_32.dll
0x00007ff80c300000 - 0x00007ff80c312000 	C:\WINDOWS\SYSTEM32\kernel.appcore.dll
0x00007ffffc190000 - 0x00007ffffc19a000 	C:\Program Files\Eclipse Adoptium\jdk-17.0.4.101-hotspot\bin\jimage.dll
0x00007ff8088b0000 - 0x00007ff808a94000 	C:\WINDOWS\SYSTEM32\DBGHELP.DLL
0x00007ff8086d0000 - 0x00007ff8086fc000 	C:\WINDOWS\SYSTEM32\dbgcore.DLL
0x00007ff80e880000 - 0x00007ff80e902000 	C:\WINDOWS\System32\bcryptPrimitives.dll
0x00007ffff3c20000 - 0x00007ffff3c45000 	C:\Program Files\Eclipse Adoptium\jdk-17.0.4.101-hotspot\bin\java.dll
0x00007fffded50000 - 0x00007fffdee26000 	C:\Program Files\Eclipse Adoptium\jdk-17.0.4.101-hotspot\bin\jsvml.dll
0x00007ff80fc00000 - 0x00007ff810343000 	C:\WINDOWS\System32\SHELL32.dll
0x00007ff80c5e0000 - 0x00007ff80cd71000 	C:\WINDOWS\SYSTEM32\windows.storage.dll
0x00007ff80f810000 - 0x00007ff80fb64000 	C:\WINDOWS\System32\combase.dll
0x00007ff80df60000 - 0x00007ff80df90000 	C:\WINDOWS\SYSTEM32\Wldp.dll
0x00007ff80f760000 - 0x00007ff80f80d000 	C:\WINDOWS\System32\SHCORE.dll
0x00007ff80ee50000 - 0x00007ff80eea5000 	C:\WINDOWS\System32\shlwapi.dll
0x00007ff80e440000 - 0x00007ff80e45f000 	C:\WINDOWS\SYSTEM32\profapi.dll
0x00007ffff3320000 - 0x00007ffff3339000 	C:\Program Files\Eclipse Adoptium\jdk-17.0.4.101-hotspot\bin\net.dll
0x00007ff8087a0000 - 0x00007ff8088ad000 	C:\WINDOWS\SYSTEM32\WINHTTP.dll
0x00007ff80dcc0000 - 0x00007ff80dd2a000 	C:\WINDOWS\system32\mswsock.dll
0x00007fffef570000 - 0x00007fffef585000 	C:\Program Files\Eclipse Adoptium\jdk-17.0.4.101-hotspot\bin\nio.dll
0x00007fffef550000 - 0x00007fffef568000 	C:\Program Files\Eclipse Adoptium\jdk-17.0.4.101-hotspot\bin\zip.dll
0x00007ffff40d0000 - 0x00007ffff40e0000 	C:\Program Files\Eclipse Adoptium\jdk-17.0.4.101-hotspot\bin\verify.dll
0x00007ffff2ec0000 - 0x00007ffff2ec9000 	C:\Program Files\Eclipse Adoptium\jdk-17.0.4.101-hotspot\bin\management.dll
0x00007ffff1d80000 - 0x00007ffff1d8b000 	C:\Program Files\Eclipse Adoptium\jdk-17.0.4.101-hotspot\bin\management_ext.dll
0x00007ff802310000 - 0x00007ff802327000 	C:\WINDOWS\system32\napinsp.dll
0x00007ff8022b0000 - 0x00007ff8022cb000 	C:\WINDOWS\system32\pnrpnsp.dll
0x00007ff802290000 - 0x00007ff8022a5000 	C:\WINDOWS\system32\wshbth.dll
0x00007ff809850000 - 0x00007ff80986d000 	C:\WINDOWS\system32\NLAapi.dll
0x00007ff80d960000 - 0x00007ff80d99b000 	C:\WINDOWS\SYSTEM32\IPHLPAPI.DLL
0x00007ff80d9b0000 - 0x00007ff80da7a000 	C:\WINDOWS\SYSTEM32\DNSAPI.dll
0x00007ff80f6d0000 - 0x00007ff80f6d8000 	C:\WINDOWS\System32\NSI.dll
0x00007ff8021e0000 - 0x00007ff8021f2000 	C:\WINDOWS\System32\winrnr.dll
0x00007ff807ff0000 - 0x00007ff807ffa000 	C:\Windows\System32\rasadhlp.dll
0x00007ff807800000 - 0x00007ff807880000 	C:\WINDOWS\System32\fwpuclnt.dll
0x00007ff80e820000 - 0x00007ff80e847000 	C:\WINDOWS\System32\bcrypt.dll
0x00007ff80deb0000 - 0x00007ff80dec8000 	C:\WINDOWS\SYSTEM32\CRYPTSP.dll
0x00007ff80d570000 - 0x00007ff80d5a4000 	C:\WINDOWS\system32\rsaenh.dll
0x00007ff80e3c0000 - 0x00007ff80e3ee000 	C:\WINDOWS\SYSTEM32\USERENV.dll
0x00007ff80ded0000 - 0x00007ff80dedc000 	C:\WINDOWS\SYSTEM32\CRYPTBASE.dll
0x00007ff809790000 - 0x00007ff8097a7000 	C:\WINDOWS\SYSTEM32\dhcpcsvc6.DLL
0x00007ff809770000 - 0x00007ff80978d000 	C:\WINDOWS\SYSTEM32\dhcpcsvc.DLL
0x00007fffdef80000 - 0x00007fffdefc5000 	C:\Users\amata\AppData\Local\Temp\jna-92925666\jna15667872406524893101.dll
0x00007ff810ac0000 - 0x00007ff810bea000 	C:\WINDOWS\System32\Ole32.dll
0x00007ff810860000 - 0x00007ff81090f000 	C:\WINDOWS\System32\clbcatq.dll
0x00007ff810970000 - 0x00007ff810a3d000 	C:\WINDOWS\System32\OleAut32.dll
0x00007ff804e70000 - 0x00007ff804e8f000 	C:\WINDOWS\SYSTEM32\amsi.dll
0x00007ff803310000 - 0x00007ff80338b000 	C:\ProgramData\Microsoft\Windows Defender\Platform\4.18.2209.7-0\MpOav.dll
0x00007ffff0d10000 - 0x00007ffff0d59000 	C:\WINDOWS\SYSTEM32\Pdh.dll
0x00007fffac580000 - 0x00007fffac58f000 	C:\WINDOWS\System32\perfos.dll

dbghelp: loaded successfully - version: 4.0.5 - missing functions: none
symbol engine: initialized successfully - sym options: 0x614 - pdb path: .;C:\Program Files\Eclipse Adoptium\jdk-17.0.4.101-hotspot\bin;C:\WINDOWS\SYSTEM32;C:\WINDOWS\WinSxS\amd64_microsoft.windows.common-controls_6595b64144ccf1df_6.0.19041.1110_none_60b5254171f9507e;C:\Program Files\Eclipse Adoptium\jdk-17.0.4.101-hotspot\bin\server;C:\Users\amata\AppData\Local\Temp\jna-92925666;C:\ProgramData\Microsoft\Windows Defender\Platform\4.18.2209.7-0

VM Arguments:
jvm_args: -Dforge.enableGameTest=true -Dforge.enabledGameTestNamespaces=packetsizedoublerforge -Dforge.logging.console.level=debug -Dforge.logging.markers=REGISTRIES -DignoreList=bootstraplauncher,securejarhandler,asm-commons,asm-util,asm-analysis,asm-tree,asm,client-extra,fmlcore,javafmllanguage,lowcodelanguage,mclanguage,forge- -Djava.net.preferIPv6Addresses=system -DlegacyClassPath.file=X:\Minecraft [Mods]\PacketSizeDoublerForge\build\classpath\runClient_minecraftClasspath.txt -DmergeModules=jna-5.10.0.jar,jna-platform-5.10.0.jar,java-objc-bridge-1.0.0.jar -DnativesDirectory=X:\Minecraft [Mods]\PacketSizeDoublerForge\build\natives -Dos.version=10.0 --module-path=D:\Gradle\caches\modules-2\files-2.1\cpw.mods\bootstraplauncher\1.0.0\f55ddbb35612c6745cefc47d1a0d6dbfb25d3982\bootstraplauncher-1.0.0.jar;D:\Gradle\caches\modules-2\files-2.1\cpw.mods\securejarhandler\1.0.3\acbf5e3c8a38fb8bf824a54fe45eee121c510392\securejarhandler-1.0.3.jar;D:\Gradle\caches\modules-2\files-2.1\org.ow2.asm\asm-commons\9.2\f4d7f0fc9054386f2893b602454d48e07d4fbead\asm-commons-9.2.jar;D:\Gradle\caches\modules-2\files-2.1\org.ow2.asm\asm-util\9.2\fbc178fc5ba3dab50fd7e8a5317b8b647c8e8946\asm-util-9.2.jar;D:\Gradle\caches\modules-2\files-2.1\org.ow2.asm\asm-analysis\9.2\7487dd756daf96cab9986e44b9d7bcb796a61c10\asm-analysis-9.2.jar;D:\Gradle\caches\modules-2\files-2.1\org.ow2.asm\asm-tree\9.2\d96c99a30f5e1a19b0e609dbb19a44d8518ac01e\asm-tree-9.2.jar;D:\Gradle\caches\modules-2\files-2.1\org.ow2.asm\asm\9.2\81a03f76019c67362299c40e0ba13405f5467bff\asm-9.2.jar --add-modules=ALL-MODULE-PATH --add-opens=java.base/java.util.jar=cpw.mods.securejarhandler --add-exports=java.base/sun.security.util=cpw.mods.securejarhandler --add-exports=jdk.naming.dns/com.sun.jndi.dns=java.naming -XX:HeapDumpPath=MojangTricksIntelDriversForPerformance_javaw.exe_minecraft.exe.heapdump -Dos.name=Windows 10 -Dfile.encoding=windows-1252 -Duser.country=ES -Duser.language=es -Duser.variant 
java_command: cpw.mods.bootstraplauncher.BootstrapLauncher --launchTarget forgeclientuserdev --version MOD_DEV --assetIndex 1.18 --assetsDir D:\Gradle\caches\forge_gradle\assets --gameDir . --fml.forgeVersion 40.1.84 --fml.mcVersion 1.18.2 --fml.forgeGroup net.minecraftforge --fml.mcpVersion 20220404.173914
java_class_path (initial): X:\Minecraft [Mods]\PacketSizeDoublerForge\build\classes\java\main;X:\Minecraft [Mods]\PacketSizeDoublerForge\build\resources\main;D:\Gradle\caches\forge_gradle\minecraft_user_repo\net\minecraftforge\forge\1.18.2-40.1.84_mapped_official_1.18.2\forge-1.18.2-40.1.84_mapped_official_1.18.2-recomp.jar;D:\Gradle\caches\forge_gradle\minecraft_repo\versions\1.18.2\client-extra.jar;D:\Gradle\caches\modules-2\files-2.1\net.minecraftforge\javafmllanguage\1.18.2-40.1.84\186c58367889d719f6bc3705ff0826712380bcea\javafmllanguage-1.18.2-40.1.84.jar;D:\Gradle\caches\modules-2\files-2.1\net.minecraftforge\lowcodelanguage\1.18.2-40.1.84\7e15a3b7746b4b3f87179e0e9f8cefefc635f83e\lowcodelanguage-1.18.2-40.1.84.jar;D:\Gradle\caches\modules-2\files-2.1\net.minecraftforge\mclanguage\1.18.2-40.1.84\33db9a422c2f7b53fec27707bb4d3f1e59b3ec55\mclanguage-1.18.2-40.1.84.jar;D:\Gradle\caches\modules-2\files-2.1\net.minecraftforge\fmlcore\1.18.2-40.1.84\747c8df870fa2fd0ca766f624ebc28d0a03ab8a5\fmlcore-1.18.2-40.1.84.jar;D:\Gradle\caches\modules-2\files-2.1\net.minecraftforge\fmlloader\1.18.2-40.1.84\89b28caf1b46254d85f138b6e7ba627bd9d18c78\fmlloader-1.18.2-40.1.84.jar;D:\Gradle\caches\modules-2\files-2.1\net.minecraftforge\JarJar\0.3.0\224dc7851fd1613b681365adcd8af636aa52e505\JarJar-0.3.0.jar;D:\Gradle\caches\modules-2\files-2.1\com.google.guava\guava\31.0.1-jre\119ea2b2bc205b138974d351777b20f02b92704b\guava-31.0.1-jre.jar;D:\Gradle\caches\modules-2\files-2.1\com.google.code.findbugs\jsr305\3.0.2\25ea2e8b0c338a877313bd4672d3fe056ea78f0d\jsr305-3.0.2.jar;D:\Gradle\caches\modules-2\files-2.1\ca.weblite\java-objc-bridge\1.0.0\6ef160c3133a78de015830860197602ca1c855d3\java-objc-bridge-1.0.0.jar;D:\Gradle\caches\modules-2\files-2.1\net.minecraftforge\mergetool\1.1.3\d7d4b6eac7f49c59255c8ac25190802c29ac9a4a\mergetool-1.1.3-api.jar;D:\Gradle\caches\modules-2\files-2.1\org.jetbrains\annotations\23.0.0\8cc20c07506ec18e0834947b84a864bfc094484e\annotations-23.0.0.jar;D:\Gradle\cach
Launcher Type: SUN_STANDARD

[Global flags]
     intx CICompilerCount                          = 4                                         {product} {ergonomic}
     uint ConcGCThreads                            = 3                                         {product} {ergonomic}
     uint G1ConcRefinementThreads                  = 10                                        {product} {ergonomic}
   size_t G1HeapRegionSize                         = 4194304                                   {product} {ergonomic}
    uintx GCDrainStackTargetSize                   = 64                                        {product} {ergonomic}
    ccstr HeapDumpPath                             = MojangTricksIntelDriversForPerformance_javaw.exe_minecraft.exe.heapdump         {manageable} {command line}
   size_t InitialHeapSize                          = 536870912                                 {product} {ergonomic}
   size_t MarkStackSize                            = 4194304                                   {product} {ergonomic}
   size_t MaxHeapSize                              = 8568963072                                {product} {ergonomic}
   size_t MaxNewSize                               = 5138022400                                {product} {ergonomic}
   size_t MinHeapDeltaBytes                        = 4194304                                   {product} {ergonomic}
   size_t MinHeapSize                              = 8388608                                   {product} {ergonomic}
    uintx NonNMethodCodeHeapSize                   = 5839372                                {pd product} {ergonomic}
    uintx NonProfiledCodeHeapSize                  = 122909434                              {pd product} {ergonomic}
    uintx ProfiledCodeHeapSize                     = 122909434                              {pd product} {ergonomic}
    uintx ReservedCodeCacheSize                    = 251658240                              {pd product} {ergonomic}
     bool SegmentedCodeCache                       = true                                      {product} {ergonomic}
   size_t SoftMaxHeapSize                          = 8568963072                             {manageable} {ergonomic}
     bool UseCompressedClassPointers               = true                           {product lp64_product} {ergonomic}
     bool UseCompressedOops                        = true                           {product lp64_product} {ergonomic}
     bool UseG1GC                                  = true                                      {product} {ergonomic}
     bool UseLargePagesIndividualAllocation        = false                                  {pd product} {ergonomic}

Logging:
Log output configuration:
 #0: stdout all=warning uptime,level,tags
 #1: stderr all=off uptime,level,tags

Environment Variables:
PATH=C:\Program Files\Eclipse Adoptium\jdk-17.0.4.101-hotspot\bin;C:\Program Files (x86)\Common Files\Oracle\Java\javapath;C:\WINDOWS\system32;C:\WINDOWS;C:\WINDOWS\System32\Wbem;C:\WINDOWS\System32\WindowsPowerShell\v1.0\;C:\WINDOWS\System32\OpenSSH\;C:\Program Files (x86)\NVIDIA Corporation\PhysX\Common;C:\Program Files\Git\cmd;C:\Program Files\NVIDIA Corporation\NVIDIA NvDLISR;C:\Users\amata\AppData\Local\Microsoft\WindowsApps;;C:\Users\amata\AppData\Local\JetBrains\Toolbox\scripts
USERNAME=amata
OS=Windows_NT
PROCESSOR_IDENTIFIER=AMD64 Family 23 Model 113 Stepping 0, AuthenticAMD
TMP=C:\Users\amata\AppData\Local\Temp
TEMP=C:\Users\amata\AppData\Local\Temp



---------------  S Y S T E M  ---------------

OS:
 Windows 10 , 64 bit Build 19041 (10.0.19041.1889)
OS uptime: 2 days 23:46 hours

CPU: total 12 (initial active 12) (12 cores per cpu, 2 threads per core) family 23 model 113 stepping 0 microcode 0x0, cx8, cmov, fxsr, ht, mmx, 3dnowpref, sse, sse2, sse3, ssse3, sse4a, sse4.1, sse4.2, popcnt, lzcnt, tsc, tscinvbit, avx, avx2, aes, clmul, bmi1, bmi2, adx, sha, fma, vzeroupper, clflush, clflushopt

Memory: 4k page, system-wide physical 32684M (4641M free)
TotalPageFile size 34712M (AvailPageFile size 747M)
current process WorkingSet (physical memory assigned to process): 950M, peak: 967M
current process commit charge ("private bytes"): 1003M, peak: 1911M

vm_info: OpenJDK 64-Bit Server VM (17.0.4.1+1) for windows-amd64 JRE (17.0.4.1+1), built on Aug 17 2022 07:42:43 by "temurin" with MS VC++ 16.7 (VS2019)

END.
